 *****************************************
 INPUT FITS file = hpolccd_bet-cmi_19950325r_hw.fits                                               
 OUTPUT LISTING file = hpolccd_bet-cmi_19950325r_hw.lis                                                
 *****************************************
 SIMPLE  =                    T / file does conform to FITS standard             
 BITPIX  =                  -32 / number of bits per data pixel                  
 NAXIS   =                    1 / number of data axes                            
 NAXIS1  =                 1200 / length of data axis 1                          
 EXTEND  =                    T / FITS dataset may contain extensions            
 COMMENT   FITS (Flexible Image Transport System) format is defined in 'Astronomy
 COMMENT   and Astrophysics', volume 376, page 359; bibcode: 2001A&A...376..359H 
 CRVAL1  =              6000.00 / [angstrom] Wavelength first pixel              
 CDELT1  =                 4.00 / [angstrom] Number of Angstroms/pixel           
 CRPIX1  =                 1.00 / Starting pixel number                          
 WAVE2   =             10796.00 / [angstrom] Wavelength of last pixel            
 CTYPE1  = 'WAVELENGTH'         / [angstrom] Wavelength                          
 CUNIT1  = 'angstrom'           / [angstrom] Unit of Wavelength                  
 BUNIT   = 'erg/cm**2/s/angstrom' / [erg/cm**2/s/angstrom] Unit of Flux (FLAMBDA)
 FILENAME= 'hpolccd_bet-cmi_19950325r_hw.fits' / FITS file name                  
 ORIGIN  = 'UW-Space Astronomy Lab' / Creator of FITS file                       
 DATE    = '2010-04-04T17:05:02' / FITS file creation date                       
 DATE-OBS= '1995-03-25'         / [ccyy-mm-dd] UT Date of Observation            
 MJD-OBS =             49801.64 / [d] MJD at start of obs (JD-2,400,000.05)      
 OBSERVAT= 'Pine Bluff'         / Observatory                                    
 TELESCOP= '36-inch '           / Telescope                                      
 INSTRUME= 'SPECTROPOLARIMETER' / Instrument Used                                
 MODE    = 'HPOL    '           / Halfwave Polarimeter Mode                      
 DETECTOR= 'CCD     '           / Detector                                       
 GRATING = 'red     '           / Grating                                        
 OBJECT  = 'Bet-CMi '           / Object Observed                                
 NAME2   = 'HD58715 '           / Alternate Object Name                          
 ID      = '2275    '           / WUPPE ID number for Object                     
 TYPE    = 'Be      '           / Type of Object                                 
 SPTYPE  = 'B8Ve    '           / Spectral Type                                  
 VMAG    =                  2.9 / [mag] V magnitude                              
 EQUINOX =               2000.0 / Equinox for coordinates                        
 RADECSYS= 'fk5     '           / spatial reference frame                        
 CRA     = '07:27:09.1'         / [hh:mm:ss.s] Right Ascension                   
 CDEC    = '+08:17:23'          / [sdd:mm:ss] Declination                        
 RA      =           111.787918 / [deg] Right ascension                          
 DEC     =             8.289722 / [deg] Declination                              
 EXPOSURE=               640.00 / [s] Useful Exposure Time                       
 TSPC    =                 6.80 / [celsius] Spectrometer Temperature             
 THERM   =               -41.90 / [celsius] Detector temperature                 
 POSANGLE=                90.00 / [deg] Observatory Position Angle               
 SLIT    =                    3 / Slit Number of Entrance Aperture               
 DECKER  =                    5 / Decker Number of Entrance Aperture             
 COMMENT Note: The most commonly used slit/decker combination                    
 COMMENT is  slit=3, decker=5 (6 arcsec x 12 arcsec).                            
 COMMENT Slit Widths for this HPOL system are (in arcsec):                       
 COMMENT 1: 1.5, 2: 3.0, 3: 6.0, 4: 12.0, 5: 50.0, 0: unknown                    
 COMMENT The decker controls the length of the slit being used.                  
 COMMENT Deckers for this HPOL system are (in arcsec):                           
 COMMENT 1: 200.0, 2: 12 (1 & 2 are single aperture)                             
 COMMENT 3: 3.0, 4: 6.0, 5: 12.0, 6: 20.0, 7: 40.0                               
 COMMENT 8: 80.0, 0: unknown                                                     
 OBSERVER= 'lsg     '           / Observer of the Data                           
 REDUCER = 'jpw     '           / Reducer of the Data                            
 DATASTAT= 'OK      '           / Data Status                                    
 REDCOMME= '        '           / Data reduction comments                        
 COMMENT Useful red grating data generally are from 5980A-10500A                 
 COMMENT with a spectral resolution of 10A.                                      
 COMMENT Useful blue grating data generally are from 3200A-6020A                 
 COMMENT with a spectral resolution of 8A.                                       
 COMMENT HPOL CCD flux calibration has a relative flux accuracy of 0.05          
 COMMENT magnitudes for the 3/5 (6 arcsec/12 arcsec) slit/decker combination.    
 COMMENT Relative fluxes below 3600A and above 9000A can be substantially        
 COMMENT worse due to extinction correction inaccuracies and nightly             
 COMMENT atmospheric water content variability.                                  
 COMMENT Fluxes are not absolute due to non-photometric skies.                   
 Fluxes (Flambda)
 0.00000000E+00 5.11602427E-11 5.08343576E-11 5.09080000E-11 5.08801855E-11
 5.06602330E-11 5.06001178E-11 5.03877114E-11 5.04098638E-11 5.02861537E-11
 5.03510948E-11 5.02227114E-11 5.02566391E-11 5.00709474E-11 5.01098468E-11
 5.00904457E-11 5.00337272E-11 4.99673011E-11 5.00417728E-11 4.99507102E-11
 4.98435217E-11 4.99795656E-11 4.98387408E-11 4.96927673E-11 4.96979610E-11
 4.95873412E-11 4.95159851E-11 4.96271253E-11 4.95129771E-11 4.94958519E-11
 4.95374783E-11 4.94298387E-11 4.93048831E-11 4.91657617E-11 4.91064411E-11
 4.91499549E-11 4.92537955E-11 4.91378188E-11 4.89358866E-11 4.89647559E-11
 4.87510483E-11 4.85677956E-11 4.86005611E-11 4.84406369E-11 4.83980321E-11
 4.83106610E-11 4.82206948E-11 4.81795437E-11 4.81780657E-11 4.78592131E-11
 4.78529404E-11 4.77465220E-11 4.73571668E-11 4.73840862E-11 4.71991612E-11
 4.70145277E-11 4.68397474E-11 4.67033391E-11 4.64484354E-11 4.64484839E-11
 4.62373612E-11 4.59930947E-11 4.58983893E-11 4.57190882E-11 4.56431247E-11
 4.54179680E-11 4.51291400E-11 4.47877672E-11 4.45680784E-11 4.42133552E-11
 4.34784292E-11 4.31162293E-11 4.30529917E-11 4.24820283E-11 4.28009919E-11
 4.28825517E-11 4.28179159E-11 4.28025566E-11 4.28703982E-11 4.28497689E-11
 4.29328725E-11 4.28995589E-11 4.29129475E-11 4.28600350E-11 4.28075665E-11
 4.27130380E-11 4.25846164E-11 4.25319502E-11 4.23208378E-11 4.22068595E-11
 4.23268781E-11 4.23345699E-11 4.22656285E-11 4.22365580E-11 4.22107661E-11
 4.21056384E-11 4.20878471E-11 4.20644179E-11 4.20371932E-11 4.20261360E-11
 4.20334427E-11 4.19780079E-11 4.18187603E-11 4.18169457E-11 4.18068392E-11
 4.18423560E-11 4.17858942E-11 4.16105345E-11 4.16341094E-11 4.16302930E-11
 4.14058059E-11 4.14034675E-11 4.13163878E-11 4.11610190E-11 4.11574559E-11
 4.10461838E-11 4.09891635E-11 4.08794179E-11 4.06946733E-11 4.05482418E-11
 4.03706339E-11 4.02874088E-11 4.02171768E-11 4.01972171E-11 4.02103524E-11
 4.01948544E-11 4.01120040E-11 3.99649723E-11 3.99572667E-11 3.98567186E-11
 3.96240402E-11 3.96438091E-11 3.94617741E-11 3.92616564E-11 3.91717110E-11
 3.88062880E-11 3.83679651E-11 3.79452962E-11 3.74824685E-11 3.77405364E-11
 4.05855939E-11 4.52345383E-11 4.62378816E-11 4.23570970E-11 3.87293496E-11
 3.75767230E-11 3.76504140E-11 3.77386768E-11 3.78221204E-11 3.79165588E-11
 3.80150841E-11 3.81323549E-11 3.80754178E-11 3.81538898E-11 3.81407024E-11
 3.80527033E-11 3.80728886E-11 3.79788770E-11 3.79750086E-11 3.78384754E-11
 3.78042563E-11 3.76929633E-11 3.76923527E-11 3.77011616E-11 3.76460356E-11
 3.74843004E-11 3.73593517E-11 3.73386773E-11 3.73384552E-11 3.71297264E-11
 3.69519138E-11 3.69817649E-11 3.70267220E-11 3.69499709E-11 3.69314301E-11
 3.68511853E-11 3.68525974E-11 3.67042785E-11 3.66047019E-11 3.65986859E-11
 3.65942832E-11 3.64860191E-11 3.64704759E-11 3.63125224E-11 3.61523103E-11
 3.61498019E-11 3.60827826E-11 3.60817348E-11 3.59882263E-11 3.59673714E-11
 3.58066285E-11 3.57346097E-11 3.57664939E-11 3.56737417E-11 3.55273276E-11
 3.54587922E-11 3.53821694E-11 3.54500838E-11 3.52244726E-11 3.53241429E-11
 3.52405362E-11 3.52487033E-11 3.51119619E-11 3.50339688E-11 3.48826662E-11
 3.48012105E-11 3.48065431E-11 3.47781595E-11 3.46760155E-11 3.45068626E-11
 3.44311316E-11 3.42407526E-11 3.41608443E-11 3.40041953E-11 3.37470746E-11
 3.35088866E-11 3.23718899E-11 2.93458383E-11 2.61595589E-11 2.58155684E-11
 2.76361156E-11 2.90077649E-11 2.90394115E-11 2.85725922E-11 2.86756226E-11
 2.91978525E-11 2.94843698E-11 2.99710465E-11 3.05331767E-11 3.09917751E-11
 3.13275100E-11 3.16056799E-11 3.18862228E-11 3.19513895E-11 3.19876174E-11
 3.20220829E-11 3.20897753E-11 3.22101512E-11 3.21944346E-11 3.21291674E-11
 3.22028029E-11 3.22595908E-11 3.24209236E-11 3.25501223E-11 3.25721672E-11
 3.23711613E-11 3.22957980E-11 3.21119034E-11 3.19523123E-11 3.18823058E-11
 3.19181903E-11 3.18793845E-11 3.17510497E-11 3.18236409E-11 3.17222464E-11
 3.16437675E-11 3.14818553E-11 3.15281724E-11 3.15499987E-11 3.15579333E-11
 3.14532601E-11 3.13761378E-11 3.14517336E-11 3.13314062E-11 3.12379948E-11
 3.11750140E-11 3.11815296E-11 3.11850025E-11 3.11948835E-11 3.11386750E-11
 3.11491562E-11 3.10880419E-11 3.10045947E-11 3.10165643E-11 3.09896067E-11
 3.09191249E-11 3.07850308E-11 3.07499685E-11 3.07533270E-11 3.07259218E-11
 3.06147156E-11 3.05340545E-11 3.04854648E-11 3.03880358E-11 3.03153197E-11
 3.02841884E-11 3.01203090E-11 3.00513225E-11 2.98985524E-11 2.98288338E-11
 2.96469654E-11 2.94437322E-11 2.90590486E-11 2.84932338E-11 2.80268048E-11
 2.78188826E-11 2.73325217E-11 2.71090685E-11 2.70442054E-11 2.71428175E-11
 2.70959644E-11 2.70853409E-11 2.74786843E-11 2.80873155E-11 2.84312834E-11
 2.85632525E-11 2.87453256E-11 2.84359584E-11 2.77419338E-11 2.73564279E-11
 2.70269484E-11 2.71258849E-11 2.72272691E-11 2.71050005E-11 2.71408590E-11
 2.73050454E-11 2.71857276E-11 2.71692478E-11 2.73034650E-11 2.66866564E-11
 2.70017342E-11 2.72447915E-11 2.71661964E-11 2.70571950E-11 2.70773508E-11
 2.72460804E-11 2.72236331E-11 2.71256021E-11 2.71805200E-11 2.72629749E-11
 2.73362114E-11 2.75003353E-11 2.75149955E-11 2.74738270E-11 2.73834861E-11
 2.73767242E-11 2.75660484E-11 2.74246355E-11 2.72915961E-11 2.73477838E-11
 2.72172094E-11 2.73365375E-11 2.71985594E-11 2.70959678E-11 2.71330319E-11
 2.72300550E-11 2.72071757E-11 2.71658356E-11 2.69787821E-11 2.69787716E-11
 2.69825984E-11 2.68794084E-11 2.68742043E-11 2.69247021E-11 2.69137403E-11
 2.68682663E-11 2.67905524E-11 2.67077402E-11 2.66988515E-11 2.66528986E-11
 2.66455833E-11 2.65648580E-11 2.65754189E-11 2.64914930E-11 2.65058912E-11
 2.64968724E-11 2.65355290E-11 2.64693475E-11 2.60570610E-11 2.62401802E-11
 2.63213253E-11 2.59562927E-11 2.60641127E-11 2.59856130E-11 2.58926647E-11
 2.59421686E-11 2.59033628E-11 2.58291478E-11 2.58277844E-11 2.56873151E-11
 2.55997480E-11 2.58240651E-11 2.55138619E-11 2.54635948E-11 2.54380787E-11
 2.55701276E-11 2.53286229E-11 2.52568504E-11 2.51809459E-11 2.50613610E-11
 2.50151653E-11 2.48704338E-11 2.47707497E-11 2.45654486E-11 2.44537082E-11
 2.41985095E-11 2.38048244E-11 2.29768149E-11 2.05599409E-11 1.61597923E-11
 1.10816677E-11 7.29179477E-12 5.98760408E-12 7.13453125E-12 9.92024605E-12
 1.22941874E-11 1.27733830E-11 1.16961198E-11 1.07078391E-11 1.08574174E-11
 1.16349621E-11 1.27301459E-11 1.40793445E-11 1.53849988E-11 1.68169246E-11
 1.80960004E-11 1.91456781E-11 2.01958745E-11 2.09820061E-11 2.16662851E-11
 2.22349691E-11 2.25558669E-11 2.28645037E-11 2.30417196E-11 2.33530435E-11
 2.34398820E-11 2.35997784E-11 2.36184509E-11 2.38801600E-11 2.38137374E-11
 2.37360392E-11 2.36489717E-11 2.36491989E-11 2.35851200E-11 2.35245278E-11
 2.34946038E-11 2.35417241E-11 2.34662012E-11 2.33253156E-11 2.32814271E-11
 2.33196257E-11 2.33435962E-11 2.33465296E-11 2.32592782E-11 2.30846332E-11
 2.31995638E-11 2.31444360E-11 2.31639638E-11 2.30655217E-11 2.30241520E-11
 2.29040589E-11 2.28831103E-11 2.29146910E-11 2.29732691E-11 2.28837296E-11
 2.28002148E-11 2.27847203E-11 2.27932083E-11 2.28134577E-11 2.26525708E-11
 2.27419021E-11 2.26364760E-11 2.26003608E-11 2.25791035E-11 2.24936892E-11
 2.24953493E-11 2.24722480E-11 2.23065802E-11 2.21099458E-11 2.21607420E-11
 2.21761325E-11 2.20724081E-11 2.19975791E-11 2.19355454E-11 2.17966287E-11
 2.16465786E-11 2.16549834E-11 2.17534653E-11 2.17275208E-11 2.17405018E-11
 2.17280829E-11 2.16897177E-11 2.16162747E-11 2.16234600E-11 2.16491113E-11
 2.16743151E-11 2.16209654E-11 2.14200376E-11 2.14552282E-11 2.13563282E-11
 2.12852340E-11 2.12279361E-11 2.12979148E-11 2.13689188E-11 2.13072181E-11
 2.12788970E-11 2.12653783E-11 2.13111161E-11 2.12408285E-11 2.12363599E-11
 2.11555964E-11 2.10539988E-11 2.09867991E-11 2.09793138E-11 2.08255566E-11
 2.08382755E-11 2.08771698E-11 2.08988729E-11 2.08875885E-11 2.08256277E-11
 2.08678456E-11 2.08582023E-11 2.07365063E-11 2.07546532E-11 2.08276677E-11
 2.07857481E-11 2.07058294E-11 2.07250710E-11 2.06962433E-11 2.07554512E-11
 2.06351949E-11 2.06171018E-11 2.05185573E-11 2.04529501E-11 2.04553145E-11
 2.04035729E-11 2.04571048E-11 2.03467937E-11 2.01670330E-11 2.02747194E-11
 2.00286749E-11 2.00207906E-11 1.99560368E-11 1.97479134E-11 1.94901369E-11
 1.94134101E-11 1.92436709E-11 1.91179780E-11 1.89432341E-11 1.87712033E-11
 1.85009265E-11 1.83159807E-11 1.82510500E-11 1.83329272E-11 1.84470980E-11
 1.84926310E-11 1.85927957E-11 1.86415397E-11 1.87016080E-11 1.88027649E-11
 1.89217565E-11 1.91302599E-11 1.94372296E-11 1.95659895E-11 1.93215704E-11
 1.91574343E-11 1.85051956E-11 1.77954856E-11 1.74914302E-11 1.77689512E-11
 1.84024289E-11 1.89836237E-11 1.92734804E-11 1.92820586E-11 1.92037514E-11
 1.90195429E-11 1.90748389E-11 1.90733488E-11 1.88920077E-11 1.86488186E-11
 1.84469402E-11 1.86173420E-11 1.85012561E-11 1.85772248E-11 1.86561565E-11
 1.87263711E-11 1.87858635E-11 1.88039567E-11 1.88403113E-11 1.87437999E-11
 1.86761249E-11 1.86782152E-11 1.88878132E-11 1.89443929E-11 1.89786364E-11
 1.90458413E-11 1.91099844E-11 1.90593340E-11 1.91073476E-11 1.89796286E-11
 1.90045323E-11 1.90658392E-11 1.89475484E-11 1.89137855E-11 1.90476471E-11
 1.87438762E-11 1.88872338E-11 1.88413139E-11 1.88639694E-11 1.89762459E-11
 1.89074138E-11 1.87671077E-11 1.86229782E-11 1.86594056E-11 1.87478782E-11
 1.86231898E-11 1.84985915E-11 1.84868891E-11 1.86603216E-11 1.84075706E-11
 1.85134442E-11 1.85289856E-11 1.86254710E-11 1.86823734E-11 1.86353519E-11
 1.84194639E-11 1.81912350E-11 1.80914225E-11 1.80330750E-11 1.80511873E-11
 1.81958303E-11 1.82378210E-11 1.82901923E-11 1.84725742E-11 1.85561809E-11
 1.85436631E-11 1.84405425E-11 1.80519055E-11 1.79327612E-11 1.79087734E-11
 1.80931572E-11 1.81160607E-11 1.81716326E-11 1.81316889E-11 1.80978947E-11
 1.82612814E-11 1.82701302E-11 1.79605445E-11 1.76046122E-11 1.74807096E-11
 1.75104306E-11 1.77295470E-11 1.79562060E-11 1.80133217E-11 1.80111672E-11
 1.78909890E-11 1.75688249E-11 1.71492369E-11 1.66101889E-11 1.62377074E-11
 1.58776447E-11 1.58497018E-11 1.60534815E-11 1.64686424E-11 1.69411239E-11
 1.73495905E-11 1.76820954E-11 1.78459851E-11 1.79626661E-11 1.79598142E-11
 1.78896464E-11 1.76576410E-11 1.73436925E-11 1.69808109E-11 1.66286221E-11
 1.64426875E-11 1.60917928E-11 1.58979895E-11 1.56251938E-11 1.57965776E-11
 1.60328799E-11 1.64220373E-11 1.69332291E-11 1.72056727E-11 1.74844236E-11
 1.77283674E-11 1.75975449E-11 1.76307909E-11 1.76581093E-11 1.76053269E-11
 1.74949933E-11 1.73041217E-11 1.70037318E-11 1.67626000E-11 1.62873014E-11
 1.56589030E-11 1.49505460E-11 1.42835249E-11 1.39575764E-11 1.39393566E-11
 1.41848486E-11 1.47292976E-11 1.53528076E-11 1.59273324E-11 1.62786000E-11
 1.66033732E-11 1.68192474E-11 1.70336800E-11 1.70596905E-11 1.71602541E-11
 1.71948844E-11 1.71655572E-11 1.71187422E-11 1.71282745E-11 1.71108735E-11
 1.70380134E-11 1.69442550E-11 1.67475998E-11 1.65970588E-11 1.64016526E-11
 1.61625296E-11 1.58116853E-11 1.53608307E-11 1.47550912E-11 1.40520226E-11
 1.34934858E-11 1.31171393E-11 1.29603906E-11 1.32053023E-11 1.37524488E-11
 1.44306260E-11 1.49994565E-11 1.53859737E-11 1.56902182E-11 1.58567118E-11
 1.59245794E-11 1.61076100E-11 1.62124602E-11 1.62301787E-11 1.62951944E-11
 1.62221573E-11 1.61870795E-11 1.60814244E-11 1.60424989E-11 1.59720570E-11
 1.59502342E-11 1.58609566E-11 1.55955925E-11 1.53926316E-11 1.52627546E-11
 1.49781750E-11 1.47626373E-11 1.45696493E-11 1.44100452E-11 1.44391270E-11
 1.43894410E-11 1.40574748E-11 1.32689814E-11 1.27305475E-11 1.27943836E-11
 1.27364204E-11 1.21788595E-11 1.15227498E-11 1.11092160E-11 1.07488107E-11
 1.06750060E-11 1.10240549E-11 1.16316800E-11 1.24403933E-11 1.33072685E-11
 1.38143377E-11 1.42392296E-11 1.44309972E-11 1.43928550E-11 1.45250183E-11
 1.44510836E-11 1.43594641E-11 1.40819674E-11 1.37332853E-11 1.36518409E-11
 1.36310312E-11 1.37215603E-11 1.37695619E-11 1.38217823E-11 1.38886602E-11
 1.38523039E-11 1.37225769E-11 1.38414826E-11 1.40937123E-11 1.40618229E-11
 1.38692582E-11 1.39725427E-11 1.38167654E-11 1.34036914E-11 1.29856620E-11
 1.32826129E-11 1.37482369E-11 1.39186275E-11 1.33924026E-11 1.29588206E-11
 1.30315897E-11 1.35331746E-11 1.37948290E-11 1.34657060E-11 1.30247453E-11
 1.30427370E-11 1.33603779E-11 1.35882746E-11 1.37103046E-11 1.36279790E-11
 1.36014628E-11 1.35892547E-11 1.35197001E-11 1.30055740E-11 1.25168712E-11
 1.20312935E-11 1.15700670E-11 1.12092037E-11 1.10554239E-11 1.09762512E-11
 1.12225160E-11 1.15736630E-11 1.20155188E-11 1.25197552E-11 1.28862632E-11
 1.30816981E-11 1.31066789E-11 1.31372049E-11 1.33271311E-11 1.31740313E-11
 1.27042292E-11 1.24565280E-11 1.24016448E-11 1.24669979E-11 1.21179776E-11
 1.15362650E-11 1.12429623E-11 1.09592292E-11 1.04744997E-11 9.69394790E-12
 9.16266889E-12 8.77471446E-12 8.73412453E-12 8.86806600E-12 8.26508306E-12
 7.49891382E-12 6.87869380E-12 7.55907316E-12 8.39475191E-12 8.08263265E-12
 7.85840230E-12 8.66032680E-12 8.52718764E-12 8.02271964E-12 8.15665070E-12
 8.08907628E-12 8.28727365E-12 9.41419772E-12 1.08109207E-11 1.15294874E-11
 1.14813662E-11 1.12865767E-11 1.10540110E-11 1.07626798E-11 1.07991697E-11
 1.08693219E-11 1.03842291E-11 9.17411633E-12 8.87848215E-12 9.56194759E-12
 8.92301164E-12 8.21467720E-12 9.10177315E-12 1.01250189E-11 9.55207614E-12
 8.69036700E-12 8.73336820E-12 9.51177678E-12 9.89855246E-12 9.81399077E-12
 9.27592551E-12 9.16914461E-12 1.00767832E-11 1.04772172E-11 9.21497861E-12
 8.05472182E-12 8.43960232E-12 1.02247048E-11 1.11253931E-11 1.03525600E-11
 9.04333206E-12 8.10696996E-12 8.34347608E-12 8.90876695E-12 9.10278797E-12
 8.64073917E-12 7.95307830E-12 7.69223400E-12 7.93625148E-12 7.99091435E-12
 8.17113651E-12 8.54982144E-12 8.73548196E-12 9.55250375E-12 1.05192010E-11
 1.05936787E-11 1.03571466E-11 1.00690923E-11 9.53701181E-12 9.68193321E-12
 1.03053581E-11 1.07523157E-11 1.07708772E-11 1.10660682E-11 1.11947396E-11
 1.09620204E-11 1.06285770E-11 1.07265819E-11 1.12485811E-11 1.14020998E-11
 1.09330045E-11 1.10264523E-11 1.10092690E-11 1.13059119E-11 1.17455542E-11
 1.17853088E-11 1.13105445E-11 1.11479246E-11 1.13775361E-11 1.20856051E-11
 1.21445475E-11 1.22220992E-11 1.23077859E-11 1.22294484E-11 1.24149302E-11
 1.22916451E-11 1.21003129E-11 1.23784837E-11 1.23614270E-11 1.22369710E-11
 1.20617795E-11 1.20518318E-11 1.19897651E-11 1.20934400E-11 1.17178281E-11
 1.14191096E-11 1.14750405E-11 1.14194539E-11 1.15465059E-11 1.16810476E-11
 1.13083865E-11 1.14110978E-11 1.16363794E-11 1.21888263E-11 1.22012817E-11
 1.19634840E-11 1.18789423E-11 1.18491649E-11 1.16844312E-11 1.17465412E-11
 1.20370276E-11 1.20996347E-11 1.20313785E-11 1.23706627E-11 1.23600982E-11
 1.25862376E-11 1.23079012E-11 1.22037901E-11 1.22617402E-11 1.22588181E-11
 1.24108102E-11 1.22106882E-11 1.23281671E-11 1.21413652E-11 1.26282899E-11
 1.28338052E-11 1.23468180E-11 1.24310727E-11 1.23430415E-11 1.23360367E-11
 1.22913641E-11 1.24429668E-11 1.24547083E-11 1.23039296E-11 1.21064200E-11
 1.22574494E-11 1.22853481E-11 1.19610407E-11 1.23230870E-11 1.21322960E-11
 1.19965487E-11 1.21641724E-11 1.20677097E-11 1.17284481E-11 1.15790971E-11
 1.21545343E-11 1.18679276E-11 1.19874909E-11 1.20712199E-11 1.20668137E-11
 1.22062551E-11 1.18656500E-11 1.18751693E-11 1.19408858E-11 1.21106675E-11
 1.18458143E-11 1.15922541E-11 1.17790422E-11 1.17881928E-11 1.17600530E-11
 1.17899752E-11 1.20273071E-11 1.17870054E-11 1.16197512E-11 1.15733872E-11
 1.15099007E-11 1.11231267E-11 1.09966142E-11 1.07883268E-11 1.05263038E-11
 1.00931008E-11 1.01617022E-11 9.97586388E-12 9.48633533E-12 9.63431505E-12
 9.56693405E-12 1.00570732E-11 1.04857347E-11 1.08199404E-11 1.08505375E-11
 1.07017815E-11 1.07527503E-11 1.12292953E-11 1.09168386E-11 1.14320749E-11
 1.12177828E-11 1.10700086E-11 1.11731917E-11 1.17585100E-11 1.13310056E-11
 1.13519073E-11 1.16335717E-11 1.13758126E-11 1.11956130E-11 1.14356025E-11
 1.19201897E-11 1.18943527E-11 1.18341378E-11 1.09799756E-11 1.09058370E-11
 1.20975877E-11 1.12925060E-11 1.23081562E-11 1.22060851E-11 1.17107990E-11
 1.20195668E-11 1.22064008E-11 1.20316309E-11 1.22671500E-11 1.20321305E-11
 1.14176828E-11 1.11956017E-11 1.10500905E-11 1.06144833E-11 1.07617422E-11
 1.08884421E-11 1.10844970E-11 1.12980831E-11 1.05115526E-11 1.11931853E-11
 1.18245847E-11 1.07424816E-11 1.14958130E-11 1.23382346E-11 1.11844475E-11
 1.10003777E-11 1.13895343E-11 1.13405275E-11 1.18889482E-11 1.18476314E-11
 1.17650230E-11 1.24183996E-11 1.27312171E-11 1.22836324E-11 1.30457719E-11
 1.16526346E-11 1.25933864E-11 1.22626891E-11 1.21119807E-11 1.21341921E-11
 1.15583879E-11 1.16452750E-11 1.24024176E-11 1.21406071E-11 1.11204431E-11
 1.06035753E-11 1.10765607E-11 1.16344165E-11 1.11388112E-11 1.29518982E-11
 1.14566186E-11 1.13986711E-11 1.22572074E-11 1.24746758E-11 1.13907096E-11
 1.02464643E-11 1.17353948E-11 1.20914806E-11 1.13172510E-11 1.12190266E-11
 1.24814048E-11 1.12325869E-11 1.13453136E-11 1.18305209E-11 1.29709308E-11
 1.13429804E-11 1.16563538E-11 1.32256766E-11 1.24964561E-11 1.24490470E-11
 9.33194754E-12 1.25214613E-11 1.09048239E-11 1.19370494E-11 1.10387949E-11
 1.16463532E-11 1.05271243E-11 1.19344699E-11 0.00000000E+00 0.00000000E+00
 0.00000000E+00 0.00000000E+00 0.00000000E+00 0.00000000E+00 0.00000000E+00
 0.00000000E+00 0.00000000E+00 0.00000000E+00 0.00000000E+00 0.00000000E+00
 0.00000000E+00 0.00000000E+00 0.00000000E+00 0.00000000E+00 0.00000000E+00
 0.00000000E+00 0.00000000E+00 0.00000000E+00 0.00000000E+00 0.00000000E+00
 0.00000000E+00 0.00000000E+00 0.00000000E+00 0.00000000E+00 0.00000000E+00
 0.00000000E+00 0.00000000E+00 0.00000000E+00 0.00000000E+00 0.00000000E+00
 0.00000000E+00 0.00000000E+00 0.00000000E+00 0.00000000E+00 0.00000000E+00
 0.00000000E+00 0.00000000E+00 0.00000000E+00 0.00000000E+00 0.00000000E+00
 0.00000000E+00 0.00000000E+00 0.00000000E+00 0.00000000E+00 0.00000000E+00
 0.00000000E+00 0.00000000E+00 0.00000000E+00 0.00000000E+00 0.00000000E+00
 0.00000000E+00 0.00000000E+00 0.00000000E+00 0.00000000E+00 0.00000000E+00
 0.00000000E+00 0.00000000E+00 0.00000000E+00 0.00000000E+00 0.00000000E+00
 0.00000000E+00 0.00000000E+00 0.00000000E+00 0.00000000E+00 0.00000000E+00
 0.00000000E+00 0.00000000E+00 0.00000000E+00 0.00000000E+00 0.00000000E+00
 0.00000000E+00 0.00000000E+00 0.00000000E+00 0.00000000E+00 0.00000000E+00
 0.00000000E+00 0.00000000E+00 0.00000000E+00 0.00000000E+00 0.00000000E+00
 *************************
 XTENSION= 'BINTABLE'           / binary table extension                         
 BITPIX  =                    8 / 8-bit bytes                                    
 NAXIS   =                    2 / 2-dimensional binary table                     
 NAXIS1  =                19200 / width of table in bytes                        
 NAXIS2  =                    1 / number of rows in table                        
 PCOUNT  =                    0 / size of special data area                      
 GCOUNT  =                    1 / one data group (required keyword)              
 TFIELDS =                    4 / number of fields in each row                   
 TTYPE1  = 'wavelength'         / label for field   1                            
 TFORM1  = '1200E   '           / data format of field: 4-byte REAL              
 TUNIT1  = 'angstrom'           / physical unit of field                         
 TTYPE2  = 'q       '           / label for field   2                            
 TFORM2  = '1200E   '           / data format of field: 4-byte REAL              
 TUNIT2  = 'percent '           / physical unit of field                         
 TTYPE3  = 'u       '           / label for field   3                            
 TFORM3  = '1200E   '           / data format of field: 4-byte REAL              
 TUNIT3  = 'percent '           / physical unit of field                         
 TTYPE4  = 'error   '           / label for field   4                            
 TFORM4  = '1200E   '           / data format of field: 4-byte REAL              
 TUNIT4  = 'percent '           / physical unit of field                         
 EXTNAME = 'polarimetry'        / name of this binary table extension            
 CALIBRAT= 'pbo3a1  '           / Instrumental polarization calibration used     
 AVE-POL =                0.082 / Mean %Pol over entire wavelength region        
 AVE-ERRO=                0.005 / Mean %Error in %Pol                            
 AVE-PA  =                44.08 / [deg] Mean Position Angle                      
 UX-POL  =                0.424 / Synthetic UX Filter %Polarization              
 UX-ERR  =                0.236 / Synthetic UX Filter %Error                     
 UX-PA   =                11.62 / [deg] Synthetic UX Filter Position Angle       
 B-POL   =                0.034 / Synthetic B Filter %Polarization               
 B-ERR   =                0.012 / Synthetic B Filter %Error                      
 B-PA    =                20.16 / [deg] Synthetic B Filter Position Angle        
 V-POL   =                0.047 / Synthetic V Filter %Polarization               
 V-ERR   =                0.004 / Synthetic V Filter %Error                      
 V-PA    =                43.16 / [deg] Synthetic V Filter Position Angle        
 R-POL   =                0.075 / Synthetic R Filter %Polarization               
 R-ERR   =                0.003 / Synthetic R Filter %Error                      
 R-PA    =                40.86 / [deg] Synthetic R Filter Position Angle        
 I-POL   =                0.065 / Synthetic I Filter %Polarization               
 I-ERR   =                0.004 / Synthetic I Filter %Error                      
 I-PA    =                49.17 / [deg] Synthetic I Filter Position Angle        
 COMMENT The errors given in the error array are the statistical errors          
 COMMENT based on the residuals of the least squared fit to the four             
 COMMENT filter-pair polarimetric data (see section 2.3 of Wolff,                
 COMMENT Nordsieck & Nook 1996 AJ 111, 856).                                     
 COMMENT The polarimetric stability is 0.002% and less than +/- 0.03             
 COMMENT degrees in position angle. See Harries et al. 2000, A&A, 361, 273       
 COMMENT for more information about the HPOL CCD.                                
 COMMENT HPOL CCD instrumental polarization has been removed.                    
 COMMENT ***IMPORTANT NOTE***                                                    
 COMMENT **The ERROR array is also being used as a QUALITY array.                
 COMMENT **For bad/contaminated data, the errors have been set to zero           
 COMMENT **but the %Q & %U arrays for those wavelengths remain unchanged         
 COMMENT **to allow inspection of the bad data.                                  
 COMMENT **All of the arrays except wavelength have been padded with zeroes at   
 COMMENT **the short and long wavelength ends indicating no useful data.         
 *************************
 Wavelengths (Angstroms)
 6000.00000 6004.00000 6008.00000 6012.00000 6016.00000
 6020.00000 6024.00000 6028.00000 6032.00000 6036.00000
 6040.00000 6044.00000 6048.00000 6052.00000 6056.00000
 6060.00000 6064.00000 6068.00000 6072.00000 6076.00000
 6080.00000 6084.00000 6088.00000 6092.00000 6096.00000
 6100.00000 6104.00000 6108.00000 6112.00000 6116.00000
 6120.00000 6124.00000 6128.00000 6132.00000 6136.00000
 6140.00000 6144.00000 6148.00000 6152.00000 6156.00000
 6160.00000 6164.00000 6168.00000 6172.00000 6176.00000
 6180.00000 6184.00000 6188.00000 6192.00000 6196.00000
 6200.00000 6204.00000 6208.00000 6212.00000 6216.00000
 6220.00000 6224.00000 6228.00000 6232.00000 6236.00000
 6240.00000 6244.00000 6248.00000 6252.00000 6256.00000
 6260.00000 6264.00000 6268.00000 6272.00000 6276.00000
 6280.00000 6284.00000 6288.00000 6292.00000 6296.00000
 6300.00000 6304.00000 6308.00000 6312.00000 6316.00000
 6320.00000 6324.00000 6328.00000 6332.00000 6336.00000
 6340.00000 6344.00000 6348.00000 6352.00000 6356.00000
 6360.00000 6364.00000 6368.00000 6372.00000 6376.00000
 6380.00000 6384.00000 6388.00000 6392.00000 6396.00000
 6400.00000 6404.00000 6408.00000 6412.00000 6416.00000
 6420.00000 6424.00000 6428.00000 6432.00000 6436.00000
 6440.00000 6444.00000 6448.00000 6452.00000 6456.00000
 6460.00000 6464.00000 6468.00000 6472.00000 6476.00000
 6480.00000 6484.00000 6488.00000 6492.00000 6496.00000
 6500.00000 6504.00000 6508.00000 6512.00000 6516.00000
 6520.00000 6524.00000 6528.00000 6532.00000 6536.00000
 6540.00000 6544.00000 6548.00000 6552.00000 6556.00000
 6560.00000 6564.00000 6568.00000 6572.00000 6576.00000
 6580.00000 6584.00000 6588.00000 6592.00000 6596.00000
 6600.00000 6604.00000 6608.00000 6612.00000 6616.00000
 6620.00000 6624.00000 6628.00000 6632.00000 6636.00000
 6640.00000 6644.00000 6648.00000 6652.00000 6656.00000
 6660.00000 6664.00000 6668.00000 6672.00000 6676.00000
 6680.00000 6684.00000 6688.00000 6692.00000 6696.00000
 6700.00000 6704.00000 6708.00000 6712.00000 6716.00000
 6720.00000 6724.00000 6728.00000 6732.00000 6736.00000
 6740.00000 6744.00000 6748.00000 6752.00000 6756.00000
 6760.00000 6764.00000 6768.00000 6772.00000 6776.00000
 6780.00000 6784.00000 6788.00000 6792.00000 6796.00000
 6800.00000 6804.00000 6808.00000 6812.00000 6816.00000
 6820.00000 6824.00000 6828.00000 6832.00000 6836.00000
 6840.00000 6844.00000 6848.00000 6852.00000 6856.00000
 6860.00000 6864.00000 6868.00000 6872.00000 6876.00000
 6880.00000 6884.00000 6888.00000 6892.00000 6896.00000
 6900.00000 6904.00000 6908.00000 6912.00000 6916.00000
 6920.00000 6924.00000 6928.00000 6932.00000 6936.00000
 6940.00000 6944.00000 6948.00000 6952.00000 6956.00000
 6960.00000 6964.00000 6968.00000 6972.00000 6976.00000
 6980.00000 6984.00000 6988.00000 6992.00000 6996.00000
 7000.00000 7004.00000 7008.00000 7012.00000 7016.00000
 7020.00000 7024.00000 7028.00000 7032.00000 7036.00000
 7040.00000 7044.00000 7048.00000 7052.00000 7056.00000
 7060.00000 7064.00000 7068.00000 7072.00000 7076.00000
 7080.00000 7084.00000 7088.00000 7092.00000 7096.00000
 7100.00000 7104.00000 7108.00000 7112.00000 7116.00000
 7120.00000 7124.00000 7128.00000 7132.00000 7136.00000
 7140.00000 7144.00000 7148.00000 7152.00000 7156.00000
 7160.00000 7164.00000 7168.00000 7172.00000 7176.00000
 7180.00000 7184.00000 7188.00000 7192.00000 7196.00000
 7200.00000 7204.00000 7208.00000 7212.00000 7216.00000
 7220.00000 7224.00000 7228.00000 7232.00000 7236.00000
 7240.00000 7244.00000 7248.00000 7252.00000 7256.00000
 7260.00000 7264.00000 7268.00000 7272.00000 7276.00000
 7280.00000 7284.00000 7288.00000 7292.00000 7296.00000
 7300.00000 7304.00000 7308.00000 7312.00000 7316.00000
 7320.00000 7324.00000 7328.00000 7332.00000 7336.00000
 7340.00000 7344.00000 7348.00000 7352.00000 7356.00000
 7360.00000 7364.00000 7368.00000 7372.00000 7376.00000
 7380.00000 7384.00000 7388.00000 7392.00000 7396.00000
 7400.00000 7404.00000 7408.00000 7412.00000 7416.00000
 7420.00000 7424.00000 7428.00000 7432.00000 7436.00000
 7440.00000 7444.00000 7448.00000 7452.00000 7456.00000
 7460.00000 7464.00000 7468.00000 7472.00000 7476.00000
 7480.00000 7484.00000 7488.00000 7492.00000 7496.00000
 7500.00000 7504.00000 7508.00000 7512.00000 7516.00000
 7520.00000 7524.00000 7528.00000 7532.00000 7536.00000
 7540.00000 7544.00000 7548.00000 7552.00000 7556.00000
 7560.00000 7564.00000 7568.00000 7572.00000 7576.00000
 7580.00000 7584.00000 7588.00000 7592.00000 7596.00000
 7600.00000 7604.00000 7608.00000 7612.00000 7616.00000
 7620.00000 7624.00000 7628.00000 7632.00000 7636.00000
 7640.00000 7644.00000 7648.00000 7652.00000 7656.00000
 7660.00000 7664.00000 7668.00000 7672.00000 7676.00000
 7680.00000 7684.00000 7688.00000 7692.00000 7696.00000
 7700.00000 7704.00000 7708.00000 7712.00000 7716.00000
 7720.00000 7724.00000 7728.00000 7732.00000 7736.00000
 7740.00000 7744.00000 7748.00000 7752.00000 7756.00000
 7760.00000 7764.00000 7768.00000 7772.00000 7776.00000
 7780.00000 7784.00000 7788.00000 7792.00000 7796.00000
 7800.00000 7804.00000 7808.00000 7812.00000 7816.00000
 7820.00000 7824.00000 7828.00000 7832.00000 7836.00000
 7840.00000 7844.00000 7848.00000 7852.00000 7856.00000
 7860.00000 7864.00000 7868.00000 7872.00000 7876.00000
 7880.00000 7884.00000 7888.00000 7892.00000 7896.00000
 7900.00000 7904.00000 7908.00000 7912.00000 7916.00000
 7920.00000 7924.00000 7928.00000 7932.00000 7936.00000
 7940.00000 7944.00000 7948.00000 7952.00000 7956.00000
 7960.00000 7964.00000 7968.00000 7972.00000 7976.00000
 7980.00000 7984.00000 7988.00000 7992.00000 7996.00000
 8000.00000 8004.00000 8008.00000 8012.00000 8016.00000
 8020.00000 8024.00000 8028.00000 8032.00000 8036.00000
 8040.00000 8044.00000 8048.00000 8052.00000 8056.00000
 8060.00000 8064.00000 8068.00000 8072.00000 8076.00000
 8080.00000 8084.00000 8088.00000 8092.00000 8096.00000
 8100.00000 8104.00000 8108.00000 8112.00000 8116.00000
 8120.00000 8124.00000 8128.00000 8132.00000 8136.00000
 8140.00000 8144.00000 8148.00000 8152.00000 8156.00000
 8160.00000 8164.00000 8168.00000 8172.00000 8176.00000
 8180.00000 8184.00000 8188.00000 8192.00000 8196.00000
 8200.00000 8204.00000 8208.00000 8212.00000 8216.00000
 8220.00000 8224.00000 8228.00000 8232.00000 8236.00000
 8240.00000 8244.00000 8248.00000 8252.00000 8256.00000
 8260.00000 8264.00000 8268.00000 8272.00000 8276.00000
 8280.00000 8284.00000 8288.00000 8292.00000 8296.00000
 8300.00000 8304.00000 8308.00000 8312.00000 8316.00000
 8320.00000 8324.00000 8328.00000 8332.00000 8336.00000
 8340.00000 8344.00000 8348.00000 8352.00000 8356.00000
 8360.00000 8364.00000 8368.00000 8372.00000 8376.00000
 8380.00000 8384.00000 8388.00000 8392.00000 8396.00000
 8400.00000 8404.00000 8408.00000 8412.00000 8416.00000
 8420.00000 8424.00000 8428.00000 8432.00000 8436.00000
 8440.00000 8444.00000 8448.00000 8452.00000 8456.00000
 8460.00000 8464.00000 8468.00000 8472.00000 8476.00000
 8480.00000 8484.00000 8488.00000 8492.00000 8496.00000
 8500.00000 8504.00000 8508.00000 8512.00000 8516.00000
 8520.00000 8524.00000 8528.00000 8532.00000 8536.00000
 8540.00000 8544.00000 8548.00000 8552.00000 8556.00000
 8560.00000 8564.00000 8568.00000 8572.00000 8576.00000
 8580.00000 8584.00000 8588.00000 8592.00000 8596.00000
 8600.00000 8604.00000 8608.00000 8612.00000 8616.00000
 8620.00000 8624.00000 8628.00000 8632.00000 8636.00000
 8640.00000 8644.00000 8648.00000 8652.00000 8656.00000
 8660.00000 8664.00000 8668.00000 8672.00000 8676.00000
 8680.00000 8684.00000 8688.00000 8692.00000 8696.00000
 8700.00000 8704.00000 8708.00000 8712.00000 8716.00000
 8720.00000 8724.00000 8728.00000 8732.00000 8736.00000
 8740.00000 8744.00000 8748.00000 8752.00000 8756.00000
 8760.00000 8764.00000 8768.00000 8772.00000 8776.00000
 8780.00000 8784.00000 8788.00000 8792.00000 8796.00000
 8800.00000 8804.00000 8808.00000 8812.00000 8816.00000
 8820.00000 8824.00000 8828.00000 8832.00000 8836.00000
 8840.00000 8844.00000 8848.00000 8852.00000 8856.00000
 8860.00000 8864.00000 8868.00000 8872.00000 8876.00000
 8880.00000 8884.00000 8888.00000 8892.00000 8896.00000
 8900.00000 8904.00000 8908.00000 8912.00000 8916.00000
 8920.00000 8924.00000 8928.00000 8932.00000 8936.00000
 8940.00000 8944.00000 8948.00000 8952.00000 8956.00000
 8960.00000 8964.00000 8968.00000 8972.00000 8976.00000
 8980.00000 8984.00000 8988.00000 8992.00000 8996.00000
 9000.00000 9004.00000 9008.00000 9012.00000 9016.00000
 9020.00000 9024.00000 9028.00000 9032.00000 9036.00000
 9040.00000 9044.00000 9048.00000 9052.00000 9056.00000
 9060.00000 9064.00000 9068.00000 9072.00000 9076.00000
 9080.00000 9084.00000 9088.00000 9092.00000 9096.00000
 9100.00000 9104.00000 9108.00000 9112.00000 9116.00000
 9120.00000 9124.00000 9128.00000 9132.00000 9136.00000
 9140.00000 9144.00000 9148.00000 9152.00000 9156.00000
 9160.00000 9164.00000 9168.00000 9172.00000 9176.00000
 9180.00000 9184.00000 9188.00000 9192.00000 9196.00000
 9200.00000 9204.00000 9208.00000 9212.00000 9216.00000
 9220.00000 9224.00000 9228.00000 9232.00000 9236.00000
 9240.00000 9244.00000 9248.00000 9252.00000 9256.00000
 9260.00000 9264.00000 9268.00000 9272.00000 9276.00000
 9280.00000 9284.00000 9288.00000 9292.00000 9296.00000
 9300.00000 9304.00000 9308.00000 9312.00000 9316.00000
 9320.00000 9324.00000 9328.00000 9332.00000 9336.00000
 9340.00000 9344.00000 9348.00000 9352.00000 9356.00000
 9360.00000 9364.00000 9368.00000 9372.00000 9376.00000
 9380.00000 9384.00000 9388.00000 9392.00000 9396.00000
 9400.00000 9404.00000 9408.00000 9412.00000 9416.00000
 9420.00000 9424.00000 9428.00000 9432.00000 9436.00000
 9440.00000 9444.00000 9448.00000 9452.00000 9456.00000
 9460.00000 9464.00000 9468.00000 9472.00000 9476.00000
 9480.00000 9484.00000 9488.00000 9492.00000 9496.00000
 9500.00000 9504.00000 9508.00000 9512.00000 9516.00000
 9520.00000 9524.00000 9528.00000 9532.00000 9536.00000
 9540.00000 9544.00000 9548.00000 9552.00000 9556.00000
 9560.00000 9564.00000 9568.00000 9572.00000 9576.00000
 9580.00000 9584.00000 9588.00000 9592.00000 9596.00000
 9600.00000 9604.00000 9608.00000 9612.00000 9616.00000
 9620.00000 9624.00000 9628.00000 9632.00000 9636.00000
 9640.00000 9644.00000 9648.00000 9652.00000 9656.00000
 9660.00000 9664.00000 9668.00000 9672.00000 9676.00000
 9680.00000 9684.00000 9688.00000 9692.00000 9696.00000
 9700.00000 9704.00000 9708.00000 9712.00000 9716.00000
 9720.00000 9724.00000 9728.00000 9732.00000 9736.00000
 9740.00000 9744.00000 9748.00000 9752.00000 9756.00000
 9760.00000 9764.00000 9768.00000 9772.00000 9776.00000
 9780.00000 9784.00000 9788.00000 9792.00000 9796.00000
 9800.00000 9804.00000 9808.00000 9812.00000 9816.00000
 9820.00000 9824.00000 9828.00000 9832.00000 9836.00000
 9840.00000 9844.00000 9848.00000 9852.00000 9856.00000
 9860.00000 9864.00000 9868.00000 9872.00000 9876.00000
 9880.00000 9884.00000 9888.00000 9892.00000 9896.00000
 9900.00000 9904.00000 9908.00000 9912.00000 9916.00000
 9920.00000 9924.00000 9928.00000 9932.00000 9936.00000
 9940.00000 9944.00000 9948.00000 9952.00000 9956.00000
 9960.00000 9964.00000 9968.00000 9972.00000 9976.00000
 9980.00000 9984.00000 9988.00000 9992.00000 9996.00000
 10000.0000 10004.0000 10008.0000 10012.0000 10016.0000
 10020.0000 10024.0000 10028.0000 10032.0000 10036.0000
 10040.0000 10044.0000 10048.0000 10052.0000 10056.0000
 10060.0000 10064.0000 10068.0000 10072.0000 10076.0000
 10080.0000 10084.0000 10088.0000 10092.0000 10096.0000
 10100.0000 10104.0000 10108.0000 10112.0000 10116.0000
 10120.0000 10124.0000 10128.0000 10132.0000 10136.0000
 10140.0000 10144.0000 10148.0000 10152.0000 10156.0000
 10160.0000 10164.0000 10168.0000 10172.0000 10176.0000
 10180.0000 10184.0000 10188.0000 10192.0000 10196.0000
 10200.0000 10204.0000 10208.0000 10212.0000 10216.0000
 10220.0000 10224.0000 10228.0000 10232.0000 10236.0000
 10240.0000 10244.0000 10248.0000 10252.0000 10256.0000
 10260.0000 10264.0000 10268.0000 10272.0000 10276.0000
 10280.0000 10284.0000 10288.0000 10292.0000 10296.0000
 10300.0000 10304.0000 10308.0000 10312.0000 10316.0000
 10320.0000 10324.0000 10328.0000 10332.0000 10336.0000
 10340.0000 10344.0000 10348.0000 10352.0000 10356.0000
 10360.0000 10364.0000 10368.0000 10372.0000 10376.0000
 10380.0000 10384.0000 10388.0000 10392.0000 10396.0000
 10400.0000 10404.0000 10408.0000 10412.0000 10416.0000
 10420.0000 10424.0000 10428.0000 10432.0000 10436.0000
 10440.0000 10444.0000 10448.0000 10452.0000 10456.0000
 10460.0000 10464.0000 10468.0000 10472.0000 10476.0000
 10480.0000 10484.0000 10488.0000 10492.0000 10496.0000
 10500.0000 10504.0000 10508.0000 10512.0000 10516.0000
 10520.0000 10524.0000 10528.0000 10532.0000 10536.0000
 10540.0000 10544.0000 10548.0000 10552.0000 10556.0000
 10560.0000 10564.0000 10568.0000 10572.0000 10576.0000
 10580.0000 10584.0000 10588.0000 10592.0000 10596.0000
 10600.0000 10604.0000 10608.0000 10612.0000 10616.0000
 10620.0000 10624.0000 10628.0000 10632.0000 10636.0000
 10640.0000 10644.0000 10648.0000 10652.0000 10656.0000
 10660.0000 10664.0000 10668.0000 10672.0000 10676.0000
 10680.0000 10684.0000 10688.0000 10692.0000 10696.0000
 10700.0000 10704.0000 10708.0000 10712.0000 10716.0000
 10720.0000 10724.0000 10728.0000 10732.0000 10736.0000
 10740.0000 10744.0000 10748.0000 10752.0000 10756.0000
 10760.0000 10764.0000 10768.0000 10772.0000 10776.0000
 10780.0000 10784.0000 10788.0000 10792.0000 10796.0000
 %Q
 0.00000000E+00 0.00000000E+00 0.00000000E+00 0.00000000E+00 -4.06779908E-02
 -3.66072892E-03 -8.82919040E-03 -8.11666474E-02 8.24089199E-02 1.02165537E-02
 2.73003206E-02 7.71145746E-02 2.88498215E-02 1.69440508E-02 5.68286590E-02
 2.50557400E-02 -0.206305087 -0.117909707 0.177791491 -0.139139652
 4.90320921E-02 0.114332527 7.78974220E-02 -1.87237039E-02 -6.13471605E-02
 -0.178857446 5.17066345E-02 4.11952101E-02 -8.95640403E-02 9.06800386E-03
 7.44040161E-02 1.94616690E-02 3.85562442E-02 -1.64248329E-02 0.122007608
 0.122824356 5.15338108E-02 4.41195518E-02 1.16728933E-03 -3.80046293E-02
 1.14885606E-02 -2.01770123E-02 4.62812558E-02 -6.12525968E-04 -0.102075309
 6.04995228E-02 5.69365826E-03 1.72514226E-02 1.36435060E-02 9.87039506E-02
 -3.17695853E-03 -0.138457686 -2.12840531E-02 -0.133258104 -8.37000757E-02
 -0.121011518 -5.80205806E-02 -0.116762497 -0.143602312 4.17121165E-02
 2.73350477E-02 -1.09782303E-02 -0.103059344 -0.107200906 2.46444158E-02
 4.58835661E-02 5.04169166E-02 -0.123021714 -0.110029161 5.22217788E-02
 -1.90455895E-02 2.91094594E-02 2.21201815E-02 -1.94535851E-02 6.62006624E-03
 0.133088067 4.07905020E-02 2.37158686E-02 2.83714235E-02 9.06969607E-03
 4.03488288E-03 -5.98553801E-03 2.58267689E-02 -7.98780844E-03 0.120612562
 -1.32564502E-02 -7.11598396E-02 0.165201843 0.103391498 0.163325369
 4.16533165E-02 -2.32859049E-02 1.39122857E-02 2.07199920E-02 2.54725534E-02
 4.45357040E-02 -6.46581128E-02 -4.79500741E-02 -8.67310241E-02 -0.105138615
 -7.60205463E-02 2.20185146E-02 0.107448690 1.44704040E-02 2.77738702E-02
 9.84867066E-02 -6.28858805E-02 3.45947407E-02 7.70328194E-02 -1.50602097E-02
 -6.48371801E-02 -3.73231657E-02 -1.22462753E-02 2.14079879E-02 0.109601453
 7.65113831E-02 -9.06065777E-02 -0.136829183 -3.51304859E-02 8.72092471E-02
 0.112304054 0.135967597 -7.29654878E-02 -0.167060211 2.47458052E-02
 4.45344560E-02 -5.82355447E-03 7.67198438E-03 4.16346155E-02 1.87774114E-02
 3.61784883E-02 4.63209562E-02 -1.52311129E-02 -4.41484898E-02 -1.68673731E-02
 2.45424360E-02 -6.72906712E-02 -3.99301313E-02 -1.26808779E-02 0.100830160
 0.270027220 -5.30506968E-02 -0.115084291 4.56826873E-02 0.128962442
 -1.85191147E-02 8.16928595E-03 -1.00732697E-02 7.79910982E-02 -6.68477267E-02
 -0.100666054 -0.147268549 -6.53518066E-02 3.75408754E-02 -9.42073315E-02
 -1.47178825E-02 1.16371540E-02 -2.43385434E-02 1.84089504E-02 -9.65647250E-02
 -6.90665692E-02 2.43467707E-02 -4.56302278E-02 -1.82730854E-02 -6.65425435E-02
 -8.86991154E-03 -8.71881321E-02 -9.00734589E-02 6.74833134E-02 7.47146783E-03
 4.29262407E-02 -3.61713916E-02 7.98860788E-02 3.88000384E-02 -5.02557121E-03
 -4.05130796E-02 0.119952567 0.132868946 -1.90260988E-02 -9.85061154E-02
 6.72258250E-03 0.127946407 -4.02185246E-02 4.98826839E-02 9.08205360E-02
 8.89603198E-02 1.11748762E-02 4.73034792E-02 7.01009929E-02 -5.04662767E-02
 2.19829232E-02 -5.08999676E-02 -8.00938681E-02 3.68796252E-02 0.114823565
 1.26306182E-02 3.31259370E-02 0.105254285 5.59750721E-02 -2.07993798E-02
 0.107271053 8.85456428E-02 1.37454097E-03 7.99360126E-02 4.94348742E-02
 0.120205015 0.162629858 0.122635566 0.119685136 -4.54006856E-03
 -1.81571790E-03 4.49784510E-02 -2.58797742E-02 0.125342786 8.45653564E-02
 -1.56938396E-02 9.29171443E-02 0.207762331 0.134252623 1.95225459E-02
 -2.53892527E-03 -7.70529062E-02 3.73830423E-02 2.89787222E-02 -0.142045051
 2.16706656E-02 -5.85317798E-02 -5.53021617E-02 4.76670340E-02 8.26385394E-02
 7.61972964E-02 -4.72248532E-02 1.79486442E-02 0.171524137 0.147626609
 -2.98775304E-02 5.56934699E-02 3.20746638E-02 -2.77912971E-02 5.89518324E-02
 3.77773941E-02 7.43462890E-02 1.41365202E-02 -4.40486781E-02 -6.48039505E-02
 -2.51265876E-02 -4.03648093E-02 -2.96568610E-02 -1.79292262E-02 1.51184825E-02
 5.10265827E-02 0.304557145 -2.32720096E-02 -7.67220482E-02 -0.130799487
 -5.83658591E-02 2.86132265E-02 0.100080706 -4.05847002E-03 -1.05976257E-02
 6.21448159E-02 0.125521600 0.156556249 3.82344909E-02 1.36635788E-02
 -6.15156740E-02 -6.12241812E-02 6.38609827E-02 2.99056107E-03 -4.16694134E-02
 -1.76285189E-02 -1.85283031E-02 -3.37833948E-02 1.93853155E-02 5.30823246E-02
 8.98919404E-02 4.00437117E-02 0.133059904 -4.95776255E-03 -1.70069258E-03
 5.29407747E-02 7.41018951E-02 8.42141956E-02 4.35880758E-03 1.96731128E-02
 9.13565382E-02 7.69264027E-02 1.02616509E-03 0.105993472 0.145095229
 -3.07412748E-03 9.30375457E-02 0.149710327 -5.29939532E-02 3.06778550E-02
 2.12142710E-02 2.24210639E-02 -0.137772381 7.53786191E-02 -1.47712342E-02
 -3.21879871E-02 3.71639580E-02 4.62529026E-02 -6.12170249E-03 0.142266452
 5.06737158E-02 7.30668008E-02 -6.90900981E-02 -8.41014236E-02 -3.81463021E-02
 3.07537820E-02 0.103223681 4.86634783E-02 5.30728735E-02 5.50021715E-02
 3.68199013E-02 -7.01606795E-02 -1.55069297E-02 3.73960696E-02 5.79403080E-02
 -3.77445146E-02 -9.71481204E-02 -2.94085741E-02 -3.40466686E-02 -0.117839232
 5.23994751E-02 -1.61143148E-03 4.59571779E-02 1.10726729E-02 2.54523545E-03
 -5.42938011E-03 1.15943924E-02 -3.63888815E-02 -6.97571039E-02 -6.46559373E-02
 -0.149872333 -8.88988525E-02 -9.15747061E-02 6.90623894E-02 6.10299408E-02
 6.71310425E-02 4.02042791E-02 6.14855252E-02 3.54521722E-02 0.114712030
 -6.09968673E-04 -5.65306097E-02 -9.07010138E-02 -4.36812751E-02 0.124469623
 1.59344394E-02 -1.64851379E-02 8.57343599E-02 7.47815520E-02 6.77061006E-02
 6.32784367E-02 0.136675879 0.128740057 5.37168123E-02 5.61795421E-02
 0.175215274 -8.23834240E-02 -5.09309918E-02 -1.12540871E-02 -8.29047784E-02
 -0.147064552 -0.121444821 -7.92094618E-02 -6.22687228E-02 -2.46104952E-02
 -7.95895532E-02 -0.104418665 2.80284621E-02 7.14004412E-02 -0.194494203
 -7.52233565E-02 7.49608055E-02 4.35702689E-02 -0.108387902 0.115504712
 -7.44365379E-02 -7.15409517E-02 -0.116807163 -0.326208621 -9.64204222E-02
 -0.178678706 -0.181094155 -0.112446770 3.67400283E-03 -6.23632446E-02
 -5.35459556E-02 -0.247745559 -0.182253465 -9.08621252E-02 -0.225707799
 -0.127606496 -0.114276424 -8.92471075E-02 -1.82979368E-02 -6.68305010E-02
 -4.57494035E-02 0.120518714 -0.187711656 -0.499138504 -0.350483358
 -0.293946207 -0.430981815 -0.368523538 -0.257526785 -9.44171250E-02
 -0.103597179 -0.128405169 -0.216345936 -0.124585047 -5.09345159E-02
 -6.25626519E-02 -4.81574424E-02 -0.129632786 -1.29196662E-02 9.02975723E-02
 9.81572866E-02 4.18350510E-02 -9.56838354E-02 -0.126276091 -9.08203721E-02
 6.03206046E-02 -3.03841904E-02 -2.49153413E-02 -6.01187535E-02 -7.95885175E-02
 -0.122333758 -0.105064824 -2.19837669E-02 -0.113556840 -0.114671096
 -9.43786204E-02 -0.115553543 -9.17950496E-02 0.148544133 -8.73783976E-02
 -3.07417065E-02 -8.97610411E-02 -7.05474913E-02 7.54347816E-02 -2.38271169E-02
 -5.94604053E-02 -5.60359955E-02 -7.84089938E-02 5.67144416E-02 -5.66082820E-02
 1.06938062E-02 -2.87636276E-02 -2.21621413E-02 -1.65887701E-03 3.91648076E-02
 -8.90219733E-02 9.10615847E-02 2.75022648E-02 0.140216067 7.97792375E-02
 0.269872010 -1.74456034E-02 8.19037929E-02 -5.76321455E-03 -2.19407454E-02
 2.50199586E-02 -2.46897433E-02 -0.139136672 -8.06938112E-02 0.159004733
 2.79014204E-02 0.104599699 -4.40807566E-02 6.56074286E-02 -9.43792611E-03
 -5.39450021E-03 -1.66807622E-02 -5.06426133E-02 -5.94310760E-02 1.05068246E-02
 0.137520656 -6.40988303E-03 -7.79984519E-02 -4.53906097E-02 -0.142974406
 6.79965466E-02 9.46454033E-02 0.113617964 -2.79109348E-02 -1.58726349E-02
 -3.13701667E-02 -6.15479089E-02 3.23680183E-03 -0.128901988 6.41162470E-02
 2.83087604E-02 -4.13514115E-02 4.81053032E-02 9.98229459E-02 0.100114718
 2.44996548E-02 0.129054904 6.71109855E-02 0.190632015 -4.11295984E-03
 0.175204664 0.113132022 0.206273794 8.60890280E-03 0.188772395
 0.104654938 -0.232706636 -3.20009552E-02 -2.67626345E-02 -2.34420188E-02
 0.112173878 3.07242684E-02 -2.01728567E-02 0.102396928 3.82876620E-02
 6.89092325E-03 -5.66990115E-03 -7.66183734E-02 0.163116693 0.112302616
 8.99260212E-03 1.83681566E-02 1.61540657E-02 -5.00432216E-02 -0.143330544
 -9.51946303E-02 1.23696532E-02 -1.38539840E-02 -5.69223538E-02 9.81900990E-02
 3.20188627E-02 -2.17121746E-02 5.56506813E-02 -0.116084233 -9.48818251E-02
 -2.28542276E-03 0.232712746 -1.72759444E-02 -2.07261164E-02 -3.08973771E-02
 -2.51442082E-02 -6.19933084E-02 0.150539711 5.89811429E-02 -4.42519151E-02
 -4.38265130E-03 1.32971443E-02 -9.60665792E-02 -0.143935546 -0.105004847
 -7.88996369E-02 2.65167165E-03 -4.10939641E-02 -1.41811632E-02 -1.02718072E-02
 -7.23313913E-02 -0.109846428 -0.189999476 -4.49937448E-04 -1.06387874E-02
 -0.165509313 -3.98389660E-02 5.40262535E-02 7.19081610E-02 -2.56844331E-03
 8.86460617E-02 0.116530560 0.129219830 6.74759299E-02 -4.43040915E-02
 -0.155895218 1.54499346E-02 4.04410772E-02 3.97261977E-03 -7.69344866E-02
 7.78861791E-02 -9.83110517E-02 -0.184623480 -0.183054850 7.16870800E-02
 1.19358255E-02 -7.02954680E-02 -0.201779321 2.53639594E-02 -4.58616018E-02
 -3.85907851E-02 8.07915330E-02 -1.32203102E-02 2.23307684E-02 1.72266569E-02
 -2.53053475E-02 6.74948916E-02 -2.49840021E-02 -9.63191167E-02 -0.195508987
 -0.171377197 8.18029344E-02 0.206941649 7.79712424E-02 9.55975652E-02
 -0.120299891 0.170679450 0.246357456 -4.39769477E-02 0.209614396
 -9.29646716E-02 0.110039197 4.42897566E-02 -0.133983135 8.02793205E-02
 0.129109025 -2.70662047E-02 -0.121467546 2.72380486E-02 6.96535334E-02
 9.40430015E-02 -2.39608437E-02 4.11921740E-02 -0.345074236 -0.239717841
 -0.157389373 -0.192640215 0.144037157 -7.94572383E-02 -8.56528878E-02
 0.151552856 0.278676748 -0.243697599 -0.194355816 -4.50942330E-02
 2.36521307E-02 -9.47388858E-02 -1.17387995E-02 6.06389940E-02 -2.57739369E-02
 -0.138377264 -1.06011750E-02 -3.68409567E-02 -4.63695116E-02 -4.36350442E-02
 2.94106174E-02 0.192177460 4.27135713E-02 2.06439290E-02 3.46858799E-02
 0.299069554 0.163862750 0.153447509 0.119520947 6.87472150E-02
 6.19119965E-02 0.189521760 0.209797844 -0.162857026 -7.60964155E-02
 0.173602372 0.198781654 4.78427187E-02 6.89837337E-02 0.185481116
 0.146069616 5.46660200E-02 -9.05084610E-02 -0.187913567 -8.10056701E-02
 -0.107623309 -3.06823179E-02 3.64708193E-02 7.94693679E-02 -3.77609245E-02
 0.152787596 3.65074165E-02 -1.55845715E-03 -2.53226049E-02 0.160347059
 7.52506256E-02 0.165874377 1.53406728E-02 0.149835795 -2.44415253E-02
 2.60818657E-02 8.51728916E-02 0.209458053 -8.14780742E-02 -6.90988973E-02
 -4.12537456E-02 -0.154516473 -0.200507507 7.62735754E-02 0.104747109
 -0.429634988 -2.77250949E-02 0.142146304 -0.233445242 -0.127632052
 0.123771548 -0.163129404 -0.298560172 0.143519267 5.56186065E-02
 2.80879792E-02 0.191116050 -7.30468035E-02 -1.93560980E-02 -0.330702662
 -0.147316471 8.58419463E-02 0.317171693 2.85919141E-02 4.76036631E-02
 0.304309726 -6.39039055E-02 6.42521540E-03 -1.63677856E-02 -0.260344416
 -1.86548624E-02 0.293481916 0.112341173 0.134137988 0.392427385
 0.352756888 0.311432004 0.263136327 -8.35957825E-02 0.219072074
 0.281531334 3.20162587E-02 -5.08084893E-02 0.276109219 0.170189917
 5.95656969E-03 -0.159823269 0.107604906 -0.120793588 -7.40992725E-02
 -7.33533204E-02 -0.191803619 -0.130653009 -3.94413657E-02 3.94370034E-02
 0.118882351 -0.140531301 5.72473221E-02 -0.113722146 -0.147569537
 0.231520057 -0.272873104 5.39525710E-02 0.235084981 0.129402041
 0.464543641 0.422549903 0.240498334 5.28773293E-02 0.336389184
 0.129739553 0.195412263 0.106458165 6.71198964E-02 -8.09656084E-02
 0.124302670 4.96839825E-03 6.78516328E-02 0.179610252 0.265222520
 0.253569037 0.403910637 5.82263097E-02 -1.46164279E-02 2.46940330E-02
 3.55204754E-02 -2.49404237E-02 0.292290300 0.411749959 4.77587469E-02
 -1.01062702E-02 0.501477778 0.397481829 0.115239784 7.56455809E-02
 3.26979347E-02 0.310384095 0.164756045 1.50716146E-02 -0.137562647
 9.93925482E-02 8.75810310E-02 -4.52042930E-02 2.66347807E-02 -8.60168859E-02
 0.119357042 -0.136279449 -0.127826989 -0.145637870 0.225159898
 0.134721398 9.75423455E-02 -0.145862326 -3.68135385E-02 0.161947116
 0.475526333 0.216054454 -0.136453778 7.46005680E-03 -0.256804585
 -0.269997299 -0.133807510 -6.22968599E-02 4.40850407E-02 -0.187039033
 3.83558273E-02 7.29371235E-02 -0.135295019 -0.297671735 -0.221860155
 -4.65038978E-02 6.64413348E-02 -0.149028242 0.223441213 -1.02572460E-02
 0.283196539 -0.195754498 -0.327883959 -0.290075094 0.282046318
 -0.280184299 7.41533861E-02 0.418395042 -0.127465144 -0.589505255
 9.82632414E-02 -9.67688188E-02 -0.191739395 -0.266921580 -0.198272854
 -0.537555039 -0.196975142 -0.179500371 -0.310691327 -0.132082582
 -0.232544705 -0.459085912 0.118420146 0.378947943 -0.530981064
 0.219721258 -0.607949615 -0.402745336 -0.404585898 -0.458147645
 -0.809100389 -1.12770137E-03 -0.350523919 -2.90227626E-02 -7.61714950E-02
 0.362830073 -0.293659985 0.144263521 3.78828570E-02 -0.463558078
 -0.324572146 -1.17011718E-03 -0.175038800 1.35937259E-02 8.57651047E-03
 -0.223734200 -6.01464976E-03 -0.389065653 -0.421869695 -0.301124185
 -0.305928409 -0.383367270 -0.375333160 0.168931976 0.564005792
 0.101682752 -0.401639611 -0.363054156 -2.26880461E-02 -3.33721265E-02
 -0.723319530 -9.76982042E-02 -0.583634079 -0.891285419 7.51799392E-03
 -0.844867229 -1.00030029 -0.216922507 -0.437947959 -0.131995067
 -0.950633168 -0.468618989 -0.516525865 -0.633649945 -0.211847648
 -5.52355126E-02 0.209851444 -0.271891773 -0.984337211 -0.817695439
 -0.577281177 -1.26434124 -6.37329519E-02 -0.610291779 -0.214770526
 -0.396660149 -0.225030258 -0.315020144 -6.18004054E-02 -0.124897353
 -0.158544615 -5.11170700E-02 -0.398042619 -0.375266224 -0.296136141
 -0.360208482 -0.353554696 -0.296574295 -4.68988791E-02 -6.87171966E-02
 -0.337548196 8.07667524E-02 0.254253775 -0.437257677 -0.237721369
 0.311647743 0.385339975 1.23712318E-02 9.41924900E-02 -5.32673970E-02
 4.74744923E-02 5.97087666E-02 -0.100234732 -0.567359149 -0.923520803
 -0.405077159 -0.243189067 -0.334024131 -0.341288120 -0.361545205
 -3.52986082E-02 8.94889385E-02 -0.586927712 -0.534105361 -0.264108330
 0.219323084 -3.56060872E-03 0.337818444 0.224373445 -7.01314658E-02
 0.529975474 0.476111740 -0.198029801 0.159639567 -8.51503909E-02
 -0.348437011 -0.993022203 -0.957852900 -0.224141449 3.35815810E-02
 0.127034158 -2.99928859E-02 -1.01663113 -1.09655380 -0.900241554
 -0.742682934 -0.724956155 -0.259964705 -0.124119595 -0.912994802
 -0.840567410 0.460703105 2.49003824E-02 -0.113520235 0.434873402
 -0.980288148 0.157499611 0.232550219 0.232891127 0.263544321
 -0.795623124 0.372596890 -0.368150532 -5.66431917E-02 -0.467821449
 -0.178317279 -0.886749089 -1.00199747 -0.596509099 -0.975257158
 0.541229665 0.538897872 -6.04780298E-03 0.466998518 0.187160924
 -0.405223012 -0.167842209 -0.600806355 -0.790365875 -0.234495342
 1.11855197 -0.270974398 -0.591501057 0.283729225 0.180333063
 0.249498948 1.02678704 1.24678826 0.562575340 -0.311794907
 5.93159255E-03 -0.254873037 -0.337075353 0.605761051 0.325518161
 -0.526712835 -0.605176091 -0.821140230 -0.302000821 0.495436460
 0.670983672 -0.378450006 0.184978142 -0.806639910 -0.154535964
 -0.836963296 -0.209869206 -1.11221397 -1.27980113 -1.32816553
 -0.889845967 -1.31783748 -8.57992247E-02 1.44383442 0.669026077
 -1.24435747 0.290828884 -0.435027212 -4.21063863E-02 -0.223004237
 0.484766245 0.707419336 -0.941068947 -1.19421148 -1.42276657
 -0.404710174 -1.51520348 -2.96569443 -2.45183301 -3.10047531
 -4.21325970 0.168622077 0.647217274 -0.441019893 -2.01646948
 -2.34629488 -0.432923585 -2.63546157 -4.18156385 -2.21586657
 -1.82911384 -1.94728172 1.12739193 -1.00128984 -2.53651500
 -1.12014890 -0.893075287 -2.39243722 -1.46866667 -1.80741143
 1.06374359 4.17366289E-02 -1.29242682 -0.298893958 0.751797974
 -1.52173018 -2.20277882 -0.896907866 -5.69289351 -3.16869664
 -2.94836593 -1.89628363 -0.659055352 -0.257555306 1.70932878E-02
 -0.125622511 -4.58413792 -5.29335737 -4.26161385 -3.90630150
 -7.30672026 -7.56094980 -1.18068290 -2.87442279 -3.63968468
 -1.36838615 -5.66810989 -0.612700880 -4.06987095 -4.78080130
 -4.85967588 -5.44119406 -5.66749001 -6.04160166 -6.67033434
 0.00000000E+00 0.00000000E+00 0.00000000E+00 0.00000000E+00 0.00000000E+00
 0.00000000E+00 0.00000000E+00 0.00000000E+00 0.00000000E+00 0.00000000E+00
 0.00000000E+00 0.00000000E+00 0.00000000E+00 0.00000000E+00 0.00000000E+00
 0.00000000E+00 0.00000000E+00 0.00000000E+00 0.00000000E+00 0.00000000E+00
 0.00000000E+00 0.00000000E+00 0.00000000E+00 0.00000000E+00 0.00000000E+00
 0.00000000E+00 0.00000000E+00 0.00000000E+00 0.00000000E+00 0.00000000E+00
 0.00000000E+00 0.00000000E+00 0.00000000E+00 0.00000000E+00 0.00000000E+00
 0.00000000E+00 0.00000000E+00 0.00000000E+00 0.00000000E+00 0.00000000E+00
 0.00000000E+00 0.00000000E+00 0.00000000E+00 0.00000000E+00 0.00000000E+00
 0.00000000E+00 0.00000000E+00 0.00000000E+00 0.00000000E+00 0.00000000E+00
 0.00000000E+00 0.00000000E+00 0.00000000E+00 0.00000000E+00 0.00000000E+00
 0.00000000E+00 0.00000000E+00 0.00000000E+00 0.00000000E+00 0.00000000E+00
 0.00000000E+00 0.00000000E+00 0.00000000E+00 0.00000000E+00 0.00000000E+00
 0.00000000E+00 0.00000000E+00 0.00000000E+00 0.00000000E+00 0.00000000E+00
 0.00000000E+00 0.00000000E+00 0.00000000E+00 0.00000000E+00 0.00000000E+00
 0.00000000E+00 0.00000000E+00 0.00000000E+00 0.00000000E+00 0.00000000E+00
 0.00000000E+00 0.00000000E+00 0.00000000E+00 0.00000000E+00 0.00000000E+00
 0.00000000E+00 0.00000000E+00 0.00000000E+00 0.00000000E+00 0.00000000E+00
 %U
 0.00000000E+00 0.00000000E+00 0.00000000E+00 0.00000000E+00 0.150792867
 0.276445657 0.238056883 2.10973085E-03 0.268206060 0.280539066
 2.66789515E-02 6.57001063E-02 0.141621083 0.148394719 0.241536200
 0.271105230 0.172612563 0.153805017 1.80850066E-02 -6.04033396E-02
 0.161067307 0.213574365 0.120640069 0.122353829 0.191819683
 5.86256385E-02 8.46820977E-03 3.68977562E-02 -3.00123673E-02 9.50275138E-02
 0.123769484 4.91547585E-02 0.150652841 0.159767523 0.111685924
 0.216308802 0.274104893 0.157524988 0.183077604 0.203916475
 0.193930015 0.149756804 0.118265547 0.237975404 9.55368206E-02
 -2.16872506E-02 2.22580787E-02 0.124408536 9.56988409E-02 0.158541575
 0.112631127 2.65692249E-02 2.14111898E-02 -5.56597598E-02 0.160739839
 4.91941571E-02 3.45319323E-02 0.109005697 0.130234450 0.219517201
 0.236248806 0.162916496 0.209808767 0.189480796 7.63417780E-02
 6.80244416E-02 0.218220890 7.63877556E-02 0.134692818 -2.50255112E-02
 0.127051756 8.79665539E-02 0.190401152 0.222641364 0.128917187
 0.222648963 0.108117461 0.161907822 0.162822351 0.116297416
 -3.07430141E-02 6.84823841E-02 0.140108839 4.74951565E-02 6.19920082E-02
 4.60504629E-02 7.77914524E-02 0.304472268 0.132982776 -6.44536689E-03
 0.128435910 0.137644202 -0.149759755 7.02156201E-02 9.86935347E-02
 0.136184484 0.126869455 1.74993221E-02 3.56303416E-02 3.26598175E-02
 3.61858197E-02 7.49264508E-02 6.01602085E-02 0.110371321 0.170683965
 0.102160476 5.96722402E-02 9.84572694E-02 5.88494129E-02 2.58700103E-02
 -3.97964939E-02 8.39511082E-02 5.33512458E-02 2.04342362E-02 6.22138381E-02
 3.79884690E-02 9.14384648E-02 4.39325757E-02 5.46853133E-02 0.104449406
 6.61079586E-02 0.126477152 -8.94257426E-02 -0.164299741 6.45967349E-02
 3.83972414E-02 8.81544501E-02 0.182107538 1.85842663E-02 -0.112371124
 -8.01118314E-02 9.86370593E-02 0.142838135 0.170759574 0.142888352
 7.31980614E-03 0.152034432 0.183475092 0.126130462 0.158838347
 0.162235141 0.262918711 0.134164736 -6.33811951E-02 -0.100365669
 9.21010077E-02 7.48412265E-03 5.11939935E-02 5.82305761E-03 9.91095528E-02
 -5.20160124E-02 3.96262333E-02 8.16344172E-02 2.56258734E-02 4.40776348E-02
 -3.44238989E-02 6.01001158E-02 0.133462042 5.58684766E-02 -4.53076005E-04
 2.10863538E-02 0.119255073 -7.91755039E-03 -3.16247419E-02 6.01603538E-02
 0.204592317 0.271353543 -1.10945413E-02 -6.96109235E-02 0.251804799
 0.214332685 0.242346853 0.125846431 6.87661693E-02 0.133124515
 8.94130021E-02 0.104193181 4.35827523E-02 0.110589251 0.101764813
 0.220835865 0.208699629 0.229476094 0.120993167 5.73279858E-02
 0.136164427 0.109073065 9.80838947E-03 4.50869054E-02 0.127518624
 0.250846326 8.21347982E-02 -3.42492871E-02 -7.51833469E-02 -4.47631639E-04
 9.63617116E-02 0.163078517 0.131261155 0.140478164 0.108207591
 0.217084303 9.13211107E-02 0.113520652 2.91180890E-02 0.119720623
 0.273326635 0.154566452 3.09316125E-02 0.236985043 0.174087197
 0.115702525 6.86974153E-02 0.137641996 0.143853441 0.145167753
 0.213196740 5.87536097E-02 0.157823175 -3.95828485E-02 3.40981632E-02
 0.104183003 0.250701129 3.73243429E-02 -0.150699452 9.64906998E-03
 0.144913614 -6.47375882E-02 -1.69450510E-02 7.25603476E-02 7.34565929E-02
 0.167719394 1.93331446E-02 -1.74271744E-02 -5.10795675E-02 6.40134886E-02
 2.08428334E-02 9.59842950E-02 2.44649500E-02 0.240030140 0.234202668
 0.215766713 0.183986455 -9.35908966E-03 -3.01025845E-02 0.144450679
 0.121738538 6.50160015E-02 8.30895305E-02 2.08219625E-02 9.24563035E-02
 0.266521990 0.190918654 0.161335036 0.115253612 0.150033653
 0.258987695 7.37737715E-02 0.187957585 7.78366253E-02 0.193615183
 7.16922358E-02 7.49437287E-02 7.64937103E-02 6.22819513E-02 7.23857582E-02
 0.168823048 6.69485629E-02 4.63155955E-02 0.156752840 0.166038707
 0.130413607 0.131852418 9.08516198E-02 -5.19597679E-02 3.65905766E-03
 5.11426181E-02 8.25809464E-02 0.135061324 -2.39948109E-02 2.36767754E-02
 0.130187213 8.16528425E-02 0.231105670 3.81585546E-02 0.149395436
 8.09726194E-02 5.45922741E-02 9.99280214E-02 9.24981609E-02 6.14555329E-02
 -1.86300203E-02 7.48638511E-02 0.197240636 -2.69428622E-02 0.133346945
 5.80572104E-03 8.55708122E-02 -4.80752364E-02 0.177368820 0.134537101
 0.207076043 0.306000352 0.148541540 3.62248532E-02 0.150511771
 8.82027000E-02 0.140572816 0.212065056 7.26229250E-02 -1.15812998E-02
 0.109111398 0.164152026 0.135505363 5.39840311E-02 9.58546102E-02
 0.112357341 0.199728087 8.14799815E-02 0.245794207 0.265837789
 0.102664299 -7.14065954E-02 8.12552795E-02 2.98463646E-02 9.04705375E-02
 4.35978845E-02 7.32535720E-02 7.26298988E-02 -1.03738857E-03 0.114125364
 6.63827509E-02 0.111843318 0.104324587 -8.80863667E-02 6.59504011E-02
 0.100661919 0.125451207 0.128032506 -1.60694961E-02 6.96236566E-02
 0.171548814 0.146067679 3.35598551E-02 -5.77467978E-02 1.60781983E-02
 1.72616877E-02 -6.71783537E-02 6.62408024E-02 7.45330378E-02 0.198971510
 -5.25988974E-02 2.00477000E-02 1.92666892E-02 6.49221167E-02 -3.00310049E-02
 -4.28154729E-02 4.52901199E-02 9.66284573E-02 6.71670288E-02 2.23629568E-02
 8.11061487E-02 8.97231027E-02 8.30774456E-02 -2.23192852E-02 -8.15977752E-02
 6.07406907E-02 -4.85318229E-02 -0.140181169 9.09482092E-02 1.28472410E-02
 1.67754106E-02 0.159864202 0.202762455 0.133603200 2.03434075E-03
 0.127315283 0.145587981 -1.68767180E-02 2.57381331E-02 -6.47008000E-03
 -3.16457637E-03 6.81048930E-02 -1.09061087E-02 -0.100088224 2.98277363E-02
 0.203727514 0.408117950 0.254996091 -0.115905866 4.52857539E-02
 9.17698517E-02 4.69520129E-02 5.04163839E-02 5.53134643E-02 8.83476585E-02
 1.74130276E-02 -7.72930160E-02 -2.32713819E-02 0.112905122 -6.97418526E-02
 -0.277653277 -9.31321904E-02 0.112957820 -0.117768593 2.45585199E-02
 -0.143554837 -0.329822779 -0.121420123 -0.124005564 1.86078565E-03
 6.93228692E-02 -0.294998735 0.228712097 6.72024265E-02 7.97440857E-02
 7.01507702E-02 0.136935100 7.22427294E-02 0.126061127 0.275580704
 4.58688922E-02 0.244098246 -2.16179970E-03 5.79617396E-02 -9.31447074E-02
 5.77142509E-03 -2.40114443E-02 9.67453495E-02 -0.110166274 2.58146934E-02
 0.102069192 6.18620776E-03 7.63543025E-02 -1.23903872E-02 -2.50896234E-02
 2.89735328E-02 1.04998425E-02 6.89241737E-02 4.82799970E-02 3.99462953E-02
 0.121427573 1.88624505E-02 5.13348654E-02 7.13635013E-02 1.57646164E-02
 1.10430010E-02 -4.72149625E-02 -0.165239796 -7.70434290E-02 -9.94181931E-02
 3.51958871E-02 -8.22435096E-02 8.15552622E-02 0.176016554 4.05755565E-02
 0.119849466 4.86462191E-02 0.235839635 -9.64730792E-03 -4.00571488E-02
 0.160364941 8.05804580E-02 -1.78251043E-02 8.50004032E-02 6.52155578E-02
 8.56390595E-02 0.167752832 0.119220749 0.183238596 0.190514207
 5.50177284E-02 8.30351412E-02 0.208244756 8.44413266E-02 0.100264534
 -4.37120833E-02 5.32830469E-02 0.133738518 0.140360922 9.18449163E-02
 -0.156814113 -0.141606614 -4.88094538E-02 0.189843878 0.173380733
 9.12172869E-02 5.18960766E-02 -6.77150935E-02 2.65612267E-02 0.363025248
 3.28466445E-02 0.271593273 0.262094945 -5.89780062E-02 0.211967230
 8.80472735E-03 6.75302073E-02 0.295682460 0.234323695 0.109148622
 4.69473675E-02 0.186602950 -4.80077825E-02 0.154926270 0.170836046
 0.258361429 0.169362694 0.133673564 0.185158461 0.266080767
 0.149097890 0.147082165 4.49534990E-02 -2.60926429E-02 -3.63166519E-02
 -1.54719558E-02 0.105863668 -0.162755623 3.96621414E-02 0.187787652
 0.209553957 0.268327892 0.247218490 0.323037148 0.325728238
 9.78268310E-02 1.47450687E-02 0.206983209 0.173590839 0.151603699
 0.236709073 0.115514137 -5.60103841E-02 0.103547305 2.41935067E-02
 -4.34649177E-02 0.191987947 0.113493063 -6.34800270E-02 -4.18311171E-02
 3.63227725E-02 8.52478594E-02 4.97777201E-02 0.166368514 0.279353648
 0.110888496 -3.96811925E-02 -7.84960240E-02 8.60056281E-02 -4.64786915E-03
 0.118958086 0.297663897 0.250462711 0.141804025 1.59120783E-02
 0.294745684 0.212461948 0.339521527 4.51247767E-02 -4.86418009E-02
 -3.55276391E-02 -5.50257927E-03 1.17171556E-02 0.142812416 -0.181524262
 -0.359501928 -9.21473503E-02 4.40732250E-03 -2.30249222E-02 -0.113703668
 -1.43145267E-02 9.36357901E-02 8.86592567E-02 -8.80553201E-02 5.08194715E-02
 -9.54383239E-02 0.208210453 0.199871913 -7.33133405E-02 2.58165877E-02
 0.113916270 0.276512623 0.178885862 -1.74748283E-02 -9.79647711E-02
 -6.76952079E-02 -0.149243772 4.28210720E-02 2.24262550E-02 3.90996039E-02
 4.53579836E-02 -0.184618920 -5.39357848E-02 0.192710996 0.160187870
 0.182011604 -3.83361988E-02 6.99227452E-02 7.50841498E-02 -1.14975590E-02
 -6.82310984E-02 0.327472746 0.221011221 0.167419672 0.236260399
 -0.202490687 8.41600355E-03 0.376919389 0.323157758 -0.105760016
 3.84064801E-02 0.130067378 7.89943263E-02 2.36034896E-02 -0.200267315
 -9.03966650E-02 -5.68642281E-03 -0.466764033 -0.107947983 0.204782680
 5.38254604E-02 -9.26058218E-02 -9.77290794E-02 -8.15021154E-03 0.191496924
 -0.192862526 0.106365710 0.314025342 1.44752422E-02 0.135317087
 0.293285459 0.257762551 0.133693054 0.198835924 -3.25233239E-04
 0.289014131 0.149109200 0.186903507 -0.130448520 -0.109027550
 0.160155222 0.142827019 0.107308410 -0.150380939 -0.101364404
 4.96903844E-02 -5.46249375E-02 5.27326837E-02 -3.32140252E-02 0.284937084
 7.94751570E-02 -0.199866861 2.23364215E-02 0.382227868 0.294456780
 0.145161584 0.187399969 -6.50821328E-02 0.198980674 7.53309727E-02
 -4.74363193E-02 0.126745805 0.277500749 0.341598898 0.310828686
 0.234898880 0.260815471 2.07644105E-02 9.51374620E-02 0.186298728
 6.94816634E-02 -0.122597337 -8.22956041E-02 3.20648290E-02 -2.14070566E-02
 -6.36013895E-02 -0.140285432 9.58480313E-02 -0.222755224 1.18116895E-02
 -3.18054925E-03 0.206314266 0.227192909 2.58959271E-02 0.200704738
 -0.306291610 2.42446698E-02 0.292975515 0.124427117 0.169022352
 -0.340468228 0.133430675 -9.77391601E-02 -5.81002273E-02 -2.67428951E-03
 -0.197895288 -0.143661156 -6.40014419E-03 0.419122070 5.06602824E-02
 0.112743445 0.198814392 0.108288601 0.131950200 -0.120163232
 0.194297060 -0.185300112 9.76756588E-02 2.44147927E-02 9.88046527E-02
 -0.150746822 0.103868186 8.10156539E-02 -0.378145099 5.72184194E-03
 0.192816019 0.158774838 -8.78050998E-02 0.220056206 6.09708019E-03
 -9.15301293E-02 1.77224930E-02 -9.32049826E-02 -0.277118713 0.420295954
 0.255152732 0.362332970 3.24414368E-03 4.12282795E-02 0.246333301
 2.86648106E-02 -8.85161310E-02 -0.229943246 9.63100642E-02 5.36173284E-02
 0.122781061 0.183065102 0.183223441 7.60780796E-02 0.288190961
 0.330282509 -4.05864902E-02 0.186215371 0.102694876 2.36399435E-02
 0.179093003 -0.220299348 3.08317449E-02 0.346538872 0.254555106
 0.211470082 0.339205325 0.417474389 0.370707273 0.199682310
 -0.182725459 0.455312997 4.21039462E-02 2.01135390E-02 0.229779452
 0.234345689 -0.269514501 -5.14755137E-02 0.217208937 0.196950853
 -6.82927147E-02 4.12808843E-02 0.185369834 0.123038970 0.103264213
 6.55134320E-02 -0.166516334 -0.133279890 2.47967113E-02 -0.226625025
 0.208638072 3.80750671E-02 2.57234666E-02 0.162015438 -5.98007068E-02
 -0.164247707 0.117751040 0.303860605 0.377146244 0.123833969
 0.157907769 0.589680433 1.80855533E-03 0.202382222 -9.84698310E-02
 0.141793832 -0.135445893 -7.68521056E-03 0.188217610 -0.132564738
 5.06846374E-03 -6.62653819E-02 -6.65382743E-02 -4.27061878E-03 -3.81475277E-02
 -8.23510811E-03 0.395810604 0.343208730 -9.40724239E-02 0.485954255
 0.679131389 0.804420590 0.649173081 0.424504757 0.497479558
 0.277889490 -1.66267785E-03 0.404171139 9.88116339E-02 0.494790494
 0.364811003 0.379637301 4.68764007E-02 0.169378668 -0.321640998
 -0.177649379 -0.491435885 -0.188459933 8.91925395E-02 -0.288903445
 -6.68556690E-02 0.124234706 -5.94456270E-02 -0.268203467 -0.346149266
 -0.264456511 0.133164108 -0.131825313 5.67444675E-02 0.611662984
 0.427777082 -0.130037814 -0.242553785 0.231514692 -0.364987642
 0.584385216 0.678088903 0.734959245 0.772696018 0.696295619
 1.01073945 0.521371901 0.251548409 0.309515834 -0.290251732
 6.02088049E-02 2.40305206E-03 -0.243877500 -0.399762750 -0.328826845
 -0.263851583 -8.56894534E-03 -1.07758725 -1.84073186 -1.00591052
 -0.216232955 -0.614080787 -1.15120268 -0.441030979 -0.535552144
 -0.316493243 -0.200239599 0.501092732 0.200762689 0.629593313
 0.821102798 0.443057626 -6.21707775E-02 -0.100702487 -0.123551533
 -0.652486801 -0.414924562 -9.56423432E-02 -0.272051722 0.357074291
 0.290957510 -0.729529440 -0.299404681 -0.206719682 -0.563750684
 -0.156464741 4.31130975E-02 -4.55942154E-02 -2.01784223E-02 -0.191704527
 0.443185806 0.864400089 0.439073622 -0.469197989 0.152705088
 0.608105838 0.154861778 -1.27895987E-02 -0.140312880 -0.605986297
 -4.17274795E-03 0.620717287 0.101788156 -0.178671330 0.182856321
 3.11329700E-02 0.157751754 -0.419808984 -0.395126551 0.393456787
 0.256456286 -0.376082748 4.04070541E-02 -0.236675113 0.174834982
 0.470736772 0.738236904 0.458056241 -0.562982142 0.366247743
 0.848012507 -0.314016879 0.333056986 0.327051967 0.533514261
 5.32554686E-02 -6.63137734E-02 0.147990182 0.418401778 -0.375392556
 0.457795143 0.494258523 0.894997239 -2.33891681E-02 -0.209176406
 0.166061416 -0.136590928 0.291987091 0.399514377 0.372187078
 -0.506157398 -0.745333374 -0.573200762 5.61747886E-02 0.290192872
 0.283279330 0.344215930 -0.791214705 -4.30216733E-03 0.270662367
 0.749223053 0.863863230 0.881577194 1.23620796 0.793048382
 0.415827096 0.651524842 0.616915345 0.416640520 7.46317580E-02
 -0.104774147 0.231815204 0.532994568 0.408567131 -0.137746587
 -0.333551854 0.794025540 0.960294247 -0.565064907 -0.285157830
 0.126979887 -0.497507989 -5.97243942E-02 0.613547683 2.68019158E-02
 -8.11198130E-02 0.581015408 0.318763733 -0.610213280 -0.218339086
 -0.337736607 -1.22943473 -0.134902269 -3.03873559E-03 -0.921703339
 9.16486885E-03 -0.798664808 5.76974377E-02 -0.184007108 -1.20329380
 -0.936192811 -1.73962414 0.764695525 -0.788884640 -0.511373460
 -0.133420765 -0.165780649 -1.58537161 -1.70466173 -1.65569413
 -1.46192014 9.72782373E-02 -1.07334125 -0.609210849 -0.467525572
 0.312066764 -7.40827769E-02 -0.260641515 0.510466874 1.89796484
 2.11006618 0.141578540 0.168400064 2.59023285 1.69699991
 0.775331557 -1.43205738 -0.388340086 1.34153426 0.192016289
 4.52920161E-02 -1.45042348 -0.290102571 -1.01313949 -1.40727091
 0.617437959 0.395140737 -1.90131044 -2.27000928 0.671361506
 -1.47383857 -2.32101727 -2.19999075 -1.42495012 -3.11262107
 -1.64029074 -1.13048756 -0.442474604 1.00557339 -3.75293083E-02
 -0.742360234 0.469443262 0.906354845 0.584851444 1.60643291
 0.715427220 1.66098082 9.14406106E-02 1.89794624 1.85089469
 0.961782813 -0.684358180 0.170618057 -2.64795637 0.142488331
 -0.853273451 2.12884760 2.28978300 1.81615579 -0.595206976
 -2.47154546 -1.30202711 -1.28772521 1.16934359 0.692463279
 1.42370188 0.545106471 3.03637767 1.35642159 0.848711014
 1.17000413 0.821998894 -9.67216194E-02 4.61165762 -1.44614565
 -2.01521873 5.21937847 3.40243912 0.935750663 0.854907453
 1.71287131 4.05474186 3.45134473 -2.41693926 0.302157581
 6.85753727 3.58759451 -3.00022960 0.552147090 0.948890507
 3.06653810 1.84660876 -0.423390567 0.679169297 -2.64453530
 -4.86470318 2.33944774 5.65166569 -1.46040130 5.37709951
 7.33567572 11.4904051 2.97544360 -1.20587027 4.77924299
 1.87290931 -0.796829939 6.25994444 1.78762436 9.67114925
 0.00000000E+00 0.00000000E+00 0.00000000E+00 0.00000000E+00 0.00000000E+00
 0.00000000E+00 0.00000000E+00 0.00000000E+00 0.00000000E+00 0.00000000E+00
 0.00000000E+00 0.00000000E+00 0.00000000E+00 0.00000000E+00 0.00000000E+00
 0.00000000E+00 0.00000000E+00 0.00000000E+00 0.00000000E+00 0.00000000E+00
 0.00000000E+00 0.00000000E+00 0.00000000E+00 0.00000000E+00 0.00000000E+00
 0.00000000E+00 0.00000000E+00 0.00000000E+00 0.00000000E+00 0.00000000E+00
 0.00000000E+00 0.00000000E+00 0.00000000E+00 0.00000000E+00 0.00000000E+00
 0.00000000E+00 0.00000000E+00 0.00000000E+00 0.00000000E+00 0.00000000E+00
 0.00000000E+00 0.00000000E+00 0.00000000E+00 0.00000000E+00 0.00000000E+00
 0.00000000E+00 0.00000000E+00 0.00000000E+00 0.00000000E+00 0.00000000E+00
 0.00000000E+00 0.00000000E+00 0.00000000E+00 0.00000000E+00 0.00000000E+00
 0.00000000E+00 0.00000000E+00 0.00000000E+00 0.00000000E+00 0.00000000E+00
 0.00000000E+00 0.00000000E+00 0.00000000E+00 0.00000000E+00 0.00000000E+00
 0.00000000E+00 0.00000000E+00 0.00000000E+00 0.00000000E+00 0.00000000E+00
 0.00000000E+00 0.00000000E+00 0.00000000E+00 0.00000000E+00 0.00000000E+00
 0.00000000E+00 0.00000000E+00 0.00000000E+00 0.00000000E+00 0.00000000E+00
 0.00000000E+00 0.00000000E+00 0.00000000E+00 0.00000000E+00 0.00000000E+00
 0.00000000E+00 0.00000000E+00 0.00000000E+00 0.00000000E+00 0.00000000E+00
 %Error
 0.00000000E+00 0.00000000E+00 0.00000000E+00 0.00000000E+00 0.125842616
 0.124688588 0.124440096 0.124032222 0.122703224 0.122706197
 0.121821001 0.121281631 0.120515436 0.120914377 0.120655432
 0.119552299 0.122702412 0.122622311 0.121395990 0.121636771
 0.122038148 0.120870546 0.121028453 0.121137664 0.121196650
 0.120981798 0.119866036 0.118975386 0.118060127 0.117014922
 0.115702093 0.143560126 0.114683494 0.115092218 0.114870116
 0.113767773 0.143100023 0.143607512 0.117477216 0.117575340
 0.118602648 0.117173269 0.117261425 0.116935894 0.117041007
 0.118680134 0.118173748 0.118188992 0.117351815 0.118611582
 0.119888574 0.120807648 0.121791273 0.121438503 0.120834902
 0.120903037 0.119919538 0.119934127 0.120262556 0.119333304
 0.119504109 0.119115561 0.118683502 0.118895181 0.117863297
 0.116701938 0.115551516 0.115624137 0.116156824 0.116556220
 0.117861211 0.118785478 0.117775261 0.118427351 0.116652533
 0.115563966 0.115076512 0.115051135 0.113538012 0.112905189
 0.110652834 0.109649517 0.109340563 0.108731076 0.107705653
 0.107255742 0.107348189 0.106572129 0.105963960 0.106280312
 0.106422603 0.106022358 0.106585681 0.106922202 0.107117429
 0.106750742 0.106380962 0.105445042 0.105581306 0.106271729
 0.104586221 0.103391103 0.103318736 0.103892639 0.102714531
 0.102443390 0.102289937 0.101703465 0.101235069 0.100828066
 0.101398304 0.102775440 0.102965161 0.102041103 0.100278996
 9.89925116E-02 9.87926126E-02 9.95605960E-02 0.100415342 0.100495003
 0.101014890 0.100357018 0.100353383 0.100660391 0.100321032
 0.100369893 9.95345861E-02 9.98235792E-02 9.92403924E-02 9.96013656E-02
 0.101117268 0.101447999 0.102290630 0.102427669 0.103970163
 0.106143102 0.107168637 0.107975319 0.110300295 0.109133162
 0.102108121 9.21949074E-02 9.08924267E-02 9.82138067E-02 0.105339512
 0.107578442 0.107507817 0.107858762 0.107553557 0.107155830
 0.106579930 0.106591195 0.107846223 0.107372284 0.106495127
 0.106694005 0.107309207 0.108286656 0.107965231 0.108926862
 0.108893566 0.109500878 0.108863533 0.107785359 0.107922941
 0.108820677 0.123321623 0.108333491 0.108177364 0.108306020
 0.108578905 0.108825848 0.108233720 0.106787786 0.120539524
 0.104733847 0.105383664 0.105666570 0.106547415 0.106200241
 0.106639244 0.106341146 0.106255211 0.105651781 0.104710847
 0.105246276 0.104755804 0.104503728 0.103570275 0.103168599
 0.104011849 0.103214718 0.102945112 0.103331298 0.102233827
 0.102651738 0.102318093 0.101757355 0.100513674 9.81838703E-02
 9.80714783E-02 9.81823653E-02 9.75792855E-02 9.77423936E-02 9.76813585E-02
 9.77491289E-02 9.69589129E-02 9.71935540E-02 9.92144346E-02 0.100143403
 0.100195535 0.102319054 0.103590593 0.104601532 0.105732851
 0.105792902 0.107977644 0.117536724 0.131070107 0.132448092
 0.122562051 0.114989564 0.115871720 0.117550381 0.116406240
 0.114218600 0.113399632 0.112247057 0.111067832 0.109600566
 0.107742347 0.105733193 0.106300503 0.106164314 0.106218174
 0.106261194 0.105533049 0.105057448 0.122343175 0.104833439
 0.103669778 0.104367256 0.103270158 0.103365876 0.102625459
 0.102104738 0.102649398 0.103263125 0.103373043 0.103067853
 0.102778912 0.102351665 0.102619305 0.102262594 0.101835676
 0.102036938 0.101644814 0.100656390 0.100221552 0.100524738
 0.101826325 0.101630241 0.101512998 0.101505034 0.101217464
 0.100754946 0.100110143 9.97211561E-02 9.97662172E-02 9.93912444E-02
 0.100352041 9.99445543E-02 9.83164608E-02 9.82653350E-02 9.76626426E-02
 9.61960778E-02 9.51654613E-02 9.43221822E-02 9.40685421E-02 9.39219296E-02
 9.34260339E-02 9.35283154E-02 9.35542136E-02 9.38635468E-02 9.39190388E-02
 9.41411555E-02 9.36243758E-02 9.33117718E-02 9.47091654E-02 9.47490707E-02
 9.67719257E-02 9.64911804E-02 9.66705680E-02 9.76154432E-02 9.89926606E-02
 9.98059660E-02 9.96859595E-02 9.97555181E-02 9.93468687E-02 9.86047536E-02
 9.86121744E-02 9.87745374E-02 9.82324108E-02 9.62871313E-02 9.46291834E-02
 9.28109437E-02 9.14699286E-02 9.20602903E-02 9.39672068E-02 9.52818245E-02
 9.46519449E-02 9.40689370E-02 9.35217589E-02 9.35993865E-02 9.27246436E-02
 9.33484137E-02 9.33790356E-02 9.31239799E-02 9.23778266E-02 9.42901969E-02
 9.35108438E-02 9.34318602E-02 0.111894831 9.48088244E-02 9.34594870E-02
 9.28812176E-02 0.108995251 9.40628722E-02 9.44696963E-02 9.53809917E-02
 9.64062214E-02 9.66348648E-02 9.65771526E-02 9.88699347E-02 9.88027230E-02
 9.84676778E-02 9.79167894E-02 9.80075300E-02 9.83139947E-02 9.88809541E-02
 9.89172608E-02 9.82994214E-02 9.87041369E-02 9.85763818E-02 9.82312933E-02
 9.75131989E-02 9.65244621E-02 9.69294459E-02 9.68711302E-02 9.72672999E-02
 9.65311974E-02 9.67738777E-02 9.56795216E-02 9.56342667E-02 9.40694511E-02
 9.39928740E-02 9.47335586E-02 9.48445126E-02 9.54124406E-02 9.49625894E-02
 9.50151905E-02 9.57512483E-02 9.55762416E-02 9.59034860E-02 9.64450091E-02
 9.63115394E-02 9.55157056E-02 9.58557948E-02 9.73325968E-02 9.69604701E-02
 9.70005840E-02 9.77971926E-02 9.71630812E-02 9.77756232E-02 9.97760668E-02
 0.100528248 0.101829939 0.102674797 0.104193516 0.104997329
 0.107056648 0.107169211 0.108696952 0.109179832 0.109090343
 0.108618349 0.109400742 0.110107139 0.110517189 0.110840969
 0.110561073 0.110535465 0.110992566 0.110459059 0.110256135
 0.111194164 0.112201005 0.113969468 0.126357570 0.159157649
 0.228346601 0.340173244 0.407383114 0.337308168 0.247047767
 0.203737050 0.198626593 0.218168318 0.237077817 0.234172240
 0.219780609 0.204744697 0.187252626 0.172217056 0.158215925
 0.148810968 0.141649395 0.134398922 0.129898667 0.126146898
 0.123013474 0.123065561 0.121001631 0.120367914 0.119939029
 0.119415976 0.118846193 0.118771486 0.117111452 0.117792688
 0.118206546 0.118604586 0.118592463 0.119276077 0.120316446
 0.121363975 0.121378213 0.121084690 0.121317863 0.149303496
 0.119973309 0.119135633 0.118954770 0.118934132 0.120493434
 0.118490696 0.118794784 0.119591489 0.137654737 0.119468510
 0.119452737 0.119271196 0.119196825 0.118886180 0.121180005
 0.122375771 0.121683605 0.123150751 0.123270020 0.122655042
 0.122738294 0.123618983 0.123688206 0.123015709 0.123475984
 0.123484738 0.123358801 0.122087277 0.123590313 0.124673963
 0.124601528 0.125152886 0.128165156 0.129865974 0.130077422
 0.130493447 0.130706683 0.129885629 0.129825339 0.129357114
 0.128861800 0.128966168 0.129480213 0.129520699 0.129853114
 0.128737599 0.128526375 0.129278705 0.129016474 0.129645348
 0.129877105 0.130275592 0.130516231 0.130761117 0.131243646
 0.131334767 0.131066009 0.130820513 0.132482365 0.131801948
 0.132896826 0.134536862 0.135836720 0.136020213 0.136244863
 0.136815205 0.136707112 0.136332512 0.134961709 0.134925842
 0.133904397 0.132903755 0.133846030 0.133915171 0.133690819
 0.133835658 0.133473188 0.134463862 0.133939832 0.133110359
 0.134152606 0.134193689 0.134058788 0.133868933 0.134399295
 0.134382799 0.133869648 0.134811595 0.134520009 0.134763926
 0.135574654 0.136409834 0.136493966 0.137161016 0.138124168
 0.139082327 0.138224959 0.137378052 0.138677061 0.139839977
 0.142034069 0.145055696 0.146459654 0.147264481 0.146572545
 0.146541715 0.146728352 0.146854445 0.146108627 0.144988909
 0.145268634 0.144797742 0.143323466 0.143194601 0.145037413
 0.147059634 0.151986822 0.155885413 0.157712370 0.155798241
 0.152122945 0.148109823 0.144103289 0.146206871 0.147392377
 0.147743240 0.147343501 0.146599978 0.148387894 0.150624365
 0.150871575 0.150099516 0.151925176 0.152602881 0.152828842
 0.151939407 0.151516721 0.151226938 0.150455743 0.150560305
 0.150981888 0.150606275 0.149587423 0.148512349 0.149156600
 0.147565752 0.147699162 0.148298979 0.147605196 0.147063270
 0.147644192 0.146001533 0.147116363 0.148161948 0.147512719
 0.149652913 0.149200246 0.151122525 0.150811553 0.149390042
 0.149384171 0.150327310 0.152718276 0.153510720 0.151715666
 0.150316030 0.150516033 0.149464533 0.148402929 0.173135385
 0.148642465 0.148735225 0.148923829 0.147254631 0.146964431
 0.148179889 0.149189845 0.150228590 0.152267069 0.155274227
 0.154772490 0.154910415 0.154814690 0.153077647 0.151268050
 0.151879832 0.152785867 0.154799297 0.155255824 0.158681408
 0.156786352 0.157511622 0.157492861 0.157657534 0.158949375
 0.157577574 0.156303957 0.158455491 0.162128389 0.163505673
 0.164655209 0.162281767 0.160449564 0.161380678 0.161306962
 0.161573961 0.163127080 0.168817937 0.174059018 0.179837674
 0.183299527 0.185014278 0.185234994 0.180892467 0.177681819
 0.176381618 0.174824461 0.175431758 0.177487954 0.177055374
 0.179752097 0.181519479 0.185386226 0.189594418 0.194408938
 0.196542770 0.200210303 0.201327115 0.207975641 0.207040757
 0.204914153 0.201022863 0.196503356 0.195976555 0.195549101
 0.192327902 0.195533574 0.197218806 0.198970526 0.200429216
 0.201385930 0.204172194 0.207116708 0.206719756 0.213077739
 0.220519796 0.230034113 0.239625081 0.246058077 0.251069963
 0.247908950 0.239307597 0.231458664 0.219379902 0.216671214
 0.213374570 0.211641222 0.208848014 0.208673447 0.208482221
 0.208296761 0.208900630 0.209298030 0.212089464 0.211791977
 0.212709427 0.214965671 0.217065379 0.219779670 0.221853882
 0.227479517 0.231350496 0.235385478 0.245953351 0.258992076
 0.269164205 0.275153726 0.279425085 0.276207983 0.264215529
 0.251973301 0.240525603 0.232912555 0.230697006 0.226978719
 0.228122920 0.225370198 0.222723439 0.221846133 0.220823571
 0.222791597 0.221972048 0.220726386 0.220202088 0.223836467
 0.225669682 0.224939197 0.228488207 0.229350358 0.231767535
 0.232738465 0.232166395 0.232570380 0.236874565 0.236465603
 0.237908706 0.242048040 0.257113844 0.270021975 0.268196762
 0.272243351 0.288097620 0.309085071 0.317469180 0.326577753
 0.330738217 0.322125494 0.305896342 0.287490934 0.270495415
 0.264620394 0.257207304 0.254957706 0.254641294 0.252815485
 0.254452795 0.257256985 0.262996972 0.270837903 0.275402427
 0.276769906 0.274784476 0.276701868 0.281046063 0.278151900
 0.281231254 0.284999073 0.282317966 0.276584119 0.275372267
 0.281152725 0.279314458 0.280158550 0.289839417 0.300888509
 0.297697902 0.289297819 0.286635697 0.299210995 0.306860954
 0.310221165 0.304394901 0.300418198 0.307430059 0.315691262
 0.320135087 0.316674590 0.314919472 0.313096285 0.317753911
 0.322707564 0.323433965 0.328264952 0.342576385 0.363738149
 0.383354127 0.400430381 0.415145874 0.422666132 0.425958782
 0.415610701 0.407003462 0.392475456 0.379209280 0.367936820
 0.361145884 0.356211782 0.360884041 0.357008249 0.357136965
 0.371437877 0.379765272 0.381888181 0.381815583 0.390976757
 0.408767402 0.422162652 0.437008917 0.456185490 0.489235431
 0.520486832 0.542581439 0.552788556 0.548370302 0.584518969
 0.653538585 0.709826052 0.656412065 0.592570364 0.614292979
 0.632484436 0.581306100 0.592618048 0.628972828 0.633422554
 0.635970235 0.626823187 0.561409891 0.492805600 0.468023360
 0.479712397 0.496171355 0.510099411 0.524188995 0.525914490
 0.519590199 0.552275538 0.637396455 0.660397410 0.614092946
 0.647836864 0.710768759 0.649046361 0.585956812 0.621627212
 0.685278535 0.679951787 0.627059042 0.590065002 0.598518431
 0.628591299 0.633771420 0.584114552 0.565631926 0.643252313
 0.748463809 0.710390687 0.593306184 0.550407350 0.592038214
 0.688629627 0.761853278 0.742051125 0.698230088 0.687407613
 0.734648585 0.787807882 0.823767364 0.785561085 0.800011098
 0.781506419 0.746589541 0.738872051 0.687291324 0.636263490
 0.631350815 0.729070961 0.663067698 0.699280024 0.688967586
 0.655149639 0.625888348 0.632015407 0.624635875 0.617701173
 0.633374810 0.659627199 0.660297811 0.631397247 0.625601053
 0.647403121 0.648670614 0.652682662 0.645506680 0.609556377
 0.611983895 0.639464378 0.663868666 0.643738210 0.607955575
 0.594027042 0.590076387 0.596663654 0.606016338 0.602171600
 0.606057405 0.617031872 0.607081532 0.607873738 0.620061338
 0.633199811 0.634788096 0.650932193 0.652118564 0.681971073
 0.703926921 0.705312729 0.707367778 0.702268064 0.690579772
 0.722078800 0.715248585 0.705850005 0.683649421 0.693773985
 0.713324308 0.720026851 0.731083989 0.741468668 0.737006664
 0.712941706 0.727553070 0.733752310 0.708787441 0.718244076
 0.709928572 0.730925441 0.735803306 0.732860029 0.730643511
 0.727293611 0.740308225 0.734510064 0.742554069 0.827011466
 0.829566061 0.752069950 0.741984963 0.754652083 0.749028862
 0.756503761 0.749234259 0.755360186 0.762785852 0.766207576
 0.744006097 0.753315568 0.771469474 0.744570553 0.756682396
 0.763325274 0.765596747 0.777633250 0.799270272 0.809933424
 0.786137402 0.813409567 0.805180550 0.804562092 0.807595730
 1.06914675 0.840067327 0.850917757 0.842063904 0.837759793
 0.869985759 0.874381125 0.873676240 0.898210704 0.903963089
 0.930462778 0.922867000 0.945301712 0.978188515 0.977298319
 1.00816631 1.03356493 1.05077732 1.07135594 1.12549376
 1.17064953 1.18724060 1.23954606 1.32270348 1.31690478
 1.38032043 1.34085083 1.28233480 1.30177677 1.30974114
 1.36886382 1.38650584 1.30902743 1.40770161 1.36533332
 1.42485166 1.47159874 1.46903300 1.42519259 1.48851681
 1.51642990 1.49224603 1.56752396 1.61417127 1.63560176
 1.59251130 1.58892977 1.65129828 1.85468960 1.76087117
 1.65494752 1.84323215 1.64647377 1.70485651 1.78753543
 1.72472203 1.74895859 1.76711702 1.79308975 1.81792474
 1.99199212 2.04857945 2.11161304 2.26141715 2.10558367
 2.30967450 2.27307796 2.25126052 2.52001524 2.31614923
 2.21865106 2.52079964 2.34809375 2.24005842 2.43753076
 2.64723349 2.60514641 2.66485548 2.49634099 2.64470339
 2.66711974 2.55191541 2.58570504 2.62583971 2.57927251
 2.94711804 2.66415858 2.86401296 2.93564749 3.02882862
 3.09750199 3.25798583 3.15430284 3.21782613 3.66579580
 3.72947741 3.61281180 3.73881507 3.75588012 3.13282537
 3.84435463 3.81808138 3.81990552 3.79399252 5.21145916
 4.22763729 3.91011024 4.29034662 4.26595592 3.98721504
 3.95075226 4.53081751 4.62890625 4.28486681 3.98379636
 6.12524557 5.60988188 4.44154501 4.76498175 4.85005093
 0.00000000E+00 0.00000000E+00 0.00000000E+00 0.00000000E+00 0.00000000E+00
 0.00000000E+00 0.00000000E+00 0.00000000E+00 0.00000000E+00 0.00000000E+00
 0.00000000E+00 0.00000000E+00 0.00000000E+00 0.00000000E+00 0.00000000E+00
 0.00000000E+00 0.00000000E+00 0.00000000E+00 0.00000000E+00 0.00000000E+00
 0.00000000E+00 0.00000000E+00 0.00000000E+00 0.00000000E+00 0.00000000E+00
 0.00000000E+00 0.00000000E+00 0.00000000E+00 0.00000000E+00 0.00000000E+00
 0.00000000E+00 0.00000000E+00 0.00000000E+00 0.00000000E+00 0.00000000E+00
 0.00000000E+00 0.00000000E+00 0.00000000E+00 0.00000000E+00 0.00000000E+00
 0.00000000E+00 0.00000000E+00 0.00000000E+00 0.00000000E+00 0.00000000E+00
 0.00000000E+00 0.00000000E+00 0.00000000E+00 0.00000000E+00 0.00000000E+00
 0.00000000E+00 0.00000000E+00 0.00000000E+00 0.00000000E+00 0.00000000E+00
 0.00000000E+00 0.00000000E+00 0.00000000E+00 0.00000000E+00 0.00000000E+00
 0.00000000E+00 0.00000000E+00 0.00000000E+00 0.00000000E+00 0.00000000E+00
 0.00000000E+00 0.00000000E+00 0.00000000E+00 0.00000000E+00 0.00000000E+00
 0.00000000E+00 0.00000000E+00 0.00000000E+00 0.00000000E+00 0.00000000E+00
 0.00000000E+00 0.00000000E+00 0.00000000E+00 0.00000000E+00 0.00000000E+00
 0.00000000E+00 0.00000000E+00 0.00000000E+00 0.00000000E+00 0.00000000E+00
 0.00000000E+00 0.00000000E+00 0.00000000E+00 0.00000000E+00 0.00000000E+00
