 *****************************************
 INPUT FITS file = hpolret_bet-cmi_19910422_hw.fits                                                
 OUTPUT LISTING file = hpolret_bet-cmi_19910422_hw.lis                                                 
 *****************************************
 SIMPLE  =                    T / file does conform to FITS standard             
 BITPIX  =                  -32 / number of bits per data pixel                  
 NAXIS   =                    1 / number of data axes                            
 NAXIS1  =                 1024 / length of data axis 1                          
 EXTEND  =                    T / FITS dataset may contain extensions            
 COMMENT   FITS (Flexible Image Transport System) format is defined in 'Astronomy
 COMMENT   and Astrophysics', volume 376, page 359; bibcode: 2001A&A...376..359H 
 CRVAL1  =              2850.00 / Wavelength in Angstroms of first pixel         
 CDELT1  =                 6.00 / Number of Angstroms/pixel                      
 CRPIX1  =                 1.00 / Starting pixel number                          
 CTYPE1  = 'WAVELENGTH'         / Wavelength in Angstroms                        
 CUNIT1  = 'angstrom'           / Unit of Wavelength                             
 BUNIT   = 'ERGS/CM**2/SEC/A'   / Unit of Flux (FLAMBDA)                         
 FILENAME= 'hpolret_bet-cmi_19910422_hw.fits' / FITS file name                   
 ORIGIN  = 'UW-Space Astronomy Lab' / Creator of FITS file                       
 DATE    = '2005-07-12T14:26:46' / FITS file creation date                       
 DATE_OBS= '1991-04-22'         / UT Date of Observation ccyy-mm-dd              
 MJD_OBS =             48368.09 / [days] MJD at start of obs (JD-2,400,000.05)   
 TIME_OBS=               2.1258 / [hours] UT time at start of obs                
 OBSERVAT= 'PBO     '           / Pine Bluff Observatory                         
 TELESCOP= '36-inch '           / Telescope                                      
 INSTRUME= 'SPECTROPOLARIMETER' / Instrument Used                                
 MODE    = 'HPOL    '           / Halfwave Polarimeter Mode                      
 DETECTOR= 'Reticon '           / Detector                                       
 OBJECT  = 'Bet-CMi '           / Object Observed                                
 NAME2   = 'HD58715 '           / Alternate Object Name                          
 ID      = '2275    '           / WUPPE ID number for Object                     
 TYPE    = 'Be      '           / Type of Object                                 
 SPTYPE  = 'B8Ve    '           / Spectral Type                                  
 VMAG    =                  2.9 / V magnitude                                    
 EQUINOX =               2000.0 / Equinox for coordinates                        
 RA      = '0727091 '           / Right Ascension in hhmmsss                     
 DEC     = '+081723 '           / Declination in sddmmss                         
 EXPOSURE=              3277.00 / Useful Exposure Time (seconds)                 
 HVPS    =                 4.40 / High Voltage Power Supply (volts)              
 THERM   =               -34.00 / Detector temperature (Centigrade)              
 POSANGLE=                90.00 / Observatory Position Angle (Degrees)           
 SLIT    =                    4 / Slit Number of Entrance Aperture               
 DECKER  =                    6 / Decker Number of Entrance Aperture             
 COMMENT Note: The most commonly used slit/decker combination                    
 COMMENT is  slit=4, decker=6 (12" x 12").                                       
 COMMENT Slit Widths for this HPOL system are:                                   
 COMMENT 1: 1.5", 2: 3.0", 3: 6.0", 4: 12.0", 5: 50.0", 0: unknown               
 COMMENT The decker controls the length of the slit being used.                  
 COMMENT Deckers for this HPOL system are:                                       
 COMMENT 1: Occulting 25" with central 6" obscured                               
 COMMENT 2: Occulting 50" with central 12" obscured                              
 COMMENT 3: 1.5", 4: 3.0", 5: 6.0", 6: 12.0", 7: 25.0"                           
 COMMENT 8: 50.0", 9: 100.0", 0: unknown                                         
 OBSERVER= 'ksb     '           / Observer of the Data                           
 REDUCER = 'ksb     '           / Reducer of the Data                            
 DATASTAT= 'OK      '           / Data Status (DG=Degraded)                      
 REDCOMME= '        '           / Data reduction comments                        
 COMMENT Useful data generally are from 3180A-7700A with a spectral              
 COMMENT resolution of 25A.                                                      
 COMMENT HPOL reticon flux calibration has a relative flux accuracy              
 COMMENT of 0.05 magnitudes for the 12"/12" slit/decker combination.             
 COMMENT Fluxes are not absolute due to non-photometric skies.                   
 Fluxes
 0.00000000E+00 0.00000000E+00 0.00000000E+00 0.00000000E+00 0.00000000E+00
 0.00000000E+00 0.00000000E+00 0.00000000E+00 0.00000000E+00 0.00000000E+00
 0.00000000E+00 0.00000000E+00 0.00000000E+00 0.00000000E+00 0.00000000E+00
 0.00000000E+00 0.00000000E+00 0.00000000E+00 0.00000000E+00 0.00000000E+00
 0.00000000E+00 0.00000000E+00 0.00000000E+00 0.00000000E+00 0.00000000E+00
 0.00000000E+00 0.00000000E+00 0.00000000E+00 0.00000000E+00 0.00000000E+00
 0.00000000E+00 0.00000000E+00 0.00000000E+00 0.00000000E+00 0.00000000E+00
 0.00000000E+00 0.00000000E+00 0.00000000E+00 0.00000000E+00 0.00000000E+00
 0.00000000E+00 0.00000000E+00 0.00000000E+00 0.00000000E+00 0.00000000E+00
 0.00000000E+00 0.00000000E+00 0.00000000E+00 0.00000000E+00 0.00000000E+00
 0.00000000E+00 0.00000000E+00 0.00000000E+00 0.00000000E+00 0.00000000E+00
 0.00000000E+00 0.00000000E+00 0.00000000E+00 0.00000000E+00 0.00000000E+00
 0.00000000E+00 0.00000000E+00 6.41557696E-10 6.26629637E-10 6.12980333E-10
 6.04385653E-10 5.97102978E-10 5.86057036E-10 5.76390602E-10 5.72036918E-10
 5.66587333E-10 5.57353719E-10 5.50236079E-10 5.46133805E-10 5.40185952E-10
 5.32683564E-10 5.27533572E-10 5.24742638E-10 5.21508725E-10 5.16988397E-10
 5.12828890E-10 5.09257136E-10 5.04301878E-10 4.98144359E-10 4.92869856E-10
 4.88853180E-10 4.85641360E-10 4.82406226E-10 4.77942297E-10 4.73738326E-10
 4.71181705E-10 4.68729222E-10 4.66350847E-10 4.64255939E-10 4.60847249E-10
 4.56360810E-10 4.52928750E-10 4.51221505E-10 4.50646076E-10 4.50229992E-10
 4.48680842E-10 4.45937565E-10 4.43391657E-10 4.41543357E-10 4.39514147E-10
 4.37108988E-10 4.35228881E-10 4.33449748E-10 4.30114250E-10 4.25802255E-10
 4.22796825E-10 4.20943252E-10 4.18454299E-10 4.15608548E-10 4.13256096E-10
 4.10786793E-10 4.07863493E-10 4.04954209E-10 4.02321954E-10 3.99959538E-10
 3.97573502E-10 3.94527772E-10 3.90703692E-10 3.86859184E-10 3.84134058E-10
 3.82872428E-10 3.81236653E-10 3.77483822E-10 3.73453352E-10 3.71227576E-10
 3.69414721E-10 3.67086528E-10 3.65528663E-10 3.63994695E-10 3.61622204E-10
 3.60356134E-10 3.60879965E-10 3.61918023E-10 3.63552660E-10 3.66709441E-10
 3.71625952E-10 3.78695325E-10 3.88423821E-10 4.00324940E-10 4.13683227E-10
 4.29459690E-10 4.48170390E-10 4.66211514E-10 4.82345219E-10 5.00223585E-10
 5.15816778E-10 5.24102650E-10 5.39716938E-10 5.70306913E-10 5.94549909E-10
 5.93377236E-10 5.83125548E-10 5.96663496E-10 6.40144049E-10 6.83401224E-10
 6.89845292E-10 6.55587973E-10 6.12045192E-10 6.01114936E-10 6.37329134E-10
 6.95563218E-10 7.44459328E-10 7.71025299E-10 7.71787800E-10 7.43463791E-10
 6.87629342E-10 6.29495844E-10 6.11288187E-10 6.46906750E-10 7.07407577E-10
 7.58921925E-10 7.87222731E-10 7.97421740E-10 7.98778377E-10 7.93853649E-10
 7.83456744E-10 7.67818642E-10 7.41794015E-10 6.95660196E-10 6.31644792E-10
 5.79583548E-10 5.72070669E-10 6.09318818E-10 6.59641286E-10 6.96241786E-10
 7.13490433E-10 7.18566207E-10 7.19723559E-10 7.18514637E-10 7.13902715E-10
 7.08884340E-10 7.07418402E-10 7.07913839E-10 7.06675551E-10 7.02987279E-10
 6.97508717E-10 6.91551649E-10 6.83737233E-10 6.71043443E-10 6.50987653E-10
 6.16097062E-10 5.62546509E-10 5.10977427E-10 4.94336239E-10 5.22814569E-10
 5.70244130E-10 6.07278450E-10 6.27314922E-10 6.37176700E-10 6.42790265E-10
 6.46538656E-10 6.48918641E-10 6.50257126E-10 6.49617415E-10 6.46957987E-10
 6.44303944E-10 6.41887710E-10 6.39376163E-10 6.37479958E-10 6.35683006E-10
 6.33343600E-10 6.31377950E-10 6.30201114E-10 6.28748498E-10 6.26554530E-10
 6.24322150E-10 6.21979190E-10 6.18787521E-10 6.15194617E-10 6.11602324E-10
 6.07362216E-10 6.03242789E-10 6.00531347E-10 5.98769534E-10 5.97503935E-10
 5.95671013E-10 5.91483085E-10 5.84809534E-10 5.75377246E-10 5.61635738E-10
 5.39276235E-10 5.02000108E-10 4.56426147E-10 4.27301444E-10 4.34907915E-10
 4.69528416E-10 5.06220454E-10 5.31653832E-10 5.46267476E-10 5.53311064E-10
 5.54564117E-10 5.53361024E-10 5.53446122E-10 5.54598645E-10 5.54502388E-10
 5.53211144E-10 5.51618307E-10 5.49192303E-10 5.46801326E-10 5.45325562E-10
 5.43072975E-10 5.40088585E-10 5.37767164E-10 5.34578937E-10 5.29424449E-10
 5.23454446E-10 5.18415255E-10 5.16298448E-10 5.16489684E-10 5.16205745E-10
 5.15391119E-10 5.13893150E-10 5.10474329E-10 5.06841014E-10 5.04264852E-10
 5.01646891E-10 4.99428165E-10 4.97030472E-10 4.93200092E-10 4.89553453E-10
 4.87115737E-10 4.84380147E-10 4.81284179E-10 4.78335926E-10 4.75502360E-10
 4.72751893E-10 4.69328576E-10 4.65693095E-10 4.63344779E-10 4.61719968E-10
 4.60373489E-10 4.59022292E-10 4.57238220E-10 4.55685045E-10 4.54699278E-10
 4.53928617E-10 4.53090371E-10 4.52167775E-10 4.51430809E-10 4.50470272E-10
 4.48657028E-10 4.46482157E-10 4.44689369E-10 4.43119041E-10 4.41181869E-10
 4.39045716E-10 4.37339331E-10 4.35708636E-10 4.33720143E-10 4.31456232E-10
 4.28747093E-10 4.26021801E-10 4.23610452E-10 4.21501251E-10 4.19748625E-10
 4.17755164E-10 4.15360552E-10 4.13495682E-10 4.12093720E-10 4.10066314E-10
 4.07733125E-10 4.06066292E-10 4.04465433E-10 4.01867567E-10 3.98468536E-10
 3.93739569E-10 3.86504717E-10 3.75707049E-10 3.58825997E-10 3.35600492E-10
 3.13625070E-10 3.03858466E-10 3.11478926E-10 3.30600741E-10 3.50073609E-10
 3.62756658E-10 3.69437841E-10 3.72867626E-10 3.74608983E-10 3.74960368E-10
 3.73821168E-10 3.72518016E-10 3.71365522E-10 3.69953512E-10 3.68690800E-10
 3.67118141E-10 3.65328379E-10 3.63820585E-10 3.62250452E-10 3.60929814E-10
 3.59690583E-10 3.58047786E-10 3.56349145E-10 3.54413082E-10 3.51974838E-10
 3.49402812E-10 3.47397944E-10 3.45749013E-10 3.43621603E-10 3.41230433E-10
 3.38854611E-10 3.36697836E-10 3.35122957E-10 3.33766403E-10 3.32600836E-10
 3.31819905E-10 3.30890065E-10 3.30048988E-10 3.29377303E-10 3.28293476E-10
 3.27479016E-10 3.26997956E-10 3.26235372E-10 3.25275334E-10 3.24398119E-10
 3.23717608E-10 3.23058275E-10 3.22165572E-10 3.21158072E-10 3.20022397E-10
 3.18937432E-10 3.18266663E-10 3.17785659E-10 3.16995902E-10 3.15868054E-10
 3.14615611E-10 3.13275211E-10 3.12056936E-10 3.10694082E-10 3.08976372E-10
 3.07394304E-10 3.06006831E-10 3.05090009E-10 3.04666598E-10 3.03649356E-10
 3.02045000E-10 3.00507591E-10 2.99029773E-10 2.97822544E-10 2.96936142E-10
 2.96223018E-10 2.95274805E-10 2.93941760E-10 2.92915914E-10 2.92143421E-10
 2.91386720E-10 2.90700519E-10 2.89728741E-10 2.88565921E-10 2.87406154E-10
 2.86460744E-10 2.86132090E-10 2.86080742E-10 2.85994978E-10 2.85769602E-10
 2.85687057E-10 2.85703544E-10 2.85094698E-10 2.83685436E-10 2.81731971E-10
 2.79246459E-10 2.76375006E-10 2.73851608E-10 2.72403572E-10 2.71568684E-10
 2.70613254E-10 2.69199635E-10 2.67450395E-10 2.66192096E-10 2.65520023E-10
 2.64459482E-10 2.62965205E-10 2.61630412E-10 2.60421074E-10 2.59050587E-10
 2.57829785E-10 2.57043220E-10 2.56589083E-10 2.56492577E-10 2.56227650E-10
 2.55678784E-10 2.55644395E-10 2.55484328E-10 2.54652827E-10 2.54009397E-10
 2.53637805E-10 2.53187554E-10 2.52935950E-10 2.52736027E-10 2.52344978E-10
 2.51853677E-10 2.50941767E-10 2.49445520E-10 2.47748155E-10 2.46234838E-10
 2.45054838E-10 2.43853132E-10 2.42499576E-10 2.41141801E-10 2.39639530E-10
 2.38353504E-10 2.37276976E-10 2.36245412E-10 2.35703457E-10 2.35379244E-10
 2.34772923E-10 2.33963876E-10 2.33220859E-10 2.32313169E-10 2.30850353E-10
 2.29655822E-10 2.28816244E-10 2.27885169E-10 2.27005872E-10 2.26064514E-10
 2.25427510E-10 2.25173574E-10 2.24780236E-10 2.24156943E-10 2.23245825E-10
 2.22628915E-10 2.22467406E-10 2.22127705E-10 2.21729593E-10 2.21398358E-10
 2.20751542E-10 2.20250596E-10 2.20258881E-10 2.20090668E-10 2.19844490E-10
 2.19851887E-10 2.19776794E-10 2.19528784E-10 2.19095256E-10 2.18668333E-10
 2.18467175E-10 2.18138077E-10 2.17337051E-10 2.16018370E-10 2.14582879E-10
 2.13350532E-10 2.12377727E-10 2.11534068E-10 2.10482423E-10 2.09611245E-10
 2.08805265E-10 2.07611886E-10 2.06827888E-10 2.06443737E-10 2.05617259E-10
 2.04311637E-10 2.03032618E-10 2.01998501E-10 2.01203124E-10 2.00667968E-10
 2.00382627E-10 2.00241490E-10 2.00069808E-10 1.99600822E-10 1.99118416E-10
 1.98625560E-10 1.97666536E-10 1.96976435E-10 1.96932803E-10 1.96787558E-10
 1.96378552E-10 1.95988906E-10 1.95572336E-10 1.95151700E-10 1.94801647E-10
 1.94501804E-10 1.94145491E-10 1.93665028E-10 1.93281724E-10 1.93197930E-10
 1.93182359E-10 1.93287775E-10 1.93682737E-10 1.93899827E-10 1.93700680E-10
 1.93274577E-10 1.92797875E-10 1.92349914E-10 1.91988453E-10 1.91589355E-10
 1.91062596E-10 1.90542040E-10 1.90060676E-10 1.89926200E-10 1.89831650E-10
 1.89064681E-10 1.88407664E-10 1.88091084E-10 1.87522983E-10 1.86767324E-10
 1.85898727E-10 1.84921439E-10 1.83973267E-10 1.83182275E-10 1.82496698E-10
 1.81524878E-10 1.80456053E-10 1.79552775E-10 1.78304649E-10 1.76586051E-10
 1.74296508E-10 1.71486172E-10 1.69640843E-10 1.69576700E-10 1.70027312E-10
 1.70277362E-10 1.70219006E-10 1.69947736E-10 1.69972050E-10 1.70043202E-10
 1.69716824E-10 1.69267780E-10 1.68834544E-10 1.68713099E-10 1.68957903E-10
 1.68709643E-10 1.68041095E-10 1.67593772E-10 1.67509229E-10 1.67578715E-10
 1.67409447E-10 1.67077213E-10 1.66928152E-10 1.66945957E-10 1.66931621E-10
 1.66685943E-10 1.66404043E-10 1.65976233E-10 1.65258252E-10 1.64531791E-10
 1.63802638E-10 1.63050365E-10 1.62166780E-10 1.61067951E-10 1.60276903E-10
 1.59888547E-10 1.59401964E-10 1.59197239E-10 1.59298172E-10 1.58896618E-10
 1.58042635E-10 1.56905905E-10 1.55679705E-10 1.54829344E-10 1.53712904E-10
 1.52092255E-10 1.51940349E-10 1.56573907E-10 1.64783520E-10 1.67149239E-10
 1.60318966E-10 1.52919788E-10 1.50181478E-10 1.50245399E-10 1.50724003E-10
 1.50672225E-10 1.50669408E-10 1.50577106E-10 1.50029267E-10 1.49738333E-10
 1.49439738E-10 1.48875079E-10 1.48241586E-10 1.47686322E-10 1.47465498E-10
 1.47060447E-10 1.46300611E-10 1.45590887E-10 1.44819490E-10 1.44400505E-10
 1.44317794E-10 1.44013704E-10 1.43625778E-10 1.43133047E-10 1.42569692E-10
 1.42292386E-10 1.41977805E-10 1.41219883E-10 1.40564102E-10 1.40214701E-10
 1.39611461E-10 1.39048939E-10 1.38673115E-10 1.38005884E-10 1.37355627E-10
 1.36933284E-10 1.36388040E-10 1.35787659E-10 1.35385023E-10 1.35074521E-10
 1.34636580E-10 1.34163486E-10 1.33842964E-10 1.33429906E-10 1.32520300E-10
 1.31358091E-10 1.30016331E-10 1.27346717E-10 1.21221880E-10 1.12465287E-10
 1.06859632E-10 1.07296713E-10 1.09561735E-10 1.10554350E-10 1.11715096E-10
 1.13954748E-10 1.16270792E-10 1.18103138E-10 1.19338872E-10 1.20021354E-10
 1.20305141E-10 1.20398094E-10 1.20497265E-10 1.20933902E-10 1.21617397E-10
 1.22287500E-10 1.23028948E-10 1.23140373E-10 1.22409125E-10 1.21458399E-10
 1.20429430E-10 1.19859220E-10 1.19774579E-10 1.19648749E-10 1.19566579E-10
 1.19405624E-10 1.19295310E-10 1.19269872E-10 1.19134494E-10 1.18966809E-10
 1.18597937E-10 1.18355770E-10 1.18369731E-10 1.18163257E-10 1.17990104E-10
 1.17889323E-10 1.17782173E-10 1.17614640E-10 1.17192922E-10 1.16639975E-10
 1.16052425E-10 1.15710642E-10 1.15399496E-10 1.14853051E-10 1.14276921E-10
 1.13398776E-10 1.12498379E-10 1.11456733E-10 1.09314571E-10 1.06335864E-10
 1.03077866E-10 1.00061029E-10 9.81694309E-11 9.74021905E-11 9.73355424E-11
 9.83116158E-11 1.00360081E-10 1.02545333E-10 1.03610363E-10 1.02742592E-10
 1.00501739E-10 9.84763174E-11 9.77414885E-11 9.78086084E-11 9.80734452E-11
 9.83655865E-11 9.81900880E-11 9.78909939E-11 9.81195680E-11 9.85182283E-11
 9.85899348E-11 9.85887275E-11 9.89548651E-11 9.95235283E-11 1.00231441E-10
 1.01303778E-10 1.02288886E-10 1.02748955E-10 1.02879046E-10 1.02888954E-10
 1.02702874E-10 1.02433353E-10 1.02385794E-10 1.02238128E-10 1.02010449E-10
 1.02065696E-10 1.02131782E-10 1.02229572E-10 1.02357914E-10 1.02194073E-10
 1.02059798E-10 1.01887228E-10 1.01483079E-10 1.01263289E-10 1.01041904E-10
 1.00688215E-10 1.00421192E-10 1.00125942E-10 1.00012353E-10 9.98725963E-11
 9.94889032E-11 9.92150945E-11 9.88911869E-11 9.86398185E-11 9.85162646E-11
 9.82175036E-11 9.79941545E-11 9.76879411E-11 9.71334957E-11 9.66785541E-11
 9.63872315E-11 9.61784541E-11 9.57217361E-11 9.51571669E-11 9.47507767E-11
 9.40788211E-11 9.32596708E-11 9.23105550E-11 9.01620167E-11 8.55162954E-11
 7.66520805E-11 6.38012629E-11 5.08473853E-11 4.25781771E-11 4.10425721E-11
 4.38070864E-11 4.63485257E-11 4.72352608E-11 4.84158373E-11 5.16672885E-11
 5.69372258E-11 6.27959768E-11 6.85589710E-11 7.38231420E-11 7.81133630E-11
 8.16436294E-11 8.44110337E-11 8.64090952E-11 8.76192105E-11 8.83704776E-11
 8.91174495E-11 8.95344424E-11 8.96804020E-11 9.00646710E-11 9.03475975E-11
 9.01232353E-11 8.98458460E-11 8.97636410E-11 8.96150931E-11 8.94785496E-11
 8.94786745E-11 8.93939991E-11 8.91116070E-11 8.88034507E-11 8.81118373E-11
 0.00000000E+00 0.00000000E+00 0.00000000E+00 0.00000000E+00 0.00000000E+00
 0.00000000E+00 0.00000000E+00 0.00000000E+00 0.00000000E+00 0.00000000E+00
 0.00000000E+00 0.00000000E+00 0.00000000E+00 0.00000000E+00 0.00000000E+00
 0.00000000E+00 0.00000000E+00 0.00000000E+00 0.00000000E+00 0.00000000E+00
 0.00000000E+00 0.00000000E+00 0.00000000E+00 0.00000000E+00 0.00000000E+00
 0.00000000E+00 0.00000000E+00 0.00000000E+00 0.00000000E+00 0.00000000E+00
 0.00000000E+00 0.00000000E+00 0.00000000E+00 0.00000000E+00 0.00000000E+00
 0.00000000E+00 0.00000000E+00 0.00000000E+00 0.00000000E+00 0.00000000E+00
 0.00000000E+00 0.00000000E+00 0.00000000E+00 0.00000000E+00 0.00000000E+00
 0.00000000E+00 0.00000000E+00 0.00000000E+00 0.00000000E+00 0.00000000E+00
 0.00000000E+00 0.00000000E+00 0.00000000E+00 0.00000000E+00 0.00000000E+00
 0.00000000E+00 0.00000000E+00 0.00000000E+00 0.00000000E+00 0.00000000E+00
 0.00000000E+00 0.00000000E+00 0.00000000E+00 0.00000000E+00 0.00000000E+00
 0.00000000E+00 0.00000000E+00 0.00000000E+00 0.00000000E+00 0.00000000E+00
 0.00000000E+00 0.00000000E+00 0.00000000E+00 0.00000000E+00 0.00000000E+00
 0.00000000E+00 0.00000000E+00 0.00000000E+00 0.00000000E+00 0.00000000E+00
 0.00000000E+00 0.00000000E+00 0.00000000E+00 0.00000000E+00 0.00000000E+00
 0.00000000E+00 0.00000000E+00 0.00000000E+00 0.00000000E+00 0.00000000E+00
 0.00000000E+00 0.00000000E+00 0.00000000E+00 0.00000000E+00 0.00000000E+00
 0.00000000E+00 0.00000000E+00 0.00000000E+00 0.00000000E+00 0.00000000E+00
 0.00000000E+00 0.00000000E+00 0.00000000E+00 0.00000000E+00 0.00000000E+00
 0.00000000E+00 0.00000000E+00 0.00000000E+00 0.00000000E+00 0.00000000E+00
 0.00000000E+00 0.00000000E+00 0.00000000E+00 0.00000000E+00 0.00000000E+00
 0.00000000E+00 0.00000000E+00 0.00000000E+00 0.00000000E+00 0.00000000E+00
 0.00000000E+00 0.00000000E+00 0.00000000E+00 0.00000000E+00 0.00000000E+00
 0.00000000E+00 0.00000000E+00 0.00000000E+00 0.00000000E+00 0.00000000E+00
 0.00000000E+00 0.00000000E+00 0.00000000E+00 0.00000000E+00 0.00000000E+00
 0.00000000E+00 0.00000000E+00 0.00000000E+00 0.00000000E+00 0.00000000E+00
 0.00000000E+00 0.00000000E+00 0.00000000E+00 0.00000000E+00 0.00000000E+00
 0.00000000E+00 0.00000000E+00 0.00000000E+00 0.00000000E+00 0.00000000E+00
 0.00000000E+00 0.00000000E+00 0.00000000E+00 0.00000000E+00 0.00000000E+00
 0.00000000E+00 0.00000000E+00 0.00000000E+00 0.00000000E+00 0.00000000E+00
 0.00000000E+00 0.00000000E+00 0.00000000E+00 0.00000000E+00 0.00000000E+00
 0.00000000E+00 0.00000000E+00 0.00000000E+00 0.00000000E+00 0.00000000E+00
 0.00000000E+00 0.00000000E+00 0.00000000E+00 0.00000000E+00 0.00000000E+00
 0.00000000E+00 0.00000000E+00 0.00000000E+00 0.00000000E+00 0.00000000E+00
 0.00000000E+00 0.00000000E+00 0.00000000E+00 0.00000000E+00 0.00000000E+00
 0.00000000E+00 0.00000000E+00 0.00000000E+00 0.00000000E+00 0.00000000E+00
 0.00000000E+00 0.00000000E+00 0.00000000E+00 0.00000000E+00 0.00000000E+00
 0.00000000E+00 0.00000000E+00 0.00000000E+00 0.00000000E+00
 *************************
 XTENSION= 'BINTABLE'           / binary table extension                         
 BITPIX  =                    8 / 8-bit bytes                                    
 NAXIS   =                    2 / 2-dimensional binary table                     
 NAXIS1  =                16384 / width of table in bytes                        
 NAXIS2  =                    1 / number of rows in table                        
 PCOUNT  =                    0 / size of special data area                      
 GCOUNT  =                    1 / one data group (required keyword)              
 TFIELDS =                    4 / number of fields in each row                   
 TTYPE1  = 'WAVELENGTH'         / label for field   1                            
 TFORM1  = '1024E   '           / data format of field: 4-byte REAL              
 TUNIT1  = 'ANGSTROM'           / physical unit of field                         
 TTYPE2  = 'Q       '           / label for field   2                            
 TFORM2  = '1024E   '           / data format of field: 4-byte REAL              
 TUNIT2  = 'PERCENT '           / physical unit of field                         
 TTYPE3  = 'U       '           / label for field   3                            
 TFORM3  = '1024E   '           / data format of field: 4-byte REAL              
 TUNIT3  = 'PERCENT '           / physical unit of field                         
 TTYPE4  = 'ERROR   '           / label for field   4                            
 TFORM4  = '1024E   '           / data format of field: 4-byte REAL              
 TUNIT4  = 'PERCENT '           / physical unit of field                         
 EXTNAME = 'POLARIMETRY'        / name of this binary table extension            
 CALIBRAT= 'pbo2c5  '           / Instrumental polarization calibration used     
 AVE-POL =                0.060 / Mean %Pol over entire wavelength region        
 AVE-ERRO=                0.002 / Mean %Error in %Pol                            
 AVE-PA  =                42.23 / Mean Position Angle (degrees)                  
 U-POL   =                0.050 / Synthetic U Filter %Polarization               
 U-ERR   =                0.010 / Synthetic U Filter %Error                      
 U-PA    =                50.36 / Synthetic U Filter Position Angle (Deg)        
 B-POL   =                0.052 / Synthetic B Filter %Polarization               
 B-ERR   =                0.002 / Synthetic B Filter %Error                      
 B-PA    =                40.02 / Synthetic B Filter Position Angle (Deg)        
 V-POL   =                0.065 / Synthetic V Filter %Polarization               
 V-ERR   =                0.002 / Synthetic V Filter %Error                      
 V-PA    =                45.77 / Synthetic V Filter Position Angle (Deg)        
 R-POL   =                0.058 / Synthetic R Filter %Polarization               
 R-ERR   =                0.003 / Synthetic R Filter %Error                      
 R-PA    =                44.46 / Synthetic R Filter Position Angle (Deg)        
 COMMENT The errors given in the error array are the statistical errors          
 COMMENT based on the residuals of the least squared fit to the four             
 COMMENT filter-pair polarimetric data (see section 2.3 of Wolff,                
 COMMENT Nordsieck & Nook 1996 AJ 111, 856).                                     
 COMMENT The instrumental polarization zero-point stability of the HPOL          
 COMMENT reticon is +/- 0.004% (rms) for data taken on September 28, 1989        
 COMMENT and later and +/-0.08% (rms) pre-September 28, 1989.                    
 COMMENT The polarization efficiency is Pol(%)/100.                              
 COMMENT HPOL reticon instrumental polarization has been removed.                
 COMMENT ***IMPORTANT NOTE***                                                    
 COMMENT **The ERROR array is also being used as a QUALITY array.                
 COMMENT **For bad/contaminated data, the errors have been set to zero           
 COMMENT **but the %Q & %U arrays for those wavelengths remain unchanged         
 COMMENT **to allow inspection of the bad data.                                  
 *************************
 Wavelengths (Angstroms)
 2850.00000 2856.00000 2862.00000 2868.00000 2874.00000
 2880.00000 2886.00000 2892.00000 2898.00000 2904.00000
 2910.00000 2916.00000 2922.00000 2928.00000 2934.00000
 2940.00000 2946.00000 2952.00000 2958.00000 2964.00000
 2970.00000 2976.00000 2982.00000 2988.00000 2994.00000
 3000.00000 3006.00000 3012.00000 3018.00000 3024.00000
 3030.00000 3036.00000 3042.00000 3048.00000 3054.00000
 3060.00000 3066.00000 3072.00000 3078.00000 3084.00000
 3090.00000 3096.00000 3102.00000 3108.00000 3114.00000
 3120.00000 3126.00000 3132.00000 3138.00000 3144.00000
 3150.00000 3156.00000 3162.00000 3168.00000 3174.00000
 3180.00000 3186.00000 3192.00000 3198.00000 3204.00000
 3210.00000 3216.00000 3222.00000 3228.00000 3234.00000
 3240.00000 3246.00000 3252.00000 3258.00000 3264.00000
 3270.00000 3276.00000 3282.00000 3288.00000 3294.00000
 3300.00000 3306.00000 3312.00000 3318.00000 3324.00000
 3330.00000 3336.00000 3342.00000 3348.00000 3354.00000
 3360.00000 3366.00000 3372.00000 3378.00000 3384.00000
 3390.00000 3396.00000 3402.00000 3408.00000 3414.00000
 3420.00000 3426.00000 3432.00000 3438.00000 3444.00000
 3450.00000 3456.00000 3462.00000 3468.00000 3474.00000
 3480.00000 3486.00000 3492.00000 3498.00000 3504.00000
 3510.00000 3516.00000 3522.00000 3528.00000 3534.00000
 3540.00000 3546.00000 3552.00000 3558.00000 3564.00000
 3570.00000 3576.00000 3582.00000 3588.00000 3594.00000
 3600.00000 3606.00000 3612.00000 3618.00000 3624.00000
 3630.00000 3636.00000 3642.00000 3648.00000 3654.00000
 3660.00000 3666.00000 3672.00000 3678.00000 3684.00000
 3690.00000 3696.00000 3702.00000 3708.00000 3714.00000
 3720.00000 3726.00000 3732.00000 3738.00000 3744.00000
 3750.00000 3756.00000 3762.00000 3768.00000 3774.00000
 3780.00000 3786.00000 3792.00000 3798.00000 3804.00000
 3810.00000 3816.00000 3822.00000 3828.00000 3834.00000
 3840.00000 3846.00000 3852.00000 3858.00000 3864.00000
 3870.00000 3876.00000 3882.00000 3888.00000 3894.00000
 3900.00000 3906.00000 3912.00000 3918.00000 3924.00000
 3930.00000 3936.00000 3942.00000 3948.00000 3954.00000
 3960.00000 3966.00000 3972.00000 3978.00000 3984.00000
 3990.00000 3996.00000 4002.00000 4008.00000 4014.00000
 4020.00000 4026.00000 4032.00000 4038.00000 4044.00000
 4050.00000 4056.00000 4062.00000 4068.00000 4074.00000
 4080.00000 4086.00000 4092.00000 4098.00000 4104.00000
 4110.00000 4116.00000 4122.00000 4128.00000 4134.00000
 4140.00000 4146.00000 4152.00000 4158.00000 4164.00000
 4170.00000 4176.00000 4182.00000 4188.00000 4194.00000
 4200.00000 4206.00000 4212.00000 4218.00000 4224.00000
 4230.00000 4236.00000 4242.00000 4248.00000 4254.00000
 4260.00000 4266.00000 4272.00000 4278.00000 4284.00000
 4290.00000 4296.00000 4302.00000 4308.00000 4314.00000
 4320.00000 4326.00000 4332.00000 4338.00000 4344.00000
 4350.00000 4356.00000 4362.00000 4368.00000 4374.00000
 4380.00000 4386.00000 4392.00000 4398.00000 4404.00000
 4410.00000 4416.00000 4422.00000 4428.00000 4434.00000
 4440.00000 4446.00000 4452.00000 4458.00000 4464.00000
 4470.00000 4476.00000 4482.00000 4488.00000 4494.00000
 4500.00000 4506.00000 4512.00000 4518.00000 4524.00000
 4530.00000 4536.00000 4542.00000 4548.00000 4554.00000
 4560.00000 4566.00000 4572.00000 4578.00000 4584.00000
 4590.00000 4596.00000 4602.00000 4608.00000 4614.00000
 4620.00000 4626.00000 4632.00000 4638.00000 4644.00000
 4650.00000 4656.00000 4662.00000 4668.00000 4674.00000
 4680.00000 4686.00000 4692.00000 4698.00000 4704.00000
 4710.00000 4716.00000 4722.00000 4728.00000 4734.00000
 4740.00000 4746.00000 4752.00000 4758.00000 4764.00000
 4770.00000 4776.00000 4782.00000 4788.00000 4794.00000
 4800.00000 4806.00000 4812.00000 4818.00000 4824.00000
 4830.00000 4836.00000 4842.00000 4848.00000 4854.00000
 4860.00000 4866.00000 4872.00000 4878.00000 4884.00000
 4890.00000 4896.00000 4902.00000 4908.00000 4914.00000
 4920.00000 4926.00000 4932.00000 4938.00000 4944.00000
 4950.00000 4956.00000 4962.00000 4968.00000 4974.00000
 4980.00000 4986.00000 4992.00000 4998.00000 5004.00000
 5010.00000 5016.00000 5022.00000 5028.00000 5034.00000
 5040.00000 5046.00000 5052.00000 5058.00000 5064.00000
 5070.00000 5076.00000 5082.00000 5088.00000 5094.00000
 5100.00000 5106.00000 5112.00000 5118.00000 5124.00000
 5130.00000 5136.00000 5142.00000 5148.00000 5154.00000
 5160.00000 5166.00000 5172.00000 5178.00000 5184.00000
 5190.00000 5196.00000 5202.00000 5208.00000 5214.00000
 5220.00000 5226.00000 5232.00000 5238.00000 5244.00000
 5250.00000 5256.00000 5262.00000 5268.00000 5274.00000
 5280.00000 5286.00000 5292.00000 5298.00000 5304.00000
 5310.00000 5316.00000 5322.00000 5328.00000 5334.00000
 5340.00000 5346.00000 5352.00000 5358.00000 5364.00000
 5370.00000 5376.00000 5382.00000 5388.00000 5394.00000
 5400.00000 5406.00000 5412.00000 5418.00000 5424.00000
 5430.00000 5436.00000 5442.00000 5448.00000 5454.00000
 5460.00000 5466.00000 5472.00000 5478.00000 5484.00000
 5490.00000 5496.00000 5502.00000 5508.00000 5514.00000
 5520.00000 5526.00000 5532.00000 5538.00000 5544.00000
 5550.00000 5556.00000 5562.00000 5568.00000 5574.00000
 5580.00000 5586.00000 5592.00000 5598.00000 5604.00000
 5610.00000 5616.00000 5622.00000 5628.00000 5634.00000
 5640.00000 5646.00000 5652.00000 5658.00000 5664.00000
 5670.00000 5676.00000 5682.00000 5688.00000 5694.00000
 5700.00000 5706.00000 5712.00000 5718.00000 5724.00000
 5730.00000 5736.00000 5742.00000 5748.00000 5754.00000
 5760.00000 5766.00000 5772.00000 5778.00000 5784.00000
 5790.00000 5796.00000 5802.00000 5808.00000 5814.00000
 5820.00000 5826.00000 5832.00000 5838.00000 5844.00000
 5850.00000 5856.00000 5862.00000 5868.00000 5874.00000
 5880.00000 5886.00000 5892.00000 5898.00000 5904.00000
 5910.00000 5916.00000 5922.00000 5928.00000 5934.00000
 5940.00000 5946.00000 5952.00000 5958.00000 5964.00000
 5970.00000 5976.00000 5982.00000 5988.00000 5994.00000
 6000.00000 6006.00000 6012.00000 6018.00000 6024.00000
 6030.00000 6036.00000 6042.00000 6048.00000 6054.00000
 6060.00000 6066.00000 6072.00000 6078.00000 6084.00000
 6090.00000 6096.00000 6102.00000 6108.00000 6114.00000
 6120.00000 6126.00000 6132.00000 6138.00000 6144.00000
 6150.00000 6156.00000 6162.00000 6168.00000 6174.00000
 6180.00000 6186.00000 6192.00000 6198.00000 6204.00000
 6210.00000 6216.00000 6222.00000 6228.00000 6234.00000
 6240.00000 6246.00000 6252.00000 6258.00000 6264.00000
 6270.00000 6276.00000 6282.00000 6288.00000 6294.00000
 6300.00000 6306.00000 6312.00000 6318.00000 6324.00000
 6330.00000 6336.00000 6342.00000 6348.00000 6354.00000
 6360.00000 6366.00000 6372.00000 6378.00000 6384.00000
 6390.00000 6396.00000 6402.00000 6408.00000 6414.00000
 6420.00000 6426.00000 6432.00000 6438.00000 6444.00000
 6450.00000 6456.00000 6462.00000 6468.00000 6474.00000
 6480.00000 6486.00000 6492.00000 6498.00000 6504.00000
 6510.00000 6516.00000 6522.00000 6528.00000 6534.00000
 6540.00000 6546.00000 6552.00000 6558.00000 6564.00000
 6570.00000 6576.00000 6582.00000 6588.00000 6594.00000
 6600.00000 6606.00000 6612.00000 6618.00000 6624.00000
 6630.00000 6636.00000 6642.00000 6648.00000 6654.00000
 6660.00000 6666.00000 6672.00000 6678.00000 6684.00000
 6690.00000 6696.00000 6702.00000 6708.00000 6714.00000
 6720.00000 6726.00000 6732.00000 6738.00000 6744.00000
 6750.00000 6756.00000 6762.00000 6768.00000 6774.00000
 6780.00000 6786.00000 6792.00000 6798.00000 6804.00000
 6810.00000 6816.00000 6822.00000 6828.00000 6834.00000
 6840.00000 6846.00000 6852.00000 6858.00000 6864.00000
 6870.00000 6876.00000 6882.00000 6888.00000 6894.00000
 6900.00000 6906.00000 6912.00000 6918.00000 6924.00000
 6930.00000 6936.00000 6942.00000 6948.00000 6954.00000
 6960.00000 6966.00000 6972.00000 6978.00000 6984.00000
 6990.00000 6996.00000 7002.00000 7008.00000 7014.00000
 7020.00000 7026.00000 7032.00000 7038.00000 7044.00000
 7050.00000 7056.00000 7062.00000 7068.00000 7074.00000
 7080.00000 7086.00000 7092.00000 7098.00000 7104.00000
 7110.00000 7116.00000 7122.00000 7128.00000 7134.00000
 7140.00000 7146.00000 7152.00000 7158.00000 7164.00000
 7170.00000 7176.00000 7182.00000 7188.00000 7194.00000
 7200.00000 7206.00000 7212.00000 7218.00000 7224.00000
 7230.00000 7236.00000 7242.00000 7248.00000 7254.00000
 7260.00000 7266.00000 7272.00000 7278.00000 7284.00000
 7290.00000 7296.00000 7302.00000 7308.00000 7314.00000
 7320.00000 7326.00000 7332.00000 7338.00000 7344.00000
 7350.00000 7356.00000 7362.00000 7368.00000 7374.00000
 7380.00000 7386.00000 7392.00000 7398.00000 7404.00000
 7410.00000 7416.00000 7422.00000 7428.00000 7434.00000
 7440.00000 7446.00000 7452.00000 7458.00000 7464.00000
 7470.00000 7476.00000 7482.00000 7488.00000 7494.00000
 7500.00000 7506.00000 7512.00000 7518.00000 7524.00000
 7530.00000 7536.00000 7542.00000 7548.00000 7554.00000
 7560.00000 7566.00000 7572.00000 7578.00000 7584.00000
 7590.00000 7596.00000 7602.00000 7608.00000 7614.00000
 7620.00000 7626.00000 7632.00000 7638.00000 7644.00000
 7650.00000 7656.00000 7662.00000 7668.00000 7674.00000
 7680.00000 7686.00000 7692.00000 7698.00000 7704.00000
 7710.00000 7716.00000 7722.00000 7728.00000 7734.00000
 7740.00000 7746.00000 7752.00000 7758.00000 7764.00000
 7770.00000 7776.00000 7782.00000 7788.00000 7794.00000
 7800.00000 7806.00000 7812.00000 7818.00000 7824.00000
 7830.00000 7836.00000 7842.00000 7848.00000 7854.00000
 7860.00000 7866.00000 7872.00000 7878.00000 7884.00000
 7890.00000 7896.00000 7902.00000 7908.00000 7914.00000
 7920.00000 7926.00000 7932.00000 7938.00000 7944.00000
 7950.00000 7956.00000 7962.00000 7968.00000 7974.00000
 7980.00000 7986.00000 7992.00000 7998.00000 8004.00000
 8010.00000 8016.00000 8022.00000 8028.00000 8034.00000
 8040.00000 8046.00000 8052.00000 8058.00000 8064.00000
 8070.00000 8076.00000 8082.00000 8088.00000 8094.00000
 8100.00000 8106.00000 8112.00000 8118.00000 8124.00000
 8130.00000 8136.00000 8142.00000 8148.00000 8154.00000
 8160.00000 8166.00000 8172.00000 8178.00000 8184.00000
 8190.00000 8196.00000 8202.00000 8208.00000 8214.00000
 8220.00000 8226.00000 8232.00000 8238.00000 8244.00000
 8250.00000 8256.00000 8262.00000 8268.00000 8274.00000
 8280.00000 8286.00000 8292.00000 8298.00000 8304.00000
 8310.00000 8316.00000 8322.00000 8328.00000 8334.00000
 8340.00000 8346.00000 8352.00000 8358.00000 8364.00000
 8370.00000 8376.00000 8382.00000 8388.00000 8394.00000
 8400.00000 8406.00000 8412.00000 8418.00000 8424.00000
 8430.00000 8436.00000 8442.00000 8448.00000 8454.00000
 8460.00000 8466.00000 8472.00000 8478.00000 8484.00000
 8490.00000 8496.00000 8502.00000 8508.00000 8514.00000
 8520.00000 8526.00000 8532.00000 8538.00000 8544.00000
 8550.00000 8556.00000 8562.00000 8568.00000 8574.00000
 8580.00000 8586.00000 8592.00000 8598.00000 8604.00000
 8610.00000 8616.00000 8622.00000 8628.00000 8634.00000
 8640.00000 8646.00000 8652.00000 8658.00000 8664.00000
 8670.00000 8676.00000 8682.00000 8688.00000 8694.00000
 8700.00000 8706.00000 8712.00000 8718.00000 8724.00000
 8730.00000 8736.00000 8742.00000 8748.00000 8754.00000
 8760.00000 8766.00000 8772.00000 8778.00000 8784.00000
 8790.00000 8796.00000 8802.00000 8808.00000 8814.00000
 8820.00000 8826.00000 8832.00000 8838.00000 8844.00000
 8850.00000 8856.00000 8862.00000 8868.00000 8874.00000
 8880.00000 8886.00000 8892.00000 8898.00000 8904.00000
 8910.00000 8916.00000 8922.00000 8928.00000 8934.00000
 8940.00000 8946.00000 8952.00000 8958.00000 8964.00000
 8970.00000 8976.00000 8982.00000 8988.00000
 %Q
 0.00000000E+00 0.00000000E+00 0.00000000E+00 0.00000000E+00 0.00000000E+00
 0.00000000E+00 0.00000000E+00 0.00000000E+00 0.00000000E+00 0.00000000E+00
 0.00000000E+00 0.00000000E+00 0.00000000E+00 0.00000000E+00 0.00000000E+00
 0.00000000E+00 0.00000000E+00 0.00000000E+00 0.00000000E+00 0.00000000E+00
 0.00000000E+00 0.00000000E+00 0.00000000E+00 0.00000000E+00 0.00000000E+00
 0.00000000E+00 0.00000000E+00 0.00000000E+00 0.00000000E+00 0.00000000E+00
 0.00000000E+00 0.00000000E+00 0.00000000E+00 0.00000000E+00 0.00000000E+00
 0.00000000E+00 0.00000000E+00 0.00000000E+00 0.00000000E+00 0.00000000E+00
 0.00000000E+00 0.00000000E+00 0.00000000E+00 0.00000000E+00 0.00000000E+00
 0.00000000E+00 0.00000000E+00 0.00000000E+00 0.00000000E+00 0.00000000E+00
 0.00000000E+00 0.00000000E+00 0.00000000E+00 0.00000000E+00 0.742382169
 0.730651736 -0.155710161 -0.156391889 -0.889992893 -0.530197501
 0.648367167 0.896133780 8.64317790E-02 -0.265262932 -0.654996395
 -0.557717085 6.93393946E-02 -1.34359291E-02 0.318613797 -4.93437797E-02
 0.151419118 -8.49641263E-02 0.106590785 -0.620435417 -0.753120542
 -0.611800790 -0.225320965 0.141739458 0.147951692 -0.159624577
 -0.350448191 9.97001678E-02 0.198285684 0.279061109 0.367443413
 0.115066126 -0.495446086 -9.22792498E-03 3.92033830E-02 0.218610495
 0.107318409 -0.198359013 -0.229256943 -8.35550204E-02 0.163581386
 0.121129468 3.03037614E-02 -0.165234670 -0.305918217 -0.154546380
 -0.163063109 3.84793617E-02 0.178786248 -6.45215064E-02 -2.45246217E-02
 2.87192259E-02 -5.12597673E-02 -4.50165346E-02 8.62304941E-02 3.67127545E-02
 0.117033616 -9.45983082E-03 -0.190026075 -0.314845651 -0.174080685
 -2.99072657E-02 2.95652729E-03 0.161289677 6.22023009E-02 0.226789787
 0.108818501 2.08427962E-02 2.27211695E-02 -1.52989868E-02 -3.11267972E-02
 -5.53286402E-04 4.65130582E-02 8.21876377E-02 8.19544494E-02 5.89524396E-02
 5.76512367E-02 -7.55325146E-03 -8.91157687E-02 3.01123224E-03 8.07535555E-03
 6.45246729E-02 0.213785335 0.195632800 0.141943634 -1.97013151E-02
 -0.171635002 -8.42670947E-02 -4.02513072E-02 5.16192149E-03 -2.64899097E-02
 7.08449408E-02 2.74945665E-02 9.46473554E-02 -3.76030989E-03 -3.25937271E-02
 -1.78357475E-02 2.17443854E-02 4.93434034E-02 8.49578083E-02 6.32677078E-02
 8.04023221E-02 -1.46799418E-03 -0.103248566 -0.112005815 -5.42946458E-02
 -2.72406358E-02 3.48500535E-02 2.42447457E-03 -2.94366274E-02 -1.62680801E-02
 1.43928295E-02 6.17212392E-02 2.91342698E-02 -2.23091245E-02 -2.26697791E-02
 -8.20261687E-02 -0.108472049 -2.98148338E-02 -5.60188144E-02 5.21280896E-03
 0.117529683 4.12635840E-02 9.45669115E-02 0.103880897 7.30097443E-02
 3.62284482E-02 1.06231393E-02 7.31812464E-03 4.12631705E-02 6.54626712E-02
 0.101354890 6.52031675E-02 1.75449122E-02 -6.06085546E-03 4.47836220E-02
 9.72181782E-02 -3.52474377E-02 7.22961687E-03 2.71697640E-02 -1.36191882E-02
 -2.94708218E-02 6.27567321E-02 4.98584695E-02 5.23520447E-03 -3.71328592E-02
 -2.76249480E-02 -2.52861306E-02 -1.24752158E-02 -1.58683881E-02 -2.21222807E-02
 1.93564165E-02 -3.47086713E-02 3.99076864E-02 1.64224990E-02 0.105720304
 2.20641587E-02 2.78606284E-02 4.19878997E-02 -2.56265365E-02 -8.38854238E-02
 -1.48105947E-02 -2.51825191E-02 -3.53813171E-02 1.22891357E-02 -1.00458395E-02
 -3.79919857E-02 -5.73593657E-03 8.90995748E-03 6.73788041E-03 1.73816625E-02
 4.27594967E-02 -1.72198042E-02 -3.34727727E-02 1.83110964E-03 1.17244003E-02
 4.32787370E-03 -2.04813648E-02 -1.96553003E-02 -3.33988592E-02 2.63624396E-02
 1.31197330E-02 1.13233877E-02 -2.30218899E-02 -6.09547645E-03 1.58199873E-02
 3.31582688E-02 5.41828386E-02 5.48466928E-02 5.20111918E-02 1.98320532E-03
 5.37091680E-02 0.101993315 7.20319822E-02 0.145705208 2.07106154E-02
 -3.01526533E-03 1.22547410E-02 4.15398143E-02 1.44452062E-02 2.58423332E-02
 1.26980739E-02 -8.75582919E-03 -8.14261585E-02 -4.48708348E-02 -2.45623402E-02
 1.63815282E-02 1.99663229E-02 -2.95916479E-02 -4.32945509E-03 2.41285376E-03
 -1.36351198E-04 1.40218781E-02 4.52298205E-03 6.62865769E-03 5.01971096E-02
 2.91390717E-02 -6.85122795E-03 2.09730249E-02 7.94513989E-03 -7.48226792E-03
 -8.61098990E-03 -3.41452323E-02 -1.67418327E-02 1.05149569E-02 -1.02632318E-03
 -8.56798049E-03 1.32294092E-02 1.77190807E-02 4.83499328E-03 -6.16299966E-03
 -1.19795334E-02 -3.11077219E-02 -2.80053616E-02 -2.52538398E-02 -2.92033125E-02
 -3.47951390E-02 -4.05192077E-02 -2.28209347E-02 5.30690467E-03 3.86301838E-02
 1.20949885E-02 2.17517931E-02 1.05921254E-02 2.59401882E-03 1.89412478E-02
 2.21324954E-02 5.41884378E-02 9.73454118E-02 8.37943256E-02 5.33072054E-02
 1.21189725E-04 8.71641375E-03 -1.47618656E-03 1.24022160E-02 -9.09601431E-03
 -2.39013396E-02 -1.73356812E-02 2.57586297E-02 3.40812979E-03 7.97497388E-03
 2.96346797E-03 2.62671318E-02 4.92446870E-02 -9.91364941E-03 -1.72501300E-02
 1.81201845E-02 2.28430778E-02 5.95904030E-02 5.29279485E-02 2.62258612E-02
 3.44886035E-02 2.54158974E-02 3.64323868E-03 -2.84951888E-02 -2.17386801E-02
 -2.12212950E-02 1.66883562E-02 1.55835468E-02 1.82391051E-03 7.59290755E-02
 5.87194450E-02 2.47503575E-02 1.00552021E-02 2.66671684E-02 3.53106633E-02
 3.01150195E-02 1.44736320E-02 1.37394760E-02 3.04535348E-02 3.09114605E-02
 4.38780198E-03 -3.22234444E-02 5.33381663E-03 1.86088681E-02 -9.64548613E-04
 -2.72204727E-02 -2.24669445E-02 1.35392044E-03 -1.26723144E-02 -2.64572017E-02
 -2.25093681E-02 -5.30584948E-03 1.69629902E-02 4.65566888E-02 4.81313169E-02
 2.90643945E-02 -1.90126337E-02 1.13054095E-02 2.37751696E-02 1.63537788E-03
 -3.50982286E-02 -1.62484706E-03 2.49272306E-02 1.70487482E-02 -5.30761667E-02
 -1.12811690E-02 -1.52481124E-02 -2.81227790E-02 -4.72474694E-02 -1.01161515E-02
 3.99883427E-02 3.56551073E-02 4.63795476E-02 5.41445799E-02 3.41577269E-02
 3.80922556E-02 2.83176713E-02 -1.91101320E-02 -1.90362446E-02 -1.12966131E-02
 -5.46195135E-02 -8.07389840E-02 -5.78902774E-02 -1.92728266E-02 -1.11560123E-02
 -2.04325723E-03 -4.17785766E-03 1.89091936E-02 2.54057460E-02 7.14167394E-03
 -1.84844639E-02 -4.85161133E-02 -3.46097462E-02 -2.06565987E-02 -3.66733335E-02
 -1.90582685E-02 -3.48939747E-02 -4.56166156E-02 -7.69855604E-02 -3.64550538E-02
 -3.89040112E-02 -0.106096573 -3.08911093E-02 4.84628254E-04 1.82296615E-02
 1.17226457E-02 1.47619750E-02 3.99563536E-02 2.47995052E-02 7.17207864E-02
 6.30124733E-02 1.68477744E-02 7.71744316E-03 4.71822731E-02 9.44476668E-03
 -1.24481786E-02 -3.53467166E-02 -5.60954660E-02 -4.87178229E-02 -3.53069901E-02
 -5.17835431E-02 -2.20385529E-02 -3.81597802E-02 4.01129723E-02 -2.95817554E-02
 -3.99485156E-02 1.41084408E-02 -1.07136066E-03 -4.40374715E-03 3.60001530E-03
 -1.22059248E-02 3.34855765E-02 -4.44990443E-03 -1.09929312E-02 4.99769524E-02
 5.17753810E-02 4.51244414E-02 6.11029342E-02 4.62755337E-02 1.63197238E-02
 2.75265928E-02 1.04664601E-02 -2.12664623E-02 -3.52904834E-02 -4.82424498E-02
 4.10160981E-02 5.89024983E-02 6.54002950E-02 3.97040471E-02 3.63599323E-02
 -1.33905513E-03 -7.02339574E-04 5.69341704E-03 1.42876746E-03 -8.74000695E-03
 1.57789756E-02 -1.11556677E-02 -2.37596501E-02 -3.25781591E-02 3.22574973E-02
 -4.86323014E-02 -4.49111536E-02 5.47458790E-03 4.92086262E-03 4.77923304E-02
 2.03966759E-02 -2.29863953E-02 1.08589772E-02 1.20866513E-02 2.17836555E-02
 2.83255912E-02 2.12370679E-02 -2.67022755E-02 -3.43856923E-02 -6.78331256E-02
 3.43534909E-02 1.31222755E-02 2.35910341E-02 -7.44572747E-03 1.22627094E-02
 1.19651360E-02 -4.01981920E-02 1.07350880E-02 1.55996475E-02 2.46443525E-02
 -3.90459709E-02 -3.21294181E-02 -4.06113677E-02 -1.91608239E-02 -4.80015948E-03
 -3.73781733E-02 -1.60070043E-02 2.21730303E-02 3.51276621E-02 -3.22645046E-02
 -2.03827005E-02 -1.73390005E-02 2.79572885E-03 -8.62717908E-03 -1.57846266E-03
 9.32436660E-02 8.82543400E-02 7.78544024E-02 -4.89130728E-02 -1.28651196E-02
 1.10070687E-02 -3.45671363E-02 -8.51627812E-03 2.14047302E-02 -1.11817634E-02
 -1.43647585E-02 -2.90951133E-02 -3.34247462E-02 1.21449577E-02 2.42751464E-02
 3.28935683E-02 -6.74388930E-02 6.01008832E-02 9.81620792E-03 4.84994287E-03
 -5.95211647E-02 -4.48699445E-02 -7.80410692E-02 -1.83869209E-02 4.67895716E-02
 8.15288499E-02 9.53230337E-05 7.38096982E-02 1.36331767E-02 -2.20539924E-02
 -4.78221439E-02 -1.17161972E-02 1.16955135E-02 7.60639086E-03 2.82711033E-02
 -3.32576819E-02 1.11634266E-02 7.34023079E-02 2.64577530E-02 -5.62999323E-02
 -0.138506651 -5.98885342E-02 -1.99305601E-02 -2.85528768E-02 -2.65731122E-02
 -5.18756434E-02 -3.02463602E-02 9.02454183E-03 5.43381413E-03 3.32398713E-02
 -1.37823552E-03 -4.79376651E-02 -7.08816275E-02 -3.21379527E-02 2.29015034E-02
 3.74359637E-02 -3.24597545E-02 -4.67269346E-02 0.104170866 6.05886523E-03
 2.69003678E-03 3.69957276E-02 4.91804779E-02 2.45328210E-02 7.31825037E-03
 2.30876096E-02 6.58695698E-02 0.108122915 6.25071004E-02 0.109777518
 5.83278872E-02 2.31543966E-02 -4.77890018E-03 2.12839283E-02 -3.62844542E-02
 -1.71984416E-02 -6.15453161E-03 -2.40513794E-02 2.27663405E-02 2.04745401E-03
 1.14980410E-03 -1.65315401E-02 -5.64585114E-03 -9.27812420E-03 -6.38974532E-02
 -6.56168312E-02 -2.65348442E-02 2.83787530E-02 2.15908531E-02 4.50787358E-02
 3.37558053E-02 7.82282203E-02 5.00349794E-03 1.08394139E-02 -4.44183834E-02
 -6.83669746E-02 -5.62262535E-02 9.06474292E-02 6.36971593E-02 1.93467569E-02
 9.58861634E-02 -1.00897951E-02 -6.19290210E-03 -3.00147478E-02 8.13583378E-03
 -4.12265174E-02 -7.69890174E-02 -2.92626098E-02 1.39840357E-02 7.42501672E-03
 -7.17131793E-03 -9.30385515E-02 -2.96844933E-02 2.58878190E-02 7.20229745E-02
 8.93572941E-02 2.47909594E-02 -0.150983050 -6.83567598E-02 3.85433286E-02
 9.54848155E-02 1.75164305E-02 -1.23236356E-02 4.18749936E-02 -0.117736660
 -5.07939160E-02 3.71609293E-02 -1.26870368E-02 0.161312744 -2.37624794E-02
 -3.44746597E-02 -3.02464664E-02 -9.03759301E-02 -4.70739305E-02 -8.59154537E-02
 3.63265276E-02 7.79310763E-02 0.100809053 9.11302716E-02 -2.31692996E-02
 2.99572479E-02 -8.73099640E-03 -5.61174825E-02 -9.80465785E-02 8.82030372E-03
 -1.80124249E-02 -8.35640207E-02 -4.96133976E-02 3.21352258E-02 1.62410922E-02
 -3.05012595E-02 -0.107376069 1.24280704E-02 -0.122816652 -5.76657653E-02
 -2.71596182E-02 -8.03186521E-02 -1.03576640E-02 4.62638400E-03 -0.118189037
 -0.102503598 8.18695724E-02 2.29581296E-02 5.08503392E-02 0.105493575
 0.145274311 -7.29884058E-02 -8.92327726E-02 -9.97485872E-03 0.232298225
 0.275995135 0.293345392 0.106702991 -8.09649751E-02 -6.25170842E-02
 7.64410198E-02 -5.36463410E-02 -8.21288005E-02 9.83814010E-04 0.187828690
 0.150969818 0.107248187 6.26003966E-02 5.09814061E-02 5.82994185E-02
 -0.109776065 -0.132650062 -4.31891251E-03 -6.86777607E-02 -8.06726217E-02
 4.03188653E-02 4.66133133E-02 5.69594391E-02 4.20090072E-02 3.77872363E-02
 5.02365716E-02 -3.69858965E-02 -0.120854460 -3.05352435E-02 -0.160649508
 -9.99315307E-02 -4.85645570E-02 3.26251797E-02 -2.10103556E-03 -8.54383260E-02
 -8.54643956E-02 -2.46119732E-03 -5.61396256E-02 4.27047424E-02 0.142911404
 -2.34469608E-03 -0.219802096 2.27766437E-03 6.08895160E-02 0.249357224
 -9.94254947E-02 -6.38117641E-03 3.10508907E-02 -1.16968919E-02 0.191139504
 8.17547962E-02 4.38819006E-02 -0.114146270 -0.146487176 -1.65349171E-02
 -2.71400064E-02 -6.39300644E-02 -9.70662087E-02 2.53296085E-02 1.09534357E-02
 -4.57242988E-02 -0.202404827 -4.95469831E-02 -0.134497330 1.64619088E-02
 0.185163990 4.92827371E-02 1.17344391E-02 -6.66667148E-02 -0.191300377
 0.107595898 -3.26539041E-03 -0.168301120 -8.47030059E-02 -0.115253076
 -8.23977664E-02 -0.123885021 0.128430724 7.61071891E-02 7.33552203E-02
 5.87273911E-02 -5.93605749E-02 -0.169883490 5.21966964E-02 -0.102512419
 0.158501446 0.265637636 9.70779583E-02 0.187853381 0.117428288
 -1.32848890E-02 -1.69440396E-02 0.119670257 7.25974590E-02 8.46204683E-02
 0.154093638 0.265442848 -0.111309752 -8.83259773E-02 2.05408894E-02
 0.332585067 7.91112557E-02 1.47899063E-02 -0.202361941 6.82146056E-03
 0.205155164 2.10624095E-02 2.46529318E-02 -3.91370952E-02 -0.361578017
 -0.223976254 -1.43227838E-02 8.09074286E-03 -0.160361215 6.44702911E-02
 0.257864177 0.379481375 0.160592392 0.213950157 2.90210359E-02
 0.578998089 -0.330174983 -0.144108832 9.21200141E-02 0.242690504
 0.101821482 5.60759492E-02 -1.52441179E-02 0.00000000E+00 0.00000000E+00
 0.00000000E+00 0.00000000E+00 0.00000000E+00 0.00000000E+00 0.00000000E+00
 0.00000000E+00 0.00000000E+00 0.00000000E+00 0.00000000E+00 0.00000000E+00
 0.00000000E+00 0.00000000E+00 0.00000000E+00 0.00000000E+00 0.00000000E+00
 0.00000000E+00 0.00000000E+00 0.00000000E+00 0.00000000E+00 0.00000000E+00
 0.00000000E+00 0.00000000E+00 0.00000000E+00 0.00000000E+00 0.00000000E+00
 0.00000000E+00 0.00000000E+00 0.00000000E+00 0.00000000E+00 0.00000000E+00
 0.00000000E+00 0.00000000E+00 0.00000000E+00 0.00000000E+00 0.00000000E+00
 0.00000000E+00 0.00000000E+00 0.00000000E+00 0.00000000E+00 0.00000000E+00
 0.00000000E+00 0.00000000E+00 0.00000000E+00 0.00000000E+00 0.00000000E+00
 0.00000000E+00 0.00000000E+00 0.00000000E+00 0.00000000E+00 0.00000000E+00
 0.00000000E+00 0.00000000E+00 0.00000000E+00 0.00000000E+00 0.00000000E+00
 0.00000000E+00 0.00000000E+00 0.00000000E+00 0.00000000E+00 0.00000000E+00
 0.00000000E+00 0.00000000E+00 0.00000000E+00 0.00000000E+00 0.00000000E+00
 0.00000000E+00 0.00000000E+00 0.00000000E+00 0.00000000E+00 0.00000000E+00
 0.00000000E+00 0.00000000E+00 0.00000000E+00 0.00000000E+00 0.00000000E+00
 0.00000000E+00 0.00000000E+00 0.00000000E+00 0.00000000E+00 0.00000000E+00
 0.00000000E+00 0.00000000E+00 0.00000000E+00 0.00000000E+00 0.00000000E+00
 0.00000000E+00 0.00000000E+00 0.00000000E+00 0.00000000E+00 0.00000000E+00
 0.00000000E+00 0.00000000E+00 0.00000000E+00 0.00000000E+00 0.00000000E+00
 0.00000000E+00 0.00000000E+00 0.00000000E+00 0.00000000E+00 0.00000000E+00
 0.00000000E+00 0.00000000E+00 0.00000000E+00 0.00000000E+00 0.00000000E+00
 0.00000000E+00 0.00000000E+00 0.00000000E+00 0.00000000E+00 0.00000000E+00
 0.00000000E+00 0.00000000E+00 0.00000000E+00 0.00000000E+00 0.00000000E+00
 0.00000000E+00 0.00000000E+00 0.00000000E+00 0.00000000E+00 0.00000000E+00
 0.00000000E+00 0.00000000E+00 0.00000000E+00 0.00000000E+00 0.00000000E+00
 0.00000000E+00 0.00000000E+00 0.00000000E+00 0.00000000E+00 0.00000000E+00
 0.00000000E+00 0.00000000E+00 0.00000000E+00 0.00000000E+00 0.00000000E+00
 0.00000000E+00 0.00000000E+00 0.00000000E+00 0.00000000E+00 0.00000000E+00
 0.00000000E+00 0.00000000E+00 0.00000000E+00 0.00000000E+00 0.00000000E+00
 0.00000000E+00 0.00000000E+00 0.00000000E+00 0.00000000E+00 0.00000000E+00
 0.00000000E+00 0.00000000E+00 0.00000000E+00 0.00000000E+00 0.00000000E+00
 0.00000000E+00 0.00000000E+00 0.00000000E+00 0.00000000E+00 0.00000000E+00
 0.00000000E+00 0.00000000E+00 0.00000000E+00 0.00000000E+00 0.00000000E+00
 0.00000000E+00 0.00000000E+00 0.00000000E+00 0.00000000E+00 0.00000000E+00
 0.00000000E+00 0.00000000E+00 0.00000000E+00 0.00000000E+00 0.00000000E+00
 0.00000000E+00 0.00000000E+00 0.00000000E+00 0.00000000E+00 0.00000000E+00
 0.00000000E+00 0.00000000E+00 0.00000000E+00 0.00000000E+00 0.00000000E+00
 0.00000000E+00 0.00000000E+00 0.00000000E+00 0.00000000E+00 0.00000000E+00
 0.00000000E+00 0.00000000E+00 0.00000000E+00 0.00000000E+00 0.00000000E+00
 0.00000000E+00 0.00000000E+00 0.00000000E+00 0.00000000E+00 0.00000000E+00
 0.00000000E+00 0.00000000E+00 0.00000000E+00 0.00000000E+00 0.00000000E+00
 0.00000000E+00 0.00000000E+00 0.00000000E+00 0.00000000E+00 0.00000000E+00
 0.00000000E+00 0.00000000E+00 0.00000000E+00 0.00000000E+00 0.00000000E+00
 0.00000000E+00 0.00000000E+00 0.00000000E+00 0.00000000E+00
 %U
 0.00000000E+00 0.00000000E+00 0.00000000E+00 0.00000000E+00 0.00000000E+00
 0.00000000E+00 0.00000000E+00 0.00000000E+00 0.00000000E+00 0.00000000E+00
 0.00000000E+00 0.00000000E+00 0.00000000E+00 0.00000000E+00 0.00000000E+00
 0.00000000E+00 0.00000000E+00 0.00000000E+00 0.00000000E+00 0.00000000E+00
 0.00000000E+00 0.00000000E+00 0.00000000E+00 0.00000000E+00 0.00000000E+00
 0.00000000E+00 0.00000000E+00 0.00000000E+00 0.00000000E+00 0.00000000E+00
 0.00000000E+00 0.00000000E+00 0.00000000E+00 0.00000000E+00 0.00000000E+00
 0.00000000E+00 0.00000000E+00 0.00000000E+00 0.00000000E+00 0.00000000E+00
 0.00000000E+00 0.00000000E+00 0.00000000E+00 0.00000000E+00 0.00000000E+00
 0.00000000E+00 0.00000000E+00 0.00000000E+00 0.00000000E+00 0.00000000E+00
 0.00000000E+00 0.00000000E+00 0.00000000E+00 0.00000000E+00 -0.912211537
 0.762237489 0.988433301 0.612862945 0.391783625 0.195539027
 0.235972852 0.131726697 -0.296774894 -0.410785049 -0.391945243
 -0.359546125 -0.115721986 0.138487369 1.21204667E-02 -1.35686668E-02
 0.444723189 0.342703462 1.13722617E-02 -0.160178497 -0.385607094
 -0.119802110 0.285698533 -1.56701682E-03 -0.274710059 -3.97914648E-02
 0.220302790 0.144394562 0.256020337 0.161445633 0.251343220
 0.311677545 0.113205776 -7.35245645E-02 7.47280717E-02 4.42218371E-02
 0.117611364 0.186490238 -0.122978434 -0.413864762 0.199509040
 0.231403291 0.291229218 0.267309517 0.173715323 4.12397534E-02
 5.02301268E-02 5.28593883E-02 1.40433349E-02 8.41070116E-02 -8.43680054E-02
 0.127232164 9.14572179E-02 -5.75205125E-03 3.58480588E-02 0.262831420
 8.51483047E-02 -0.122784413 -2.16901582E-03 6.91681877E-02 4.50229347E-02
 5.43666072E-02 -0.113782570 -8.89799073E-02 0.108729452 0.378787667
 6.85643256E-02 -2.47232001E-02 9.37059075E-02 6.70273453E-02 8.47626105E-02
 -3.47735547E-02 -9.22444537E-02 3.30948345E-02 3.38748805E-02 -7.60674179E-02
 -4.06168252E-02 -1.08324811E-02 -7.05353469E-02 1.28355781E-02 0.184190705
 0.233169019 0.211496159 0.260684669 0.178106666 0.151411057
 6.42786697E-02 3.96449305E-02 1.82496715E-05 -5.94209284E-02 -0.100518249
 0.116385229 0.151230276 0.103778824 7.84562901E-02 8.16250294E-02
 0.110729456 0.154715434 0.167145550 9.45251510E-02 3.07766292E-02
 4.62479591E-02 -6.77578151E-02 -0.129343599 -7.33998194E-02 2.57689711E-02
 7.58102015E-02 0.161658674 0.128213748 0.103636317 5.89424819E-02
 3.36950980E-02 -1.05428058E-04 -1.29249906E-02 -8.13201368E-02 -2.83629056E-02
 0.125245944 0.188474596 0.109532118 9.41759944E-02 6.64699450E-02
 1.61387455E-02 -1.44199468E-03 9.27622896E-03 2.78713033E-02 5.28126135E-02
 4.96433452E-02 -2.11263504E-02 -3.56979780E-02 -5.07991314E-02 5.11481129E-02
 0.168262199 6.15580343E-02 2.19698027E-02 3.54175083E-02 1.83825456E-02
 3.73472534E-02 -4.73811217E-02 1.02472901E-02 2.27824715E-03 5.33860475E-02
 7.16628283E-02 3.75985987E-02 6.36783019E-02 5.35023399E-02 4.86327596E-02
 0.105734929 0.101770043 7.38320202E-02 5.98953180E-02 2.64849290E-02
 -2.58367658E-02 7.90505633E-02 0.106581792 2.31232531E-02 8.91736895E-02
 -9.30783805E-04 2.59918533E-02 1.07577443E-02 3.10776960E-02 4.02199291E-02
 5.20630628E-02 3.88019346E-02 4.02620174E-02 1.59166716E-02 2.67787408E-02
 6.09784387E-03 -3.41775268E-03 1.99594237E-02 5.00558801E-02 0.103281237
 6.68899938E-02 3.84765901E-02 5.19377412E-03 7.26266531E-03 1.39787793E-03
 3.08866557E-02 6.92789182E-02 5.01795672E-02 2.11808179E-02 6.63869083E-02
 9.40210968E-02 0.110834792 0.102490760 9.55628306E-02 9.75031331E-02
 7.16119185E-02 6.30230308E-02 7.14991838E-02 6.33377805E-02 2.43520662E-02
 5.30651137E-02 2.91432980E-02 3.47630382E-02 6.99844956E-02 4.99695679E-03
 3.78646590E-02 4.72430773E-02 2.76255384E-02 7.90015832E-02 9.52093005E-02
 8.42219740E-02 9.08277407E-02 8.00895765E-02 5.98173477E-02 7.75539353E-02
 9.94462967E-02 0.112717681 9.92024094E-02 8.16522017E-02 6.59924001E-02
 4.08448130E-02 8.41759294E-02 0.115095034 7.31616318E-02 8.30566287E-02
 0.105613634 8.00339207E-02 5.69365993E-02 7.28056952E-02 5.73187880E-02
 5.65272346E-02 6.06477596E-02 5.02500795E-02 6.52855635E-02 3.29754911E-02
 4.90918010E-02 6.30537495E-02 4.96971607E-02 5.38027510E-02 5.51206656E-02
 5.81234768E-02 4.26164344E-02 4.60494086E-02 -2.37527601E-02 3.40053402E-02
 7.79917836E-02 3.72053906E-02 3.08777373E-02 2.59752814E-02 6.59630401E-03
 4.85147610E-02 8.73015150E-02 -1.75470836E-03 2.98697129E-02 4.28238437E-02
 8.45477730E-02 0.115009978 0.106177256 7.00413287E-02 4.76645157E-02
 5.58390766E-02 5.59238270E-02 1.97463371E-02 4.75946777E-02 4.48665544E-02
 4.91828546E-02 9.28098187E-02 5.88880442E-02 4.78865653E-02 6.94364607E-02
 7.29465783E-02 7.80992582E-02 5.49805276E-02 7.89163932E-02 8.05826187E-02
 5.68444207E-02 5.30052595E-02 6.10470250E-02 4.11358587E-02 6.24152832E-02
 6.01251498E-02 7.23246904E-03 9.14980005E-03 1.50682246E-02 4.06640545E-02
 3.31837758E-02 4.98186499E-02 3.72917876E-02 5.92525862E-02 5.17223887E-02
 7.94591382E-02 9.56364423E-02 7.78343230E-02 8.63206834E-02 7.80838728E-02
 6.49186596E-02 3.79905812E-02 6.26922548E-02 7.52641633E-02 0.107211448
 9.64409709E-02 8.30184445E-02 7.42415488E-02 1.96340960E-02 1.01074819E-02
 0.104833461 7.77873071E-03 2.26876866E-02 3.09758559E-02 4.74276431E-02
 7.32131973E-02 9.48137715E-02 6.95674792E-02 8.86681378E-02 5.91756068E-02
 5.62426224E-02 9.23921615E-02 6.52876049E-02 4.35500480E-02 3.64346094E-02
 5.55921532E-02 8.31130221E-02 8.94174799E-02 5.55523857E-02 5.79363182E-02
 0.101992369 8.81776214E-02 5.70659861E-02 7.39553422E-02 5.65465353E-02
 7.09739998E-02 0.102182828 2.46282052E-02 3.29580940E-02 5.15801907E-02
 3.48045379E-02 5.49745932E-02 4.86817658E-02 6.68353513E-02 1.70923304E-02
 7.38609284E-02 6.14719652E-02 0.115403660 0.125155360 6.82675019E-02
 8.22815020E-03 1.33889839E-02 4.52280529E-02 3.51832882E-02 5.28137386E-02
 3.89964059E-02 7.50425681E-02 0.100254782 7.79836401E-02 7.83383623E-02
 8.53442848E-02 6.69443905E-02 6.32701442E-02 4.93851788E-02 5.69017902E-02
 8.12480897E-02 0.121935956 0.118100479 9.89249125E-02 6.18352331E-02
 9.57895219E-02 0.101727843 6.25072122E-02 7.15773776E-02 9.06250477E-02
 7.28133246E-02 2.54062507E-02 2.88556106E-02 7.24573657E-02 5.71206845E-02
 5.84440529E-02 6.28857613E-02 9.34897810E-02 5.20826839E-02 -1.11173224E-02
 3.21878232E-02 5.29160500E-02 8.35069939E-02 0.103663191 0.174108312
 0.128548399 7.22263604E-02 6.91492781E-02 4.13331501E-02 0.100281730
 5.20389117E-02 9.38125923E-02 7.94158727E-02 6.83935732E-02 7.37453252E-02
 7.00184107E-02 6.20921217E-02 2.26731002E-02 1.07715663E-03 2.07258165E-02
 7.98336193E-02 9.16172713E-02 0.104412585 9.17136297E-02 5.24034947E-02
 4.98369746E-02 6.67750165E-02 3.12392749E-02 0.124391474 8.56391490E-02
 0.112019680 6.80267140E-02 6.59529269E-02 3.18043567E-02 3.11514791E-02
 8.85587558E-02 0.121644452 9.79036186E-03 -2.89477147E-02 -3.05218599E-03
 4.90455143E-02 4.13335785E-02 -2.43220646E-02 7.39249140E-02 0.111415587
 9.74867344E-02 7.80356079E-02 0.120433979 6.29613996E-02 5.07233217E-02
 7.17606023E-02 5.58893010E-02 3.28121483E-02 6.31482825E-02 -3.90901230E-02
 0.120029137 9.30800959E-02 8.76632482E-02 9.90511999E-02 6.45694286E-02
 9.22124684E-02 9.36482325E-02 4.56489883E-02 4.54542078E-02 7.64288101E-03
 4.52619828E-02 2.75106635E-02 -2.86074765E-02 1.59422122E-02 4.52166200E-02
 6.34326562E-02 9.22842324E-02 6.95101917E-02 2.07947642E-02 6.00192808E-02
 7.19178319E-02 7.78362602E-02 8.10411647E-02 3.37615982E-02 5.55665828E-02
 8.69492888E-02 8.87070596E-02 0.140706420 9.23088789E-02 -1.63947530E-02
 2.67526954E-02 4.74580042E-02 6.98722526E-02 8.63101631E-02 -7.00492086E-03
 0.123808391 0.111289337 5.67596704E-02 7.20020384E-02 0.143389910
 0.132226229 4.77140583E-02 5.18483445E-02 2.96018515E-02 4.68889996E-02
 4.58320156E-02 0.125329435 5.38822263E-02 4.09349613E-02 8.28046650E-02
 8.86736140E-02 0.151460156 0.153721586 5.13803512E-02 0.129689738
 0.108438462 8.82706940E-02 0.115049616 1.64309132E-03 4.90740873E-02
 5.45646548E-02 4.02268171E-02 5.23573384E-02 5.93934320E-02 2.33267061E-02
 1.97657757E-02 5.28769344E-02 -2.58954708E-02 5.50212152E-02 6.51824325E-02
 5.44279441E-03 8.65556486E-03 4.74719703E-02 0.108167879 9.76836756E-02
 0.104817562 0.131368175 0.112309434 6.75596967E-02 6.96037337E-02
 5.29622063E-02 8.96412656E-02 7.83085823E-02 0.135908321 7.88121000E-02
 7.58330896E-02 4.37203869E-02 9.61904377E-02 -4.70505841E-03 -6.35211319E-02
 -7.32285343E-03 -4.84860390E-02 3.97905000E-02 -2.32684016E-02 -5.88541757E-03
 5.75633645E-02 3.55645567E-02 0.168447316 9.81045887E-02 4.60653752E-03
 9.85522494E-02 0.110861436 7.09310025E-02 1.45293120E-02 3.29275690E-02
 8.56899396E-02 -1.56179559E-03 1.10744732E-02 7.55027831E-02 6.01530522E-02
 8.66784751E-02 5.51309250E-02 5.19725718E-02 -9.36522265E-04 0.104521051
 0.138905674 0.119469002 7.27173984E-02 9.89663079E-02 0.103312649
 1.95550453E-02 6.51491359E-02 4.20302413E-02 -4.30627130E-02 -3.07361651E-02
 -6.05631433E-03 9.56581160E-03 3.59523632E-02 2.11518724E-02 5.06608002E-02
 4.07811627E-02 -3.67566086E-02 -1.69301797E-02 1.78312175E-02 8.67622439E-03
 5.45399636E-03 0.141795158 0.178962901 9.61573273E-02 0.107425094
 0.107550226 9.96457562E-02 6.16364814E-02 4.22987081E-02 0.102826543
 0.116623089 0.143376738 0.159287006 5.69501594E-02 3.89202312E-02
 -4.69155349E-02 5.99890649E-02 9.39230993E-02 8.01906511E-02 8.63435119E-02
 8.70649964E-02 5.38093336E-02 4.58517745E-02 3.53395604E-02 -7.74018560E-03
 0.129126132 0.118732579 -4.44599101E-03 -0.117228635 -0.112615213
 3.24882902E-02 4.93779667E-02 8.49922001E-02 0.137124121 2.20631305E-02
 4.99674939E-02 3.95163298E-02 9.54594836E-02 6.48505613E-02 6.55070841E-02
 7.52973929E-02 0.160337672 9.04271826E-02 6.75879512E-03 1.69481989E-03
 3.11710089E-02 4.46781963E-02 -3.63890966E-03 -7.77827948E-02 -1.93730444E-02
 -5.85250333E-02 -3.78883444E-02 -0.104795933 3.01556773E-02 0.262974560
 0.177867562 5.02566695E-02 0.101925075 -2.04007421E-02 -8.37856159E-02
 -5.49979135E-03 -9.27517563E-02 -6.45238310E-02 7.66850635E-02 6.97853342E-02
 1.30575458E-02 9.36161205E-02 9.00323763E-02 8.83554295E-02 9.60757956E-02
 7.67250359E-02 1.90571900E-02 0.204724327 0.165883794 0.123518646
 0.121426441 -4.59918715E-02 -4.44931798E-02 -7.48928860E-02 -9.96931121E-02
 0.201827705 0.162576795 2.49541830E-02 0.141243786 7.90826082E-02
 0.134512201 0.203174233 4.58328649E-02 0.111287124 -4.78157774E-02
 -7.81156644E-02 4.31907922E-03 7.46932207E-03 5.01505844E-02 5.86325526E-02
 0.102351889 0.143263891 8.49357769E-02 7.64366239E-02 9.88404378E-02
 4.12226208E-02 2.51637828E-02 0.134863421 -1.84363928E-02 0.103624374
 0.124464996 0.171797216 5.13082556E-02 -7.15038460E-03 2.50151604E-02
 4.85266335E-02 6.54370263E-02 -4.44528237E-02 -2.47723721E-02 8.09872374E-02
 0.133626565 7.68687576E-02 -2.10636891E-02 -0.102687627 1.91267803E-02
 -8.59041139E-02 5.81146553E-02 -8.90465602E-02 3.37011158E-03 0.172214255
 0.130961969 7.08353668E-02 9.12563652E-02 0.257304460 0.214824215
 0.132786199 0.130296975 7.78638646E-02 0.181537271 6.61618635E-02
 -1.54233770E-02 0.144821778 2.45177187E-02 9.21849683E-02 0.137138039
 8.63867924E-02 0.272294521 0.268450737 3.82176265E-02 5.65163381E-02
 0.194438413 2.18211617E-02 -4.96258251E-02 -3.04397605E-02 -4.76623960E-02
 6.09144382E-02 0.222926885 -0.109113261 -6.95418715E-02 -0.168757960
 -0.174752578 -1.98634434E-02 0.171514869 0.228646681 -7.59144872E-02
 -7.66377375E-02 0.132329285 7.98424035E-02 0.312560350 0.155098334
 0.556817234 0.281397790 7.27775618E-02 0.173846960 3.76492813E-02
 -9.67487022E-02 -0.185545772 -0.181565583 -0.200176358 -0.130288541
 0.119308844 0.193226904 -0.301418781 -0.560025573 0.120753355
 -0.733931482 -8.71934369E-02 0.502789080 0.265092969 -0.159997508
 -1.11443438E-02 -0.247196689 0.416319638 0.00000000E+00 0.00000000E+00
 0.00000000E+00 0.00000000E+00 0.00000000E+00 0.00000000E+00 0.00000000E+00
 0.00000000E+00 0.00000000E+00 0.00000000E+00 0.00000000E+00 0.00000000E+00
 0.00000000E+00 0.00000000E+00 0.00000000E+00 0.00000000E+00 0.00000000E+00
 0.00000000E+00 0.00000000E+00 0.00000000E+00 0.00000000E+00 0.00000000E+00
 0.00000000E+00 0.00000000E+00 0.00000000E+00 0.00000000E+00 0.00000000E+00
 0.00000000E+00 0.00000000E+00 0.00000000E+00 0.00000000E+00 0.00000000E+00
 0.00000000E+00 0.00000000E+00 0.00000000E+00 0.00000000E+00 0.00000000E+00
 0.00000000E+00 0.00000000E+00 0.00000000E+00 0.00000000E+00 0.00000000E+00
 0.00000000E+00 0.00000000E+00 0.00000000E+00 0.00000000E+00 0.00000000E+00
 0.00000000E+00 0.00000000E+00 0.00000000E+00 0.00000000E+00 0.00000000E+00
 0.00000000E+00 0.00000000E+00 0.00000000E+00 0.00000000E+00 0.00000000E+00
 0.00000000E+00 0.00000000E+00 0.00000000E+00 0.00000000E+00 0.00000000E+00
 0.00000000E+00 0.00000000E+00 0.00000000E+00 0.00000000E+00 0.00000000E+00
 0.00000000E+00 0.00000000E+00 0.00000000E+00 0.00000000E+00 0.00000000E+00
 0.00000000E+00 0.00000000E+00 0.00000000E+00 0.00000000E+00 0.00000000E+00
 0.00000000E+00 0.00000000E+00 0.00000000E+00 0.00000000E+00 0.00000000E+00
 0.00000000E+00 0.00000000E+00 0.00000000E+00 0.00000000E+00 0.00000000E+00
 0.00000000E+00 0.00000000E+00 0.00000000E+00 0.00000000E+00 0.00000000E+00
 0.00000000E+00 0.00000000E+00 0.00000000E+00 0.00000000E+00 0.00000000E+00
 0.00000000E+00 0.00000000E+00 0.00000000E+00 0.00000000E+00 0.00000000E+00
 0.00000000E+00 0.00000000E+00 0.00000000E+00 0.00000000E+00 0.00000000E+00
 0.00000000E+00 0.00000000E+00 0.00000000E+00 0.00000000E+00 0.00000000E+00
 0.00000000E+00 0.00000000E+00 0.00000000E+00 0.00000000E+00 0.00000000E+00
 0.00000000E+00 0.00000000E+00 0.00000000E+00 0.00000000E+00 0.00000000E+00
 0.00000000E+00 0.00000000E+00 0.00000000E+00 0.00000000E+00 0.00000000E+00
 0.00000000E+00 0.00000000E+00 0.00000000E+00 0.00000000E+00 0.00000000E+00
 0.00000000E+00 0.00000000E+00 0.00000000E+00 0.00000000E+00 0.00000000E+00
 0.00000000E+00 0.00000000E+00 0.00000000E+00 0.00000000E+00 0.00000000E+00
 0.00000000E+00 0.00000000E+00 0.00000000E+00 0.00000000E+00 0.00000000E+00
 0.00000000E+00 0.00000000E+00 0.00000000E+00 0.00000000E+00 0.00000000E+00
 0.00000000E+00 0.00000000E+00 0.00000000E+00 0.00000000E+00 0.00000000E+00
 0.00000000E+00 0.00000000E+00 0.00000000E+00 0.00000000E+00 0.00000000E+00
 0.00000000E+00 0.00000000E+00 0.00000000E+00 0.00000000E+00 0.00000000E+00
 0.00000000E+00 0.00000000E+00 0.00000000E+00 0.00000000E+00 0.00000000E+00
 0.00000000E+00 0.00000000E+00 0.00000000E+00 0.00000000E+00 0.00000000E+00
 0.00000000E+00 0.00000000E+00 0.00000000E+00 0.00000000E+00 0.00000000E+00
 0.00000000E+00 0.00000000E+00 0.00000000E+00 0.00000000E+00 0.00000000E+00
 0.00000000E+00 0.00000000E+00 0.00000000E+00 0.00000000E+00 0.00000000E+00
 0.00000000E+00 0.00000000E+00 0.00000000E+00 0.00000000E+00 0.00000000E+00
 0.00000000E+00 0.00000000E+00 0.00000000E+00 0.00000000E+00 0.00000000E+00
 0.00000000E+00 0.00000000E+00 0.00000000E+00 0.00000000E+00 0.00000000E+00
 0.00000000E+00 0.00000000E+00 0.00000000E+00 0.00000000E+00 0.00000000E+00
 0.00000000E+00 0.00000000E+00 0.00000000E+00 0.00000000E+00 0.00000000E+00
 0.00000000E+00 0.00000000E+00 0.00000000E+00 0.00000000E+00
 %Error
 0.00000000E+00 0.00000000E+00 0.00000000E+00 0.00000000E+00 0.00000000E+00
 0.00000000E+00 0.00000000E+00 0.00000000E+00 0.00000000E+00 0.00000000E+00
 0.00000000E+00 0.00000000E+00 0.00000000E+00 0.00000000E+00 0.00000000E+00
 0.00000000E+00 0.00000000E+00 0.00000000E+00 0.00000000E+00 0.00000000E+00
 0.00000000E+00 0.00000000E+00 0.00000000E+00 0.00000000E+00 0.00000000E+00
 0.00000000E+00 0.00000000E+00 0.00000000E+00 0.00000000E+00 0.00000000E+00
 0.00000000E+00 0.00000000E+00 0.00000000E+00 0.00000000E+00 0.00000000E+00
 0.00000000E+00 0.00000000E+00 0.00000000E+00 0.00000000E+00 0.00000000E+00
 0.00000000E+00 0.00000000E+00 0.00000000E+00 0.00000000E+00 0.00000000E+00
 0.00000000E+00 0.00000000E+00 0.00000000E+00 0.00000000E+00 0.00000000E+00
 0.00000000E+00 0.00000000E+00 0.00000000E+00 0.00000000E+00 0.792614818
 0.298751086 0.460548848 0.368754387 0.282787800 0.568802178
 0.591541886 0.328848064 0.420476139 0.522990048 0.400755554
 0.494521499 0.525693953 0.488263428 0.179662958 0.429500282
 0.362369388 0.275820553 0.140140399 0.160070926 0.390486658
 0.184257582 0.376656979 0.147408515 0.330421209 0.249504372
 0.161484122 0.263695836 0.354498744 0.394517690 0.393612951
 0.226442218 0.140868261 0.486468464 0.306208581 0.255466640
 0.289940149 0.328356832 0.190423608 0.180129334 0.135902897
 8.21576566E-02 0.247355312 0.180924684 0.334940583 0.267245412
 0.247038037 0.219367445 0.160734534 0.185638189 0.254024595
 0.169666246 0.268578559 0.211861700 0.231901810 0.174206257
 0.162790686 0.185211539 0.137002036 0.129004747 0.197406560
 0.254677713 0.133811295 9.66532007E-02 0.108668268 9.20246616E-02
 0.173515111 0.188005954 0.106579371 0.189731479 0.154499203
 0.187759176 0.236245543 0.216316894 0.103466786 4.82713692E-02
 4.56696600E-02 5.30701987E-02 0.111388214 0.157172874 0.137813002
 0.120493129 5.91050647E-02 4.77337986E-02 7.82138333E-02 0.109172590
 0.115243949 0.155280799 0.127938628 0.105911739 9.33887437E-02
 8.00504014E-02 8.14025030E-02 8.39803815E-02 0.109461464 9.04857963E-02
 6.26548901E-02 6.85284585E-02 7.26039261E-02 4.26111892E-02 3.43954526E-02
 4.02404591E-02 5.33359125E-02 4.74699475E-02 4.29766625E-02 4.46165688E-02
 6.79680929E-02 3.81958857E-02 0.101317443 8.49024281E-02 5.73433191E-02
 5.95870353E-02 3.95428389E-02 6.27422035E-02 6.71085194E-02 7.31255934E-02
 4.30904552E-02 3.38807181E-02 5.44825383E-02 5.60624301E-02 5.87551259E-02
 3.87592986E-02 3.81520763E-02 4.34767045E-02 3.04699820E-02 6.07878715E-02
 6.70820549E-02 5.72892837E-02 7.91599751E-02 7.29339495E-02 6.32590055E-02
 3.76959927E-02 5.39716035E-02 5.87565638E-02 5.00157364E-02 5.63505627E-02
 7.41379932E-02 3.95991914E-02 5.28642200E-02 3.39303687E-02 2.91945916E-02
 2.64738575E-02 2.59998161E-02 4.56716456E-02 4.50161621E-02 4.06615622E-02
 3.41369472E-02 5.41011319E-02 5.84810749E-02 3.50112319E-02 4.23230603E-02
 4.91221920E-02 3.70837562E-02 2.75103152E-02 2.55963039E-02 2.35051420E-02
 5.49535602E-02 3.47129665E-02 2.89582014E-02 3.51182371E-02 3.13042402E-02
 4.63368148E-02 3.25074680E-02 2.58527920E-02 5.24691381E-02 4.32344228E-02
 3.17303576E-02 4.14605588E-02 5.99818751E-02 5.42671531E-02 1.99056044E-02
 1.79688632E-02 3.77332941E-02 3.27202380E-02 1.99401565E-02 1.53699713E-02
 2.91952286E-02 4.30992804E-02 4.68190536E-02 2.08187737E-02 2.52818745E-02
 3.44512574E-02 2.65691597E-02 4.19123061E-02 3.13310400E-02 4.25289944E-02
 1.69379059E-02 1.38709713E-02 2.86539253E-02 2.96894349E-02 2.31551547E-02
 3.18986848E-02 2.77995858E-02 3.04629505E-02 2.24941373E-02 2.28037760E-02
 3.00043672E-02 3.67901959E-02 2.15251651E-02 1.61436386E-02 2.66545620E-02
 2.66561583E-02 2.62197517E-02 1.87058561E-02 3.70912217E-02 4.03187796E-02
 3.33971605E-02 2.81174369E-02 3.20763402E-02 2.02857517E-02 2.12421678E-02
 3.10029928E-02 4.10800464E-02 2.70693656E-02 1.72697883E-02 1.32030342E-02
 2.54899561E-02 3.44320796E-02 3.58606689E-02 3.79181169E-02 2.57254019E-02
 1.48726469E-02 1.34040220E-02 2.03475449E-02 1.25018517E-02 1.12143392E-02
 2.00139694E-02 2.74857711E-02 3.58265229E-02 2.96582151E-02 2.46367641E-02
 1.83513798E-02 1.38805406E-02 1.27438093E-02 1.70454942E-02 3.28852907E-02
 2.72232629E-02 1.80887077E-02 2.52781492E-02 1.89672057E-02 2.12068669E-02
 2.20712200E-02 2.83978991E-02 2.05937680E-02 3.33604738E-02 2.28148084E-02
 3.56433019E-02 1.88502278E-02 1.51666682E-02 2.41524763E-02 1.28325438E-02
 1.80688705E-02 2.78361402E-02 1.68285370E-02 1.32981222E-02 2.56416015E-02
 3.00607700E-02 1.71582978E-02 1.59704164E-02 1.91689301E-02 1.26527082E-02
 1.84988044E-02 1.80489197E-02 1.63645260E-02 1.59034580E-02 2.97471564E-02
 2.14491971E-02 1.62714366E-02 2.10048854E-02 2.41136290E-02 1.48897553E-02
 1.62417293E-02 2.41649412E-02 3.09819411E-02 2.32946482E-02 2.23898180E-02
 2.80809235E-02 2.56705303E-02 2.85271518E-02 3.35580818E-02 1.76485050E-02
 2.34921761E-02 3.33360247E-02 4.06100899E-02 4.51625362E-02 2.86790691E-02
 1.55538609E-02 1.42925866E-02 2.65543908E-02 1.90694649E-02 3.11165228E-02
 3.45037207E-02 4.23823297E-02 4.08700071E-02 3.37674916E-02 2.17832364E-02
 1.99391916E-02 1.74344014E-02 3.29856724E-02 1.80588104E-02 1.65620632E-02
 1.69432405E-02 2.67694443E-02 3.73590104E-02 3.75606790E-02 2.38150563E-02
 3.16632986E-02 1.76786017E-02 1.42934658E-02 1.74225345E-02 2.94357967E-02
 4.15413640E-02 4.20338809E-02 1.97918303E-02 1.59308873E-02 1.79098193E-02
 2.04835795E-02 1.59444511E-02 1.25446469E-02 1.80255510E-02 3.62999737E-02
 1.96891576E-02 2.69975197E-02 2.56870035E-02 3.16650793E-02 3.25964391E-02
 1.78175066E-02 1.92462243E-02 2.57916320E-02 2.64884233E-02 3.44093964E-02
 1.86201297E-02 2.41853390E-02 1.95176303E-02 2.05456838E-02 1.94574501E-02
 2.31438018E-02 2.46750247E-02 1.95627734E-02 2.15168223E-02 4.21179198E-02
 4.05081622E-02 3.97901796E-02 3.20025533E-02 3.41892317E-02 2.08278410E-02
 4.95862141E-02 4.05335426E-02 3.97767499E-02 2.56086271E-02 3.03784553E-02
 1.80390459E-02 1.95721239E-02 5.58121242E-02 4.15047184E-02 2.65183039E-02
 1.85978506E-02 2.97975950E-02 3.52646299E-02 3.90652604E-02 2.81668492E-02
 1.79293379E-02 2.13554855E-02 1.97103042E-02 3.05699892E-02 4.85103242E-02
 3.97039652E-02 2.43229643E-02 3.17750424E-02 2.79492866E-02 2.01695841E-02
 4.82641906E-02 3.05133238E-02 2.00150907E-02 3.66663709E-02 1.83740724E-02
 4.03108336E-02 2.00840011E-02 1.53461313E-02 2.17891168E-02 3.16504575E-02
 3.83591391E-02 2.76515521E-02 3.85145992E-02 4.57749367E-02 2.41770186E-02
 3.47055420E-02 3.57978046E-02 4.55426723E-02 4.17749919E-02 2.07744706E-02
 2.10817028E-02 2.14164909E-02 1.88308805E-02 2.73674168E-02 2.47511286E-02
 4.35169786E-02 2.95582432E-02 2.99123675E-02 2.36055218E-02 3.23927440E-02
 4.13289666E-02 2.93873101E-02 1.72749292E-02 1.95550509E-02 2.53541656E-02
 3.47328633E-02 2.74033714E-02 2.43262555E-02 1.88672133E-02 2.39708852E-02
 4.75129522E-02 4.16757390E-02 2.58612745E-02 2.09725425E-02 3.70958373E-02
 3.85346338E-02 2.32122261E-02 2.63602939E-02 5.81194460E-02 5.02305552E-02
 2.47281082E-02 6.22642040E-02 7.31125027E-02 3.43712643E-02 2.74481401E-02
 2.65422799E-02 5.20210937E-02 6.16863444E-02 3.92621942E-02 4.51376066E-02
 3.46871838E-02 4.56637144E-02 2.37401854E-02 4.00301926E-02 3.15258652E-02
 2.36338433E-02 3.88452597E-02 3.91100049E-02 5.14473356E-02 3.76263410E-02
 2.80448943E-02 4.07036282E-02 4.48300131E-02 4.52269614E-02 3.93197984E-02
 4.93385084E-02 5.26163541E-02 4.32398021E-02 3.55159454E-02 4.57949378E-02
 2.91629471E-02 3.33005674E-02 2.99275797E-02 2.96241045E-02 2.60880124E-02
 2.35307906E-02 2.42287461E-02 4.99823242E-02 6.46185800E-02 3.85771692E-02
 5.02437875E-02 7.31152743E-02 7.56049678E-02 3.37255299E-02 2.64409613E-02
 5.35418279E-02 3.91330123E-02 5.34528159E-02 5.79476878E-02 3.14173438E-02
 2.98498962E-02 3.35379876E-02 4.45130989E-02 6.27407804E-02 5.42749166E-02
 4.82574664E-02 4.75728512E-02 3.14387158E-02 5.74747510E-02 4.83152680E-02
 3.73982564E-02 3.56795602E-02 5.76495379E-02 4.97829095E-02 3.44935916E-02
 5.96012920E-02 5.07181212E-02 5.29560447E-02 4.49438058E-02 3.77958715E-02
 5.14060706E-02 5.40468320E-02 5.86634502E-02 7.95121193E-02 6.69353306E-02
 7.94026628E-02 7.37038702E-02 5.66262864E-02 3.33860666E-02 2.64661647E-02
 7.94710144E-02 4.47520576E-02 3.39582562E-02 8.82856771E-02 9.35041010E-02
 5.90267517E-02 6.61920980E-02 3.67923006E-02 3.88825499E-02 8.02192688E-02
 9.80914906E-02 5.81007265E-02 6.15558773E-02 8.90612975E-02 4.12594713E-02
 7.49843046E-02 8.55791122E-02 6.76018149E-02 5.96204363E-02 3.58049460E-02
 4.19620611E-02 3.73371951E-02 3.63366790E-02 7.54104778E-02 3.32512632E-02
 2.65040938E-02 3.26250680E-02 6.19743094E-02 5.78468591E-02 5.91102913E-02
 5.17718047E-02 6.00589439E-02 4.78185602E-02 3.18420641E-02 7.81450197E-02
 6.33409917E-02 5.74846044E-02 3.12443599E-02 2.93885469E-02 3.48153748E-02
 3.74538563E-02 5.43447509E-02 8.85452554E-02 8.86841267E-02 9.15644541E-02
 3.33904885E-02 5.32499179E-02 3.71821411E-02 5.11262976E-02 5.15483245E-02
 4.30044718E-02 9.71610770E-02 0.110377654 7.35745803E-02 4.28087749E-02
 8.26954767E-02 7.50933886E-02 4.81354818E-02 5.43969683E-02 7.57771060E-02
 8.40202868E-02 3.98933291E-02 4.18553464E-02 5.07423729E-02 8.09206367E-02
 6.60692900E-02 4.66203950E-02 4.02175225E-02 6.54294938E-02 6.90189749E-02
 7.25458562E-02 5.92219308E-02 7.28660524E-02 5.12980334E-02 3.83699983E-02
 3.73098142E-02 7.38601834E-02 9.43892896E-02 4.46726009E-02 5.49635664E-02
 4.15489152E-02 6.12509623E-02 5.49759306E-02 8.79844278E-02 8.05049315E-02
 5.34600466E-02 6.37062937E-02 6.31285980E-02 4.17929664E-02 8.34307075E-02
 4.36113887E-02 9.21929628E-02 5.33307195E-02 4.35153209E-02 3.54552977E-02
 7.05552995E-02 9.73008052E-02 0.105416179 4.82274555E-02 7.85882995E-02
 0.123036616 8.80565271E-02 6.90055862E-02 0.163151994 6.96918443E-02
 9.40758213E-02 0.123871118 8.25144723E-02 9.45103914E-02 0.109393641
 4.71030362E-02 4.59176265E-02 6.27478287E-02 3.44756544E-02 4.91985120E-02
 5.15720174E-02 0.113883756 0.123267129 0.118025497 8.38659555E-02
 0.107100897 5.95260598E-02 5.09913266E-02 5.70823960E-02 7.05606490E-02
 7.48884827E-02 9.09212008E-02 0.140209571 0.152985990 0.103305876
 0.134634569 0.127192229 4.57406752E-02 6.07223883E-02 4.90547903E-02
 0.106857367 0.135191306 0.101620495 8.92164037E-02 9.94930044E-02
 0.105076745 0.171370193 0.161596894 0.129245996 0.138171673
 9.58461463E-02 9.26113948E-02 8.87966007E-02 5.74327782E-02 7.55783021E-02
 0.143617481 0.143122092 9.36281830E-02 4.08343785E-02 0.107814595
 8.27724934E-02 0.128010258 7.04236180E-02 7.93828741E-02 5.08804321E-02
 5.69653101E-02 0.132290810 8.20047930E-02 4.65756655E-02 6.87918887E-02
 8.78557339E-02 5.62377498E-02 0.116606444 0.129454717 0.147730723
 0.149513736 9.35154483E-02 7.63404071E-02 0.128826335 0.148265362
 9.46314558E-02 0.131512314 0.154234603 0.164669827 0.107661799
 0.110393777 0.104811400 0.161924243 0.184821546 0.127195865
 9.10543650E-02 0.136751324 0.167086855 0.132657692 8.14524740E-02
 0.143460706 0.145312369 0.110103935 0.169018582 0.116912983
 8.81955922E-02 6.13722131E-02 9.96320248E-02 0.185281038 0.142135069
 0.142557323 0.208229780 0.200764224 0.185860768 8.50213021E-02
 0.127992764 0.134072736 8.83819461E-02 0.242632061 7.95712695E-02
 9.10338759E-02 7.87575841E-02 0.241898954 0.157601058 6.20070621E-02
 0.161257520 0.117420256 0.215682596 0.174826518 0.153529093
 0.149314895 0.134642690 0.186550304 0.144337773 0.122675054
 7.00865686E-02 0.190936550 0.110147104 6.86282888E-02 0.155266985
 0.117171273 7.09203780E-02 0.283190399 0.227720290 0.206504270
 0.115419433 0.167493895 0.310190529 0.188925296 0.302544087
 0.161674559 0.289585441 0.136085674 0.328142077 0.252543837
 0.206004292 0.123231925 0.177091211 0.00000000E+00 0.00000000E+00
 0.00000000E+00 0.00000000E+00 0.00000000E+00 0.00000000E+00 0.00000000E+00
 0.00000000E+00 0.00000000E+00 0.00000000E+00 0.00000000E+00 0.00000000E+00
 0.00000000E+00 0.00000000E+00 0.00000000E+00 0.00000000E+00 0.00000000E+00
 0.00000000E+00 0.00000000E+00 0.00000000E+00 0.00000000E+00 0.00000000E+00
 0.00000000E+00 0.00000000E+00 0.00000000E+00 0.00000000E+00 0.00000000E+00
 0.00000000E+00 0.00000000E+00 0.00000000E+00 0.00000000E+00 0.00000000E+00
 0.00000000E+00 0.00000000E+00 0.00000000E+00 0.00000000E+00 0.00000000E+00
 0.00000000E+00 0.00000000E+00 0.00000000E+00 0.00000000E+00 0.00000000E+00
 0.00000000E+00 0.00000000E+00 0.00000000E+00 0.00000000E+00 0.00000000E+00
 0.00000000E+00 0.00000000E+00 0.00000000E+00 0.00000000E+00 0.00000000E+00
 0.00000000E+00 0.00000000E+00 0.00000000E+00 0.00000000E+00 0.00000000E+00
 0.00000000E+00 0.00000000E+00 0.00000000E+00 0.00000000E+00 0.00000000E+00
 0.00000000E+00 0.00000000E+00 0.00000000E+00 0.00000000E+00 0.00000000E+00
 0.00000000E+00 0.00000000E+00 0.00000000E+00 0.00000000E+00 0.00000000E+00
 0.00000000E+00 0.00000000E+00 0.00000000E+00 0.00000000E+00 0.00000000E+00
 0.00000000E+00 0.00000000E+00 0.00000000E+00 0.00000000E+00 0.00000000E+00
 0.00000000E+00 0.00000000E+00 0.00000000E+00 0.00000000E+00 0.00000000E+00
 0.00000000E+00 0.00000000E+00 0.00000000E+00 0.00000000E+00 0.00000000E+00
 0.00000000E+00 0.00000000E+00 0.00000000E+00 0.00000000E+00 0.00000000E+00
 0.00000000E+00 0.00000000E+00 0.00000000E+00 0.00000000E+00 0.00000000E+00
 0.00000000E+00 0.00000000E+00 0.00000000E+00 0.00000000E+00 0.00000000E+00
 0.00000000E+00 0.00000000E+00 0.00000000E+00 0.00000000E+00 0.00000000E+00
 0.00000000E+00 0.00000000E+00 0.00000000E+00 0.00000000E+00 0.00000000E+00
 0.00000000E+00 0.00000000E+00 0.00000000E+00 0.00000000E+00 0.00000000E+00
 0.00000000E+00 0.00000000E+00 0.00000000E+00 0.00000000E+00 0.00000000E+00
 0.00000000E+00 0.00000000E+00 0.00000000E+00 0.00000000E+00 0.00000000E+00
 0.00000000E+00 0.00000000E+00 0.00000000E+00 0.00000000E+00 0.00000000E+00
 0.00000000E+00 0.00000000E+00 0.00000000E+00 0.00000000E+00 0.00000000E+00
 0.00000000E+00 0.00000000E+00 0.00000000E+00 0.00000000E+00 0.00000000E+00
 0.00000000E+00 0.00000000E+00 0.00000000E+00 0.00000000E+00 0.00000000E+00
 0.00000000E+00 0.00000000E+00 0.00000000E+00 0.00000000E+00 0.00000000E+00
 0.00000000E+00 0.00000000E+00 0.00000000E+00 0.00000000E+00 0.00000000E+00
 0.00000000E+00 0.00000000E+00 0.00000000E+00 0.00000000E+00 0.00000000E+00
 0.00000000E+00 0.00000000E+00 0.00000000E+00 0.00000000E+00 0.00000000E+00
 0.00000000E+00 0.00000000E+00 0.00000000E+00 0.00000000E+00 0.00000000E+00
 0.00000000E+00 0.00000000E+00 0.00000000E+00 0.00000000E+00 0.00000000E+00
 0.00000000E+00 0.00000000E+00 0.00000000E+00 0.00000000E+00 0.00000000E+00
 0.00000000E+00 0.00000000E+00 0.00000000E+00 0.00000000E+00 0.00000000E+00
 0.00000000E+00 0.00000000E+00 0.00000000E+00 0.00000000E+00 0.00000000E+00
 0.00000000E+00 0.00000000E+00 0.00000000E+00 0.00000000E+00 0.00000000E+00
 0.00000000E+00 0.00000000E+00 0.00000000E+00 0.00000000E+00 0.00000000E+00
 0.00000000E+00 0.00000000E+00 0.00000000E+00 0.00000000E+00 0.00000000E+00
 0.00000000E+00 0.00000000E+00 0.00000000E+00 0.00000000E+00 0.00000000E+00
 0.00000000E+00 0.00000000E+00 0.00000000E+00 0.00000000E+00
