 *****************************************
 INPUT FITS file = hpolccd_bet-cmi_20000212b_hw.fits                                               
 OUTPUT LISTING file = hpolccd_bet-cmi_20000212b_hw.lis                                                
 *****************************************
 SIMPLE  =                    T / file does conform to FITS standard             
 BITPIX  =                  -32 / number of bits per data pixel                  
 NAXIS   =                    1 / number of data axes                            
 NAXIS1  =                 1200 / length of data axis 1                          
 EXTEND  =                    T / FITS dataset may contain extensions            
 COMMENT   FITS (Flexible Image Transport System) format is defined in 'Astronomy
 COMMENT   and Astrophysics', volume 376, page 359; bibcode: 2001A&A...376..359H 
 CRVAL1  =              2931.00 / [angstrom] Wavelength first pixel              
 CDELT1  =                 3.00 / [angstrom] Number of Angstroms/pixel           
 CRPIX1  =                 1.00 / Starting pixel number                          
 WAVE2   =              6528.00 / [angstrom] Wavelength of last pixel            
 CTYPE1  = 'WAVELENGTH'         / [angstrom] Wavelength                          
 CUNIT1  = 'angstrom'           / [angstrom] Unit of Wavelength                  
 BUNIT   = 'erg/cm**2/s/angstrom' / [erg/cm**2/s/angstrom] Unit of Flux (FLAMBDA)
 FILENAME= 'hpolccd_bet-cmi_20000212b_hw.fits' / FITS file name                  
 ORIGIN  = 'UW-Space Astronomy Lab' / Creator of FITS file                       
 DATE    = '2013-04-09T20:27:23' / FITS file creation date                       
 DATE-OBS= '2000-02-12'         / [ccyy-mm-dd] UT Date of Observation            
 MJD-OBS =             51586.75 / [d] MJD at start of obs (JD-2,400,000.05)      
 OBSERVAT= 'Pine Bluff'         / Observatory                                    
 TELESCOP= '36-inch '           / Telescope                                      
 INSTRUME= 'SPECTROPOLARIMETER' / Instrument Used                                
 MODE    = 'HPOL    '           / Halfwave Polarimeter Mode                      
 DETECTOR= 'CCD     '           / Detector                                       
 GRATING = 'blue    '           / Grating                                        
 OBJECT  = 'Bet-CMi '           / Object Observed                                
 NAME2   = 'HD58715 '           / Alternate Object Name                          
 ID      = '2275    '           / WUPPE ID number for Object                     
 TYPE    = 'Be      '           / Type of Object                                 
 SPTYPE  = 'B8Ve    '           / Spectral Type                                  
 VMAG    =                  2.9 / [mag] V magnitude                              
 EQUINOX =               2000.0 / Equinox for coordinates                        
 RADECSYS= 'FK5     '           / spatial reference frame                        
 CRA     = '07:27:09.1'         / [hh:mm:ss.s] Right Ascension                   
 CDEC    = '+08:17:23'          / [sdd:mm:ss] Declination                        
 RA      =           111.787918 / [deg] Right ascension                          
 DEC     =             8.289722 / [deg] Declination                              
 EXPOSURE=              1536.00 / [s] Useful Exposure Time                       
 TSPC    =                -6.60 / [celsius] Spectrometer Temperature             
 THERM   =               -52.10 / [celsius] Detector temperature                 
 POSANGLE=                90.00 / [deg] Observatory Position Angle               
 SLIT    =                    3 / Slit Number of Entrance Aperture               
 DECKER  =                    5 / Decker Number of Entrance Aperture             
 COMMENT Note: The most commonly used slit/decker combination                    
 COMMENT is  slit=3, decker=5 (6 arcsec x 12 arcsec).                            
 COMMENT Slit Widths for this HPOL system are (in arcsec):                       
 COMMENT 1: 1.5, 2: 3.0, 3: 6.0, 4: 12.0, 5: 50.0, 0: unknown                    
 COMMENT The decker controls the length of the slit being used.                  
 COMMENT Deckers for this HPOL system are (in arcsec):                           
 COMMENT 1: 200.0, 2: 12 (1 & 2 are single aperture)                             
 COMMENT 3: 3.0, 4: 6.0, 5: 12.0, 6: 20.0, 7: 40.0                               
 COMMENT 8: 80.0, 0: unknown                                                     
 OBSERVER= 'pjm     '           / Observer of the Data                           
 REDUCER = 'mrm     '           / Reducer of the Data                            
 DATASTAT= 'OK      '           / Data Status                                    
 REDCOMME= '_       '           / Data reduction comments                        
 COMMENT Useful red grating data generally are from 5980A-10500A                 
 COMMENT with a spectral resolution of 10A.                                      
 COMMENT Useful blue grating data generally are from 3200A-6020A                 
 COMMENT with a spectral resolution of 8A.                                       
 COMMENT HPOL CCD flux calibration has a relative flux accuracy of 0.05          
 COMMENT magnitudes for the 3/5 (6 arcsec/12 arcsec) slit/decker combination.    
 COMMENT Relative fluxes below 3600A and above 9000A can be substantially        
 COMMENT worse due to extinction correction inaccuracies and nightly             
 COMMENT atmospheric water content variability.                                  
 COMMENT Fluxes are not absolute due to non-photometric skies.                   
 Fluxes (Flambda)
 0.00000000E+00 0.00000000E+00 0.00000000E+00 0.00000000E+00 0.00000000E+00
 0.00000000E+00 0.00000000E+00 0.00000000E+00 0.00000000E+00 0.00000000E+00
 0.00000000E+00 0.00000000E+00 0.00000000E+00 0.00000000E+00 0.00000000E+00
 0.00000000E+00 0.00000000E+00 0.00000000E+00 0.00000000E+00 0.00000000E+00
 0.00000000E+00 0.00000000E+00 0.00000000E+00 0.00000000E+00 0.00000000E+00
 0.00000000E+00 0.00000000E+00 0.00000000E+00 0.00000000E+00 0.00000000E+00
 0.00000000E+00 0.00000000E+00 0.00000000E+00 0.00000000E+00 0.00000000E+00
 0.00000000E+00 0.00000000E+00 0.00000000E+00 0.00000000E+00 0.00000000E+00
 0.00000000E+00 0.00000000E+00 0.00000000E+00 0.00000000E+00 0.00000000E+00
 0.00000000E+00 0.00000000E+00 0.00000000E+00 0.00000000E+00 0.00000000E+00
 0.00000000E+00 0.00000000E+00 0.00000000E+00 0.00000000E+00 0.00000000E+00
 0.00000000E+00 0.00000000E+00 0.00000000E+00 0.00000000E+00 0.00000000E+00
 0.00000000E+00 0.00000000E+00 0.00000000E+00 0.00000000E+00 0.00000000E+00
 0.00000000E+00 0.00000000E+00 0.00000000E+00 0.00000000E+00 0.00000000E+00
 0.00000000E+00 0.00000000E+00 0.00000000E+00 0.00000000E+00 0.00000000E+00
 0.00000000E+00 0.00000000E+00 0.00000000E+00 0.00000000E+00 0.00000000E+00
 0.00000000E+00 0.00000000E+00 0.00000000E+00 0.00000000E+00 0.00000000E+00
 0.00000000E+00 0.00000000E+00 0.00000000E+00 0.00000000E+00 0.00000000E+00
 3.85352167E-10 4.06567113E-10 4.11859130E-10 3.94170974E-10 3.93918648E-10
 3.97414546E-10 3.81999071E-10 3.81003062E-10 3.80993403E-10 3.75398795E-10
 3.67480407E-10 3.78479109E-10 3.93559824E-10 3.80502185E-10 3.72560677E-10
 3.73226311E-10 3.84380888E-10 3.84709847E-10 3.74351522E-10 3.73877679E-10
 3.71775971E-10 3.70608072E-10 3.75136533E-10 3.72847697E-10 3.71012859E-10
 3.63519298E-10 3.66906144E-10 3.70129177E-10 3.59446750E-10 3.67519737E-10
 3.66618985E-10 3.68276687E-10 3.44271889E-10 3.51155244E-10 3.61662200E-10
 3.47894130E-10 3.46190770E-10 3.54265672E-10 3.43832934E-10 3.45415946E-10
 3.45553419E-10 3.41288720E-10 3.43649387E-10 3.45254214E-10 3.39544753E-10
 3.39328426E-10 3.36891903E-10 3.37840367E-10 3.00307140E-10 3.23562899E-10
 3.35578787E-10 3.15195758E-10 3.27139843E-10 3.30789424E-10 3.37998851E-10
 3.34987149E-10 3.41125739E-10 3.40959622E-10 3.31995154E-10 3.37735784E-10
 3.31817157E-10 3.30510008E-10 3.27776195E-10 3.36228212E-10 3.32799177E-10
 3.29003047E-10 3.30079325E-10 3.29620220E-10 3.25110383E-10 3.27001398E-10
 3.29710509E-10 3.27109922E-10 3.27675026E-10 3.28461230E-10 3.22876698E-10
 3.24789501E-10 3.25188404E-10 3.24430954E-10 3.17018356E-10 3.26524863E-10
 3.19474752E-10 3.19124949E-10 3.19568483E-10 3.22798788E-10 3.23540889E-10
 3.20073579E-10 3.22272098E-10 3.20754312E-10 3.15137721E-10 3.16557586E-10
 3.18371940E-10 3.20855453E-10 3.15922705E-10 3.12550347E-10 3.15897808E-10
 3.15487997E-10 3.13122001E-10 3.14453991E-10 3.17273680E-10 3.12619153E-10
 3.14143295E-10 3.10610232E-10 3.12636861E-10 3.09037990E-10 3.08431003E-10
 3.09357651E-10 3.09343579E-10 3.06454306E-10 3.04278325E-10 3.04533065E-10
 3.02405878E-10 3.04437198E-10 3.00472924E-10 2.98619934E-10 2.99614472E-10
 2.98281733E-10 2.98901959E-10 2.97934483E-10 2.95184294E-10 2.98164687E-10
 2.96654673E-10 2.94135660E-10 2.95794861E-10 2.95810987E-10 2.95618391E-10
 2.94519992E-10 2.94986646E-10 2.92678159E-10 2.92196684E-10 2.90250629E-10
 2.89404500E-10 2.87701613E-10 2.88174457E-10 2.86004248E-10 2.86125401E-10
 2.84164137E-10 2.83313262E-10 2.83833845E-10 2.85896279E-10 2.82714990E-10
 2.81901058E-10 2.81722257E-10 2.83040563E-10 2.83569335E-10 2.83936541E-10
 2.81448670E-10 2.80966361E-10 2.81897672E-10 2.82576990E-10 2.81729362E-10
 2.79791107E-10 2.79261725E-10 2.77832646E-10 2.77359580E-10 2.79326090E-10
 2.77770834E-10 2.77588591E-10 2.77022960E-10 2.79602869E-10 2.77658646E-10
 2.80579560E-10 2.81874968E-10 2.81185686E-10 2.81302176E-10 2.83762625E-10
 2.86451113E-10 2.88676222E-10 2.92936120E-10 2.97358804E-10 2.98499225E-10
 3.05505982E-10 3.14450438E-10 3.13595122E-10 3.17598420E-10 3.34515221E-10
 3.44339335E-10 3.37738892E-10 3.35078160E-10 3.56305346E-10 3.83558352E-10
 3.91236044E-10 3.72235659E-10 3.57215285E-10 3.70966952E-10 4.07305828E-10
 4.44569104E-10 4.59712490E-10 4.39269759E-10 4.02814976E-10 3.80971088E-10
 3.99072442E-10 4.49522530E-10 4.97259567E-10 5.27597466E-10 5.40435752E-10
 5.28306454E-10 4.92781871E-10 4.41445464E-10 4.09466960E-10 4.17121421E-10
 4.69157324E-10 5.23769750E-10 5.65233471E-10 5.91457328E-10 6.11493134E-10
 6.12141560E-10 6.06346862E-10 5.87151328E-10 5.53801172E-10 4.96299279E-10
 4.41756520E-10 4.18736379E-10 4.50467302E-10 5.09266185E-10 5.59390645E-10
 6.01077799E-10 6.24359842E-10 6.46099285E-10 6.51895538E-10 6.63401833E-10
 6.61926403E-10 6.59047261E-10 6.54870658E-10 6.43111120E-10 6.28495089E-10
 6.00324235E-10 5.57824842E-10 4.88947882E-10 4.29241531E-10 4.09058898E-10
 4.41738784E-10 4.96668040E-10 5.48100620E-10 5.85545445E-10 6.15774765E-10
 6.30609009E-10 6.45332621E-10 6.55905275E-10 6.59025112E-10 6.59549970E-10
 6.56823262E-10 6.56931731E-10 6.53419041E-10 6.50484000E-10 6.45033527E-10
 6.41496467E-10 6.40658582E-10 6.35396902E-10 6.27508157E-10 6.19808704E-10
 6.06431516E-10 5.80582193E-10 5.51413804E-10 5.12780263E-10 4.58934335E-10
 3.99509537E-10 3.72632369E-10 3.96707417E-10 4.46533283E-10 4.97778874E-10
 5.33986078E-10 5.58903590E-10 5.75079706E-10 5.86549420E-10 5.93127547E-10
 6.01243721E-10 5.98951833E-10 6.03135597E-10 6.00439032E-10 5.97888128E-10
 5.99367111E-10 6.00445638E-10 5.99095606E-10 5.96197258E-10 5.83647852E-10
 5.79971626E-10 5.85650028E-10 5.87074778E-10 5.89940763E-10 5.91088900E-10
 5.85260951E-10 5.82722037E-10 5.82466575E-10 5.81344639E-10 5.78035619E-10
 5.77392800E-10 5.74447490E-10 5.73133152E-10 5.68391501E-10 5.62861036E-10
 5.57670410E-10 5.47071888E-10 5.45786527E-10 5.36000966E-10 5.25379074E-10
 5.06962694E-10 4.82591911E-10 4.46444243E-10 4.00922934E-10 3.47182699E-10
 3.21755539E-10 3.41454642E-10 3.88562044E-10 4.35431968E-10 4.71663375E-10
 4.93511454E-10 5.10120723E-10 5.18176169E-10 5.22765831E-10 5.22411614E-10
 5.27966282E-10 5.32868250E-10 5.36260980E-10 5.33456834E-10 5.32968281E-10
 5.35789357E-10 5.35803013E-10 5.36579170E-10 5.38775025E-10 5.38137479E-10
 5.37325739E-10 5.37466960E-10 5.33287470E-10 5.31288735E-10 5.32800859E-10
 5.33846634E-10 5.34041811E-10 5.29614796E-10 5.27921207E-10 5.27539512E-10
 5.26699684E-10 5.26276800E-10 5.24514820E-10 5.18943444E-10 5.20851251E-10
 5.20458843E-10 5.21600207E-10 5.22723198E-10 5.20277266E-10 5.19318477E-10
 5.19930654E-10 5.18566856E-10 5.15695264E-10 5.15295029E-10 5.14047416E-10
 5.14169651E-10 5.09852105E-10 5.14553844E-10 5.12057174E-10 5.10118725E-10
 5.08592224E-10 5.04592979E-10 5.04203124E-10 5.02420994E-10 5.00522179E-10
 4.98222685E-10 4.96686969E-10 4.98053210E-10 4.98390940E-10 4.97845709E-10
 4.96617969E-10 4.95399166E-10 4.95738672E-10 4.95730845E-10 4.94443153E-10
 4.93142305E-10 4.91697627E-10 4.89808805E-10 4.85342433E-10 4.81112428E-10
 4.78045992E-10 4.75197715E-10 4.69772887E-10 4.60221444E-10 4.51461923E-10
 4.35922326E-10 4.12826440E-10 3.79940857E-10 3.37838868E-10 2.98535502E-10
 2.81582563E-10 3.01545511E-10 3.39900080E-10 3.80803333E-10 4.10931233E-10
 4.30607522E-10 4.43442116E-10 4.51079063E-10 4.55567029E-10 4.62166666E-10
 4.64724204E-10 4.67984484E-10 4.66570504E-10 4.65920580E-10 4.65760042E-10
 4.60358307E-10 4.58037774E-10 4.63535682E-10 4.67279937E-10 4.70440353E-10
 4.68103001E-10 4.65720851E-10 4.65495892E-10 4.64535160E-10 4.64928845E-10
 4.62558714E-10 4.64189326E-10 4.62791444E-10 4.59330296E-10 4.58056981E-10
 4.56413574E-10 4.53316995E-10 4.52841986E-10 4.55288585E-10 4.54778853E-10
 4.54352278E-10 4.53067389E-10 4.51227028E-10 4.50151250E-10 4.50302545E-10
 4.49059123E-10 4.47065440E-10 4.42685499E-10 4.36500225E-10 4.33554609E-10
 4.34604991E-10 4.30092600E-10 4.27724051E-10 4.32550606E-10 4.38185654E-10
 4.38701186E-10 4.39659531E-10 4.37301279E-10 4.37320263E-10 4.37503506E-10
 4.34832170E-10 4.33088815E-10 4.33390906E-10 4.32588604E-10 4.32407693E-10
 4.30901897E-10 4.29127761E-10 4.28311581E-10 4.28685476E-10 4.27443358E-10
 4.25207064E-10 4.24173363E-10 4.24204394E-10 4.20870810E-10 4.21207319E-10
 4.21090302E-10 4.18939439E-10 4.17529289E-10 4.17469309E-10 4.15992546E-10
 4.17337415E-10 4.15064649E-10 4.14094897E-10 4.13585888E-10 4.12224282E-10
 4.12012119E-10 4.11732010E-10 4.10085271E-10 4.08708761E-10 4.06996437E-10
 4.05672523E-10 4.05284944E-10 4.04003830E-10 4.02985562E-10 4.02904293E-10
 4.00895733E-10 4.00703803E-10 3.98765854E-10 3.98843958E-10 3.96804672E-10
 3.97299610E-10 3.96670696E-10 3.94453165E-10 3.94151822E-10 3.92776561E-10
 3.92255783E-10 3.91660898E-10 3.90983995E-10 3.90918381E-10 3.89263982E-10
 3.88945376E-10 3.87450544E-10 3.85399102E-10 3.85249860E-10 3.85013355E-10
 3.83172244E-10 3.83514498E-10 3.82514159E-10 3.82280319E-10 3.82748472E-10
 3.80841275E-10 3.80258103E-10 3.79439258E-10 3.79544729E-10 3.79608484E-10
 3.77060660E-10 3.76107784E-10 3.75231929E-10 3.74802550E-10 3.72868236E-10
 3.71258579E-10 3.70557723E-10 3.70750680E-10 3.70676601E-10 3.71270181E-10
 3.68949343E-10 3.67140096E-10 3.67505387E-10 3.65348057E-10 3.62904262E-10
 3.64298730E-10 3.62345209E-10 3.60968505E-10 3.59445113E-10 3.59229757E-10
 3.58970326E-10 3.58828939E-10 3.57754742E-10 3.55646762E-10 3.55345503E-10
 3.55918822E-10 3.54583168E-10 3.54752172E-10 3.53073043E-10 3.52901292E-10
 3.52194912E-10 3.51737028E-10 3.50682983E-10 3.50693863E-10 3.49923479E-10
 3.49123952E-10 3.48514606E-10 3.46578044E-10 3.46086715E-10 3.45016654E-10
 3.44453466E-10 3.42187861E-10 3.39762635E-10 3.38316875E-10 3.34877820E-10
 3.32192635E-10 3.27757627E-10 3.22069676E-10 3.13650911E-10 3.01697972E-10
 2.84503976E-10 2.60896221E-10 2.35774261E-10 2.20773344E-10 2.18190577E-10
 2.28334254E-10 2.51125953E-10 2.76110884E-10 2.93412433E-10 3.06758174E-10
 3.13356785E-10 3.18328697E-10 3.22811639E-10 3.23721050E-10 3.25187349E-10
 3.26614208E-10 3.27880861E-10 3.28269634E-10 3.28474026E-10 3.27336991E-10
 3.27960187E-10 3.27004562E-10 3.26060401E-10 3.24588634E-10 3.24527683E-10
 3.24305388E-10 3.24158644E-10 3.23603228E-10 3.22594090E-10 3.21960153E-10
 3.21332544E-10 3.20202836E-10 3.19372778E-10 3.18033266E-10 3.17069149E-10
 3.18411852E-10 3.17283866E-10 3.16947774E-10 3.15662135E-10 3.13905818E-10
 3.13982673E-10 3.14579834E-10 3.13106846E-10 3.12654763E-10 3.12471188E-10
 3.11465603E-10 3.10069775E-10 3.09069548E-10 3.10360432E-10 3.08676529E-10
 3.06851849E-10 3.04701320E-10 3.04947428E-10 3.05673875E-10 3.05322267E-10
 3.05001302E-10 3.05052261E-10 3.02106784E-10 3.01065922E-10 2.99893665E-10
 2.99049868E-10 2.97624952E-10 2.96093289E-10 2.94099967E-10 2.93478103E-10
 2.94124336E-10 2.93355423E-10 2.93212149E-10 2.90008850E-10 2.90278745E-10
 2.92279284E-10 2.92102620E-10 2.91608709E-10 2.92658342E-10 2.91180441E-10
 2.90760277E-10 2.91924013E-10 2.90853897E-10 2.90561436E-10 2.90099167E-10
 2.88386037E-10 2.87962848E-10 2.87094071E-10 2.86791452E-10 2.86388413E-10
 2.85628687E-10 2.86014434E-10 2.86172946E-10 2.85303448E-10 2.84371693E-10
 2.84264445E-10 2.83735035E-10 2.83370605E-10 2.83063240E-10 2.82853380E-10
 2.81780682E-10 2.80043239E-10 2.79524875E-10 2.78010281E-10 2.77545431E-10
 2.77583123E-10 2.77183304E-10 2.77516204E-10 2.76824702E-10 2.76679679E-10
 2.77725343E-10 2.78443574E-10 2.77131484E-10 2.74863993E-10 2.73380707E-10
 2.72789485E-10 2.72619621E-10 2.72323719E-10 2.71953821E-10 2.70782896E-10
 2.70561878E-10 2.70166167E-10 2.69947176E-10 2.68019162E-10 2.68884109E-10
 2.68444406E-10 2.65439587E-10 2.64283040E-10 2.63977201E-10 2.65041045E-10
 2.64110844E-10 2.64002875E-10 2.64398975E-10 2.64485350E-10 2.62766892E-10
 2.62376731E-10 2.61276251E-10 2.60164390E-10 2.59386651E-10 2.59481270E-10
 2.59417821E-10 2.58196547E-10 2.56451888E-10 2.57032728E-10 2.58268185E-10
 2.58795874E-10 2.58792821E-10 2.58352811E-10 2.57142863E-10 2.55889976E-10
 2.54328336E-10 2.53592120E-10 2.52511650E-10 2.52829868E-10 2.52404764E-10
 2.51084514E-10 2.51147381E-10 2.49836041E-10 2.50045373E-10 2.51035248E-10
 2.51282634E-10 2.50101995E-10 2.49639504E-10 2.47979665E-10 2.47353749E-10
 2.46953930E-10 2.46780901E-10 2.46942633E-10 2.46209886E-10 2.45324150E-10
 2.45177045E-10 2.45217679E-10 2.45031634E-10 2.44760295E-10 2.44447629E-10
 2.45058612E-10 2.44588044E-10 2.44159415E-10 2.43082166E-10 2.42865367E-10
 2.42465964E-10 2.42221243E-10 2.40953424E-10 2.39815168E-10 2.39639975E-10
 2.38988274E-10 2.39131409E-10 2.38227077E-10 2.36885345E-10 2.36694442E-10
 2.36508590E-10 2.37106945E-10 2.36741682E-10 2.36911879E-10 2.36308861E-10
 2.35836489E-10 2.35800351E-10 2.35488823E-10 2.34431974E-10 2.33583430E-10
 2.33192909E-10 2.33334851E-10 2.33388558E-10 2.32756162E-10 2.31843891E-10
 2.31447264E-10 2.30886324E-10 2.30512234E-10 2.30247876E-10 2.29449085E-10
 2.28763564E-10 2.27669758E-10 2.27991875E-10 2.28241884E-10 2.28188468E-10
 2.27605934E-10 2.27386013E-10 2.26706140E-10 2.26091978E-10 2.26235058E-10
 2.25999414E-10 2.25516675E-10 2.25251637E-10 2.24248467E-10 2.23096250E-10
 2.23052188E-10 2.23712104E-10 2.23197988E-10 2.22763724E-10 2.22824093E-10
 2.23045082E-10 2.22524013E-10 2.22509872E-10 2.22375493E-10 2.22034946E-10
 2.20860413E-10 2.20273105E-10 2.19415958E-10 2.19259597E-10 2.19754992E-10
 2.18545973E-10 2.18116802E-10 2.17490956E-10 2.17586171E-10 2.17539778E-10
 2.17090013E-10 2.16420631E-10 2.15864937E-10 2.15261531E-10 2.14913434E-10
 2.13918286E-10 2.13427442E-10 2.13197127E-10 2.13354542E-10 2.13376219E-10
 2.13061957E-10 2.12599868E-10 2.12078966E-10 2.11792237E-10 2.11352241E-10
 2.10595694E-10 2.10176695E-10 2.10344950E-10 2.10233914E-10 2.09703768E-10
 2.09340101E-10 2.08685486E-10 2.08116635E-10 2.07599590E-10 2.07214870E-10
 2.06540049E-10 2.06722278E-10 2.06328052E-10 2.05876316E-10 2.05581968E-10
 2.04636572E-10 2.04915321E-10 2.04439132E-10 2.03762174E-10 2.03283293E-10
 2.02949657E-10 2.02441369E-10 2.02070957E-10 2.01729092E-10 2.01062153E-10
 2.00146621E-10 1.99906230E-10 1.99742084E-10 1.99457575E-10 1.99237057E-10
 1.98545042E-10 1.97834915E-10 1.96994018E-10 1.96999903E-10 1.96509767E-10
 1.96023281E-10 1.95545621E-10 1.95409605E-10 1.94857158E-10 1.94466332E-10
 1.94890076E-10 1.94373032E-10 1.93341163E-10 1.93353875E-10 1.93105879E-10
 1.92536237E-10 1.92775379E-10 1.92032570E-10 1.91398689E-10 1.91642341E-10
 1.91404032E-10 1.90735205E-10 1.90459273E-10 1.90131563E-10 1.90242350E-10
 1.89777929E-10 1.89197755E-10 1.89164490E-10 1.89179061E-10 1.89523744E-10
 1.89248145E-10 1.89453564E-10 1.89303795E-10 1.89467386E-10 1.89293303E-10
 1.89251018E-10 1.89460100E-10 1.89213450E-10 1.89472660E-10 1.89316465E-10
 1.89531238E-10 1.89389712E-10 1.89103247E-10 1.88486185E-10 1.88600288E-10
 1.88441832E-10 1.88101409E-10 1.87830931E-10 1.87890190E-10 1.87951973E-10
 1.87201699E-10 1.87137847E-10 1.86332547E-10 1.86040419E-10 1.85307769E-10
 1.84857560E-10 1.84227439E-10 1.83471197E-10 1.82857840E-10 1.83210891E-10
 1.83181345E-10 1.83535895E-10 1.83245003E-10 1.83388013E-10 1.83267429E-10
 1.82838397E-10 1.82051429E-10 1.81851090E-10 1.80962842E-10 1.80446463E-10
 1.80288867E-10 1.79631823E-10 1.79299478E-10 1.78882215E-10 1.78544526E-10
 1.78652537E-10 1.78296322E-10 1.77956386E-10 1.77639126E-10 1.77285367E-10
 1.76575227E-10 1.76167109E-10 1.75536599E-10 1.75503265E-10 1.75333081E-10
 1.74938661E-10 1.74643938E-10 1.74269876E-10 1.74291748E-10 1.73921155E-10
 1.73886808E-10 1.73580914E-10 1.73153672E-10 1.72560966E-10 1.72688308E-10
 1.73205006E-10 1.72664411E-10 1.72610051E-10 1.72429848E-10 1.71997416E-10
 1.71843789E-10 1.71496414E-10 1.71307690E-10 1.70730319E-10 1.70942885E-10
 1.70456149E-10 1.70433459E-10 1.70080561E-10 1.69571704E-10 1.69222261E-10
 1.68629569E-10 1.68599190E-10 1.68574626E-10 1.68116548E-10 1.67913933E-10
 1.67628647E-10 1.67248534E-10 1.67318645E-10 1.67332898E-10 1.67642775E-10
 1.67109049E-10 1.67069886E-10 1.67059033E-10 1.66825803E-10 1.66874015E-10
 0.00000000E+00 0.00000000E+00 0.00000000E+00 0.00000000E+00 0.00000000E+00
 0.00000000E+00 0.00000000E+00 0.00000000E+00 0.00000000E+00 0.00000000E+00
 0.00000000E+00 0.00000000E+00 0.00000000E+00 0.00000000E+00 0.00000000E+00
 0.00000000E+00 0.00000000E+00 0.00000000E+00 0.00000000E+00 0.00000000E+00
 0.00000000E+00 0.00000000E+00 0.00000000E+00 0.00000000E+00 0.00000000E+00
 0.00000000E+00 0.00000000E+00 0.00000000E+00 0.00000000E+00 0.00000000E+00
 0.00000000E+00 0.00000000E+00 0.00000000E+00 0.00000000E+00 0.00000000E+00
 0.00000000E+00 0.00000000E+00 0.00000000E+00 0.00000000E+00 0.00000000E+00
 0.00000000E+00 0.00000000E+00 0.00000000E+00 0.00000000E+00 0.00000000E+00
 0.00000000E+00 0.00000000E+00 0.00000000E+00 0.00000000E+00 0.00000000E+00
 0.00000000E+00 0.00000000E+00 0.00000000E+00 0.00000000E+00 0.00000000E+00
 0.00000000E+00 0.00000000E+00 0.00000000E+00 0.00000000E+00 0.00000000E+00
 0.00000000E+00 0.00000000E+00 0.00000000E+00 0.00000000E+00 0.00000000E+00
 0.00000000E+00 0.00000000E+00 0.00000000E+00 0.00000000E+00 0.00000000E+00
 0.00000000E+00 0.00000000E+00 0.00000000E+00 0.00000000E+00 0.00000000E+00
 0.00000000E+00 0.00000000E+00 0.00000000E+00 0.00000000E+00 0.00000000E+00
 0.00000000E+00 0.00000000E+00 0.00000000E+00 0.00000000E+00 0.00000000E+00
 0.00000000E+00 0.00000000E+00 0.00000000E+00 0.00000000E+00 0.00000000E+00
 0.00000000E+00 0.00000000E+00 0.00000000E+00 0.00000000E+00 0.00000000E+00
 0.00000000E+00 0.00000000E+00 0.00000000E+00 0.00000000E+00 0.00000000E+00
 0.00000000E+00 0.00000000E+00 0.00000000E+00 0.00000000E+00 0.00000000E+00
 0.00000000E+00 0.00000000E+00 0.00000000E+00 0.00000000E+00 0.00000000E+00
 0.00000000E+00 0.00000000E+00 0.00000000E+00 0.00000000E+00 0.00000000E+00
 0.00000000E+00 0.00000000E+00 0.00000000E+00 0.00000000E+00 0.00000000E+00
 0.00000000E+00 0.00000000E+00 0.00000000E+00 0.00000000E+00 0.00000000E+00
 0.00000000E+00 0.00000000E+00 0.00000000E+00 0.00000000E+00 0.00000000E+00
 0.00000000E+00 0.00000000E+00 0.00000000E+00 0.00000000E+00 0.00000000E+00
 0.00000000E+00 0.00000000E+00 0.00000000E+00 0.00000000E+00 0.00000000E+00
 0.00000000E+00 0.00000000E+00 0.00000000E+00 0.00000000E+00 0.00000000E+00
 0.00000000E+00 0.00000000E+00 0.00000000E+00 0.00000000E+00 0.00000000E+00
 *************************
 XTENSION= 'BINTABLE'           / binary table extension                         
 BITPIX  =                    8 / 8-bit bytes                                    
 NAXIS   =                    2 / 2-dimensional binary table                     
 NAXIS1  =                19200 / width of table in bytes                        
 NAXIS2  =                    1 / number of rows in table                        
 PCOUNT  =                    0 / size of special data area                      
 GCOUNT  =                    1 / one data group (required keyword)              
 TFIELDS =                    4 / number of fields in each row                   
 TTYPE1  = 'wavelength'         / label for field   1                            
 TFORM1  = '1200E   '           / data format of field: 4-byte REAL              
 TUNIT1  = 'angstrom'           / physical unit of field                         
 TTYPE2  = 'q       '           / label for field   2                            
 TFORM2  = '1200E   '           / data format of field: 4-byte REAL              
 TUNIT2  = 'percent '           / physical unit of field                         
 TTYPE3  = 'u       '           / label for field   3                            
 TFORM3  = '1200E   '           / data format of field: 4-byte REAL              
 TUNIT3  = 'percent '           / physical unit of field                         
 TTYPE4  = 'error   '           / label for field   4                            
 TFORM4  = '1200E   '           / data format of field: 4-byte REAL              
 TUNIT4  = 'percent '           / physical unit of field                         
 EXTNAME = 'polarimetry'        / name of this binary table extension            
 CALIBRAT= 'pbo3aB  '           / Instrumental polarization calibration used     
 AVE-POL =                0.053 / Mean %Pol over entire wavelength region        
 AVE-ERRO=                0.002 / Mean %Error in %Pol                            
 AVE-PA  =                45.35 / [deg] Mean Position Angle                      
 UX-POL  =                0.117 / Synthetic UX Filter %Polarization              
 UX-ERR  =                0.011 / Synthetic UX Filter %Error                     
 UX-PA   =                57.22 / [deg] Synthetic UX Filter Position Angle       
 B-POL   =                0.060 / Synthetic B Filter %Polarization               
 B-ERR   =                0.003 / Synthetic B Filter %Error                      
 B-PA    =                51.06 / [deg] Synthetic B Filter Position Angle        
 V-POL   =                0.048 / Synthetic V Filter %Polarization               
 V-ERR   =                0.002 / Synthetic V Filter %Error                      
 V-PA    =                41.63 / [deg] Synthetic V Filter Position Angle        
 R-POL   =                0.063 / Synthetic R Filter %Polarization               
 R-ERR   =                0.001 / Synthetic R Filter %Error                      
 R-PA    =                39.02 / [deg] Synthetic R Filter Position Angle        
 I-POL   =                0.062 / Synthetic I Filter %Polarization               
 I-ERR   =                0.002 / Synthetic I Filter %Error                      
 I-PA    =                38.76 / [deg] Synthetic I Filter Position Angle        
 COMMENT The errors given in the error array are the statistical errors          
 COMMENT based on the residuals of the least squared fit to the four             
 COMMENT filter-pair polarimetric data (see section 2.3 of Wolff,                
 COMMENT Nordsieck & Nook 1996 AJ 111, 856).                                     
 COMMENT The polarimetric stability is 0.002% and less than +/- 0.03             
 COMMENT degrees in position angle. See Harries et al. 2000, A&A, 361, 273       
 COMMENT for more information about the HPOL CCD.                                
 COMMENT HPOL CCD instrumental polarization has been removed.                    
 COMMENT ***IMPORTANT NOTE***                                                    
 COMMENT **The ERROR array is also being used as a QUALITY array.                
 COMMENT **For bad/contaminated data, the errors have been set to zero           
 COMMENT **but the %Q & %U arrays for those wavelengths remain unchanged         
 COMMENT **to allow inspection of the bad data.                                  
 COMMENT **All of the arrays except wavelength have been padded with zeroes at   
 COMMENT **the short and long wavelength ends indicating no useful data.         
 *************************
 Wavelengths (Angstroms)
 2931.00000 2934.00000 2937.00000 2940.00000 2943.00000
 2946.00000 2949.00000 2952.00000 2955.00000 2958.00000
 2961.00000 2964.00000 2967.00000 2970.00000 2973.00000
 2976.00000 2979.00000 2982.00000 2985.00000 2988.00000
 2991.00000 2994.00000 2997.00000 3000.00000 3003.00000
 3006.00000 3009.00000 3012.00000 3015.00000 3018.00000
 3021.00000 3024.00000 3027.00000 3030.00000 3033.00000
 3036.00000 3039.00000 3042.00000 3045.00000 3048.00000
 3051.00000 3054.00000 3057.00000 3060.00000 3063.00000
 3066.00000 3069.00000 3072.00000 3075.00000 3078.00000
 3081.00000 3084.00000 3087.00000 3090.00000 3093.00000
 3096.00000 3099.00000 3102.00000 3105.00000 3108.00000
 3111.00000 3114.00000 3117.00000 3120.00000 3123.00000
 3126.00000 3129.00000 3132.00000 3135.00000 3138.00000
 3141.00000 3144.00000 3147.00000 3150.00000 3153.00000
 3156.00000 3159.00000 3162.00000 3165.00000 3168.00000
 3171.00000 3174.00000 3177.00000 3180.00000 3183.00000
 3186.00000 3189.00000 3192.00000 3195.00000 3198.00000
 3201.00000 3204.00000 3207.00000 3210.00000 3213.00000
 3216.00000 3219.00000 3222.00000 3225.00000 3228.00000
 3231.00000 3234.00000 3237.00000 3240.00000 3243.00000
 3246.00000 3249.00000 3252.00000 3255.00000 3258.00000
 3261.00000 3264.00000 3267.00000 3270.00000 3273.00000
 3276.00000 3279.00000 3282.00000 3285.00000 3288.00000
 3291.00000 3294.00000 3297.00000 3300.00000 3303.00000
 3306.00000 3309.00000 3312.00000 3315.00000 3318.00000
 3321.00000 3324.00000 3327.00000 3330.00000 3333.00000
 3336.00000 3339.00000 3342.00000 3345.00000 3348.00000
 3351.00000 3354.00000 3357.00000 3360.00000 3363.00000
 3366.00000 3369.00000 3372.00000 3375.00000 3378.00000
 3381.00000 3384.00000 3387.00000 3390.00000 3393.00000
 3396.00000 3399.00000 3402.00000 3405.00000 3408.00000
 3411.00000 3414.00000 3417.00000 3420.00000 3423.00000
 3426.00000 3429.00000 3432.00000 3435.00000 3438.00000
 3441.00000 3444.00000 3447.00000 3450.00000 3453.00000
 3456.00000 3459.00000 3462.00000 3465.00000 3468.00000
 3471.00000 3474.00000 3477.00000 3480.00000 3483.00000
 3486.00000 3489.00000 3492.00000 3495.00000 3498.00000
 3501.00000 3504.00000 3507.00000 3510.00000 3513.00000
 3516.00000 3519.00000 3522.00000 3525.00000 3528.00000
 3531.00000 3534.00000 3537.00000 3540.00000 3543.00000
 3546.00000 3549.00000 3552.00000 3555.00000 3558.00000
 3561.00000 3564.00000 3567.00000 3570.00000 3573.00000
 3576.00000 3579.00000 3582.00000 3585.00000 3588.00000
 3591.00000 3594.00000 3597.00000 3600.00000 3603.00000
 3606.00000 3609.00000 3612.00000 3615.00000 3618.00000
 3621.00000 3624.00000 3627.00000 3630.00000 3633.00000
 3636.00000 3639.00000 3642.00000 3645.00000 3648.00000
 3651.00000 3654.00000 3657.00000 3660.00000 3663.00000
 3666.00000 3669.00000 3672.00000 3675.00000 3678.00000
 3681.00000 3684.00000 3687.00000 3690.00000 3693.00000
 3696.00000 3699.00000 3702.00000 3705.00000 3708.00000
 3711.00000 3714.00000 3717.00000 3720.00000 3723.00000
 3726.00000 3729.00000 3732.00000 3735.00000 3738.00000
 3741.00000 3744.00000 3747.00000 3750.00000 3753.00000
 3756.00000 3759.00000 3762.00000 3765.00000 3768.00000
 3771.00000 3774.00000 3777.00000 3780.00000 3783.00000
 3786.00000 3789.00000 3792.00000 3795.00000 3798.00000
 3801.00000 3804.00000 3807.00000 3810.00000 3813.00000
 3816.00000 3819.00000 3822.00000 3825.00000 3828.00000
 3831.00000 3834.00000 3837.00000 3840.00000 3843.00000
 3846.00000 3849.00000 3852.00000 3855.00000 3858.00000
 3861.00000 3864.00000 3867.00000 3870.00000 3873.00000
 3876.00000 3879.00000 3882.00000 3885.00000 3888.00000
 3891.00000 3894.00000 3897.00000 3900.00000 3903.00000
 3906.00000 3909.00000 3912.00000 3915.00000 3918.00000
 3921.00000 3924.00000 3927.00000 3930.00000 3933.00000
 3936.00000 3939.00000 3942.00000 3945.00000 3948.00000
 3951.00000 3954.00000 3957.00000 3960.00000 3963.00000
 3966.00000 3969.00000 3972.00000 3975.00000 3978.00000
 3981.00000 3984.00000 3987.00000 3990.00000 3993.00000
 3996.00000 3999.00000 4002.00000 4005.00000 4008.00000
 4011.00000 4014.00000 4017.00000 4020.00000 4023.00000
 4026.00000 4029.00000 4032.00000 4035.00000 4038.00000
 4041.00000 4044.00000 4047.00000 4050.00000 4053.00000
 4056.00000 4059.00000 4062.00000 4065.00000 4068.00000
 4071.00000 4074.00000 4077.00000 4080.00000 4083.00000
 4086.00000 4089.00000 4092.00000 4095.00000 4098.00000
 4101.00000 4104.00000 4107.00000 4110.00000 4113.00000
 4116.00000 4119.00000 4122.00000 4125.00000 4128.00000
 4131.00000 4134.00000 4137.00000 4140.00000 4143.00000
 4146.00000 4149.00000 4152.00000 4155.00000 4158.00000
 4161.00000 4164.00000 4167.00000 4170.00000 4173.00000
 4176.00000 4179.00000 4182.00000 4185.00000 4188.00000
 4191.00000 4194.00000 4197.00000 4200.00000 4203.00000
 4206.00000 4209.00000 4212.00000 4215.00000 4218.00000
 4221.00000 4224.00000 4227.00000 4230.00000 4233.00000
 4236.00000 4239.00000 4242.00000 4245.00000 4248.00000
 4251.00000 4254.00000 4257.00000 4260.00000 4263.00000
 4266.00000 4269.00000 4272.00000 4275.00000 4278.00000
 4281.00000 4284.00000 4287.00000 4290.00000 4293.00000
 4296.00000 4299.00000 4302.00000 4305.00000 4308.00000
 4311.00000 4314.00000 4317.00000 4320.00000 4323.00000
 4326.00000 4329.00000 4332.00000 4335.00000 4338.00000
 4341.00000 4344.00000 4347.00000 4350.00000 4353.00000
 4356.00000 4359.00000 4362.00000 4365.00000 4368.00000
 4371.00000 4374.00000 4377.00000 4380.00000 4383.00000
 4386.00000 4389.00000 4392.00000 4395.00000 4398.00000
 4401.00000 4404.00000 4407.00000 4410.00000 4413.00000
 4416.00000 4419.00000 4422.00000 4425.00000 4428.00000
 4431.00000 4434.00000 4437.00000 4440.00000 4443.00000
 4446.00000 4449.00000 4452.00000 4455.00000 4458.00000
 4461.00000 4464.00000 4467.00000 4470.00000 4473.00000
 4476.00000 4479.00000 4482.00000 4485.00000 4488.00000
 4491.00000 4494.00000 4497.00000 4500.00000 4503.00000
 4506.00000 4509.00000 4512.00000 4515.00000 4518.00000
 4521.00000 4524.00000 4527.00000 4530.00000 4533.00000
 4536.00000 4539.00000 4542.00000 4545.00000 4548.00000
 4551.00000 4554.00000 4557.00000 4560.00000 4563.00000
 4566.00000 4569.00000 4572.00000 4575.00000 4578.00000
 4581.00000 4584.00000 4587.00000 4590.00000 4593.00000
 4596.00000 4599.00000 4602.00000 4605.00000 4608.00000
 4611.00000 4614.00000 4617.00000 4620.00000 4623.00000
 4626.00000 4629.00000 4632.00000 4635.00000 4638.00000
 4641.00000 4644.00000 4647.00000 4650.00000 4653.00000
 4656.00000 4659.00000 4662.00000 4665.00000 4668.00000
 4671.00000 4674.00000 4677.00000 4680.00000 4683.00000
 4686.00000 4689.00000 4692.00000 4695.00000 4698.00000
 4701.00000 4704.00000 4707.00000 4710.00000 4713.00000
 4716.00000 4719.00000 4722.00000 4725.00000 4728.00000
 4731.00000 4734.00000 4737.00000 4740.00000 4743.00000
 4746.00000 4749.00000 4752.00000 4755.00000 4758.00000
 4761.00000 4764.00000 4767.00000 4770.00000 4773.00000
 4776.00000 4779.00000 4782.00000 4785.00000 4788.00000
 4791.00000 4794.00000 4797.00000 4800.00000 4803.00000
 4806.00000 4809.00000 4812.00000 4815.00000 4818.00000
 4821.00000 4824.00000 4827.00000 4830.00000 4833.00000
 4836.00000 4839.00000 4842.00000 4845.00000 4848.00000
 4851.00000 4854.00000 4857.00000 4860.00000 4863.00000
 4866.00000 4869.00000 4872.00000 4875.00000 4878.00000
 4881.00000 4884.00000 4887.00000 4890.00000 4893.00000
 4896.00000 4899.00000 4902.00000 4905.00000 4908.00000
 4911.00000 4914.00000 4917.00000 4920.00000 4923.00000
 4926.00000 4929.00000 4932.00000 4935.00000 4938.00000
 4941.00000 4944.00000 4947.00000 4950.00000 4953.00000
 4956.00000 4959.00000 4962.00000 4965.00000 4968.00000
 4971.00000 4974.00000 4977.00000 4980.00000 4983.00000
 4986.00000 4989.00000 4992.00000 4995.00000 4998.00000
 5001.00000 5004.00000 5007.00000 5010.00000 5013.00000
 5016.00000 5019.00000 5022.00000 5025.00000 5028.00000
 5031.00000 5034.00000 5037.00000 5040.00000 5043.00000
 5046.00000 5049.00000 5052.00000 5055.00000 5058.00000
 5061.00000 5064.00000 5067.00000 5070.00000 5073.00000
 5076.00000 5079.00000 5082.00000 5085.00000 5088.00000
 5091.00000 5094.00000 5097.00000 5100.00000 5103.00000
 5106.00000 5109.00000 5112.00000 5115.00000 5118.00000
 5121.00000 5124.00000 5127.00000 5130.00000 5133.00000
 5136.00000 5139.00000 5142.00000 5145.00000 5148.00000
 5151.00000 5154.00000 5157.00000 5160.00000 5163.00000
 5166.00000 5169.00000 5172.00000 5175.00000 5178.00000
 5181.00000 5184.00000 5187.00000 5190.00000 5193.00000
 5196.00000 5199.00000 5202.00000 5205.00000 5208.00000
 5211.00000 5214.00000 5217.00000 5220.00000 5223.00000
 5226.00000 5229.00000 5232.00000 5235.00000 5238.00000
 5241.00000 5244.00000 5247.00000 5250.00000 5253.00000
 5256.00000 5259.00000 5262.00000 5265.00000 5268.00000
 5271.00000 5274.00000 5277.00000 5280.00000 5283.00000
 5286.00000 5289.00000 5292.00000 5295.00000 5298.00000
 5301.00000 5304.00000 5307.00000 5310.00000 5313.00000
 5316.00000 5319.00000 5322.00000 5325.00000 5328.00000
 5331.00000 5334.00000 5337.00000 5340.00000 5343.00000
 5346.00000 5349.00000 5352.00000 5355.00000 5358.00000
 5361.00000 5364.00000 5367.00000 5370.00000 5373.00000
 5376.00000 5379.00000 5382.00000 5385.00000 5388.00000
 5391.00000 5394.00000 5397.00000 5400.00000 5403.00000
 5406.00000 5409.00000 5412.00000 5415.00000 5418.00000
 5421.00000 5424.00000 5427.00000 5430.00000 5433.00000
 5436.00000 5439.00000 5442.00000 5445.00000 5448.00000
 5451.00000 5454.00000 5457.00000 5460.00000 5463.00000
 5466.00000 5469.00000 5472.00000 5475.00000 5478.00000
 5481.00000 5484.00000 5487.00000 5490.00000 5493.00000
 5496.00000 5499.00000 5502.00000 5505.00000 5508.00000
 5511.00000 5514.00000 5517.00000 5520.00000 5523.00000
 5526.00000 5529.00000 5532.00000 5535.00000 5538.00000
 5541.00000 5544.00000 5547.00000 5550.00000 5553.00000
 5556.00000 5559.00000 5562.00000 5565.00000 5568.00000
 5571.00000 5574.00000 5577.00000 5580.00000 5583.00000
 5586.00000 5589.00000 5592.00000 5595.00000 5598.00000
 5601.00000 5604.00000 5607.00000 5610.00000 5613.00000
 5616.00000 5619.00000 5622.00000 5625.00000 5628.00000
 5631.00000 5634.00000 5637.00000 5640.00000 5643.00000
 5646.00000 5649.00000 5652.00000 5655.00000 5658.00000
 5661.00000 5664.00000 5667.00000 5670.00000 5673.00000
 5676.00000 5679.00000 5682.00000 5685.00000 5688.00000
 5691.00000 5694.00000 5697.00000 5700.00000 5703.00000
 5706.00000 5709.00000 5712.00000 5715.00000 5718.00000
 5721.00000 5724.00000 5727.00000 5730.00000 5733.00000
 5736.00000 5739.00000 5742.00000 5745.00000 5748.00000
 5751.00000 5754.00000 5757.00000 5760.00000 5763.00000
 5766.00000 5769.00000 5772.00000 5775.00000 5778.00000
 5781.00000 5784.00000 5787.00000 5790.00000 5793.00000
 5796.00000 5799.00000 5802.00000 5805.00000 5808.00000
 5811.00000 5814.00000 5817.00000 5820.00000 5823.00000
 5826.00000 5829.00000 5832.00000 5835.00000 5838.00000
 5841.00000 5844.00000 5847.00000 5850.00000 5853.00000
 5856.00000 5859.00000 5862.00000 5865.00000 5868.00000
 5871.00000 5874.00000 5877.00000 5880.00000 5883.00000
 5886.00000 5889.00000 5892.00000 5895.00000 5898.00000
 5901.00000 5904.00000 5907.00000 5910.00000 5913.00000
 5916.00000 5919.00000 5922.00000 5925.00000 5928.00000
 5931.00000 5934.00000 5937.00000 5940.00000 5943.00000
 5946.00000 5949.00000 5952.00000 5955.00000 5958.00000
 5961.00000 5964.00000 5967.00000 5970.00000 5973.00000
 5976.00000 5979.00000 5982.00000 5985.00000 5988.00000
 5991.00000 5994.00000 5997.00000 6000.00000 6003.00000
 6006.00000 6009.00000 6012.00000 6015.00000 6018.00000
 6021.00000 6024.00000 6027.00000 6030.00000 6033.00000
 6036.00000 6039.00000 6042.00000 6045.00000 6048.00000
 6051.00000 6054.00000 6057.00000 6060.00000 6063.00000
 6066.00000 6069.00000 6072.00000 6075.00000 6078.00000
 6081.00000 6084.00000 6087.00000 6090.00000 6093.00000
 6096.00000 6099.00000 6102.00000 6105.00000 6108.00000
 6111.00000 6114.00000 6117.00000 6120.00000 6123.00000
 6126.00000 6129.00000 6132.00000 6135.00000 6138.00000
 6141.00000 6144.00000 6147.00000 6150.00000 6153.00000
 6156.00000 6159.00000 6162.00000 6165.00000 6168.00000
 6171.00000 6174.00000 6177.00000 6180.00000 6183.00000
 6186.00000 6189.00000 6192.00000 6195.00000 6198.00000
 6201.00000 6204.00000 6207.00000 6210.00000 6213.00000
 6216.00000 6219.00000 6222.00000 6225.00000 6228.00000
 6231.00000 6234.00000 6237.00000 6240.00000 6243.00000
 6246.00000 6249.00000 6252.00000 6255.00000 6258.00000
 6261.00000 6264.00000 6267.00000 6270.00000 6273.00000
 6276.00000 6279.00000 6282.00000 6285.00000 6288.00000
 6291.00000 6294.00000 6297.00000 6300.00000 6303.00000
 6306.00000 6309.00000 6312.00000 6315.00000 6318.00000
 6321.00000 6324.00000 6327.00000 6330.00000 6333.00000
 6336.00000 6339.00000 6342.00000 6345.00000 6348.00000
 6351.00000 6354.00000 6357.00000 6360.00000 6363.00000
 6366.00000 6369.00000 6372.00000 6375.00000 6378.00000
 6381.00000 6384.00000 6387.00000 6390.00000 6393.00000
 6396.00000 6399.00000 6402.00000 6405.00000 6408.00000
 6411.00000 6414.00000 6417.00000 6420.00000 6423.00000
 6426.00000 6429.00000 6432.00000 6435.00000 6438.00000
 6441.00000 6444.00000 6447.00000 6450.00000 6453.00000
 6456.00000 6459.00000 6462.00000 6465.00000 6468.00000
 6471.00000 6474.00000 6477.00000 6480.00000 6483.00000
 6486.00000 6489.00000 6492.00000 6495.00000 6498.00000
 6501.00000 6504.00000 6507.00000 6510.00000 6513.00000
 6516.00000 6519.00000 6522.00000 6525.00000 6528.00000
 %Q
 0.00000000E+00 0.00000000E+00 0.00000000E+00 0.00000000E+00 0.00000000E+00
 0.00000000E+00 0.00000000E+00 0.00000000E+00 0.00000000E+00 0.00000000E+00
 0.00000000E+00 0.00000000E+00 0.00000000E+00 0.00000000E+00 0.00000000E+00
 0.00000000E+00 0.00000000E+00 0.00000000E+00 0.00000000E+00 0.00000000E+00
 0.00000000E+00 0.00000000E+00 0.00000000E+00 0.00000000E+00 0.00000000E+00
 0.00000000E+00 0.00000000E+00 0.00000000E+00 0.00000000E+00 0.00000000E+00
 0.00000000E+00 0.00000000E+00 0.00000000E+00 0.00000000E+00 0.00000000E+00
 0.00000000E+00 0.00000000E+00 0.00000000E+00 0.00000000E+00 0.00000000E+00
 0.00000000E+00 0.00000000E+00 0.00000000E+00 0.00000000E+00 0.00000000E+00
 0.00000000E+00 0.00000000E+00 0.00000000E+00 0.00000000E+00 0.00000000E+00
 0.00000000E+00 0.00000000E+00 0.00000000E+00 0.00000000E+00 0.00000000E+00
 0.00000000E+00 0.00000000E+00 0.00000000E+00 0.00000000E+00 0.00000000E+00
 0.00000000E+00 0.00000000E+00 0.00000000E+00 0.00000000E+00 0.00000000E+00
 0.00000000E+00 0.00000000E+00 0.00000000E+00 0.00000000E+00 0.00000000E+00
 0.00000000E+00 0.00000000E+00 0.00000000E+00 0.00000000E+00 0.00000000E+00
 0.00000000E+00 0.00000000E+00 0.00000000E+00 0.00000000E+00 0.00000000E+00
 0.00000000E+00 0.00000000E+00 -3.18819761 -0.725700080 -1.13411868
 -1.50972271 -2.23138499 -1.62021625 -0.773595572 -3.29729605
 -0.764021873 -0.429201484 -1.54297245 1.23466563 -2.42823958
 -0.296516061 -0.626754463 -4.44041705E-03 -2.39120865 -0.994042039
 -1.16885304 -0.696026206 0.285064220 -0.339383155 -7.27828741E-02
 0.592417836 0.779222310 0.818355918 0.163924947 0.770258248
 0.548360229 0.565783143 0.715922773 -0.111102916 0.184906602
 0.614705563 0.136016309 -0.153873399 -0.230310574 -0.805109441
 -2.57485639E-02 1.07750940 -1.00022018 0.571492016 -0.170632347
 -0.697822928 -0.174756035 -0.491471767 -1.07121873 -0.117104024
 0.306198329 0.655275464 0.862924397 0.817011833 6.42379895E-02
 5.97884282E-02 0.824369669 0.776538789 0.474049747 0.372140169
 0.340194613 0.541535318 0.552561045 -0.417875588 -0.358953834
 -7.83731118E-02 -0.718965530 0.182162046 0.209474057 -3.35134603E-02
 0.232691064 0.191166714 -0.470367730 0.277066380 6.36315048E-02
 -0.727825820 -0.282187700 -5.29263765E-02 0.150759235 -0.376992732
 -0.384651005 -0.234379038 -0.583076775 -0.485098183 -0.187905401
 0.340592235 7.64669478E-03 -0.423463106 5.46502955E-02 6.89197481E-02
 -4.59030718E-02 9.52671170E-02 -0.463252246 -0.103069156 0.240154803
 -3.68944518E-02 -0.254521638 -0.398335040 -1.88312382E-02 -0.275450170
 -5.69482334E-02 -7.72362202E-02 -0.333759636 -0.270015419 6.39692647E-03
 0.333899409 6.48959354E-02 -0.225966081 5.76710440E-02 5.99017963E-02
 -1.90892722E-02 0.246827975 5.59101887E-02 0.117703281 0.210643515
 -0.352863997 -0.567766309 -0.261595994 -0.655194581 -0.220919639
 6.90225065E-02 1.03176979E-03 -0.422961682 -0.298917562 8.63576233E-02
 -0.283088684 -0.239867762 -0.431934655 -0.318073213 -0.133043185
 -0.173807934 -0.215431958 -8.05139765E-02 0.107811823 4.02530394E-02
 -0.127219155 -0.167067856 -0.124680646 -0.268921047 8.85103717E-02
 0.362477928 -0.297943443 -0.446288198 1.58175398E-02 1.09874969E-02
 -0.115054913 -2.89479792E-02 -0.157897830 -0.123102322 0.120889038
 5.35976654E-03 -3.42152230E-02 -0.113724709 -0.223021835 0.181854919
 5.45193581E-03 -0.145431429 -6.76140636E-02 0.135563806 9.81786400E-02
 0.121671461 9.15358737E-02 -8.79392177E-02 8.51013288E-02 0.209218606
 5.03525063E-02 0.146127939 1.62181295E-02 -8.50271285E-02 0.191709518
 5.12150936E-02 8.57178345E-02 4.97533344E-02 0.173838675 8.66342857E-02
 0.116438858 -5.65017574E-02 -0.105196424 -0.127593085 -0.560001135
 -0.145234779 -2.73982175E-02 -0.202330858 -0.120340087 -0.117308214
 -0.153481051 -0.228360638 -0.107747860 -7.42408484E-02 -0.144461393
 -0.147789642 5.26630320E-02 -8.85275155E-02 2.49754377E-02 5.41229658E-02
 -6.30407631E-02 -0.205351040 -2.96837445E-02 -0.252783149 -0.194291651
 -9.68247727E-02 -2.78753377E-02 0.148977384 -7.97146279E-03 2.48108376E-02
 -6.21038415E-02 5.56737930E-02 -0.177379996 -6.15261728E-03 3.58347446E-02
 0.163070783 -0.122713543 -8.11578333E-02 -0.159129992 4.99563068E-02
 1.72170233E-02 1.39893396E-02 -6.34399503E-02 -0.131977662 6.11844426E-03
 -0.153639942 -7.48062134E-02 7.04122335E-02 2.82947533E-02 3.14247608E-02
 6.83646351E-02 2.29227878E-02 9.15373638E-02 1.90675585E-03 -6.01863489E-02
 -8.79932567E-02 7.52513483E-02 -0.117180295 -3.93166542E-02 5.74582331E-02
 -5.49820438E-02 -4.32003252E-02 -0.123576760 -5.67888767E-02 -0.100960121
 -0.111231044 1.06645525E-02 7.49469101E-02 0.138227656 -4.78748903E-02
 4.61524278E-02 -4.53866720E-02 5.66344187E-02 -3.24214883E-02 -8.26938674E-02
 -0.176942199 -0.105205759 -2.48683989E-02 -0.151340544 -7.04135746E-02
 2.72333976E-02 8.52506459E-02 -8.70657712E-02 -8.99158344E-02 -3.49162780E-02
 -5.42481244E-02 -0.100645036 -6.89539313E-02 -0.182726845 4.08372795E-03
 -2.80753709E-03 -0.196677908 -0.132907972 0.124611355 1.05273293E-03
 -4.02962416E-02 1.13925925E-02 -6.34405538E-02 -4.89433408E-02 -2.75609605E-02
 3.50700878E-02 1.94722228E-02 7.51027465E-02 0.120930016 -4.00396660E-02
 7.90328681E-02 -9.69403759E-02 -5.18018985E-03 0.105709605 -9.85742509E-02
 0.114254564 -5.63129447E-02 -0.122957818 5.56544065E-02 -5.49410693E-02
 3.31391245E-02 -4.68265824E-02 -3.49451452E-02 -0.109726936 -2.25418317E-03
 -9.71789584E-02 3.91086303E-02 -2.20311936E-02 4.09569442E-02 7.59320483E-02
 0.128294155 -8.56365934E-02 -3.15349996E-02 -0.105296299 -9.18139666E-02
 -0.159558713 1.03900712E-02 6.37596175E-02 0.113703728 4.29019611E-03
 0.173468485 -0.119555242 6.64378377E-03 -3.61421928E-02 6.70308396E-02
 -1.22032296E-02 0.109461866 -6.27643839E-02 -0.233534679 6.00544102E-02
 2.78562885E-02 -2.57778484E-02 -7.50555703E-03 -2.10631061E-02 -6.36916384E-02
 3.91636863E-02 -8.00275896E-03 -4.67081890E-02 3.37079801E-02 -5.17298356E-02
 -0.139644861 0.101402171 2.44131163E-02 -3.62164490E-02 -1.60977021E-02
 -0.112827040 8.45985487E-02 -2.12785718E-03 2.20367052E-02 -7.23461360E-02
 4.52324608E-03 -1.85367279E-02 -3.56767923E-02 4.81212465E-03 -1.79036218E-03
 -2.61694123E-03 6.29615858E-02 2.78842207E-02 0.138622776 -9.66415927E-02
 -0.107030801 -6.84198737E-02 0.112690136 -1.43710105E-02 -7.75327161E-02
 2.67009512E-02 -0.117789499 -4.15814593E-02 6.63731098E-02 0.101692535
 6.23469800E-03 -7.46833831E-02 -4.88081276E-02 0.118216954 -0.129588202
 -0.141539082 -0.101435117 1.72941070E-02 1.85949653E-02 2.82209879E-03
 -6.37313128E-02 1.95735153E-02 2.62872986E-02 0.106850758 1.18024116E-02
 -8.52760822E-02 1.20526983E-03 -7.82185514E-03 -2.59474553E-02 -5.63348643E-02
 -0.107760638 3.70273441E-02 -2.98432633E-02 -4.57599238E-02 -4.72539850E-03
 -9.50395167E-02 -4.37661186E-02 6.04084171E-02 -1.95190497E-02 -5.64887188E-02
 8.58975649E-02 0.210987851 1.42068211E-02 -1.38349580E-02 -1.80192161E-02
 -9.57423821E-02 3.53302471E-02 0.119164132 4.57305200E-02 0.124866799
 5.06997183E-02 -5.65719455E-02 -1.39736906E-02 3.02362666E-02 9.36082304E-02
 9.74497199E-03 3.14449370E-02 -0.140925512 1.46796927E-03 -8.77531469E-02
 -8.52715746E-02 -1.73890237E-02 -0.128719807 -7.23319799E-02 2.64216326E-02
 -2.95028593E-02 -9.49088559E-02 -2.29072981E-02 7.88686126E-02 9.76125076E-02
 -0.122685626 -1.98650230E-02 -3.72814946E-02 -2.28369609E-02 -4.32007201E-02
 -6.12514503E-02 -1.53110744E-02 4.49391752E-02 1.54907787E-02 -3.27606052E-02
 -5.20511391E-03 1.01274066E-02 6.67707250E-02 -1.74756795E-02 -3.07737999E-02
 -4.80875298E-02 -1.32734859E-02 3.77043486E-02 3.37143093E-02 -8.15701261E-02
 -7.43054226E-02 -5.59783466E-02 5.16411029E-02 2.95407716E-02 5.74979112E-02
 -3.36757377E-02 2.70385644E-03 1.18068308E-02 5.49165234E-02 6.84603304E-02
 -8.39102492E-02 -5.74281737E-02 -7.99722672E-02 -4.88966629E-02 0.104990661
 -4.90121245E-02 -3.76448147E-02 -2.21847761E-02 2.26811483E-03 4.72418517E-02
 8.51033777E-02 2.72133909E-02 -4.23525386E-02 -9.08854902E-02 5.95713081E-03
 -0.121725306 -6.88155964E-02 -6.65622670E-03 -8.16813558E-02 -8.23303685E-02
 -5.22900075E-02 7.21897259E-02 0.124960676 3.12637389E-02 9.18211117E-02
 0.145856664 -2.19396576E-02 -5.47842197E-02 -2.99915150E-02 2.78862901E-02
 0.115397982 5.97711354E-02 -5.29171154E-02 -2.72649247E-02 2.24099290E-02
 -3.29494439E-02 1.51617629E-02 0.118443757 6.28349185E-02 -8.47025067E-02
 -7.11367428E-02 0.127356246 4.56139892E-02 -3.02319527E-02 -6.52659088E-02
 -2.37193909E-02 0.119481221 8.04531202E-03 -4.98635061E-02 1.13145197E-02
 -0.103600927 1.90384649E-02 3.17500159E-02 -7.95095041E-03 -2.06341427E-02
 -9.31797847E-02 -0.139948785 1.88609604E-02 9.35146958E-02 -1.69004910E-02
 -6.66531995E-02 8.46140981E-02 -7.97117501E-03 2.43529137E-02 3.21501456E-02
 -4.67382884E-03 -8.11990201E-02 -2.59674191E-02 -0.138953820 -0.151767746
 -8.40950385E-02 -5.10310568E-02 6.82063110E-04 -1.75636243E-02 0.129100382
 5.72360978E-02 3.42679322E-02 -8.88164416E-02 7.52229914E-02 2.12497972E-02
 2.62981169E-02 -1.77276842E-02 6.66030776E-03 -0.157335311 3.06177209E-03
 1.71618480E-02 1.93723962E-02 1.39572273E-03 1.92493983E-02 2.23658811E-02
 -0.105979785 -5.08038402E-02 -2.18579709E-03 -5.68714812E-02 -5.87376133E-02
 -0.102127776 -7.23509341E-02 0.124663770 8.76069069E-02 5.38923852E-02
 -0.107974559 -9.10838991E-02 -3.75997052E-02 -7.33394772E-02 -4.12003286E-02
 -6.81782663E-02 -3.83512601E-02 -1.34675270E-02 6.41800389E-02 2.18988433E-02
 9.31622535E-02 0.135550141 -2.24538893E-02 -3.36152464E-02 -7.33844377E-03
 -8.39029625E-02 -8.90053287E-02 -9.93456542E-02 -6.70714900E-02 -6.90017641E-03
 2.63841245E-02 1.11278528E-02 -7.83242509E-02 -6.16675764E-02 -0.188583061
 -0.157939687 -8.73628035E-02 -2.84484085E-02 -1.31299742E-03 5.10702357E-02
 8.62386748E-02 -1.32038547E-02 3.66480760E-02 -3.90349771E-04 1.53612010E-02
 0.127520427 -3.60799138E-03 -1.47090992E-03 6.72432268E-03 -4.30289470E-02
 -7.94748813E-02 -5.50000742E-02 0.125593305 5.48426881E-02 -7.90635124E-02
 -9.36301574E-02 3.91456820E-02 5.66658638E-02 -6.40340224E-02 -3.15426663E-02
 9.59722418E-03 5.89392222E-02 -1.15455287E-02 2.43015606E-02 -4.53416556E-02
 -9.34153423E-02 -1.76241379E-02 -6.52745739E-02 5.21486327E-02 8.02424848E-02
 2.82239541E-02 8.20931047E-03 1.14923697E-02 9.22641680E-02 -7.38348737E-02
 6.66188374E-02 -3.34562920E-02 -2.94668507E-02 -5.25648110E-02 5.88418059E-02
 3.12687345E-02 5.13934940E-02 -5.39482795E-02 2.56084744E-02 6.27167895E-02
 -2.98427846E-02 -0.119239151 6.79710284E-02 5.80578744E-02 -2.96403188E-02
 -8.78028199E-03 -3.97989899E-03 5.01679629E-03 -0.109343007 -5.16638085E-02
 -8.42864066E-02 -5.73802106E-02 -3.49392779E-02 -0.102971800 -4.84806187E-02
 0.103340320 6.96768835E-02 5.44391796E-02 -0.107891612 -1.19614098E-02
 -7.30017293E-03 -3.23469900E-02 4.28352319E-02 -2.14339681E-02 8.13680422E-03
 -3.08726449E-02 -6.31356761E-02 -5.31276409E-03 6.52781129E-02 2.55655143E-02
 2.09562648E-02 2.68620737E-02 -1.63831599E-02 9.05657709E-02 -2.80885752E-02
 3.52674611E-02 7.09147975E-02 -5.30920848E-02 -2.22108886E-02 1.26957633E-02
 -3.52763347E-02 4.17392626E-02 -3.36056873E-02 -2.40026452E-02 -6.30596206E-02
 4.50889505E-02 -4.28132117E-02 2.83420645E-02 5.02269529E-02 8.05375129E-02
 8.29333719E-03 -4.32515182E-02 -1.88227817E-02 3.08106560E-02 4.30730954E-02
 4.81494702E-02 3.09253335E-02 1.85942911E-02 -3.05708293E-02 -3.42930071E-02
 -8.23692419E-03 -0.131646544 7.40416497E-02 4.77948561E-02 -6.53424561E-02
 -9.09749568E-02 -3.57495174E-02 -1.56796258E-02 -5.42744771E-02 8.05718824E-03
 -5.76601550E-02 -5.55687919E-02 1.05105070E-02 -6.86925799E-02 1.87173802E-02
 4.19764966E-02 4.43701819E-02 7.35061690E-02 -8.19127783E-02 -8.38488191E-02
 -2.79717352E-02 6.99566305E-03 1.10148517E-02 -1.46633189E-03 -3.62720317E-03
 2.21439190E-02 2.94933608E-03 -1.19312219E-02 -1.87776648E-02 -1.21312207E-02
 -1.06350391E-03 0.105577953 -4.60180454E-03 6.96852952E-02 0.116584145
 5.60171083E-02 9.04323440E-03 1.74052846E-02 -7.80542567E-02 6.67406395E-02
 0.102699324 6.04940355E-02 -4.98839421E-03 -4.61757779E-02 2.64166947E-02
 -1.80732459E-02 5.49704768E-02 5.59493303E-02 1.51515445E-02 -2.45299619E-02
 7.49751925E-02 3.04721133E-03 -5.30451201E-02 -5.93615584E-02 3.40749398E-02
 7.33970106E-02 3.22733447E-02 7.34539144E-03 3.40179838E-02 0.103321239
 -1.92572847E-02 6.46270961E-02 5.76680824E-02 3.91110405E-02 7.43854791E-02
 -2.28156969E-02 -1.18306438E-02 6.71953037E-02 5.99329695E-02 -2.49742493E-02
 -1.84603762E-02 8.60547200E-02 0.123732641 1.75817609E-02 -5.32745682E-02
 -2.18289010E-02 3.14496607E-02 5.03955223E-02 5.24390936E-02 0.101496533
 6.76988438E-02 -8.19369406E-03 6.18614582E-03 2.25691590E-03 8.58540162E-02
 -3.15510444E-02 -5.98852932E-02 -1.25872511E-02 9.26921070E-02 -2.22445582E-04
 4.74133715E-02 -1.68802906E-02 -2.22949702E-02 -0.100716457 3.24891023E-02
 -1.77047569E-02 3.31220701E-02 2.96427719E-02 -3.42289265E-03 -8.41607526E-02
 -3.90713662E-02 4.68492182E-03 -2.73300018E-02 -4.41836603E-02 2.53338777E-02
 -2.81981658E-03 6.53961375E-02 4.54507321E-02 5.21355383E-02 -3.48140150E-02
 -2.23420523E-02 8.47707968E-04 -4.78670299E-02 -8.23861454E-03 -1.15936983E-03
 -4.02528867E-02 2.72990931E-02 -2.95314062E-02 -5.10792360E-02 -4.09768187E-02
 1.49188843E-02 -6.37527630E-02 -9.66181047E-03 6.41439557E-02 2.55272404E-04
 5.71774654E-02 5.65498993E-02 4.39914949E-02 -2.09362078E-02 2.37938389E-02
 -9.55782905E-02 1.93127990E-02 1.46922031E-02 -2.14789417E-02 5.62346615E-02
 1.31924991E-02 -8.35953057E-02 -4.65479158E-02 8.85023363E-03 -2.23758463E-02
 3.06302737E-02 -0.113005735 -2.35426687E-02 -4.60607745E-02 6.29528016E-02
 -1.72634907E-02 3.19545120E-02 -4.70310934E-02 5.21482453E-02 5.72783127E-02
 -4.07142751E-03 -4.22975123E-02 1.37062846E-02 2.85605527E-02 -1.36771295E-02
 7.06104860E-02 6.96641654E-02 1.49200577E-03 2.66196039E-02 4.31356439E-03
 1.99483875E-02 1.32751130E-02 -3.50712687E-02 2.59690285E-02 0.124960393
 1.28491297E-02 2.46349499E-02 -5.68047501E-02 -4.32373285E-02 -4.17216076E-03
 1.97233781E-02 -2.73365881E-02 -3.10370093E-03 -4.34017591E-02 -2.83564441E-02
 -3.34288962E-02 7.16030151E-02 -2.73969676E-03 -3.80077772E-03 5.49376477E-03
 -7.63807911E-03 4.34727781E-02 1.46825588E-03 -1.72990486E-02 4.17793244E-02
 6.11861870E-02 2.19416972E-02 8.80651250E-02 3.28912288E-02 5.80944940E-02
 -4.07530479E-02 -2.48051807E-03 -3.55151668E-02 -8.22080970E-02 8.51645395E-02
 -3.97263616E-02 3.36599126E-02 2.26292349E-02 1.87627077E-02 3.19490843E-02
 1.15859071E-02 6.48446307E-02 -2.51038503E-02 3.77956685E-03 4.36318442E-02
 -4.12093252E-02 2.43247692E-02 -3.39072049E-02 -1.68836601E-02 -4.27220948E-02
 1.66453589E-02 2.19132863E-02 -3.92322429E-03 -1.67125892E-02 -7.94150308E-02
 -2.66848393E-02 4.83943895E-02 8.58017206E-02 -8.90083797E-03 -3.38463522E-02
 2.64632367E-02 -2.38081254E-02 1.48352177E-04 2.54760142E-02 -1.85538195E-02
 -3.94393504E-02 -4.79358919E-02 5.62133864E-02 3.01311221E-02 -7.83837680E-03
 5.35700694E-02 -6.97854906E-03 4.94530834E-02 -3.78082879E-02 -2.79927216E-02
 1.56918764E-02 1.80596355E-02 -2.22457498E-02 -2.94029508E-02 -6.55254349E-02
 -4.09058891E-02 -6.51769117E-02 1.48063395E-02 -6.45857155E-02 -3.60418148E-02
 -1.48436362E-02 -4.12422456E-02 -6.50301799E-02 6.17329078E-03 3.29255536E-02
 -1.13693355E-02 3.04323416E-02 4.64387909E-02 5.15964329E-02 6.48139417E-02
 9.59816389E-04 -1.37923080E-02 7.68515319E-02 2.83641331E-02 -4.79066884E-03
 2.37935446E-02 3.31690684E-02 2.96119247E-02 -7.06570297E-02 -4.04096469E-02
 6.14233837E-02 4.02560048E-02 4.11642669E-03 3.25165689E-02 -2.70802341E-03
 -7.50374235E-03 -2.33364962E-02 6.84656128E-02 5.94895445E-02 4.92626391E-02
 9.61119086E-02 -2.22286098E-02 -2.49882024E-02 -1.20719746E-02 5.58700636E-02
 5.11957034E-02 -8.02928815E-04 3.70867886E-02 0.00000000E+00 0.00000000E+00
 0.00000000E+00 0.00000000E+00 0.00000000E+00 0.00000000E+00 0.00000000E+00
 0.00000000E+00 0.00000000E+00 0.00000000E+00 0.00000000E+00 0.00000000E+00
 0.00000000E+00 0.00000000E+00 0.00000000E+00 0.00000000E+00 0.00000000E+00
 0.00000000E+00 0.00000000E+00 0.00000000E+00 0.00000000E+00 0.00000000E+00
 0.00000000E+00 0.00000000E+00 0.00000000E+00 0.00000000E+00 0.00000000E+00
 0.00000000E+00 0.00000000E+00 0.00000000E+00 0.00000000E+00 0.00000000E+00
 0.00000000E+00 0.00000000E+00 0.00000000E+00 0.00000000E+00 0.00000000E+00
 0.00000000E+00 0.00000000E+00 0.00000000E+00 0.00000000E+00 0.00000000E+00
 0.00000000E+00 0.00000000E+00 0.00000000E+00 0.00000000E+00 0.00000000E+00
 0.00000000E+00 0.00000000E+00 0.00000000E+00 0.00000000E+00 0.00000000E+00
 0.00000000E+00 0.00000000E+00 0.00000000E+00 0.00000000E+00 0.00000000E+00
 0.00000000E+00 0.00000000E+00 0.00000000E+00 0.00000000E+00 0.00000000E+00
 0.00000000E+00 0.00000000E+00 0.00000000E+00 0.00000000E+00 0.00000000E+00
 0.00000000E+00 0.00000000E+00 0.00000000E+00 0.00000000E+00 0.00000000E+00
 0.00000000E+00 0.00000000E+00 0.00000000E+00 0.00000000E+00 0.00000000E+00
 0.00000000E+00 0.00000000E+00 0.00000000E+00 0.00000000E+00 0.00000000E+00
 0.00000000E+00 0.00000000E+00 0.00000000E+00 0.00000000E+00 0.00000000E+00
 0.00000000E+00 0.00000000E+00 0.00000000E+00 0.00000000E+00 0.00000000E+00
 0.00000000E+00 0.00000000E+00 0.00000000E+00 0.00000000E+00 0.00000000E+00
 0.00000000E+00 0.00000000E+00 0.00000000E+00 0.00000000E+00 0.00000000E+00
 0.00000000E+00 0.00000000E+00 0.00000000E+00 0.00000000E+00 0.00000000E+00
 0.00000000E+00 0.00000000E+00 0.00000000E+00 0.00000000E+00 0.00000000E+00
 0.00000000E+00 0.00000000E+00 0.00000000E+00 0.00000000E+00 0.00000000E+00
 0.00000000E+00 0.00000000E+00 0.00000000E+00 0.00000000E+00 0.00000000E+00
 0.00000000E+00 0.00000000E+00 0.00000000E+00 0.00000000E+00 0.00000000E+00
 0.00000000E+00 0.00000000E+00 0.00000000E+00 0.00000000E+00 0.00000000E+00
 0.00000000E+00 0.00000000E+00 0.00000000E+00 0.00000000E+00 0.00000000E+00
 0.00000000E+00 0.00000000E+00 0.00000000E+00 0.00000000E+00 0.00000000E+00
 0.00000000E+00 0.00000000E+00 0.00000000E+00 0.00000000E+00 0.00000000E+00
 0.00000000E+00 0.00000000E+00 0.00000000E+00 0.00000000E+00 0.00000000E+00
 %U
 0.00000000E+00 0.00000000E+00 0.00000000E+00 0.00000000E+00 0.00000000E+00
 0.00000000E+00 0.00000000E+00 0.00000000E+00 0.00000000E+00 0.00000000E+00
 0.00000000E+00 0.00000000E+00 0.00000000E+00 0.00000000E+00 0.00000000E+00
 0.00000000E+00 0.00000000E+00 0.00000000E+00 0.00000000E+00 0.00000000E+00
 0.00000000E+00 0.00000000E+00 0.00000000E+00 0.00000000E+00 0.00000000E+00
 0.00000000E+00 0.00000000E+00 0.00000000E+00 0.00000000E+00 0.00000000E+00
 0.00000000E+00 0.00000000E+00 0.00000000E+00 0.00000000E+00 0.00000000E+00
 0.00000000E+00 0.00000000E+00 0.00000000E+00 0.00000000E+00 0.00000000E+00
 0.00000000E+00 0.00000000E+00 0.00000000E+00 0.00000000E+00 0.00000000E+00
 0.00000000E+00 0.00000000E+00 0.00000000E+00 0.00000000E+00 0.00000000E+00
 0.00000000E+00 0.00000000E+00 0.00000000E+00 0.00000000E+00 0.00000000E+00
 0.00000000E+00 0.00000000E+00 0.00000000E+00 0.00000000E+00 0.00000000E+00
 0.00000000E+00 0.00000000E+00 0.00000000E+00 0.00000000E+00 0.00000000E+00
 0.00000000E+00 0.00000000E+00 0.00000000E+00 0.00000000E+00 0.00000000E+00
 0.00000000E+00 0.00000000E+00 0.00000000E+00 0.00000000E+00 0.00000000E+00
 0.00000000E+00 0.00000000E+00 0.00000000E+00 0.00000000E+00 0.00000000E+00
 0.00000000E+00 0.00000000E+00 -0.468000174 1.26885629 -1.07132518
 2.83973026 0.886838436 0.635033548 -0.870601714 1.40233338
 2.26748514 1.05041742 1.00660944 2.03484249 1.94506478
 -0.574351311 -0.369971544 1.45590580 1.61871207 0.937588692
 0.764840722 0.483697891 -0.240435898 0.171244428 8.29651579E-02
 0.114040405 -0.258480936 0.312570393 0.206582740 0.139615789
 1.07873225 0.513727427 -0.787965178 0.357126832 0.683850765
 0.809780955 1.17691398 -0.419395894 0.649461746 1.05552781
 2.10527539 0.601814210 1.30169415 0.347873211 0.868021071
 0.453217804 0.549959779 0.611032486 1.32325745 -0.409709424
 -0.347322553 0.325232178 0.563195288 0.356545836 -0.328634888
 5.97238615E-02 0.168789566 0.170670897 -0.436471462 -0.127460435
 -0.258704424 -1.05157888 5.50737884E-03 1.12714207 0.172483176
 -0.228087142 -6.41561076E-02 0.125042275 0.124828935 0.107650295
 -7.40904510E-02 0.613131881 2.81528104E-02 0.236540332 -0.689575911
 -0.429499090 3.56865823E-02 0.100091301 -0.140150949 0.443393260
 0.568944037 -1.21309776E-02 0.654501259 0.863407671 0.207283691
 0.120118015 0.398330748 -5.02580963E-02 0.185237750 0.203538105
 0.255741358 0.193464011 0.804475248 0.351940870 0.437857211
 0.244097993 0.518928766 -9.38851461E-02 0.261056989 -6.15422130E-02
 -0.317059755 -0.487408638 0.124712415 0.357593805 0.162958547
 -0.424196631 -0.889534473 -0.556253850 7.44494870E-02 -1.19982902E-02
 5.29713742E-03 -2.44168881E-02 -4.03188728E-02 7.88000375E-02 2.29285192E-02
 0.471720755 -0.593227684 -0.178788677 -0.102939144 -0.198030800
 3.01292799E-02 -0.389534980 8.08670744E-02 3.64380144E-02 -7.21410587E-02
 -0.475692481 0.412759870 -8.80809650E-02 0.432459444 -7.36000687E-02
 -0.411131322 -0.212535232 -0.104933858 8.97710323E-02 0.105907410
 0.245884135 0.533105969 -9.69839934E-03 0.262531847 5.72788753E-02
 -6.97353855E-02 3.24526289E-03 0.460683167 0.593273580 0.522821188
 -0.172667414 -5.05668446E-02 -0.142088309 0.149701700 -0.241039246
 0.133774832 0.148305506 -2.90591381E-02 0.411482245 -2.30112541E-02
 -9.49415490E-02 0.181011409 6.63926546E-03 9.77958590E-02 0.101094484
 -4.57034633E-02 -0.321257114 0.139536127 0.275202841 -7.89039508E-02
 -9.24863890E-02 0.426832825 -0.142688483 7.94248283E-02 -1.34520000E-02
 -4.87040132E-02 0.130075336 0.139542416 -7.12614283E-02 6.49661198E-02
 0.208735913 0.113591202 0.177713469 0.201294899 4.87915836E-02
 0.317862272 6.25171438E-02 9.33284461E-02 8.99594650E-02 0.229749158
 0.348944694 0.119087145 0.248972416 0.255435139 -8.07889476E-02
 -8.98488909E-02 1.31369978E-02 -1.84388086E-02 4.68600988E-02 0.147654504
 -0.203379244 8.85357857E-02 0.218000516 0.126936108 0.294306755
 0.174381003 0.250293911 1.08807464E-04 0.194063604 1.50957308E-03
 -0.205003798 -0.521842360 1.77554805E-02 -7.72264525E-02 1.12140272E-03
 -8.66577700E-02 -0.134912357 3.42083909E-02 0.161985964 -6.56115860E-02
 1.25156324E-02 3.73730101E-02 0.124959506 6.62296116E-02 -1.62558258E-02
 0.179334015 0.133365586 0.154624805 5.31223826E-02 0.104694024
 -1.45146511E-02 2.34046020E-02 -6.01956733E-02 -1.87673774E-02 -0.137922555
 6.19260706E-02 8.93473104E-02 -1.42563852E-02 6.62027225E-02 3.31048444E-02
 -9.14066955E-02 0.130000308 -0.218538821 -8.03215578E-02 0.106975831
 0.274067670 0.271508306 0.193196461 0.167175040 0.217526749
 6.29134998E-02 0.142925948 0.196386173 0.196651623 0.204864562
 9.08349361E-03 9.34415758E-02 2.02874765E-02 0.186887145 0.131853983
 0.188127205 0.105055064 0.252675056 -2.28835437E-02 -0.141846687
 4.15707119E-02 -8.33014492E-03 6.38991371E-02 0.228892103 1.69502553E-02
 -0.138275370 6.95611164E-02 0.181142956 7.31404722E-02 0.158402205
 -3.19836996E-02 -4.59433235E-02 0.113476276 2.45692506E-02 7.80095458E-02
 0.173581734 -1.13008749E-02 -0.130149439 0.103413001 7.80824125E-02
 0.143166721 0.180654466 0.114733793 -3.45479362E-02 7.48132914E-02
 0.127525032 0.131874099 5.69137447E-02 0.191225618 9.10171401E-03
 3.10788695E-02 0.100891650 4.08915021E-02 0.116398603 4.65714484E-02
 9.80906412E-02 7.26088956E-02 -1.22387279E-02 0.152060762 0.138634205
 7.72850141E-02 0.271959126 9.29998085E-02 0.106847808 0.130586714
 5.11620902E-02 5.47015965E-02 0.145445213 6.78682774E-02 0.103152931
 0.167940274 0.230574206 0.126211882 0.152959973 5.31713068E-02
 9.37743783E-02 5.94669133E-02 0.141916126 0.106073298 -0.103193350
 6.82059526E-02 8.34572762E-02 6.52288646E-02 6.40833750E-02 6.00721911E-02
 3.61404009E-02 3.88914496E-02 -6.44919798E-02 6.45304248E-02 2.48384494E-02
 0.104939818 4.87738885E-02 -3.56010161E-02 -6.49910495E-02 -7.56510124E-02
 -2.84400545E-02 -2.24086456E-02 2.36374419E-02 0.107289836 6.01604693E-02
 9.19916928E-02 0.142130718 8.08410347E-02 7.59247020E-02 -1.35908907E-04
 -6.50389269E-02 0.144001395 7.34835491E-02 4.67248075E-02 -2.95411497E-02
 8.43161792E-02 0.135022148 0.131963760 0.131920800 0.156814471
 0.148541182 5.69329299E-02 -4.07819562E-02 5.58373891E-03 0.130733609
 4.94776526E-03 1.13601713E-02 0.111135632 9.64325294E-02 3.46268155E-02
 7.54656643E-02 7.42937252E-02 -9.60959704E-04 0.134631068 5.73048964E-02
 -2.29775533E-02 0.102403343 2.86338888E-02 -1.12592699E-02 5.63785434E-02
 5.10556549E-02 2.24866830E-02 0.122841761 1.79253519E-02 2.97364835E-02
 0.153182685 4.81789596E-02 -3.78512740E-02 -9.50741991E-02 3.23559493E-02
 0.111751862 -3.04858983E-02 0.100453280 -1.34865809E-02 -0.107234702
 0.184727713 5.68013415E-02 0.194560796 7.70850554E-02 3.44594531E-02
 8.07372481E-02 3.86213325E-02 -5.16590709E-03 -2.71581877E-02 9.66366380E-02
 6.58094361E-02 1.16041042E-02 7.10341185E-02 0.161952078 1.10447565E-02
 -1.31170254E-03 0.102800362 2.58251727E-02 0.114629477 0.142021924
 -5.99375833E-03 -2.38954183E-02 1.83174983E-02 -5.22617660E-02 -3.85678224E-02
 4.47524488E-02 7.28211924E-02 -1.76486541E-02 -1.52355218E-02 3.80633622E-02
 1.86906047E-02 6.88762963E-02 0.133808807 -2.09306786E-03 0.162871584
 8.84668902E-02 -2.41095703E-02 -1.29202206E-03 5.66083230E-02 -9.32190940E-03
 -1.53021049E-03 -1.32187419E-02 7.42169321E-02 -7.00156018E-03 6.10564603E-03
 5.23739308E-02 7.57960454E-02 0.109052166 7.73029551E-02 0.160058826
 -4.33942415E-02 4.21897210E-02 -1.47876795E-02 0.105912052 1.47665301E-02
 0.114848755 5.00996523E-02 0.111237273 0.153460026 0.157926425
 8.46710876E-02 2.03061439E-02 8.72340426E-03 7.29971752E-02 0.109171085
 3.32614556E-02 3.47276963E-02 -6.98120296E-02 -3.18221860E-02 3.51213366E-02
 5.15802130E-02 0.101410344 2.97804875E-03 2.03047078E-02 1.59991588E-02
 4.76758415E-03 -0.103232011 8.63547437E-03 5.70548251E-02 -7.60312541E-04
 -5.34916408E-02 2.88370643E-02 8.48952830E-02 7.14693367E-02 7.23200589E-02
 -8.77465867E-03 -8.88780653E-02 -4.06039786E-03 5.27421720E-02 -5.59656061E-02
 5.18749654E-02 -2.18432210E-02 -1.11637823E-03 0.141646951 1.32643180E-02
 4.68497425E-02 2.86105089E-02 5.16434610E-02 -3.09324600E-02 5.81487902E-02
 2.04381049E-02 0.143066496 0.191827238 1.01312781E-02 7.64501840E-02
 0.118614361 4.22639847E-02 0.157511771 0.115466133 4.20244597E-02
 2.48007439E-02 5.25551736E-02 3.20134833E-02 0.100128144 7.57914484E-02
 0.164200485 0.121742919 0.161473900 6.72689900E-02 5.92777599E-03
 0.111318424 -1.63046233E-02 2.52164323E-02 1.98810454E-02 6.62745908E-02
 0.101059660 0.104150176 0.101371586 7.47207925E-02 5.65657988E-02
 0.129615083 5.74575737E-02 4.07223105E-02 3.91448997E-02 3.90201882E-02
 2.87109576E-02 5.66193424E-02 3.98662351E-02 0.207767814 3.38957608E-02
 2.88657583E-02 2.58361865E-02 2.23847162E-02 6.87298402E-02 3.20273638E-02
 2.19838321E-02 8.12763199E-02 4.44121994E-02 6.30947724E-02 4.68475968E-02
 8.56358334E-02 0.139270812 0.122250363 7.51125887E-02 6.89395666E-02
 0.121198878 0.106663607 5.79888225E-02 1.92794874E-02 0.183527961
 0.107680388 9.49578732E-02 8.47459212E-03 -5.73182702E-02 0.149127945
 0.124598645 7.18809515E-02 5.18024564E-02 4.78402637E-02 4.89542186E-02
 0.169994950 -2.87130047E-02 0.129858002 -4.80158441E-03 -5.17666265E-02
 6.35964125E-02 4.01524007E-02 5.67012690E-02 -1.56103633E-02 0.139089629
 4.90162931E-02 0.114508681 0.110917330 5.54193556E-03 6.35321438E-02
 0.115780696 4.77240309E-02 -7.21867606E-02 3.39058153E-02 5.62535264E-02
 2.31541810E-03 7.15517402E-02 0.132039532 2.38242522E-02 4.26310115E-02
 6.82368949E-02 8.37884545E-02 9.76606160E-02 9.09849852E-02 0.122417405
 0.238603398 2.65930519E-02 0.131629646 6.19685501E-02 3.25571001E-02
 -7.28785843E-02 0.124734081 -2.73692273E-02 1.79927461E-02 -1.04143238E-02
 5.47532598E-03 1.22107798E-02 8.86600763E-02 -2.02254951E-03 1.86681952E-02
 3.53087857E-02 5.05139977E-02 0.129573375 3.11303306E-02 0.105635755
 9.41878781E-02 1.47081576E-02 3.75187062E-02 3.11118062E-03 4.07942943E-02
 9.82291326E-02 3.95037048E-02 6.44418597E-02 5.35101146E-02 3.60506773E-02
 0.144631118 0.154750988 -3.99144329E-02 2.52778698E-02 3.10901515E-02
 9.80728641E-02 4.34032492E-02 -4.87344991E-03 0.123087943 6.86947629E-02
 -1.52926557E-02 7.25213736E-02 5.55035248E-02 0.122922741 6.68587163E-02
 -2.45013647E-02 8.55928063E-02 7.76164979E-02 6.28719851E-02 0.127263069
 0.145031512 5.43959737E-02 5.20721264E-02 0.124002956 5.39077856E-02
 4.71171457E-03 6.03724048E-02 -3.06860567E-03 0.105795547 3.45465131E-02
 1.09249121E-02 9.25358534E-02 -1.34497285E-02 -3.02323699E-02 7.88150076E-03
 1.67079326E-02 3.76281217E-02 -7.17582926E-02 -5.24422079E-02 -4.17053998E-02
 -7.25867227E-02 7.21445158E-02 1.01003209E-02 0.133485675 3.33182700E-02
 8.30782726E-02 5.57285845E-02 1.95195340E-02 -7.00698718E-02 2.18973793E-02
 4.55944873E-02 2.47214753E-02 4.02415395E-02 7.88644999E-02 5.14749773E-02
 -3.01207736E-04 6.34339377E-02 -4.39171121E-02 0.108327121 3.79910842E-02
 -3.37417983E-02 0.125444338 4.09455635E-02 6.29168972E-02 7.65798762E-02
 -2.17471253E-02 -5.75371496E-02 3.27165909E-02 8.82582143E-02 -6.82552718E-03
 1.11360252E-02 2.43969541E-03 3.22016664E-02 -1.57022628E-03 0.103781827
 7.28491843E-02 3.84827796E-03 -3.43645997E-02 -0.101245522 -5.94210811E-02
 3.86197791E-02 -4.04520445E-02 -4.75203507E-02 5.16083501E-02 5.57880253E-02
 2.61463802E-02 -2.86063668E-03 2.32820772E-02 6.62777573E-02 -1.07873920E-02
 2.55198125E-02 -7.37514570E-02 1.45800877E-03 5.06152101E-02 -3.51791233E-02
 4.59480286E-02 3.82499434E-02 6.05617352E-02 1.88627783E-02 1.64087713E-02
 4.40261588E-02 3.23432386E-02 2.66733319E-02 1.26867499E-02 3.62369455E-02
 3.80462222E-02 -8.79194587E-03 -1.15466826E-02 7.27472678E-02 3.59749072E-03
 3.24655920E-02 -1.62716918E-02 6.59093037E-02 2.02513207E-02 0.115086511
 0.119602889 2.79427646E-03 8.28334913E-02 5.82529120E-02 5.90309724E-02
 0.108708955 4.43444811E-02 6.56615123E-02 0.101499796 6.85423687E-02
 3.88042405E-02 3.43947783E-02 9.60068107E-02 3.53366844E-02 5.25042303E-02
 8.07581693E-02 0.136987403 0.151534617 4.83982861E-02 8.56937002E-03
 6.36086613E-02 2.12692153E-02 9.32816565E-02 4.63201106E-02 0.106793411
 7.42106512E-02 8.80872607E-02 6.39263466E-02 -2.55824495E-02 7.46108815E-02
 9.66839958E-03 4.47460189E-02 -3.99076641E-02 0.116736613 0.128890604
 3.17195663E-03 4.09300514E-02 6.00487925E-02 6.05312781E-03 -7.78631424E-04
 3.96181159E-02 1.44650275E-02 2.93021649E-02 4.22577979E-03 4.76797447E-02
 0.134698406 0.116799936 8.36066529E-02 7.57078007E-02 8.03459734E-02
 0.128345087 5.24720885E-02 9.54720452E-02 7.13918060E-02 5.84624633E-02
 2.84762755E-02 -3.29464786E-02 4.30002101E-02 2.22006943E-02 5.15923947E-02
 4.14431393E-02 8.63745958E-02 8.52107480E-02 7.35522881E-02 2.00381037E-02
 9.50307846E-02 3.43143642E-02 0.113623776 8.80951136E-02 1.84812900E-02
 7.87503943E-02 0.110722251 3.93732637E-02 8.64865482E-02 9.58122090E-02
 4.47809212E-02 -1.03577890E-03 -1.98962097E-03 3.77370492E-02 5.57488576E-02
 -1.70789715E-02 -5.29313385E-02 8.58572796E-02 5.30226901E-02 0.109574340
 0.115941212 2.89110169E-02 0.108866192 0.100957893 -1.81956440E-02
 0.117503725 6.08087219E-02 9.61286649E-02 -7.91573431E-03 2.59964466E-02
 8.21027234E-02 5.82572371E-02 6.58501983E-02 8.48224387E-02 4.62703742E-02
 7.09082782E-02 2.73181628E-02 4.31176312E-02 8.52535293E-02 9.25606638E-02
 7.61079118E-02 3.48558053E-02 5.06614335E-02 0.112398155 5.11435792E-02
 4.50172126E-02 2.55589467E-02 2.93190964E-02 5.06070927E-02 4.65999134E-02
 5.21690100E-02 6.43055663E-02 0.104846783 0.107560344 6.71405867E-02
 5.12975156E-02 3.61644626E-02 -4.49271919E-03 3.43517326E-02 7.63937384E-02
 0.101335414 0.119845942 6.03568219E-02 0.158769384 7.12253600E-02
 6.89794719E-02 2.62039509E-02 0.124561377 0.136137843 6.60248250E-02
 0.125957772 6.28692657E-02 3.27498689E-02 6.66143522E-02 4.29759547E-02
 2.65994314E-02 9.09932554E-02 -2.67308531E-03 -1.79906152E-02 0.116343319
 5.82867488E-02 0.101782091 6.17034547E-02 3.31059732E-02 6.66840896E-02
 1.07840691E-02 3.81829254E-02 3.61196920E-02 -6.99272193E-03 1.87410362E-04
 7.26602897E-02 9.21361223E-02 7.03496486E-02 5.46847284E-02 1.74583420E-02
 5.75391799E-02 8.37592483E-02 0.118851706 0.132783607 8.06512535E-02
 7.75504932E-02 0.103742667 3.81595865E-02 0.191186234 0.112548143
 2.76729409E-02 1.09933373E-02 4.18948568E-02 2.99132075E-02 6.55970797E-02
 8.68382752E-02 9.04899985E-02 7.52749592E-02 4.50146124E-02 6.90698698E-02
 6.83623627E-02 1.89206973E-02 6.55927658E-02 9.41952243E-02 -1.58908330E-02
 5.86538799E-02 7.10547864E-02 7.38935247E-02 2.01476365E-02 -2.51501445E-02
 9.24072042E-02 9.52753872E-02 6.39170185E-02 7.22546279E-02 5.43257557E-02
 7.96120912E-02 3.51818986E-02 4.64411341E-02 -2.23901565E-03 5.56951165E-02
 9.88344923E-02 0.172732979 3.13901827E-02 6.58801524E-03 6.78265020E-02
 0.118050203 5.51166311E-02 1.88756362E-02 -3.94725502E-02 5.07644676E-02
 1.29314810E-02 4.53223586E-02 8.48986506E-02 8.38146433E-02 4.19478789E-02
 4.80052605E-02 6.59149094E-03 -1.79867558E-02 6.02231584E-02 9.94694158E-02
 4.32358980E-02 -6.45232014E-03 -1.84576726E-03 -1.12410244E-02 9.50704236E-03
 -7.43509829E-03 5.88487834E-02 5.11212721E-02 9.32011977E-02 5.11227511E-02
 -1.32770208E-03 8.83178785E-02 6.36729673E-02 0.00000000E+00 0.00000000E+00
 0.00000000E+00 0.00000000E+00 0.00000000E+00 0.00000000E+00 0.00000000E+00
 0.00000000E+00 0.00000000E+00 0.00000000E+00 0.00000000E+00 0.00000000E+00
 0.00000000E+00 0.00000000E+00 0.00000000E+00 0.00000000E+00 0.00000000E+00
 0.00000000E+00 0.00000000E+00 0.00000000E+00 0.00000000E+00 0.00000000E+00
 0.00000000E+00 0.00000000E+00 0.00000000E+00 0.00000000E+00 0.00000000E+00
 0.00000000E+00 0.00000000E+00 0.00000000E+00 0.00000000E+00 0.00000000E+00
 0.00000000E+00 0.00000000E+00 0.00000000E+00 0.00000000E+00 0.00000000E+00
 0.00000000E+00 0.00000000E+00 0.00000000E+00 0.00000000E+00 0.00000000E+00
 0.00000000E+00 0.00000000E+00 0.00000000E+00 0.00000000E+00 0.00000000E+00
 0.00000000E+00 0.00000000E+00 0.00000000E+00 0.00000000E+00 0.00000000E+00
 0.00000000E+00 0.00000000E+00 0.00000000E+00 0.00000000E+00 0.00000000E+00
 0.00000000E+00 0.00000000E+00 0.00000000E+00 0.00000000E+00 0.00000000E+00
 0.00000000E+00 0.00000000E+00 0.00000000E+00 0.00000000E+00 0.00000000E+00
 0.00000000E+00 0.00000000E+00 0.00000000E+00 0.00000000E+00 0.00000000E+00
 0.00000000E+00 0.00000000E+00 0.00000000E+00 0.00000000E+00 0.00000000E+00
 0.00000000E+00 0.00000000E+00 0.00000000E+00 0.00000000E+00 0.00000000E+00
 0.00000000E+00 0.00000000E+00 0.00000000E+00 0.00000000E+00 0.00000000E+00
 0.00000000E+00 0.00000000E+00 0.00000000E+00 0.00000000E+00 0.00000000E+00
 0.00000000E+00 0.00000000E+00 0.00000000E+00 0.00000000E+00 0.00000000E+00
 0.00000000E+00 0.00000000E+00 0.00000000E+00 0.00000000E+00 0.00000000E+00
 0.00000000E+00 0.00000000E+00 0.00000000E+00 0.00000000E+00 0.00000000E+00
 0.00000000E+00 0.00000000E+00 0.00000000E+00 0.00000000E+00 0.00000000E+00
 0.00000000E+00 0.00000000E+00 0.00000000E+00 0.00000000E+00 0.00000000E+00
 0.00000000E+00 0.00000000E+00 0.00000000E+00 0.00000000E+00 0.00000000E+00
 0.00000000E+00 0.00000000E+00 0.00000000E+00 0.00000000E+00 0.00000000E+00
 0.00000000E+00 0.00000000E+00 0.00000000E+00 0.00000000E+00 0.00000000E+00
 0.00000000E+00 0.00000000E+00 0.00000000E+00 0.00000000E+00 0.00000000E+00
 0.00000000E+00 0.00000000E+00 0.00000000E+00 0.00000000E+00 0.00000000E+00
 0.00000000E+00 0.00000000E+00 0.00000000E+00 0.00000000E+00 0.00000000E+00
 0.00000000E+00 0.00000000E+00 0.00000000E+00 0.00000000E+00 0.00000000E+00
 %Error
 0.00000000E+00 0.00000000E+00 0.00000000E+00 0.00000000E+00 0.00000000E+00
 0.00000000E+00 0.00000000E+00 0.00000000E+00 0.00000000E+00 0.00000000E+00
 0.00000000E+00 0.00000000E+00 0.00000000E+00 0.00000000E+00 0.00000000E+00
 0.00000000E+00 0.00000000E+00 0.00000000E+00 0.00000000E+00 0.00000000E+00
 0.00000000E+00 0.00000000E+00 0.00000000E+00 0.00000000E+00 0.00000000E+00
 0.00000000E+00 0.00000000E+00 0.00000000E+00 0.00000000E+00 0.00000000E+00
 0.00000000E+00 0.00000000E+00 0.00000000E+00 0.00000000E+00 0.00000000E+00
 0.00000000E+00 0.00000000E+00 0.00000000E+00 0.00000000E+00 0.00000000E+00
 0.00000000E+00 0.00000000E+00 0.00000000E+00 0.00000000E+00 0.00000000E+00
 0.00000000E+00 0.00000000E+00 0.00000000E+00 0.00000000E+00 0.00000000E+00
 0.00000000E+00 0.00000000E+00 0.00000000E+00 0.00000000E+00 0.00000000E+00
 0.00000000E+00 0.00000000E+00 0.00000000E+00 0.00000000E+00 0.00000000E+00
 0.00000000E+00 0.00000000E+00 0.00000000E+00 0.00000000E+00 0.00000000E+00
 0.00000000E+00 0.00000000E+00 0.00000000E+00 0.00000000E+00 0.00000000E+00
 0.00000000E+00 0.00000000E+00 0.00000000E+00 0.00000000E+00 0.00000000E+00
 0.00000000E+00 0.00000000E+00 0.00000000E+00 0.00000000E+00 0.00000000E+00
 0.00000000E+00 0.00000000E+00 1.41058123 1.33110225 1.33673835
 1.41202998 1.33629274 1.25715852 1.19296348 1.17467928
 1.12579060 1.08035481 1.04448414 1.05458784 1.04053926
 1.01151872 1.00122857 0.986081898 1.01086509 0.959573805
 0.951902032 0.930149555 0.878455281 0.866496682 0.854273021
 0.834375322 0.798948646 0.784036994 0.774710655 0.763674140
 0.759654999 0.791633248 0.756990552 0.708303332 0.702050865
 0.690173745 0.674461722 0.659936070 0.659272313 0.644388497
 0.624842167 0.613323569 0.632313669 0.610098302 0.589753985
 0.597929835 0.589230955 0.558297217 0.571845114 0.556936741
 0.532460093 0.530955195 0.523937047 0.580286264 0.590795815
 0.509678483 0.498376518 0.493759900 0.528566897 0.500596762
 0.474078596 0.485791028 0.466579258 0.450980067 0.438877791
 0.434798181 0.424321741 0.419936717 0.414395094 0.407462567
 0.401680827 0.391235679 0.398057342 0.383596122 0.377292037
 0.373291016 0.367422789 0.361021757 0.362314969 0.356207430
 0.346366674 0.337675214 0.333143383 0.328657061 0.325082570
 0.318251699 0.314797103 0.314933538 0.315452933 0.308447331
 0.327775091 0.323627383 0.304250479 0.298041373 0.295751989
 0.299327016 0.289862126 0.288809419 0.286979705 0.282030076
 0.278598160 0.274041384 0.272289127 0.271388710 0.267311186
 0.266329736 0.265111864 0.257952243 0.254568160 0.253710270
 0.252769411 0.252794743 0.250424147 0.250429779 0.250007004
 0.246390671 0.242311060 0.242759570 0.242068008 0.239551574
 0.236792892 0.234289885 0.233984858 0.232353881 0.230465651
 0.227629274 0.223974958 0.225614846 0.225896850 0.223075897
 0.221429721 0.219503075 0.217193738 0.216386423 0.215666950
 0.214994878 0.213890150 0.212330088 0.212210298 0.211345360
 0.211224586 0.212111995 0.209284991 0.223124817 0.208406359
 0.207625464 0.206891000 0.207608312 0.204369396 0.205991253
 0.205725878 0.203527018 0.201023042 0.200594380 0.200112030
 0.201100618 0.199721217 0.197928369 0.197133020 0.194885299
 0.195377439 0.194242567 0.194547772 0.193315700 0.191134825
 0.191301882 0.190652266 0.190995112 0.189508900 0.190063804
 0.186608985 0.185399458 0.184808463 0.187031165 0.183983445
 0.182613298 0.182089970 0.180632845 0.179249525 0.178535819
 0.174680397 0.170767441 0.171127185 0.168280125 0.162496835
 0.160004109 0.163554147 0.163305253 0.156043082 0.147963822
 0.147252008 0.151546165 0.154763550 0.150212392 0.141120970
 0.143115982 0.130557388 0.134862393 0.142605677 0.147920594
 0.140960887 0.129948139 0.121626377 0.116724297 0.114442080
 0.115784094 0.121958099 0.131742731 0.139655069 0.135817140
 0.125437573 0.116168380 0.109487094 0.105858475 0.103427246
 0.102974825 0.103768878 0.105220512 0.109694548 0.117736764
 0.126748830 0.129122153 0.121070012 0.112146758 0.104165405
 9.93315801E-02 9.61161852E-02 9.45298970E-02 9.29504260E-02 9.20175985E-02
 9.11865085E-02 9.04503465E-02 9.01483670E-02 9.03414264E-02 9.18402076E-02
 9.47726518E-02 9.99346003E-02 0.106815375 0.115581706 0.117269225
 0.109613858 0.101135254 9.47970599E-02 9.05296132E-02 8.76834691E-02
 8.61965269E-02 8.44473317E-02 8.40024874E-02 8.35322365E-02 8.28997791E-02
 8.25227499E-02 8.23462754E-02 8.21295753E-02 8.20064917E-02 8.18941593E-02
 8.22307765E-02 8.25561732E-02 8.26884955E-02 8.30144957E-02 8.32662135E-02
 8.40826929E-02 8.95836279E-02 8.69290754E-02 9.09241885E-02 9.73713174E-02
 0.104739718 0.109317467 0.104679331 9.65251327E-02 8.95876959E-02
 8.60700831E-02 9.17845964E-02 8.12114030E-02 7.94283673E-02 7.85054788E-02
 7.74814487E-02 7.68601075E-02 7.63545930E-02 7.63559341E-02 7.64575750E-02
 7.58204535E-02 7.55289942E-02 7.49434382E-02 7.50966817E-02 7.54380971E-02
 7.55313635E-02 7.48906657E-02 7.38194883E-02 7.35044256E-02 7.35041276E-02
 7.34566450E-02 7.30129629E-02 7.28413314E-02 7.25540966E-02 7.24906847E-02
 7.20935389E-02 7.20525458E-02 7.71567747E-02 7.28006288E-02 7.30209425E-02
 7.31476173E-02 7.32404068E-02 7.38984123E-02 7.42808059E-02 7.50236064E-02
 7.61265233E-02 7.82314539E-02 8.20665210E-02 8.77274126E-02 9.48190838E-02
 9.90355164E-02 9.40345079E-02 8.63496810E-02 8.02745447E-02 7.64272735E-02
 7.42457286E-02 7.30542839E-02 7.22601116E-02 7.13455230E-02 7.06388354E-02
 7.03631938E-02 6.97419196E-02 6.91728815E-02 6.91868439E-02 6.91925511E-02
 6.95638284E-02 6.91263229E-02 6.88344315E-02 6.85932711E-02 6.82819486E-02
 6.83049560E-02 6.86544925E-02 6.86551258E-02 6.87251836E-02 6.81781694E-02
 6.86043501E-02 6.84783235E-02 6.85916394E-02 6.85886368E-02 6.87253028E-02
 6.91373050E-02 6.91866502E-02 6.89757839E-02 6.85978830E-02 6.84053004E-02
 6.88752010E-02 6.88962936E-02 6.85958713E-02 6.82572499E-02 6.84379116E-02
 6.80843666E-02 6.84403405E-02 6.82712495E-02 6.77989125E-02 6.77294880E-02
 6.74823821E-02 6.73354119E-02 6.75247163E-02 6.73313886E-02 6.72737509E-02
 6.70058429E-02 6.67875707E-02 6.66664392E-02 6.62532449E-02 6.98686093E-02
 6.61105290E-02 6.57543391E-02 6.55416325E-02 6.50006533E-02 6.49728477E-02
 6.48294762E-02 6.47614002E-02 6.46303073E-02 6.43787533E-02 6.43844828E-02
 6.44979179E-02 6.41878396E-02 6.43125176E-02 6.42661750E-02 6.87243789E-02
 6.43421859E-02 6.43786043E-02 6.39941692E-02 6.45568520E-02 6.55064732E-02
 6.64643794E-02 6.86168820E-02 7.23169073E-02 7.74320066E-02 8.28226507E-02
 8.49230886E-02 8.18979070E-02 7.59159774E-02 7.09564835E-02 6.76590130E-02
 6.51709661E-02 6.40624240E-02 6.32221997E-02 6.28125966E-02 6.22343272E-02
 6.19228519E-02 6.19417280E-02 6.20254949E-02 6.22956604E-02 6.24550618E-02
 6.27408549E-02 6.30048290E-02 6.27096370E-02 6.23269342E-02 6.13113679E-02
 6.12478070E-02 6.12087213E-02 6.10999987E-02 6.06574342E-02 6.55331239E-02
 6.06756471E-02 6.07984476E-02 6.10009767E-02 6.13350756E-02 6.11734167E-02
 6.12532906E-02 6.10362627E-02 6.13170676E-02 6.56405762E-02 6.10637143E-02
 6.11744188E-02 6.10823669E-02 6.08477816E-02 6.09841309E-02 6.09596856E-02
 6.09862283E-02 6.10835664E-02 6.15122616E-02 6.12957478E-02 6.14432395E-02
 6.13221973E-02 6.14048578E-02 6.16579652E-02 6.09887317E-02 6.06349334E-02
 6.04948327E-02 6.04362935E-02 6.00437410E-02 6.02334626E-02 5.99413067E-02
 6.01464026E-02 6.00908250E-02 6.00535199E-02 5.98781966E-02 5.98813742E-02
 5.95717467E-02 5.96247427E-02 5.97450770E-02 5.99579178E-02 6.02930486E-02
 6.00730367E-02 6.02810867E-02 6.03946447E-02 6.04817420E-02 6.06728382E-02
 6.40269965E-02 6.44840673E-02 6.13113120E-02 6.14497364E-02 6.11834414E-02
 6.12756982E-02 6.11924455E-02 6.10622652E-02 6.14035428E-02 6.12125918E-02
 6.06193691E-02 6.02631532E-02 6.04276955E-02 6.05910718E-02 6.10667765E-02
 6.11213110E-02 6.14631623E-02 6.20130040E-02 6.23450801E-02 6.19908497E-02
 6.19532727E-02 6.18242249E-02 6.14435598E-02 6.14626929E-02 6.17478117E-02
 6.17434867E-02 6.15577810E-02 6.18641451E-02 6.21320978E-02 6.17053658E-02
 6.13799021E-02 6.15070239E-02 6.12475164E-02 6.08722158E-02 6.08355962E-02
 6.04549237E-02 6.02585673E-02 6.04219511E-02 6.04596995E-02 6.02916107E-02
 6.01703115E-02 6.04482144E-02 6.03720024E-02 5.99980876E-02 6.01952374E-02
 6.03640787E-02 6.04575053E-02 6.02498017E-02 6.03189990E-02 5.98742142E-02
 6.02044873E-02 6.03108481E-02 6.05155714E-02 6.03604838E-02 6.04304373E-02
 6.00531772E-02 5.99098578E-02 5.96451163E-02 5.92658930E-02 5.92195354E-02
 5.92144914E-02 5.95813841E-02 5.96252270E-02 6.00146241E-02 6.07860163E-02
 6.05951473E-02 6.04972765E-02 6.05625212E-02 6.06579892E-02 6.09476976E-02
 6.08076937E-02 6.05620518E-02 6.02294877E-02 6.03365786E-02 6.07812852E-02
 6.09897487E-02 6.07276149E-02 6.09100796E-02 6.09131604E-02 6.07843623E-02
 6.06059320E-02 6.06162138E-02 6.08623140E-02 6.09306432E-02 6.09395280E-02
 6.10376000E-02 6.12828806E-02 6.16805293E-02 6.15677461E-02 6.13132194E-02
 6.18375428E-02 6.18482828E-02 6.15107641E-02 6.16188087E-02 6.26039729E-02
 6.32458851E-02 6.39994144E-02 6.49119765E-02 6.62079602E-02 6.82523698E-02
 7.12052658E-02 7.57042915E-02 8.08509886E-02 8.45327079E-02 8.50311443E-02
 8.12642649E-02 7.59944022E-02 7.08878264E-02 6.78602308E-02 6.58147112E-02
 6.45568967E-02 6.37847260E-02 6.29453883E-02 6.27203435E-02 6.23541810E-02
 6.19505756E-02 6.18887246E-02 6.17531724E-02 6.19120188E-02 6.16901629E-02
 6.16146065E-02 6.11485615E-02 6.09726235E-02 6.10052533E-02 6.08536936E-02
 6.02289438E-02 5.98843545E-02 5.96354902E-02 5.94964065E-02 5.92889078E-02
 5.89626543E-02 5.90345599E-02 5.93033321E-02 5.90541624E-02 5.87367639E-02
 5.83235398E-02 5.83505966E-02 5.81695586E-02 5.77547587E-02 5.73493987E-02
 5.72967343E-02 5.70637509E-02 5.67184351E-02 5.65004349E-02 5.63883968E-02
 5.60633503E-02 5.54740094E-02 5.50881028E-02 5.47567606E-02 5.78032993E-02
 5.46059273E-02 5.44582494E-02 5.40482737E-02 5.39712720E-02 5.36229052E-02
 5.35820797E-02 5.35950139E-02 5.36145978E-02 5.31396009E-02 5.24803549E-02
 5.26825190E-02 5.28902262E-02 5.30466959E-02 5.32381982E-02 5.30424602E-02
 5.28783724E-02 5.27339242E-02 5.23385406E-02 5.28535321E-02 5.30294664E-02
 5.24006262E-02 5.25819436E-02 5.20531200E-02 5.18192202E-02 5.16596958E-02
 5.20653427E-02 5.21704778E-02 5.19251861E-02 5.17309643E-02 5.15810326E-02
 5.13762534E-02 5.10188974E-02 5.11974432E-02 5.13823926E-02 5.08566611E-02
 5.07281236E-02 5.05957827E-02 5.00840247E-02 4.98617142E-02 4.97146696E-02
 4.93416749E-02 4.90393303E-02 4.86241840E-02 4.84245494E-02 5.18000908E-02
 4.81473431E-02 4.81923185E-02 4.80506457E-02 4.82314900E-02 4.82063293E-02
 4.79014181E-02 4.78090309E-02 4.79590707E-02 4.78761084E-02 4.78167124E-02
 4.73841578E-02 4.69217263E-02 4.73713949E-02 4.72801514E-02 4.76464108E-02
 4.75824252E-02 4.74178456E-02 4.74375784E-02 4.78662513E-02 4.76952977E-02
 4.78655100E-02 4.78850342E-02 4.77018841E-02 4.75920923E-02 4.74379845E-02
 4.75330278E-02 4.73502539E-02 4.73416671E-02 4.73731160E-02 4.69609126E-02
 4.69313897E-02 4.68566529E-02 4.64891940E-02 4.64732349E-02 4.65221629E-02
 4.67341729E-02 4.67863679E-02 4.65325154E-02 4.64104973E-02 4.65351790E-02
 4.58895974E-02 4.59640324E-02 4.61949632E-02 4.61392291E-02 4.54563312E-02
 4.54551503E-02 4.53099608E-02 4.50865515E-02 4.51707318E-02 4.51075919E-02
 4.51088808E-02 4.47515734E-02 4.49533612E-02 4.51253541E-02 4.51692082E-02
 4.50941361E-02 4.51501943E-02 4.51286137E-02 4.49225418E-02 4.50078435E-02
 4.48073894E-02 4.49336395E-02 4.52017598E-02 4.55600880E-02 4.53379415E-02
 4.49586697E-02 4.49005254E-02 4.47526872E-02 4.48862799E-02 4.47281450E-02
 4.46825437E-02 4.46052924E-02 4.43615988E-02 4.39600050E-02 4.40606400E-02
 4.37900759E-02 4.36700545E-02 4.37116176E-02 4.37006615E-02 4.35030758E-02
 4.35833745E-02 4.34231013E-02 4.33043763E-02 4.35037203E-02 4.33078110E-02
 4.32716869E-02 4.33902629E-02 4.36858609E-02 4.36855182E-02 4.35272269E-02
 4.34937812E-02 4.32374217E-02 4.34370823E-02 4.33653966E-02 4.31900509E-02
 4.29202281E-02 4.27741632E-02 4.28035632E-02 4.27617617E-02 4.27669212E-02
 4.28944901E-02 4.29225303E-02 4.27651703E-02 4.28512506E-02 4.30927873E-02
 4.31289524E-02 4.28965129E-02 4.29556966E-02 4.33056280E-02 4.29006927E-02
 4.28935997E-02 4.29698601E-02 4.29214351E-02 4.27139290E-02 4.26741093E-02
 4.26369011E-02 4.23629917E-02 4.23627682E-02 4.20229025E-02 4.20989431E-02
 4.17958833E-02 4.20015417E-02 4.20403332E-02 4.20378484E-02 4.44606356E-02
 4.17023972E-02 4.13209274E-02 4.10586670E-02 4.10120338E-02 4.10611555E-02
 4.09133360E-02 4.09272686E-02 4.06521782E-02 4.07930687E-02 4.07206267E-02
 4.06116545E-02 4.08662409E-02 4.08303849E-02 4.08789255E-02 4.09853719E-02
 4.11608145E-02 4.39659134E-02 4.11646105E-02 4.11629528E-02 4.09096964E-02
 4.10921499E-02 4.09119017E-02 4.04955931E-02 4.06375825E-02 4.09306884E-02
 4.08492088E-02 4.06469405E-02 4.04454581E-02 4.03127819E-02 4.04088572E-02
 4.03656214E-02 4.00738902E-02 3.99866179E-02 3.99477445E-02 3.98657843E-02
 3.98475640E-02 3.99394035E-02 3.98279727E-02 3.94956693E-02 3.92932333E-02
 3.92742790E-02 3.89330313E-02 3.87890711E-02 3.88808548E-02 3.87556255E-02
 3.90545949E-02 3.88608649E-02 3.86172384E-02 3.87138762E-02 3.85667644E-02
 3.86906005E-02 3.88363823E-02 3.89275067E-02 3.89814787E-02 3.91033962E-02
 3.91468070E-02 3.93666513E-02 3.93187702E-02 3.94180752E-02 3.97815406E-02
 3.95233929E-02 3.96843627E-02 3.98696512E-02 3.98432650E-02 3.99286598E-02
 3.99970375E-02 4.01663780E-02 4.02356163E-02 3.99688780E-02 3.98508459E-02
 3.99647653E-02 3.99747416E-02 3.98425981E-02 4.00299467E-02 3.98016796E-02
 3.97936516E-02 3.97965647E-02 3.96709219E-02 3.95580642E-02 3.92984971E-02
 3.92278843E-02 3.89730334E-02 4.09852304E-02 3.89973298E-02 3.87199968E-02
 3.87356617E-02 3.87254357E-02 3.85800190E-02 4.08971235E-02 3.85672934E-02
 3.85963209E-02 3.86377349E-02 3.86976711E-02 3.88441943E-02 3.89545560E-02
 3.91211919E-02 3.91696505E-02 3.95218655E-02 3.94419879E-02 3.94013561E-02
 3.93067822E-02 3.92105430E-02 3.93451266E-02 3.91729511E-02 3.90849672E-02
 3.92205827E-02 3.91556248E-02 3.91152240E-02 3.91041636E-02 3.88742499E-02
 3.89563739E-02 3.87018546E-02 3.87370512E-02 3.90149541E-02 3.90887856E-02
 4.20822762E-02 3.91798317E-02 3.90696600E-02 3.91165949E-02 3.91578116E-02
 3.88859101E-02 3.90772074E-02 3.88651304E-02 3.89348567E-02 3.89018618E-02
 3.86133902E-02 3.84562798E-02 3.84499244E-02 3.87103111E-02 3.85876112E-02
 3.86296287E-02 3.87218930E-02 3.89438346E-02 3.91598977E-02 3.91625017E-02
 3.90472077E-02 3.91210988E-02 3.91483605E-02 3.96189913E-02 3.94868739E-02
 3.96143049E-02 4.01949845E-02 4.02252972E-02 4.00889479E-02 3.99997011E-02
 4.02219594E-02 4.04461510E-02 4.03234027E-02 4.03255187E-02 4.04358767E-02
 4.05344293E-02 4.04856578E-02 4.04175818E-02 4.02492918E-02 3.99538912E-02
 4.00273427E-02 3.99307422E-02 3.97515818E-02 3.96416485E-02 3.94876152E-02
 3.93003970E-02 3.89779098E-02 3.89751680E-02 3.89445275E-02 3.89035642E-02
 3.87971476E-02 3.87335084E-02 3.87307964E-02 3.87173966E-02 4.08448055E-02
 3.86000983E-02 3.85688469E-02 3.84149253E-02 3.85542959E-02 3.85180302E-02
 3.84736061E-02 3.82306054E-02 3.79838757E-02 3.78647633E-02 3.77463102E-02
 3.73938195E-02 3.75612564E-02 3.75372432E-02 3.74897607E-02 3.75164747E-02
 3.74000482E-02 3.75330038E-02 3.74583639E-02 0.00000000E+00 0.00000000E+00
 0.00000000E+00 0.00000000E+00 0.00000000E+00 0.00000000E+00 0.00000000E+00
 0.00000000E+00 0.00000000E+00 0.00000000E+00 0.00000000E+00 0.00000000E+00
 0.00000000E+00 0.00000000E+00 0.00000000E+00 0.00000000E+00 0.00000000E+00
 0.00000000E+00 0.00000000E+00 0.00000000E+00 0.00000000E+00 0.00000000E+00
 0.00000000E+00 0.00000000E+00 0.00000000E+00 0.00000000E+00 0.00000000E+00
 0.00000000E+00 0.00000000E+00 0.00000000E+00 0.00000000E+00 0.00000000E+00
 0.00000000E+00 0.00000000E+00 0.00000000E+00 0.00000000E+00 0.00000000E+00
 0.00000000E+00 0.00000000E+00 0.00000000E+00 0.00000000E+00 0.00000000E+00
 0.00000000E+00 0.00000000E+00 0.00000000E+00 0.00000000E+00 0.00000000E+00
 0.00000000E+00 0.00000000E+00 0.00000000E+00 0.00000000E+00 0.00000000E+00
 0.00000000E+00 0.00000000E+00 0.00000000E+00 0.00000000E+00 0.00000000E+00
 0.00000000E+00 0.00000000E+00 0.00000000E+00 0.00000000E+00 0.00000000E+00
 0.00000000E+00 0.00000000E+00 0.00000000E+00 0.00000000E+00 0.00000000E+00
 0.00000000E+00 0.00000000E+00 0.00000000E+00 0.00000000E+00 0.00000000E+00
 0.00000000E+00 0.00000000E+00 0.00000000E+00 0.00000000E+00 0.00000000E+00
 0.00000000E+00 0.00000000E+00 0.00000000E+00 0.00000000E+00 0.00000000E+00
 0.00000000E+00 0.00000000E+00 0.00000000E+00 0.00000000E+00 0.00000000E+00
 0.00000000E+00 0.00000000E+00 0.00000000E+00 0.00000000E+00 0.00000000E+00
 0.00000000E+00 0.00000000E+00 0.00000000E+00 0.00000000E+00 0.00000000E+00
 0.00000000E+00 0.00000000E+00 0.00000000E+00 0.00000000E+00 0.00000000E+00
 0.00000000E+00 0.00000000E+00 0.00000000E+00 0.00000000E+00 0.00000000E+00
 0.00000000E+00 0.00000000E+00 0.00000000E+00 0.00000000E+00 0.00000000E+00
 0.00000000E+00 0.00000000E+00 0.00000000E+00 0.00000000E+00 0.00000000E+00
 0.00000000E+00 0.00000000E+00 0.00000000E+00 0.00000000E+00 0.00000000E+00
 0.00000000E+00 0.00000000E+00 0.00000000E+00 0.00000000E+00 0.00000000E+00
 0.00000000E+00 0.00000000E+00 0.00000000E+00 0.00000000E+00 0.00000000E+00
 0.00000000E+00 0.00000000E+00 0.00000000E+00 0.00000000E+00 0.00000000E+00
 0.00000000E+00 0.00000000E+00 0.00000000E+00 0.00000000E+00 0.00000000E+00
 0.00000000E+00 0.00000000E+00 0.00000000E+00 0.00000000E+00 0.00000000E+00
 0.00000000E+00 0.00000000E+00 0.00000000E+00 0.00000000E+00 0.00000000E+00
