 *****************************************
 INPUT FITS file = hpolccd_bet-cmi_19950325b_hw.fits                                               
 OUTPUT LISTING file = hpolccd_bet-cmi_19950325b_hw.lis                                                
 *****************************************
 SIMPLE  =                    T / file does conform to FITS standard             
 BITPIX  =                  -32 / number of bits per data pixel                  
 NAXIS   =                    1 / number of data axes                            
 NAXIS1  =                 1200 / length of data axis 1                          
 EXTEND  =                    T / FITS dataset may contain extensions            
 COMMENT   FITS (Flexible Image Transport System) format is defined in 'Astronomy
 COMMENT   and Astrophysics', volume 376, page 359; bibcode: 2001A&A...376..359H 
 CRVAL1  =              2919.00 / [angstrom] Wavelength first pixel              
 CDELT1  =                 3.00 / [angstrom] Number of Angstroms/pixel           
 CRPIX1  =                 1.00 / Starting pixel number                          
 WAVE2   =              6516.00 / [angstrom] Wavelength of last pixel            
 CTYPE1  = 'WAVELENGTH'         / [angstrom] Wavelength                          
 CUNIT1  = 'angstrom'           / [angstrom] Unit of Wavelength                  
 BUNIT   = 'erg/cm**2/s/angstrom' / [erg/cm**2/s/angstrom] Unit of Flux (FLAMBDA)
 FILENAME= 'hpolccd_bet-cmi_19950325b_hw.fits' / FITS file name                  
 ORIGIN  = 'UW-Space Astronomy Lab' / Creator of FITS file                       
 DATE    = '2010-04-04T17:05:02' / FITS file creation date                       
 DATE-OBS= '1995-03-25'         / [ccyy-mm-dd] UT Date of Observation            
 MJD-OBS =             49801.70 / [d] MJD at start of obs (JD-2,400,000.05)      
 OBSERVAT= 'Pine Bluff'         / Observatory                                    
 TELESCOP= '36-inch '           / Telescope                                      
 INSTRUME= 'SPECTROPOLARIMETER' / Instrument Used                                
 MODE    = 'HPOL    '           / Halfwave Polarimeter Mode                      
 DETECTOR= 'CCD     '           / Detector                                       
 GRATING = 'blue    '           / Grating                                        
 OBJECT  = 'Bet-CMi '           / Object Observed                                
 NAME2   = 'HD58715 '           / Alternate Object Name                          
 ID      = '2275    '           / WUPPE ID number for Object                     
 TYPE    = 'Be      '           / Type of Object                                 
 SPTYPE  = 'B8Ve    '           / Spectral Type                                  
 VMAG    =                  2.9 / [mag] V magnitude                              
 EQUINOX =               2000.0 / Equinox for coordinates                        
 RADECSYS= 'fk5     '           / spatial reference frame                        
 CRA     = '07:27:09.1'         / [hh:mm:ss.s] Right Ascension                   
 CDEC    = '+08:17:23'          / [sdd:mm:ss] Declination                        
 RA      =           111.787918 / [deg] Right ascension                          
 DEC     =             8.289722 / [deg] Declination                              
 EXPOSURE=              1920.00 / [s] Useful Exposure Time                       
 TSPC    =                 6.60 / [celsius] Spectrometer Temperature             
 THERM   =               -41.20 / [celsius] Detector temperature                 
 POSANGLE=                90.00 / [deg] Observatory Position Angle               
 SLIT    =                    3 / Slit Number of Entrance Aperture               
 DECKER  =                    5 / Decker Number of Entrance Aperture             
 COMMENT Note: The most commonly used slit/decker combination                    
 COMMENT is  slit=3, decker=5 (6 arcsec x 12 arcsec).                            
 COMMENT Slit Widths for this HPOL system are (in arcsec):                       
 COMMENT 1: 1.5, 2: 3.0, 3: 6.0, 4: 12.0, 5: 50.0, 0: unknown                    
 COMMENT The decker controls the length of the slit being used.                  
 COMMENT Deckers for this HPOL system are (in arcsec):                           
 COMMENT 1: 200.0, 2: 12 (1 & 2 are single aperture)                             
 COMMENT 3: 3.0, 4: 6.0, 5: 12.0, 6: 20.0, 7: 40.0                               
 COMMENT 8: 80.0, 0: unknown                                                     
 OBSERVER= 'lsg     '           / Observer of the Data                           
 REDUCER = 'jpw     '           / Reducer of the Data                            
 DATASTAT= 'OK      '           / Data Status                                    
 REDCOMME= '        '           / Data reduction comments                        
 COMMENT Useful red grating data generally are from 5980A-10500A                 
 COMMENT with a spectral resolution of 10A.                                      
 COMMENT Useful blue grating data generally are from 3200A-6020A                 
 COMMENT with a spectral resolution of 8A.                                       
 COMMENT HPOL CCD flux calibration has a relative flux accuracy of 0.05          
 COMMENT magnitudes for the 3/5 (6 arcsec/12 arcsec) slit/decker combination.    
 COMMENT Relative fluxes below 3600A and above 9000A can be substantially        
 COMMENT worse due to extinction correction inaccuracies and nightly             
 COMMENT atmospheric water content variability.                                  
 COMMENT Fluxes are not absolute due to non-photometric skies.                   
 Fluxes (Flambda)
 0.00000000E+00 0.00000000E+00 0.00000000E+00 0.00000000E+00 0.00000000E+00
 0.00000000E+00 0.00000000E+00 0.00000000E+00 0.00000000E+00 0.00000000E+00
 0.00000000E+00 0.00000000E+00 0.00000000E+00 0.00000000E+00 0.00000000E+00
 0.00000000E+00 0.00000000E+00 0.00000000E+00 0.00000000E+00 0.00000000E+00
 0.00000000E+00 0.00000000E+00 0.00000000E+00 0.00000000E+00 0.00000000E+00
 0.00000000E+00 0.00000000E+00 0.00000000E+00 0.00000000E+00 0.00000000E+00
 0.00000000E+00 0.00000000E+00 0.00000000E+00 0.00000000E+00 0.00000000E+00
 0.00000000E+00 0.00000000E+00 0.00000000E+00 0.00000000E+00 0.00000000E+00
 0.00000000E+00 0.00000000E+00 0.00000000E+00 0.00000000E+00 0.00000000E+00
 0.00000000E+00 0.00000000E+00 0.00000000E+00 0.00000000E+00 0.00000000E+00
 0.00000000E+00 0.00000000E+00 0.00000000E+00 0.00000000E+00 0.00000000E+00
 0.00000000E+00 0.00000000E+00 0.00000000E+00 0.00000000E+00 0.00000000E+00
 0.00000000E+00 0.00000000E+00 0.00000000E+00 0.00000000E+00 0.00000000E+00
 0.00000000E+00 0.00000000E+00 0.00000000E+00 0.00000000E+00 0.00000000E+00
 0.00000000E+00 0.00000000E+00 0.00000000E+00 0.00000000E+00 0.00000000E+00
 0.00000000E+00 0.00000000E+00 0.00000000E+00 0.00000000E+00 0.00000000E+00
 0.00000000E+00 0.00000000E+00 0.00000000E+00 0.00000000E+00 0.00000000E+00
 0.00000000E+00 0.00000000E+00 0.00000000E+00 0.00000000E+00 0.00000000E+00
 0.00000000E+00 0.00000000E+00 0.00000000E+00 0.00000000E+00 1.32323166E-10
 1.18357005E-10 1.22866162E-10 1.39154105E-10 1.53534893E-10 1.43424328E-10
 1.18914337E-10 1.16792770E-10 1.60052513E-10 1.61882618E-10 1.40825823E-10
 1.44024390E-10 1.42429096E-10 1.14983495E-10 1.60241292E-10 1.42501552E-10
 1.11971162E-10 1.21160429E-10 1.30296385E-10 1.35921913E-10 1.32036188E-10
 1.30292319E-10 1.23423174E-10 1.16215260E-10 1.22171870E-10 1.00965160E-10
 1.22291080E-10 1.22009958E-10 1.21493537E-10 1.26441774E-10 1.17889865E-10
 1.31490110E-10 1.11121196E-10 1.28793642E-10 1.16657059E-10 1.05684544E-10
 9.82954829E-11 1.05032538E-10 9.31509384E-11 9.70779082E-11 1.12427095E-10
 9.39608322E-11 9.65241082E-11 1.02238516E-10 7.96002569E-11 8.60796989E-11
 9.14915227E-11 9.00054684E-11 1.04808308E-10 9.00908792E-11 8.65247526E-11
 8.94010144E-11 9.67077946E-11 9.55857546E-11 8.47892728E-11 9.62063693E-11
 8.51577350E-11 8.96955635E-11 9.25644977E-11 9.18453993E-11 8.81565099E-11
 8.24467578E-11 8.63708619E-11 8.33458372E-11 8.92850238E-11 9.10228767E-11
 8.51253859E-11 8.73103395E-11 8.86682464E-11 8.86379095E-11 8.58916896E-11
 8.23358742E-11 8.21960416E-11 8.37359973E-11 8.69322392E-11 8.57677401E-11
 8.40635825E-11 8.59455701E-11 8.18859702E-11 8.04390166E-11 8.45820636E-11
 8.52890258E-11 8.24156576E-11 8.34829150E-11 8.11768638E-11 7.85169429E-11
 8.06892470E-11 8.21495580E-11 8.45686091E-11 8.33816211E-11 8.20880655E-11
 8.11660461E-11 8.20107524E-11 8.44734352E-11 8.20608026E-11 8.10930212E-11
 8.37165545E-11 8.01930744E-11 8.03886333E-11 8.26597332E-11 8.36100841E-11
 8.23439025E-11 8.23389759E-11 8.23568644E-11 7.96252508E-11 8.19962154E-11
 8.32107716E-11 8.10603876E-11 7.88447016E-11 8.08737868E-11 7.95779345E-11
 8.14556339E-11 7.90706944E-11 7.70308331E-11 7.81823981E-11 7.90455548E-11
 7.91959900E-11 7.70857406E-11 7.75465525E-11 7.88360072E-11 7.88765581E-11
 7.63189581E-11 7.72522671E-11 8.08468709E-11 7.76888692E-11 7.53797164E-11
 7.68200364E-11 7.80002174E-11 7.63678148E-11 7.69964231E-11 7.59902419E-11
 7.52177279E-11 7.50844387E-11 7.53402410E-11 7.62252969E-11 7.50505005E-11
 7.42561429E-11 7.37324785E-11 7.40217054E-11 7.23962765E-11 7.49847615E-11
 7.35306954E-11 7.23386906E-11 7.11760928E-11 7.29294611E-11 7.24727015E-11
 7.14629605E-11 7.13944528E-11 7.19554763E-11 7.15595569E-11 7.13397258E-11
 7.12232148E-11 6.97091135E-11 6.85529064E-11 6.99297634E-11 6.89981683E-11
 6.92519722E-11 7.03420794E-11 7.05557418E-11 6.98228905E-11 6.98144736E-11
 6.98378855E-11 6.95603922E-11 6.83913828E-11 6.99145533E-11 7.15622978E-11
 7.12574513E-11 7.27265956E-11 7.55154689E-11 7.41385009E-11 7.64268926E-11
 7.83974552E-11 7.67887212E-11 7.81458717E-11 8.57158303E-11 8.66902175E-11
 8.17874587E-11 8.20357948E-11 9.01322281E-11 1.01034514E-10 1.01616153E-10
 9.16177481E-11 8.41430467E-11 9.24407426E-11 1.06836769E-10 1.18891744E-10
 1.19628002E-10 1.08247626E-10 9.35333547E-11 8.71488298E-11 9.84342260E-11
 1.16086508E-10 1.32698172E-10 1.41777382E-10 1.42358542E-10 1.33620962E-10
 1.18256807E-10 9.96938226E-11 8.90948287E-11 9.79091253E-11 1.18965435E-10
 1.38486389E-10 1.49370682E-10 1.56241339E-10 1.59103744E-10 1.56827426E-10
 1.54135427E-10 1.46236273E-10 1.32661382E-10 1.14299327E-10 9.69612723E-11
 9.48216922E-11 1.09415928E-10 1.30021507E-10 1.46776410E-10 1.57057853E-10
 1.61787278E-10 1.66408512E-10 1.69125144E-10 1.69274372E-10 1.68801945E-10
 1.66632388E-10 1.64864414E-10 1.62251809E-10 1.56360661E-10 1.46461884E-10
 1.32224370E-10 1.11178310E-10 9.29871943E-11 9.13779677E-11 1.06299823E-10
 1.26502156E-10 1.43452777E-10 1.52576993E-10 1.59119412E-10 1.63252897E-10
 1.66042499E-10 1.67008074E-10 1.66739969E-10 1.65903374E-10 1.65000541E-10
 1.64319239E-10 1.64299963E-10 1.62008754E-10 1.61176780E-10 1.60716787E-10
 1.59758692E-10 1.57772725E-10 1.54590618E-10 1.51719096E-10 1.48326573E-10
 1.42388865E-10 1.33398820E-10 1.20061253E-10 1.03191046E-10 8.71560463E-11
 8.20666243E-11 9.26305213E-11 1.10114806E-10 1.24417726E-10 1.34446745E-10
 1.40699924E-10 1.44855072E-10 1.46379658E-10 1.47649185E-10 1.48448906E-10
 1.48921847E-10 1.48782126E-10 1.47668863E-10 1.48089901E-10 1.47364954E-10
 1.48089055E-10 1.47975077E-10 1.45911075E-10 1.43284135E-10 1.43127149E-10
 1.44705983E-10 1.46830159E-10 1.46953588E-10 1.46354984E-10 1.45816470E-10
 1.45741266E-10 1.44971327E-10 1.44574769E-10 1.43841189E-10 1.43851153E-10
 1.43304119E-10 1.43586323E-10 1.42893058E-10 1.41730988E-10 1.40775058E-10
 1.39560641E-10 1.37919259E-10 1.35644801E-10 1.33023592E-10 1.28929589E-10
 1.21596067E-10 1.11335177E-10 9.60450747E-11 8.08754869E-11 7.53104107E-11
 8.35166103E-11 9.98232122E-11 1.14687822E-10 1.25251115E-10 1.31616940E-10
 1.35984127E-10 1.38175235E-10 1.38752107E-10 1.39093626E-10 1.40314066E-10
 1.42180323E-10 1.43191445E-10 1.43681636E-10 1.43895978E-10 1.44765075E-10
 1.45893464E-10 1.46433338E-10 1.46166065E-10 1.46982856E-10 1.46671814E-10
 1.46298446E-10 1.46065673E-10 1.46183274E-10 1.46057305E-10 1.45310319E-10
 1.45305684E-10 1.45456105E-10 1.45863058E-10 1.45479559E-10 1.44267945E-10
 1.44238746E-10 1.44320222E-10 1.44734669E-10 1.44803572E-10 1.44240869E-10
 1.44045872E-10 1.44353099E-10 1.43951406E-10 1.44296589E-10 1.43541873E-10
 1.43638434E-10 1.43895729E-10 1.43940693E-10 1.43049281E-10 1.42745191E-10
 1.42220166E-10 1.42547030E-10 1.42939119E-10 1.42604692E-10 1.43022968E-10
 1.42817216E-10 1.42092491E-10 1.41578679E-10 1.41264514E-10 1.41156989E-10
 1.40717202E-10 1.40740655E-10 1.40874271E-10 1.40643774E-10 1.40734147E-10
 1.40771478E-10 1.41200426E-10 1.41228085E-10 1.41109041E-10 1.40754533E-10
 1.40135487E-10 1.40033693E-10 1.39381756E-10 1.39306067E-10 1.37817688E-10
 1.36752068E-10 1.34682335E-10 1.32400133E-10 1.29175087E-10 1.24101396E-10
 1.17112597E-10 1.05907311E-10 9.21648383E-11 7.98143357E-11 7.61695082E-11
 8.26454322E-11 9.55614754E-11 1.08470566E-10 1.17428289E-10 1.23562466E-10
 1.27183444E-10 1.29135341E-10 1.31660571E-10 1.32761135E-10 1.33428296E-10
 1.34116759E-10 1.34696823E-10 1.33901154E-10 1.32393999E-10 1.30735117E-10
 1.30735950E-10 1.31611624E-10 1.32262271E-10 1.32574257E-10 1.33385566E-10
 1.32423753E-10 1.32007016E-10 1.31859620E-10 1.31872888E-10 1.32260897E-10
 1.31079356E-10 1.30904010E-10 1.29878386E-10 1.29471836E-10 1.28748651E-10
 1.28115102E-10 1.27366895E-10 1.28027422E-10 1.27322763E-10 1.26791119E-10
 1.26172378E-10 1.26028243E-10 1.26013658E-10 1.25734298E-10 1.25299646E-10
 1.25162353E-10 1.23824700E-10 1.21412366E-10 1.20558563E-10 1.20390559E-10
 1.19169341E-10 1.18114865E-10 1.19754567E-10 1.21682678E-10 1.22150220E-10
 1.22175298E-10 1.22011248E-10 1.22177324E-10 1.21788912E-10 1.21576665E-10
 1.21278987E-10 1.21312585E-10 1.20913085E-10 1.20590260E-10 1.21320551E-10
 1.20921967E-10 1.20240568E-10 1.20523175E-10 1.20161922E-10 1.20046806E-10
 1.19887086E-10 1.19954033E-10 1.19977236E-10 1.19740953E-10 1.19333349E-10
 1.19261420E-10 1.19567217E-10 1.19827523E-10 1.19510193E-10 1.19419211E-10
 1.19456375E-10 1.19205937E-10 1.18553223E-10 1.18772089E-10 1.18195578E-10
 1.18403815E-10 1.18599727E-10 1.18115157E-10 1.17673316E-10 1.17513388E-10
 1.17795870E-10 1.16741838E-10 1.16311405E-10 1.17050800E-10 1.16770316E-10
 1.16394880E-10 1.16623711E-10 1.15923972E-10 1.15430152E-10 1.15527483E-10
 1.15305550E-10 1.15159104E-10 1.14534618E-10 1.13941620E-10 1.14618988E-10
 1.14382212E-10 1.14756059E-10 1.14465881E-10 1.13882230E-10 1.14041748E-10
 1.13897961E-10 1.13247245E-10 1.12817089E-10 1.13062254E-10 1.12725634E-10
 1.12466689E-10 1.12311556E-10 1.11982097E-10 1.11793123E-10 1.11792929E-10
 1.11950532E-10 1.11279798E-10 1.11437755E-10 1.11180044E-10 1.10334096E-10
 1.10124410E-10 1.10014352E-10 1.09945268E-10 1.08999289E-10 1.08966801E-10
 1.09111505E-10 1.08763956E-10 1.08803702E-10 1.08372471E-10 1.08138158E-10
 1.07826005E-10 1.06700343E-10 1.06365583E-10 1.06149464E-10 1.06166922E-10
 1.05672325E-10 1.05375896E-10 1.05413789E-10 1.04867781E-10 1.04831879E-10
 1.04299541E-10 1.03993286E-10 1.03932259E-10 1.03613243E-10 1.03130608E-10
 1.03580200E-10 1.03631069E-10 1.03112158E-10 1.02841166E-10 1.02611558E-10
 1.02875194E-10 1.02529228E-10 1.01854004E-10 1.02365540E-10 1.02289788E-10
 1.01796661E-10 1.01509530E-10 1.00980932E-10 1.01078042E-10 1.00700476E-10
 1.00343324E-10 9.99422003E-11 9.95844240E-11 9.87395860E-11 9.78336578E-11
 9.70943187E-11 9.45502773E-11 9.24602339E-11 8.86844348E-11 8.32066915E-11
 7.59079119E-11 6.81956783E-11 6.35770464E-11 6.34264585E-11 6.74782938E-11
 7.45865730E-11 8.17061696E-11 8.75113593E-11 9.06160147E-11 9.28224303E-11
 9.43905232E-11 9.49109749E-11 9.53750065E-11 9.57956631E-11 9.62809693E-11
 9.62859237E-11 9.63493452E-11 9.62834673E-11 9.60680216E-11 9.62236055E-11
 9.61813754E-11 9.62453173E-11 9.58535890E-11 9.55392571E-11 9.57026264E-11
 9.58420773E-11 9.54002155E-11 9.54013674E-11 9.53588875E-11 9.51017112E-11
 9.50404130E-11 9.48158774E-11 9.42782311E-11 9.40891254E-11 9.40931916E-11
 9.43086095E-11 9.40602041E-11 9.35709912E-11 9.34608779E-11 9.31505081E-11
 9.33914820E-11 9.30724040E-11 9.26164631E-11 9.27643379E-11 9.24866989E-11
 9.24133062E-11 9.19771065E-11 9.19029505E-11 9.18314591E-11 9.11615297E-11
 9.03395969E-11 9.05532177E-11 9.05023487E-11 9.05967593E-11 9.04761613E-11
 9.01598171E-11 8.97120642E-11 8.94327945E-11 8.91872964E-11 8.87663762E-11
 8.86712648E-11 8.80496023E-11 8.77163342E-11 8.75665235E-11 8.78006973E-11
 8.80460080E-11 8.74215769E-11 8.68989325E-11 8.67605363E-11 8.71560255E-11
 8.75805400E-11 8.72969891E-11 8.74793918E-11 8.75625544E-11 8.73517370E-11
 8.72134379E-11 8.71378664E-11 8.66395081E-11 8.68517341E-11 8.65325381E-11
 8.65599953E-11 8.61624244E-11 8.59705779E-11 8.59559854E-11 8.61301863E-11
 8.59786548E-11 8.60071736E-11 8.59266408E-11 8.57604474E-11 8.55038193E-11
 8.54828430E-11 8.54610271E-11 8.55426355E-11 8.52624846E-11 8.50672172E-11
 8.50063145E-11 8.45875175E-11 8.44583362E-11 8.40594816E-11 8.41682418E-11
 8.40296305E-11 8.42340364E-11 8.40609526E-11 8.45004483E-11 8.47192386E-11
 8.51855531E-11 8.48190476E-11 8.38975694E-11 8.35702202E-11 8.32728678E-11
 8.32252878E-11 8.35061326E-11 8.32615296E-11 8.32395680E-11 8.28102309E-11
 8.29172703E-11 8.24099192E-11 8.27887620E-11 8.24665336E-11 8.20843185E-11
 8.16608170E-11 8.16102533E-11 8.13858703E-11 8.15260776E-11 8.15453122E-11
 8.15761139E-11 8.17683352E-11 8.15889994E-11 8.13637768E-11 8.12056603E-11
 8.06251108E-11 8.02871797E-11 8.01673172E-11 8.01431907E-11 8.00892894E-11
 7.96827049E-11 7.95909727E-11 7.96387956E-11 8.01243447E-11 8.02112127E-11
 8.01608571E-11 7.99276895E-11 7.97827707E-11 7.95525382E-11 7.92945293E-11
 7.89516508E-11 7.86403581E-11 7.85887813E-11 7.81950546E-11 7.83221474E-11
 7.81365597E-11 7.81182341E-11 7.81958873E-11 7.84904086E-11 7.84534174E-11
 7.83501181E-11 7.78076770E-11 7.76941636E-11 7.73782219E-11 7.73693887E-11
 7.74842759E-11 7.71827532E-11 7.72706066E-11 7.71752731E-11 7.68922911E-11
 7.71405925E-11 7.68626482E-11 7.67877567E-11 7.69370539E-11 7.69522918E-11
 7.69244043E-11 7.66807035E-11 7.65351948E-11 7.65141075E-11 7.64412700E-11
 7.63477268E-11 7.61788271E-11 7.58255819E-11 7.58307861E-11 7.54755147E-11
 7.54798238E-11 7.52933618E-11 7.49360157E-11 7.49794463E-11 7.50920368E-11
 7.53076004E-11 7.49188420E-11 7.49557985E-11 7.50751405E-11 7.49287785E-11
 7.47059636E-11 7.44059467E-11 7.40498565E-11 7.39526634E-11 7.37372108E-11
 7.38397468E-11 7.38871950E-11 7.36038661E-11 7.36398026E-11 7.32453057E-11
 7.30296656E-11 7.31261302E-11 7.31331454E-11 7.27924873E-11 7.25364144E-11
 7.25779783E-11 7.26107022E-11 7.24346833E-11 7.23429719E-11 7.21841684E-11
 7.22621338E-11 7.21107757E-11 7.19581061E-11 7.19568016E-11 7.18263851E-11
 7.19478574E-11 7.16649309E-11 7.14040216E-11 7.13098053E-11 7.14865597E-11
 7.15661835E-11 7.16043266E-11 7.15220660E-11 7.14495407E-11 7.14595813E-11
 7.12178025E-11 7.12042370E-11 7.10108014E-11 7.07104791E-11 7.05784806E-11
 7.02955610E-11 7.03393038E-11 7.03442998E-11 7.00241809E-11 7.00077427E-11
 6.97676986E-11 6.97639377E-11 6.95294655E-11 6.95112440E-11 6.92111785E-11
 6.91937618E-11 6.92084515E-11 6.90058982E-11 6.87530657E-11 6.87354132E-11
 6.86694937E-11 6.85059995E-11 6.84349591E-11 6.82745319E-11 6.80354384E-11
 6.80008619E-11 6.79197532E-11 6.77043213E-11 6.77009421E-11 6.75376283E-11
 6.75927647E-11 6.74865927E-11 6.72530850E-11 6.69017688E-11 6.66812716E-11
 6.66300973E-11 6.67230715E-11 6.64476113E-11 6.61461580E-11 6.60447530E-11
 6.59138022E-11 6.60800234E-11 6.60397084E-11 6.57924409E-11 6.57129559E-11
 6.55839411E-11 6.54669860E-11 6.52765828E-11 6.51324619E-11 6.49518495E-11
 6.47770657E-11 6.46604714E-11 6.44714768E-11 6.43401304E-11 6.40679176E-11
 6.39645281E-11 6.37793221E-11 6.37865108E-11 6.35611355E-11 6.35293693E-11
 6.34562958E-11 6.32562058E-11 6.28994148E-11 6.27861582E-11 6.28318439E-11
 6.28170016E-11 6.24516480E-11 6.24604812E-11 6.22525087E-11 6.23533378E-11
 6.22644922E-11 6.19153062E-11 6.18735410E-11 6.18243234E-11 6.16081144E-11
 6.14953852E-11 6.15132389E-11 6.13790685E-11 6.12576170E-11 6.12442944E-11
 6.11552614E-11 6.10274539E-11 6.09932174E-11 6.06941927E-11 6.07570938E-11
 6.06084627E-11 6.07255010E-11 6.07253553E-11 6.07925515E-11 6.09945844E-11
 6.09842871E-11 6.09544568E-11 6.10449816E-11 6.11098949E-11 6.11121709E-11
 6.12586440E-11 6.10955453E-11 6.12465079E-11 6.11368733E-11 6.11337925E-11
 6.10399856E-11 6.10878501E-11 6.10477849E-11 6.09521045E-11 6.09038028E-11
 6.08230619E-11 6.06923539E-11 6.07166539E-11 6.08157136E-11 6.05319544E-11
 6.04876912E-11 6.03870010E-11 6.01562342E-11 5.99356675E-11 5.97076763E-11
 5.94417640E-11 5.92003876E-11 5.92127666E-11 5.93963836E-11 5.92964289E-11
 5.93967653E-11 5.93183003E-11 5.92142724E-11 5.90199070E-11 5.89121529E-11
 5.87652080E-11 5.86597507E-11 5.85523505E-11 5.84760990E-11 5.83649379E-11
 5.81701805E-11 5.82300042E-11 5.81867193E-11 5.82164456E-11 5.82636786E-11
 5.80578224E-11 5.78715409E-11 5.76391573E-11 5.74598737E-11 5.73129669E-11
 5.72943602E-11 5.73815544E-11 5.73974236E-11 5.71469538E-11 5.71737657E-11
 5.71079156E-11 5.71431895E-11 5.70929033E-11 5.69508607E-11 5.72207490E-11
 5.70505240E-11 5.69361988E-11 5.70202704E-11 5.70722601E-11 5.71469018E-11
 5.68467357E-11 5.68043806E-11 5.67501914E-11 5.67603846E-11 5.66313801E-11
 5.65943473E-11 5.65143383E-11 5.63829781E-11 5.65743910E-11 5.63852333E-11
 5.65455495E-11 5.64192928E-11 5.63456191E-11 5.64014981E-11 5.62602638E-11
 5.62416363E-11 5.62023691E-11 5.62939521E-11 5.62098181E-11 5.61280987E-11
 5.60600802E-11 5.60604237E-11 5.60083334E-11 0.00000000E+00 0.00000000E+00
 0.00000000E+00 0.00000000E+00 0.00000000E+00 0.00000000E+00 0.00000000E+00
 0.00000000E+00 0.00000000E+00 0.00000000E+00 0.00000000E+00 0.00000000E+00
 0.00000000E+00 0.00000000E+00 0.00000000E+00 0.00000000E+00 0.00000000E+00
 0.00000000E+00 0.00000000E+00 0.00000000E+00 0.00000000E+00 0.00000000E+00
 0.00000000E+00 0.00000000E+00 0.00000000E+00 0.00000000E+00 0.00000000E+00
 0.00000000E+00 0.00000000E+00 0.00000000E+00 0.00000000E+00 0.00000000E+00
 0.00000000E+00 0.00000000E+00 0.00000000E+00 0.00000000E+00 0.00000000E+00
 0.00000000E+00 0.00000000E+00 0.00000000E+00 0.00000000E+00 0.00000000E+00
 0.00000000E+00 0.00000000E+00 0.00000000E+00 0.00000000E+00 0.00000000E+00
 0.00000000E+00 0.00000000E+00 0.00000000E+00 0.00000000E+00 0.00000000E+00
 0.00000000E+00 0.00000000E+00 0.00000000E+00 0.00000000E+00 0.00000000E+00
 0.00000000E+00 0.00000000E+00 0.00000000E+00 0.00000000E+00 0.00000000E+00
 0.00000000E+00 0.00000000E+00 0.00000000E+00 0.00000000E+00 0.00000000E+00
 0.00000000E+00 0.00000000E+00 0.00000000E+00 0.00000000E+00 0.00000000E+00
 0.00000000E+00 0.00000000E+00 0.00000000E+00 0.00000000E+00 0.00000000E+00
 0.00000000E+00 0.00000000E+00 0.00000000E+00 0.00000000E+00 0.00000000E+00
 0.00000000E+00 0.00000000E+00 0.00000000E+00 0.00000000E+00 0.00000000E+00
 0.00000000E+00 0.00000000E+00 0.00000000E+00 0.00000000E+00 0.00000000E+00
 0.00000000E+00 0.00000000E+00 0.00000000E+00 0.00000000E+00 0.00000000E+00
 0.00000000E+00 0.00000000E+00 0.00000000E+00 0.00000000E+00 0.00000000E+00
 0.00000000E+00 0.00000000E+00 0.00000000E+00 0.00000000E+00 0.00000000E+00
 0.00000000E+00 0.00000000E+00 0.00000000E+00 0.00000000E+00 0.00000000E+00
 0.00000000E+00 0.00000000E+00 0.00000000E+00 0.00000000E+00 0.00000000E+00
 0.00000000E+00 0.00000000E+00 0.00000000E+00 0.00000000E+00 0.00000000E+00
 0.00000000E+00 0.00000000E+00 0.00000000E+00 0.00000000E+00 0.00000000E+00
 0.00000000E+00 0.00000000E+00 0.00000000E+00 0.00000000E+00 0.00000000E+00
 0.00000000E+00 0.00000000E+00 0.00000000E+00 0.00000000E+00 0.00000000E+00
 0.00000000E+00 0.00000000E+00 0.00000000E+00 0.00000000E+00 0.00000000E+00
 0.00000000E+00 0.00000000E+00 0.00000000E+00 0.00000000E+00 0.00000000E+00
 0.00000000E+00 0.00000000E+00 0.00000000E+00 0.00000000E+00 0.00000000E+00
 *************************
 XTENSION= 'BINTABLE'           / binary table extension                         
 BITPIX  =                    8 / 8-bit bytes                                    
 NAXIS   =                    2 / 2-dimensional binary table                     
 NAXIS1  =                19200 / width of table in bytes                        
 NAXIS2  =                    1 / number of rows in table                        
 PCOUNT  =                    0 / size of special data area                      
 GCOUNT  =                    1 / one data group (required keyword)              
 TFIELDS =                    4 / number of fields in each row                   
 TTYPE1  = 'wavelength'         / label for field   1                            
 TFORM1  = '1200E   '           / data format of field: 4-byte REAL              
 TUNIT1  = 'angstrom'           / physical unit of field                         
 TTYPE2  = 'q       '           / label for field   2                            
 TFORM2  = '1200E   '           / data format of field: 4-byte REAL              
 TUNIT2  = 'percent '           / physical unit of field                         
 TTYPE3  = 'u       '           / label for field   3                            
 TFORM3  = '1200E   '           / data format of field: 4-byte REAL              
 TUNIT3  = 'percent '           / physical unit of field                         
 TTYPE4  = 'error   '           / label for field   4                            
 TFORM4  = '1200E   '           / data format of field: 4-byte REAL              
 TUNIT4  = 'percent '           / physical unit of field                         
 EXTNAME = 'polarimetry'        / name of this binary table extension            
 CALIBRAT= 'pbo3a1  '           / Instrumental polarization calibration used     
 AVE-POL =                0.035 / Mean %Pol over entire wavelength region        
 AVE-ERRO=                0.007 / Mean %Error in %Pol                            
 AVE-PA  =                36.24 / [deg] Mean Position Angle                      
 UX-POL  =                0.424 / Synthetic UX Filter %Polarization              
 UX-ERR  =                0.236 / Synthetic UX Filter %Error                     
 UX-PA   =                11.62 / [deg] Synthetic UX Filter Position Angle       
 B-POL   =                0.034 / Synthetic B Filter %Polarization               
 B-ERR   =                0.012 / Synthetic B Filter %Error                      
 B-PA    =                20.16 / [deg] Synthetic B Filter Position Angle        
 V-POL   =                0.047 / Synthetic V Filter %Polarization               
 V-ERR   =                0.004 / Synthetic V Filter %Error                      
 V-PA    =                43.16 / [deg] Synthetic V Filter Position Angle        
 R-POL   =                0.075 / Synthetic R Filter %Polarization               
 R-ERR   =                0.003 / Synthetic R Filter %Error                      
 R-PA    =                40.86 / [deg] Synthetic R Filter Position Angle        
 I-POL   =                0.065 / Synthetic I Filter %Polarization               
 I-ERR   =                0.004 / Synthetic I Filter %Error                      
 I-PA    =                49.17 / [deg] Synthetic I Filter Position Angle        
 COMMENT The errors given in the error array are the statistical errors          
 COMMENT based on the residuals of the least squared fit to the four             
 COMMENT filter-pair polarimetric data (see section 2.3 of Wolff,                
 COMMENT Nordsieck & Nook 1996 AJ 111, 856).                                     
 COMMENT The polarimetric stability is 0.002% and less than +/- 0.03             
 COMMENT degrees in position angle. See Harries et al. 2000, A&A, 361, 273       
 COMMENT for more information about the HPOL CCD.                                
 COMMENT HPOL CCD instrumental polarization has been removed.                    
 COMMENT ***IMPORTANT NOTE***                                                    
 COMMENT **The ERROR array is also being used as a QUALITY array.                
 COMMENT **For bad/contaminated data, the errors have been set to zero           
 COMMENT **but the %Q & %U arrays for those wavelengths remain unchanged         
 COMMENT **to allow inspection of the bad data.                                  
 COMMENT **All of the arrays except wavelength have been padded with zeroes at   
 COMMENT **the short and long wavelength ends indicating no useful data.         
 *************************
 Wavelengths (Angstroms)
 2919.00000 2922.00000 2925.00000 2928.00000 2931.00000
 2934.00000 2937.00000 2940.00000 2943.00000 2946.00000
 2949.00000 2952.00000 2955.00000 2958.00000 2961.00000
 2964.00000 2967.00000 2970.00000 2973.00000 2976.00000
 2979.00000 2982.00000 2985.00000 2988.00000 2991.00000
 2994.00000 2997.00000 3000.00000 3003.00000 3006.00000
 3009.00000 3012.00000 3015.00000 3018.00000 3021.00000
 3024.00000 3027.00000 3030.00000 3033.00000 3036.00000
 3039.00000 3042.00000 3045.00000 3048.00000 3051.00000
 3054.00000 3057.00000 3060.00000 3063.00000 3066.00000
 3069.00000 3072.00000 3075.00000 3078.00000 3081.00000
 3084.00000 3087.00000 3090.00000 3093.00000 3096.00000
 3099.00000 3102.00000 3105.00000 3108.00000 3111.00000
 3114.00000 3117.00000 3120.00000 3123.00000 3126.00000
 3129.00000 3132.00000 3135.00000 3138.00000 3141.00000
 3144.00000 3147.00000 3150.00000 3153.00000 3156.00000
 3159.00000 3162.00000 3165.00000 3168.00000 3171.00000
 3174.00000 3177.00000 3180.00000 3183.00000 3186.00000
 3189.00000 3192.00000 3195.00000 3198.00000 3201.00000
 3204.00000 3207.00000 3210.00000 3213.00000 3216.00000
 3219.00000 3222.00000 3225.00000 3228.00000 3231.00000
 3234.00000 3237.00000 3240.00000 3243.00000 3246.00000
 3249.00000 3252.00000 3255.00000 3258.00000 3261.00000
 3264.00000 3267.00000 3270.00000 3273.00000 3276.00000
 3279.00000 3282.00000 3285.00000 3288.00000 3291.00000
 3294.00000 3297.00000 3300.00000 3303.00000 3306.00000
 3309.00000 3312.00000 3315.00000 3318.00000 3321.00000
 3324.00000 3327.00000 3330.00000 3333.00000 3336.00000
 3339.00000 3342.00000 3345.00000 3348.00000 3351.00000
 3354.00000 3357.00000 3360.00000 3363.00000 3366.00000
 3369.00000 3372.00000 3375.00000 3378.00000 3381.00000
 3384.00000 3387.00000 3390.00000 3393.00000 3396.00000
 3399.00000 3402.00000 3405.00000 3408.00000 3411.00000
 3414.00000 3417.00000 3420.00000 3423.00000 3426.00000
 3429.00000 3432.00000 3435.00000 3438.00000 3441.00000
 3444.00000 3447.00000 3450.00000 3453.00000 3456.00000
 3459.00000 3462.00000 3465.00000 3468.00000 3471.00000
 3474.00000 3477.00000 3480.00000 3483.00000 3486.00000
 3489.00000 3492.00000 3495.00000 3498.00000 3501.00000
 3504.00000 3507.00000 3510.00000 3513.00000 3516.00000
 3519.00000 3522.00000 3525.00000 3528.00000 3531.00000
 3534.00000 3537.00000 3540.00000 3543.00000 3546.00000
 3549.00000 3552.00000 3555.00000 3558.00000 3561.00000
 3564.00000 3567.00000 3570.00000 3573.00000 3576.00000
 3579.00000 3582.00000 3585.00000 3588.00000 3591.00000
 3594.00000 3597.00000 3600.00000 3603.00000 3606.00000
 3609.00000 3612.00000 3615.00000 3618.00000 3621.00000
 3624.00000 3627.00000 3630.00000 3633.00000 3636.00000
 3639.00000 3642.00000 3645.00000 3648.00000 3651.00000
 3654.00000 3657.00000 3660.00000 3663.00000 3666.00000
 3669.00000 3672.00000 3675.00000 3678.00000 3681.00000
 3684.00000 3687.00000 3690.00000 3693.00000 3696.00000
 3699.00000 3702.00000 3705.00000 3708.00000 3711.00000
 3714.00000 3717.00000 3720.00000 3723.00000 3726.00000
 3729.00000 3732.00000 3735.00000 3738.00000 3741.00000
 3744.00000 3747.00000 3750.00000 3753.00000 3756.00000
 3759.00000 3762.00000 3765.00000 3768.00000 3771.00000
 3774.00000 3777.00000 3780.00000 3783.00000 3786.00000
 3789.00000 3792.00000 3795.00000 3798.00000 3801.00000
 3804.00000 3807.00000 3810.00000 3813.00000 3816.00000
 3819.00000 3822.00000 3825.00000 3828.00000 3831.00000
 3834.00000 3837.00000 3840.00000 3843.00000 3846.00000
 3849.00000 3852.00000 3855.00000 3858.00000 3861.00000
 3864.00000 3867.00000 3870.00000 3873.00000 3876.00000
 3879.00000 3882.00000 3885.00000 3888.00000 3891.00000
 3894.00000 3897.00000 3900.00000 3903.00000 3906.00000
 3909.00000 3912.00000 3915.00000 3918.00000 3921.00000
 3924.00000 3927.00000 3930.00000 3933.00000 3936.00000
 3939.00000 3942.00000 3945.00000 3948.00000 3951.00000
 3954.00000 3957.00000 3960.00000 3963.00000 3966.00000
 3969.00000 3972.00000 3975.00000 3978.00000 3981.00000
 3984.00000 3987.00000 3990.00000 3993.00000 3996.00000
 3999.00000 4002.00000 4005.00000 4008.00000 4011.00000
 4014.00000 4017.00000 4020.00000 4023.00000 4026.00000
 4029.00000 4032.00000 4035.00000 4038.00000 4041.00000
 4044.00000 4047.00000 4050.00000 4053.00000 4056.00000
 4059.00000 4062.00000 4065.00000 4068.00000 4071.00000
 4074.00000 4077.00000 4080.00000 4083.00000 4086.00000
 4089.00000 4092.00000 4095.00000 4098.00000 4101.00000
 4104.00000 4107.00000 4110.00000 4113.00000 4116.00000
 4119.00000 4122.00000 4125.00000 4128.00000 4131.00000
 4134.00000 4137.00000 4140.00000 4143.00000 4146.00000
 4149.00000 4152.00000 4155.00000 4158.00000 4161.00000
 4164.00000 4167.00000 4170.00000 4173.00000 4176.00000
 4179.00000 4182.00000 4185.00000 4188.00000 4191.00000
 4194.00000 4197.00000 4200.00000 4203.00000 4206.00000
 4209.00000 4212.00000 4215.00000 4218.00000 4221.00000
 4224.00000 4227.00000 4230.00000 4233.00000 4236.00000
 4239.00000 4242.00000 4245.00000 4248.00000 4251.00000
 4254.00000 4257.00000 4260.00000 4263.00000 4266.00000
 4269.00000 4272.00000 4275.00000 4278.00000 4281.00000
 4284.00000 4287.00000 4290.00000 4293.00000 4296.00000
 4299.00000 4302.00000 4305.00000 4308.00000 4311.00000
 4314.00000 4317.00000 4320.00000 4323.00000 4326.00000
 4329.00000 4332.00000 4335.00000 4338.00000 4341.00000
 4344.00000 4347.00000 4350.00000 4353.00000 4356.00000
 4359.00000 4362.00000 4365.00000 4368.00000 4371.00000
 4374.00000 4377.00000 4380.00000 4383.00000 4386.00000
 4389.00000 4392.00000 4395.00000 4398.00000 4401.00000
 4404.00000 4407.00000 4410.00000 4413.00000 4416.00000
 4419.00000 4422.00000 4425.00000 4428.00000 4431.00000
 4434.00000 4437.00000 4440.00000 4443.00000 4446.00000
 4449.00000 4452.00000 4455.00000 4458.00000 4461.00000
 4464.00000 4467.00000 4470.00000 4473.00000 4476.00000
 4479.00000 4482.00000 4485.00000 4488.00000 4491.00000
 4494.00000 4497.00000 4500.00000 4503.00000 4506.00000
 4509.00000 4512.00000 4515.00000 4518.00000 4521.00000
 4524.00000 4527.00000 4530.00000 4533.00000 4536.00000
 4539.00000 4542.00000 4545.00000 4548.00000 4551.00000
 4554.00000 4557.00000 4560.00000 4563.00000 4566.00000
 4569.00000 4572.00000 4575.00000 4578.00000 4581.00000
 4584.00000 4587.00000 4590.00000 4593.00000 4596.00000
 4599.00000 4602.00000 4605.00000 4608.00000 4611.00000
 4614.00000 4617.00000 4620.00000 4623.00000 4626.00000
 4629.00000 4632.00000 4635.00000 4638.00000 4641.00000
 4644.00000 4647.00000 4650.00000 4653.00000 4656.00000
 4659.00000 4662.00000 4665.00000 4668.00000 4671.00000
 4674.00000 4677.00000 4680.00000 4683.00000 4686.00000
 4689.00000 4692.00000 4695.00000 4698.00000 4701.00000
 4704.00000 4707.00000 4710.00000 4713.00000 4716.00000
 4719.00000 4722.00000 4725.00000 4728.00000 4731.00000
 4734.00000 4737.00000 4740.00000 4743.00000 4746.00000
 4749.00000 4752.00000 4755.00000 4758.00000 4761.00000
 4764.00000 4767.00000 4770.00000 4773.00000 4776.00000
 4779.00000 4782.00000 4785.00000 4788.00000 4791.00000
 4794.00000 4797.00000 4800.00000 4803.00000 4806.00000
 4809.00000 4812.00000 4815.00000 4818.00000 4821.00000
 4824.00000 4827.00000 4830.00000 4833.00000 4836.00000
 4839.00000 4842.00000 4845.00000 4848.00000 4851.00000
 4854.00000 4857.00000 4860.00000 4863.00000 4866.00000
 4869.00000 4872.00000 4875.00000 4878.00000 4881.00000
 4884.00000 4887.00000 4890.00000 4893.00000 4896.00000
 4899.00000 4902.00000 4905.00000 4908.00000 4911.00000
 4914.00000 4917.00000 4920.00000 4923.00000 4926.00000
 4929.00000 4932.00000 4935.00000 4938.00000 4941.00000
 4944.00000 4947.00000 4950.00000 4953.00000 4956.00000
 4959.00000 4962.00000 4965.00000 4968.00000 4971.00000
 4974.00000 4977.00000 4980.00000 4983.00000 4986.00000
 4989.00000 4992.00000 4995.00000 4998.00000 5001.00000
 5004.00000 5007.00000 5010.00000 5013.00000 5016.00000
 5019.00000 5022.00000 5025.00000 5028.00000 5031.00000
 5034.00000 5037.00000 5040.00000 5043.00000 5046.00000
 5049.00000 5052.00000 5055.00000 5058.00000 5061.00000
 5064.00000 5067.00000 5070.00000 5073.00000 5076.00000
 5079.00000 5082.00000 5085.00000 5088.00000 5091.00000
 5094.00000 5097.00000 5100.00000 5103.00000 5106.00000
 5109.00000 5112.00000 5115.00000 5118.00000 5121.00000
 5124.00000 5127.00000 5130.00000 5133.00000 5136.00000
 5139.00000 5142.00000 5145.00000 5148.00000 5151.00000
 5154.00000 5157.00000 5160.00000 5163.00000 5166.00000
 5169.00000 5172.00000 5175.00000 5178.00000 5181.00000
 5184.00000 5187.00000 5190.00000 5193.00000 5196.00000
 5199.00000 5202.00000 5205.00000 5208.00000 5211.00000
 5214.00000 5217.00000 5220.00000 5223.00000 5226.00000
 5229.00000 5232.00000 5235.00000 5238.00000 5241.00000
 5244.00000 5247.00000 5250.00000 5253.00000 5256.00000
 5259.00000 5262.00000 5265.00000 5268.00000 5271.00000
 5274.00000 5277.00000 5280.00000 5283.00000 5286.00000
 5289.00000 5292.00000 5295.00000 5298.00000 5301.00000
 5304.00000 5307.00000 5310.00000 5313.00000 5316.00000
 5319.00000 5322.00000 5325.00000 5328.00000 5331.00000
 5334.00000 5337.00000 5340.00000 5343.00000 5346.00000
 5349.00000 5352.00000 5355.00000 5358.00000 5361.00000
 5364.00000 5367.00000 5370.00000 5373.00000 5376.00000
 5379.00000 5382.00000 5385.00000 5388.00000 5391.00000
 5394.00000 5397.00000 5400.00000 5403.00000 5406.00000
 5409.00000 5412.00000 5415.00000 5418.00000 5421.00000
 5424.00000 5427.00000 5430.00000 5433.00000 5436.00000
 5439.00000 5442.00000 5445.00000 5448.00000 5451.00000
 5454.00000 5457.00000 5460.00000 5463.00000 5466.00000
 5469.00000 5472.00000 5475.00000 5478.00000 5481.00000
 5484.00000 5487.00000 5490.00000 5493.00000 5496.00000
 5499.00000 5502.00000 5505.00000 5508.00000 5511.00000
 5514.00000 5517.00000 5520.00000 5523.00000 5526.00000
 5529.00000 5532.00000 5535.00000 5538.00000 5541.00000
 5544.00000 5547.00000 5550.00000 5553.00000 5556.00000
 5559.00000 5562.00000 5565.00000 5568.00000 5571.00000
 5574.00000 5577.00000 5580.00000 5583.00000 5586.00000
 5589.00000 5592.00000 5595.00000 5598.00000 5601.00000
 5604.00000 5607.00000 5610.00000 5613.00000 5616.00000
 5619.00000 5622.00000 5625.00000 5628.00000 5631.00000
 5634.00000 5637.00000 5640.00000 5643.00000 5646.00000
 5649.00000 5652.00000 5655.00000 5658.00000 5661.00000
 5664.00000 5667.00000 5670.00000 5673.00000 5676.00000
 5679.00000 5682.00000 5685.00000 5688.00000 5691.00000
 5694.00000 5697.00000 5700.00000 5703.00000 5706.00000
 5709.00000 5712.00000 5715.00000 5718.00000 5721.00000
 5724.00000 5727.00000 5730.00000 5733.00000 5736.00000
 5739.00000 5742.00000 5745.00000 5748.00000 5751.00000
 5754.00000 5757.00000 5760.00000 5763.00000 5766.00000
 5769.00000 5772.00000 5775.00000 5778.00000 5781.00000
 5784.00000 5787.00000 5790.00000 5793.00000 5796.00000
 5799.00000 5802.00000 5805.00000 5808.00000 5811.00000
 5814.00000 5817.00000 5820.00000 5823.00000 5826.00000
 5829.00000 5832.00000 5835.00000 5838.00000 5841.00000
 5844.00000 5847.00000 5850.00000 5853.00000 5856.00000
 5859.00000 5862.00000 5865.00000 5868.00000 5871.00000
 5874.00000 5877.00000 5880.00000 5883.00000 5886.00000
 5889.00000 5892.00000 5895.00000 5898.00000 5901.00000
 5904.00000 5907.00000 5910.00000 5913.00000 5916.00000
 5919.00000 5922.00000 5925.00000 5928.00000 5931.00000
 5934.00000 5937.00000 5940.00000 5943.00000 5946.00000
 5949.00000 5952.00000 5955.00000 5958.00000 5961.00000
 5964.00000 5967.00000 5970.00000 5973.00000 5976.00000
 5979.00000 5982.00000 5985.00000 5988.00000 5991.00000
 5994.00000 5997.00000 6000.00000 6003.00000 6006.00000
 6009.00000 6012.00000 6015.00000 6018.00000 6021.00000
 6024.00000 6027.00000 6030.00000 6033.00000 6036.00000
 6039.00000 6042.00000 6045.00000 6048.00000 6051.00000
 6054.00000 6057.00000 6060.00000 6063.00000 6066.00000
 6069.00000 6072.00000 6075.00000 6078.00000 6081.00000
 6084.00000 6087.00000 6090.00000 6093.00000 6096.00000
 6099.00000 6102.00000 6105.00000 6108.00000 6111.00000
 6114.00000 6117.00000 6120.00000 6123.00000 6126.00000
 6129.00000 6132.00000 6135.00000 6138.00000 6141.00000
 6144.00000 6147.00000 6150.00000 6153.00000 6156.00000
 6159.00000 6162.00000 6165.00000 6168.00000 6171.00000
 6174.00000 6177.00000 6180.00000 6183.00000 6186.00000
 6189.00000 6192.00000 6195.00000 6198.00000 6201.00000
 6204.00000 6207.00000 6210.00000 6213.00000 6216.00000
 6219.00000 6222.00000 6225.00000 6228.00000 6231.00000
 6234.00000 6237.00000 6240.00000 6243.00000 6246.00000
 6249.00000 6252.00000 6255.00000 6258.00000 6261.00000
 6264.00000 6267.00000 6270.00000 6273.00000 6276.00000
 6279.00000 6282.00000 6285.00000 6288.00000 6291.00000
 6294.00000 6297.00000 6300.00000 6303.00000 6306.00000
 6309.00000 6312.00000 6315.00000 6318.00000 6321.00000
 6324.00000 6327.00000 6330.00000 6333.00000 6336.00000
 6339.00000 6342.00000 6345.00000 6348.00000 6351.00000
 6354.00000 6357.00000 6360.00000 6363.00000 6366.00000
 6369.00000 6372.00000 6375.00000 6378.00000 6381.00000
 6384.00000 6387.00000 6390.00000 6393.00000 6396.00000
 6399.00000 6402.00000 6405.00000 6408.00000 6411.00000
 6414.00000 6417.00000 6420.00000 6423.00000 6426.00000
 6429.00000 6432.00000 6435.00000 6438.00000 6441.00000
 6444.00000 6447.00000 6450.00000 6453.00000 6456.00000
 6459.00000 6462.00000 6465.00000 6468.00000 6471.00000
 6474.00000 6477.00000 6480.00000 6483.00000 6486.00000
 6489.00000 6492.00000 6495.00000 6498.00000 6501.00000
 6504.00000 6507.00000 6510.00000 6513.00000 6516.00000
 %Q
 0.00000000E+00 0.00000000E+00 0.00000000E+00 0.00000000E+00 0.00000000E+00
 0.00000000E+00 0.00000000E+00 0.00000000E+00 0.00000000E+00 0.00000000E+00
 0.00000000E+00 0.00000000E+00 0.00000000E+00 0.00000000E+00 0.00000000E+00
 0.00000000E+00 0.00000000E+00 0.00000000E+00 0.00000000E+00 0.00000000E+00
 0.00000000E+00 0.00000000E+00 0.00000000E+00 0.00000000E+00 0.00000000E+00
 0.00000000E+00 0.00000000E+00 0.00000000E+00 0.00000000E+00 0.00000000E+00
 0.00000000E+00 0.00000000E+00 0.00000000E+00 0.00000000E+00 0.00000000E+00
 0.00000000E+00 0.00000000E+00 0.00000000E+00 0.00000000E+00 0.00000000E+00
 0.00000000E+00 0.00000000E+00 0.00000000E+00 0.00000000E+00 0.00000000E+00
 0.00000000E+00 0.00000000E+00 0.00000000E+00 0.00000000E+00 0.00000000E+00
 0.00000000E+00 0.00000000E+00 0.00000000E+00 0.00000000E+00 0.00000000E+00
 0.00000000E+00 0.00000000E+00 0.00000000E+00 0.00000000E+00 0.00000000E+00
 0.00000000E+00 0.00000000E+00 0.00000000E+00 0.00000000E+00 0.00000000E+00
 0.00000000E+00 0.00000000E+00 0.00000000E+00 0.00000000E+00 0.00000000E+00
 0.00000000E+00 0.00000000E+00 0.00000000E+00 0.00000000E+00 0.00000000E+00
 0.00000000E+00 0.00000000E+00 0.00000000E+00 0.00000000E+00 0.00000000E+00
 0.00000000E+00 0.00000000E+00 0.00000000E+00 0.00000000E+00 0.00000000E+00
 0.00000000E+00 0.00000000E+00 0.00000000E+00 0.00000000E+00 0.00000000E+00
 0.00000000E+00 0.00000000E+00 0.00000000E+00 0.00000000E+00 0.00000000E+00
 0.00000000E+00 0.00000000E+00 0.00000000E+00 0.00000000E+00 0.00000000E+00
 0.00000000E+00 0.00000000E+00 0.00000000E+00 0.00000000E+00 0.00000000E+00
 0.00000000E+00 0.00000000E+00 0.00000000E+00 0.00000000E+00 0.00000000E+00
 0.00000000E+00 -1.37916088 6.98216724 5.77636385 -2.54375291
 1.80096066 3.98419571 3.89972520 -1.53609657 -1.28930521
 -5.59618139 9.31399632 15.0143604 8.47028160 5.74451160
 4.94893646 4.71270180 2.23792410 7.33245468 3.89781928
 -6.00189495 0.699513137 -3.54311132 2.79289389 5.60131502
 8.23920631 7.02994967 5.60010433 12.2817497 12.9241142
 7.85592651 6.90592241 1.15512037 -5.27625608 4.76956892
 3.42500424 4.37248850 0.389281511 4.12286997 -0.682675958
 -0.661542952 2.14946651 2.47780490 -0.957162797 -4.65157461
 -0.751588881 5.57053900 -9.06226167E-04 1.51103437 1.66015387
 -0.967694044 -2.69378471 -2.66251302 2.13249278 0.354636431
 -2.23040533 -0.700234413 0.106368050 1.54438126 1.45025098
 -0.759242296 -1.78454316 2.01278830 1.49475956 -1.88996863
 1.15162790 2.44814825 -1.75619388 -1.47431684 -1.43715930
 4.65892124 2.67820764 -0.949011207 -0.983169973 0.161275551
 0.895500541 2.40950370 1.26859331 -0.806612253 -1.29067969
 0.210859999 0.146858424 -4.21944237 -0.376879036 0.495215029
 -1.15607381 -1.32679760 -0.604089916 1.59269762 0.728258550
 -0.571413457 -0.816171646 -0.734056413 0.783642292 -0.493680537
 -2.31160927 -0.536177754 0.104704022 1.03533244 -1.38105762
 2.15061951 1.40852904 0.927148104 1.72980225 1.75291896
 0.724775195 0.866648853 2.02123547 -3.25639360E-02 0.488780797
 2.22102451 0.193843827 -0.322535962 0.787920415 0.130581573
 -0.709679365 -0.962096453 -1.53753269 -0.764913440 -0.720022976
 -0.932104707 -0.909504592 -0.455389351 -0.637648880 -0.944474339
 -0.978517413 -1.27515447 0.547661304 0.246599972 -0.959186733
 -1.02403867 -0.414710581 0.252008438 -0.125120401 0.905151308
 -0.460517406 -0.157171741 0.550038815 -0.193188637 -0.626924992
 -0.253209084 0.231911004 -0.186454445 0.270443231 -0.696542859
 -0.873398423 0.648918629 -0.187834576 -0.247376069 -2.39379387E-02
 -0.118011758 -1.74494628E-02 -0.726917267 0.752664149 0.884569407
 -0.399124682 -1.22599208 -0.240008354 -0.312701404 -0.705117285
 0.259678751 -0.167887464 -0.907770514 -0.530112147 0.678561330
 0.112509392 -1.07598746 -0.180993944 -0.401122510 0.165110856
 0.680176318 -9.33407471E-02 -0.122145854 -0.543054163 -0.258298337
 -0.120144337 4.45092358E-02 -0.101103202 -0.487567842 -0.480811805
 -0.311037660 -0.667732239 -0.403201252 -0.482739747 0.137044892
 -0.262405515 -0.424743831 -0.360197723 -0.397273391 -0.392971575
 -0.650189698 -0.814970970 0.122861773 -0.511651933 -3.68080661E-03
 0.157280117 -0.257387072 3.80298942E-02 0.360348701 -4.33445871E-02
 -0.207236946 -0.392457426 -0.146503240 -1.33645870E-02 0.434434980
 -6.50600716E-02 8.85345936E-02 7.86819682E-02 0.236929119 2.21655145E-02
 -5.75034954E-02 0.537031889 -3.86425061E-04 -0.444202065 -0.710223794
 -0.788735807 -0.291710079 -0.262882680 0.626532197 0.194272846
 0.201114476 -2.06280723E-02 1.89004503E-02 2.87386086E-02 -5.86111331E-03
 -7.01213777E-02 7.98957348E-02 0.239194140 0.130121812 0.146175116
 0.146488339 -0.317325711 -8.82428810E-02 -0.174748555 -0.132641599
 -0.323097467 -0.270901144 -0.454013467 -0.224001288 -0.282855898
 -0.194276825 -1.98426228E-02 -0.157931820 -0.283263564 -9.00317132E-02
 0.381908655 0.257336706 -3.09559354E-03 -8.47527161E-02 0.250747919
 0.172897354 9.37847570E-02 1.43900802E-02 -0.152990103 0.195815489
 2.30183676E-02 -1.76527370E-02 -5.37982732E-02 -3.69136296E-02 0.126829088
 0.269469112 8.69887471E-02 0.300254852 0.345975876 7.18571395E-02
 5.95647432E-02 0.118500039 -0.117284685 9.99725163E-02 0.182891846
 -0.159086943 0.256931692 8.94591063E-02 -5.97580001E-02 0.226754233
 5.19353300E-02 2.64627077E-02 4.38747518E-02 0.274365753 -0.141666695
 0.101549923 0.136112705 0.247713923 -0.247904032 8.27968642E-02
 -7.50837252E-02 -8.51243734E-02 0.235610366 0.115039960 0.114822552
 8.00066665E-02 0.108085699 0.224690750 0.188744381 9.69896242E-02
 0.281485021 -9.81897712E-02 2.14683358E-03 0.119946383 9.90438536E-02
 0.209464252 5.38623892E-02 0.206408828 -2.09192019E-02 -5.60389385E-02
 0.143098950 0.241007537 -0.134039029 -3.84235010E-02 -9.19821337E-02
 -0.150798962 0.216851890 -0.139099762 -7.97495916E-02 9.93906036E-02
 -3.92131470E-02 -2.11732686E-02 -0.298972398 0.290588558 -7.36698788E-03
 -7.13641709E-03 0.235143483 0.286058843 4.61385492E-03 4.59279940E-02
 0.302001804 0.348348975 -0.137493178 -0.211771280 -7.92194530E-02
 -7.10441396E-02 7.29245767E-02 1.00090047E-02 9.98173095E-03 -0.186908767
 4.62190434E-02 3.80827859E-02 0.255628675 0.511629105 0.357053012
 0.284736961 0.220908046 0.191993356 2.78942250E-02 -6.97517917E-02
 -9.55233648E-02 0.165838137 -0.134747133 -4.00243476E-02 4.65742201E-02
 0.209067196 9.47127864E-02 -8.64867270E-02 -0.120070800 5.08950576E-02
 -9.01219994E-02 -1.23047791E-02 -0.120436773 9.90801975E-02 0.178182438
 0.239183143 6.39809445E-02 0.266676873 9.21216980E-02 0.286270082
 3.06844916E-02 8.68853629E-02 9.14324000E-02 0.184119627 0.224927783
 0.325978607 0.140800834 0.160094738 -5.36429211E-02 0.180138990
 2.96979360E-02 -1.32536166E-03 7.87751600E-02 4.56737690E-02 9.52728558E-03
 -7.59531185E-02 8.06287676E-02 -2.17306986E-02 -0.101421438 -0.122227460
 1.18399858E-02 6.81009144E-02 7.74894431E-02 -3.84087861E-02 1.76398382E-02
 4.64053936E-02 8.63921791E-02 -5.42548951E-04 -0.100425407 5.74555360E-02
 -8.36279094E-02 7.06660300E-02 -0.127234191 -2.79966537E-02 -0.111193687
 3.06769647E-02 9.27065592E-03 -5.29830009E-02 -0.140339032 -1.02504028E-03
 0.130592465 0.190892026 0.148227215 9.12375301E-02 -2.71622594E-02
 -6.76445290E-02 0.235109285 6.85364529E-02 -2.00224146E-02 0.263126045
 0.205543175 -8.30464214E-02 -5.00888973E-02 -5.40762693E-02 -0.189691007
 0.154361829 9.26899910E-02 0.102027550 -0.169019103 9.70022231E-02
 3.69024463E-02 0.127886355 -0.125972465 -0.179669306 -9.70447659E-02
 8.02585334E-02 -0.279752195 2.44813948E-03 0.123139739 -0.132401913
 -0.156730905 0.150069028 5.95304184E-02 0.191667691 0.231365740
 9.46515501E-02 0.100609660 1.50198424E-02 0.137281731 6.84740990E-02
 5.15007190E-02 0.118657969 7.09699541E-02 0.100954622 0.193859503
 3.03952750E-02 3.48886177E-02 -6.89605474E-02 -0.126300812 -0.117990248
 5.77670662E-03 -0.100803003 8.08181912E-02 -0.108086623 0.144642249
 -1.96944792E-02 -2.50881426E-02 0.125044614 2.93440130E-02 -2.62920316E-02
 8.83241966E-02 -0.161022082 0.201248050 5.41024432E-02 4.15890254E-02
 -4.62395027E-02 -0.191516355 -2.58004609E-02 4.33937237E-02 2.39569638E-02
 0.209453076 0.115064755 0.137197345 5.81487156E-02 4.20289151E-02
 7.07694069E-02 1.42118093E-02 -2.61549409E-02 -8.86229128E-02 -2.25910749E-02
 -5.98722976E-03 -4.36727703E-02 -0.146474347 -8.38806201E-03 -2.84392890E-02
 -0.150882319 -0.110574692 0.205378607 5.27078882E-02 -2.71137133E-02
 5.65034747E-02 4.09944989E-02 -5.53411571E-03 -0.261041641 0.122938469
 -2.50983406E-02 -0.113507211 -0.135941237 0.168605372 -6.30480200E-02
 0.131153330 -6.15333114E-03 -3.86879593E-02 -8.42283666E-02 -6.44124970E-02
 -0.130173698 0.177650407 8.73960182E-02 1.51476469E-02 4.89969142E-02
 4.59444933E-02 -0.105918489 5.89005873E-02 -4.98944544E-04 -0.199213177
 -4.55333553E-02 1.67595837E-02 -0.217483312 -7.14631081E-02 4.63212095E-02
 -7.83744231E-02 -7.60971606E-02 4.74293530E-02 -6.67348877E-02 -5.40591031E-02
 -6.86717704E-02 -3.74490991E-02 -3.10732834E-02 -0.179712072 -5.16945198E-02
 3.30288783E-02 6.48118183E-02 -0.123038955 -0.297228903 -0.181253076
 0.148104295 0.128616989 9.87030938E-02 5.79320751E-02 9.20677632E-02
 -6.85399622E-02 0.120844215 -7.50838686E-03 0.148532793 -6.98925406E-02
 -0.220917776 0.160044402 3.04514449E-02 6.21992350E-02 8.64524692E-02
 0.209588394 -7.51993526E-03 0.115549870 -6.20680451E-02 4.18129601E-02
 0.159830675 8.21617711E-03 3.54257263E-02 -0.122264341 -3.13335471E-02
 6.29650578E-02 -1.62230507E-02 -2.12933514E-02 -1.27711408E-02 -5.05352691E-02
 -3.34577151E-02 -0.137145519 -0.116370142 -2.70637572E-02 -0.137365773
 -0.121112131 -0.114604607 -2.75289696E-02 -2.29411852E-02 3.20977122E-02
 6.90256506E-02 2.73565874E-02 5.76009974E-02 -2.53660828E-02 1.29524432E-03
 -3.18668522E-02 -3.68942246E-02 1.79633163E-02 1.28539409E-02 1.56144481E-02
 2.63269432E-02 3.77754197E-02 -0.140029758 -2.08632052E-02 -8.25228617E-02
 -3.88163924E-02 4.31912988E-02 1.61734503E-02 1.42564168E-02 -3.71081121E-02
 -8.96784943E-03 1.12675279E-02 0.213939160 -5.57321776E-03 -3.42683420E-02
 0.110041790 4.31452952E-02 2.86656208E-02 6.18028734E-03 4.06087302E-02
 -4.61202767E-03 2.28279689E-03 -5.65614961E-02 6.92826435E-02 7.56002069E-02
 -8.74934867E-02 -0.185229093 -6.26546983E-03 5.57204373E-02 1.63061209E-02
 -4.30218205E-02 1.34624625E-02 -0.107925795 -9.16318446E-02 -5.14913946E-02
 6.16527908E-02 5.45059517E-02 -0.132140815 -7.26124123E-02 -6.77502081E-02
 7.03869238E-02 -9.61489379E-02 -9.76409465E-02 2.35493556E-02 -8.51554498E-02
 -0.151102155 -5.98320961E-02 -0.125738785 2.94285100E-02 2.97340732E-02
 6.07270822E-02 -4.06873487E-02 -0.211703002 -8.15726295E-02 0.104595512
 -1.37532111E-02 -0.132373810 1.78931653E-02 3.89022008E-02 -3.25605795E-02
 -0.129969016 3.97129394E-02 0.116715334 -2.19881982E-02 2.76731122E-02
 2.84960140E-02 1.78812747E-03 -5.17837480E-02 -8.30445886E-02 -4.85148765E-02
 -5.33167273E-02 2.63657309E-02 0.113464475 -7.30023533E-02 -1.09456563E-02
 -9.61387437E-03 2.02580187E-02 8.78402870E-03 -2.43932810E-02 -4.63100150E-02
 -9.24018770E-02 -0.123370878 -7.01918676E-02 -0.113710739 8.24119747E-02
 -6.01964146E-02 -9.45362914E-03 -2.76075359E-02 3.12935524E-02 -1.69102792E-02
 -0.152069718 2.83793900E-02 -7.79565051E-02 9.23178345E-02 5.20797223E-02
 -8.84612873E-02 -0.102335505 0.101809368 -7.89183285E-03 -2.83141322E-02
 8.67434219E-02 0.124291688 9.95771512E-02 -4.39687110E-02 -0.143102884
 -1.42149245E-02 -5.49373031E-02 1.74895779E-03 -0.151609391 5.92643619E-02
 -7.41817504E-02 -4.65765782E-02 3.72828841E-02 6.31110668E-02 -4.85267118E-02
 3.86789138E-03 9.87037867E-02 3.44873182E-02 -9.74196568E-02 -1.59901450E-03
 -6.14478178E-02 6.54250989E-03 2.53220145E-02 -2.73265988E-02 5.81183396E-02
 -8.43115374E-02 -2.38350686E-02 4.93271574E-02 -9.83815640E-02 8.31419528E-02
 -7.93565661E-02 0.110325709 0.118119538 -4.56485786E-02 5.04198298E-02
 4.55625020E-02 8.16572309E-02 -6.74246103E-02 4.95979935E-03 0.148999080
 4.67599668E-02 9.04069170E-02 0.109739333 2.36169472E-02 8.43876973E-03
 -0.107864626 0.145210922 0.155870214 -1.30093293E-02 5.98889366E-02
 5.19479141E-02 -7.75624141E-02 5.82469217E-02 -1.31901605E-02 4.97240350E-02
 -7.05084503E-02 9.44895223E-02 -4.97181807E-03 5.00611775E-02 1.90152954E-02
 7.26191029E-02 6.51033549E-03 8.56951997E-03 2.81025767E-02 -9.71317068E-02
 2.61907764E-02 0.187936604 0.123852134 -1.70892652E-03 2.92033665E-02
 -2.55443528E-02 -0.143003494 0.135072500 7.66858133E-03 -1.66696999E-02
 3.59435193E-02 -8.11617896E-02 -3.46502475E-02 0.107890651 7.40488758E-03
 6.98155165E-02 2.44016387E-02 -7.26207122E-02 -5.52542135E-03 1.35584604E-02
 9.21621621E-02 8.48736241E-02 3.05242538E-02 -6.57089874E-02 -4.11464013E-02
 7.97220990E-02 -2.16998849E-02 -1.45842433E-02 5.00812661E-03 8.47219601E-02
 4.09816951E-02 5.66572063E-02 0.117603645 6.46010190E-02 6.24469183E-02
 -2.12534964E-02 2.27792542E-02 4.51313704E-02 9.52966884E-02 -3.24278884E-02
 -4.07158993E-02 -1.73788927E-02 -8.19625482E-02 -1.07047670E-02 6.38965219E-02
 9.71932709E-02 -4.65528952E-04 -6.08428046E-02 6.32392913E-02 7.87153542E-02
 6.52229860E-02 8.04804564E-02 -3.46199982E-02 1.57963056E-02 8.01644027E-02
 -7.98909292E-02 -3.77565287E-02 -3.66374268E-03 9.38951075E-02 -7.34538212E-02
 8.36577266E-03 8.60785395E-02 8.67993832E-02 -6.85460120E-03 9.38204303E-02
 0.119600609 6.48698583E-02 0.106365271 1.83936208E-02 9.65097919E-02
 0.111463547 -8.64862988E-04 2.95373313E-02 -8.23637936E-03 -5.21069914E-02
 1.77385304E-02 -4.75112014E-02 -9.45169032E-02 2.07991200E-03 2.37154774E-02
 -8.18169937E-02 0.100242019 3.43341827E-02 6.46097884E-02 -5.23277605E-03
 6.61564991E-02 1.46205276E-02 -4.62548621E-03 -2.10850593E-02 4.50290665E-02
 0.102889575 3.95152867E-02 -0.100455001 -1.90685242E-02 1.61079857E-02
 -0.101880170 -5.75230783E-03 2.10367274E-02 1.53165963E-02 3.40335108E-02
 -2.85697952E-02 -9.20194238E-02 4.61914688E-02 -0.114296190 2.98855565E-02
 8.87634754E-02 5.41244447E-02 -9.92234647E-02 4.43107449E-02 4.95620351E-03
 2.04088315E-02 3.19870748E-03 6.87907785E-02 4.12720256E-02 0.132185876
 7.89072737E-02 0.156103209 0.121801041 6.19680434E-02 -1.57025196E-02
 0.147332951 -4.04491276E-02 0.128169730 0.163909495 6.80217594E-02
 -2.81887334E-02 9.87529475E-03 3.76968086E-02 -8.26312825E-02 -5.13388263E-03
 -3.40980850E-02 -5.32687418E-02 -4.42030020E-02 -6.44807667E-02 3.19089144E-02
 -4.21856344E-02 9.98792127E-02 6.45562187E-02 -6.42769188E-02 -1.09879049E-02
 8.60382169E-02 1.17913382E-02 -7.68400058E-02 -4.87718135E-02 2.15052664E-02
 0.120468915 7.56887114E-03 -8.44748542E-02 7.81610757E-02 2.60253437E-02
 3.26011404E-02 -1.11083221E-03 0.109657541 0.134812579 1.25727779E-03
 7.01802969E-02 3.86352837E-02 6.93742931E-02 4.01536226E-02 6.11151978E-02
 6.47299364E-02 -5.11138886E-02 2.14331858E-02 7.09038302E-02 9.63734835E-02
 6.03012964E-02 8.61363113E-02 0.181080580 2.22190488E-02 -3.55706987E-04
 1.76893696E-02 -4.46917042E-02 -1.32663557E-02 -6.70415908E-03 -7.87401646E-02
 2.70948913E-02 -3.85301001E-03 -0.113919936 3.73620470E-03 3.46434638E-02
 -5.14795594E-02 0.00000000E+00 0.00000000E+00 0.00000000E+00 0.00000000E+00
 0.00000000E+00 0.00000000E+00 0.00000000E+00 0.00000000E+00 0.00000000E+00
 0.00000000E+00 0.00000000E+00 0.00000000E+00 0.00000000E+00 0.00000000E+00
 0.00000000E+00 0.00000000E+00 0.00000000E+00 0.00000000E+00 0.00000000E+00
 0.00000000E+00 0.00000000E+00 0.00000000E+00 0.00000000E+00 0.00000000E+00
 0.00000000E+00 0.00000000E+00 0.00000000E+00 0.00000000E+00 0.00000000E+00
 0.00000000E+00 0.00000000E+00 0.00000000E+00 0.00000000E+00 0.00000000E+00
 0.00000000E+00 0.00000000E+00 0.00000000E+00 0.00000000E+00 0.00000000E+00
 0.00000000E+00 0.00000000E+00 0.00000000E+00 0.00000000E+00 0.00000000E+00
 0.00000000E+00 0.00000000E+00 0.00000000E+00 0.00000000E+00 0.00000000E+00
 0.00000000E+00 0.00000000E+00 0.00000000E+00 0.00000000E+00 0.00000000E+00
 0.00000000E+00 0.00000000E+00 0.00000000E+00 0.00000000E+00 0.00000000E+00
 0.00000000E+00 0.00000000E+00 0.00000000E+00 0.00000000E+00 0.00000000E+00
 0.00000000E+00 0.00000000E+00 0.00000000E+00 0.00000000E+00 0.00000000E+00
 0.00000000E+00 0.00000000E+00 0.00000000E+00 0.00000000E+00 0.00000000E+00
 0.00000000E+00 0.00000000E+00 0.00000000E+00 0.00000000E+00 0.00000000E+00
 0.00000000E+00 0.00000000E+00 0.00000000E+00 0.00000000E+00 0.00000000E+00
 0.00000000E+00 0.00000000E+00 0.00000000E+00 0.00000000E+00 0.00000000E+00
 0.00000000E+00 0.00000000E+00 0.00000000E+00 0.00000000E+00 0.00000000E+00
 0.00000000E+00 0.00000000E+00 0.00000000E+00 0.00000000E+00 0.00000000E+00
 0.00000000E+00 0.00000000E+00 0.00000000E+00 0.00000000E+00 0.00000000E+00
 0.00000000E+00 0.00000000E+00 0.00000000E+00 0.00000000E+00 0.00000000E+00
 0.00000000E+00 0.00000000E+00 0.00000000E+00 0.00000000E+00 0.00000000E+00
 0.00000000E+00 0.00000000E+00 0.00000000E+00 0.00000000E+00 0.00000000E+00
 0.00000000E+00 0.00000000E+00 0.00000000E+00 0.00000000E+00 0.00000000E+00
 0.00000000E+00 0.00000000E+00 0.00000000E+00 0.00000000E+00 0.00000000E+00
 0.00000000E+00 0.00000000E+00 0.00000000E+00 0.00000000E+00 0.00000000E+00
 0.00000000E+00 0.00000000E+00 0.00000000E+00 0.00000000E+00 0.00000000E+00
 0.00000000E+00 0.00000000E+00 0.00000000E+00 0.00000000E+00 0.00000000E+00
 0.00000000E+00 0.00000000E+00 0.00000000E+00 0.00000000E+00 0.00000000E+00
 0.00000000E+00 0.00000000E+00 0.00000000E+00 0.00000000E+00 0.00000000E+00
 %U
 0.00000000E+00 0.00000000E+00 0.00000000E+00 0.00000000E+00 0.00000000E+00
 0.00000000E+00 0.00000000E+00 0.00000000E+00 0.00000000E+00 0.00000000E+00
 0.00000000E+00 0.00000000E+00 0.00000000E+00 0.00000000E+00 0.00000000E+00
 0.00000000E+00 0.00000000E+00 0.00000000E+00 0.00000000E+00 0.00000000E+00
 0.00000000E+00 0.00000000E+00 0.00000000E+00 0.00000000E+00 0.00000000E+00
 0.00000000E+00 0.00000000E+00 0.00000000E+00 0.00000000E+00 0.00000000E+00
 0.00000000E+00 0.00000000E+00 0.00000000E+00 0.00000000E+00 0.00000000E+00
 0.00000000E+00 0.00000000E+00 0.00000000E+00 0.00000000E+00 0.00000000E+00
 0.00000000E+00 0.00000000E+00 0.00000000E+00 0.00000000E+00 0.00000000E+00
 0.00000000E+00 0.00000000E+00 0.00000000E+00 0.00000000E+00 0.00000000E+00
 0.00000000E+00 0.00000000E+00 0.00000000E+00 0.00000000E+00 0.00000000E+00
 0.00000000E+00 0.00000000E+00 0.00000000E+00 0.00000000E+00 0.00000000E+00
 0.00000000E+00 0.00000000E+00 0.00000000E+00 0.00000000E+00 0.00000000E+00
 0.00000000E+00 0.00000000E+00 0.00000000E+00 0.00000000E+00 0.00000000E+00
 0.00000000E+00 0.00000000E+00 0.00000000E+00 0.00000000E+00 0.00000000E+00
 0.00000000E+00 0.00000000E+00 0.00000000E+00 0.00000000E+00 0.00000000E+00
 0.00000000E+00 0.00000000E+00 0.00000000E+00 0.00000000E+00 0.00000000E+00
 0.00000000E+00 0.00000000E+00 0.00000000E+00 0.00000000E+00 0.00000000E+00
 0.00000000E+00 0.00000000E+00 0.00000000E+00 0.00000000E+00 0.00000000E+00
 0.00000000E+00 0.00000000E+00 0.00000000E+00 0.00000000E+00 0.00000000E+00
 0.00000000E+00 0.00000000E+00 0.00000000E+00 0.00000000E+00 0.00000000E+00
 0.00000000E+00 0.00000000E+00 0.00000000E+00 0.00000000E+00 0.00000000E+00
 0.00000000E+00 3.95327210 18.1170101 -0.655134022 -0.284415364
 -6.33272600 -7.60070753 -2.64486432 3.35855341 1.59155893
 19.9955196 -8.68118927E-02 -1.32733285 3.74297714 0.546612740
 3.98505473 9.12830353 0.443911195 -2.00686359 2.74268675
 -3.85484958 -1.38800693 -12.7080936 0.800117671 7.28415489
 -0.592065156 7.67572355 7.55399752 12.5806656 10.7343731
 9.60714626 9.12495995 6.15794277 -3.05346227 10.2431040
 5.18981123 5.68807650 -16.8319492 4.52655840 1.08085930
 5.05154896 4.71415333E-02 4.20380640 0.723729312 -0.658205032
 -3.27617979 4.21520710 -2.54639602 2.38252854 3.26437664
 0.963682592 2.37773180 3.60136247 1.95628011 2.54846144
 0.532448828 -1.32534957 -1.48761058 -0.816408336 -1.41362906
 -0.170319468 -1.83501899 -1.43594158 1.07288718 -2.09147978
 -1.61044323 -1.46633494 -2.56203389 -1.50721812 -4.09965611
 0.140648916 -1.78934669 -4.85022831 -4.39046383 -1.01049066
 -2.61820173 -2.03125262 -1.52077734 -2.49044037 -3.86075497
 -3.49895549 1.16703713 -2.09462714 0.539454162 1.09904313
 -2.23007345 -1.05252755 -1.47117794 -1.50022304 0.671011925
 0.137032956 -1.32958055 -1.72862709 2.01451874 1.59789193
 -6.07503392E-02 -0.871674418 -0.626765728 2.40029383 -1.14771783
 -0.302246273 0.387284309 -0.244545147 -4.82101291E-02 0.565612137
 -6.38860166E-02 1.05262160 1.37915444 -0.459255278 -0.496340036
 0.706141472 -0.281398118 9.39312503E-02 1.58972001 0.854292393
 0.183668554 -0.962670684 -1.06593573 -0.113400273 -1.64075899
 -1.33242691 -1.25536764 -0.585512400 -0.158024982 -0.708766222
 -0.844136596 -1.79408646 0.514593422 2.05564833 0.454892814
 8.53195339E-02 0.991470993 3.26783881E-02 0.524992943 -0.105608240
 -0.700597346 0.604905307 -5.74414246E-03 -0.618993461 1.40974343
 1.20725739 0.726180315 -0.117131762 -0.478719532 -5.27841337E-02
 0.203534037 0.114576951 -0.873447120 0.101173125 -0.460894257
 -0.172724813 -0.372301638 -0.941710353 -0.735785246 -0.983191192
 -0.387268424 0.241996184 -1.06283963 -0.533276081 -0.827166736
 0.377926320 0.223199531 -1.20038378 0.149042860 -0.273535937
 -0.372384280 -0.772323668 -4.79406826E-02 -0.213220209 3.21584493E-02
 -0.250115186 -3.30914035E-02 -0.130507067 4.61452454E-02 -0.104570948
 -1.17129111 -0.653244674 0.271491975 -0.371594876 -0.635585308
 -0.524704576 -0.304022133 -1.75657403 -0.569641173 -3.01318020E-02
 -0.403263032 -0.275644749 7.32781664E-02 -0.438146144 -0.577931881
 -0.283576041 -6.61392435E-02 0.279465109 0.281407118 -0.406069547
 3.72833759E-02 0.118734606 0.183843955 9.50559676E-02 0.300213397
 0.157441363 0.413218141 -9.26052183E-02 0.446139634 0.169654667
 0.162465736 -6.95483685E-02 -0.105069309 0.346881062 -0.540151119
 0.352003098 0.564455926 -0.261149466 0.446244597 0.285087705
 2.44809352E-02 0.426810652 -2.84484290E-02 0.375137955 2.75006369E-02
 -0.181052938 -0.138008371 -7.00766593E-02 -9.15384665E-02 7.61876553E-02
 -9.48994234E-03 0.261507452 6.78852648E-02 0.650914848 0.138559252
 0.328271478 0.217214718 -0.146860451 -1.87381972E-02 -9.93165970E-02
 0.439348996 0.244488910 -0.158413470 -0.268657327 -0.134080768
 -0.160635412 0.515697002 0.470114678 2.90914178E-02 0.214001700
 0.292472452 0.330884278 0.257248342 0.253583610 0.383596241
 0.132936999 0.293106973 -3.05215158E-02 0.334534883 8.02330449E-02
 0.296255678 -1.88320465E-02 0.183472201 0.170432568 0.240744978
 4.60619852E-02 -3.72319445E-02 1.29868165E-02 0.244915828 0.125054091
 0.247780472 0.561836720 0.278872192 -0.163793981 -0.118912235
 -0.166367546 9.43985581E-02 -6.11946173E-02 -0.184566438 4.78375703E-03
 5.66638708E-02 -7.34450016E-03 -2.73593795E-02 -3.84632498E-02 0.321032226
 3.69112454E-02 -0.300583035 -0.402964175 -6.76319897E-02 -0.182737648
 0.114899851 9.51074436E-02 5.38985766E-02 1.78512819E-02 -0.129603177
 -0.154357940 -0.119973287 -0.143094972 4.49533053E-02 -0.335044265
 3.39170471E-02 -8.96498635E-02 -1.94606874E-02 -0.186770841 -7.51335397E-02
 3.29146869E-02 -7.16124475E-02 -0.162379310 -0.295937657 -0.107808679
 -0.120009817 -0.332104981 -0.214830503 -0.149674892 -0.174943879
 -0.489668131 0.329460263 -0.102669910 0.106446050 0.195055559
 -5.67325316E-02 -2.38151457E-02 -0.399491131 -0.114178985 1.01927703E-03
 7.14192539E-02 0.155102775 9.88108069E-02 0.152808845 0.228123769
 0.154286355 -0.123846926 5.71711101E-02 -0.310258478 1.37562146E-02
 0.127238482 5.31890914E-02 -2.62105409E-02 0.341899335 -7.17028975E-02
 0.171120942 -6.89695403E-02 0.113828920 0.184904903 -1.66082904E-02
 -0.202385664 -8.51953551E-02 0.401493639 -2.39722021E-02 -2.17084084E-02
 -0.202297881 -1.38009256E-02 -1.55219827E-02 -3.69419828E-02 8.65855291E-02
 9.71479937E-02 -4.97438088E-02 0.154288620 0.304268807 -0.132734030
 7.73713365E-02 0.236746714 -0.201357692 -0.222083360 0.137439147
 -0.199790418 -0.312502325 -0.113260783 5.07074632E-02 9.77434590E-02
 -0.342317462 -0.179582193 -4.17828374E-02 0.165100172 0.213796139
 0.292675734 0.116604194 1.41896568E-02 0.208023235 -0.193302199
 -0.163888603 1.98022164E-02 1.35731241E-02 -5.86279891E-02 0.213061020
 0.233965695 -9.13301632E-02 2.05268934E-02 -0.106665850 -0.125321791
 7.74546787E-02 0.267490268 9.79233161E-03 -8.53518397E-02 -0.236597821
 -6.91552684E-02 -0.118118085 -6.13547787E-02 -0.158135995 -8.47219676E-02
 0.146856636 -3.51480320E-02 -0.327356815 0.109952062 -4.78673726E-02
 -0.114682011 7.61668459E-02 9.15903226E-02 8.38661939E-02 5.79129308E-02
 0.184486166 -7.89154544E-02 5.46359271E-02 -9.91340280E-02 0.144703180
 0.181913570 3.32006090E-03 7.63275400E-02 -0.126193538 -5.31832501E-02
 -8.05773512E-02 -3.14054675E-02 -6.03516363E-02 5.03114890E-04 -5.73005714E-02
 0.404634595 6.23257011E-02 1.33633502E-02 1.72796752E-02 -0.111288391
 0.106190473 2.57382896E-02 -0.152005047 -6.08184561E-02 -8.32628235E-02
 0.117263235 -0.180804700 3.17149349E-02 0.250405878 -0.112931930
 -1.69142825E-03 -5.22366613E-02 -4.80953269E-02 0.118601941 0.169413581
 0.224020869 6.65388033E-02 0.100101821 9.87445936E-02 5.07858358E-02
 -4.75961678E-02 -4.70366105E-02 0.207547054 0.146014526 -4.40026596E-02
 -0.165401518 -0.116117232 7.15598688E-02 -0.109131820 -3.50615638E-03
 0.251585275 -6.66839480E-02 -7.36955404E-02 -2.32354924E-02 0.211021334
 -6.87800497E-02 -1.39885945E-02 -7.22743105E-04 0.173431545 -6.02333397E-02
 -8.47860500E-02 0.246987835 0.179223537 6.96648434E-02 7.58264065E-02
 -4.94406670E-02 -2.64864098E-02 9.78864357E-02 6.32741377E-02 -0.116174072
 0.141696721 -1.49058001E-02 -8.59519280E-03 5.24853282E-02 6.65842816E-02
 -2.19775401E-02 0.198001876 -0.102230117 0.107307568 2.58553717E-02
 1.08263651E-02 -8.05552453E-02 -0.140073538 -6.74161315E-02 7.28954747E-02
 -6.55070618E-02 -0.163375542 8.58012773E-03 0.124007441 7.12460503E-02
 -7.07417652E-02 0.151543230 8.04739743E-02 -0.301540196 0.137453467
 -9.64790732E-02 -7.01290295E-02 -6.92125112E-02 -6.43183142E-02 -0.110869125
 -1.62453987E-02 2.79220194E-03 5.33954725E-02 1.51702366E-03 -7.12512508E-02
 4.82843928E-02 -0.123303115 -0.244461328 -8.39018915E-03 -6.65895757E-04
 0.122042917 -7.37435073E-02 2.98700090E-02 2.78638005E-02 -8.83953646E-02
 2.35947259E-02 -0.269900501 -0.130845055 6.68805540E-02 -3.49661633E-02
 -0.109264612 -0.130732760 -6.93099201E-02 0.126032263 0.103043780
 -7.95063600E-02 0.117880061 1.62944235E-02 0.122198522 -0.224627480
 3.51949930E-02 6.78864196E-02 -0.156255946 -9.44690928E-02 -7.68961236E-02
 -0.280469507 1.07894056E-02 -4.79333103E-02 4.03538123E-02 4.64352556E-02
 -0.116715103 -0.152980760 7.09759444E-02 0.122290790 4.98714000E-02
 -2.74307269E-04 -5.61449043E-02 0.321940720 0.151483953 0.108646244
 0.192598030 0.249825418 0.210670784 4.97626215E-02 -2.07767636E-02
 8.52107108E-02 5.59396520E-02 -6.53315634E-02 0.116213478 0.217192441
 0.218147159 0.109207630 4.82629606E-04 0.223323047 0.235594347
 -1.94341633E-02 0.199845895 -1.63604468E-02 8.95516202E-02 5.11384644E-02
 0.196346939 -2.20952444E-02 0.259949356 0.118067078 6.99496269E-02
 9.33519751E-03 0.122561783 9.59206745E-02 5.31482697E-02 -1.91916768E-02
 4.51705568E-02 0.180604830 9.07559544E-02 0.167300344 0.119906500
 1.71115866E-03 0.172728077 5.22220209E-02 7.57452995E-02 -5.79208555E-03
 -3.08036171E-02 9.54023283E-03 7.65604153E-02 4.27626586E-03 0.264107168
 0.114266165 2.03048978E-02 9.41612199E-02 0.106261298 -1.62080899E-02
 -3.85592654E-02 0.156987414 4.75236662E-02 4.11276184E-02 -1.20615233E-02
 0.161419734 1.98005997E-02 0.168727636 3.81152071E-02 0.174011469
 0.125300914 6.23318292E-02 0.163946837 0.140431091 -4.22612913E-02
 2.84173414E-02 -3.08296755E-02 0.188545495 1.25099835E-03 7.46194944E-02
 2.60323808E-02 0.246937692 0.211646438 8.07789192E-02 4.23153304E-02
 8.79649073E-02 5.18645644E-02 0.111012384 6.69975057E-02 0.122891262
 -2.79359221E-02 2.12720465E-02 1.35047911E-02 -8.39466676E-02 -1.67244219E-03
 3.24326567E-02 -3.58233042E-02 2.70743947E-02 3.90651561E-02 0.147222042
 9.80118737E-02 -7.23342448E-02 9.90706831E-02 0.109462053 1.23806996E-02
 8.28707963E-02 6.23044856E-02 0.121166475 4.62904535E-02 2.78590340E-02
 0.148604348 0.121690579 -3.39804329E-02 -2.74491590E-02 5.60278893E-02
 0.138058662 4.45427410E-02 3.02498899E-02 5.22727072E-02 0.119364277
 0.100966834 4.88812104E-02 -1.53756728E-02 -0.151801586 -0.155362204
 3.02935634E-02 3.70695330E-02 5.73119596E-02 9.78982672E-02 0.121578783
 8.84235576E-02 0.163472787 -4.87537347E-02 -8.29256698E-02 3.41580785E-03
 -3.23371254E-02 6.73210248E-02 4.11961451E-02 9.93749127E-02 7.87316412E-02
 5.39850444E-04 -5.70667908E-02 -7.53232315E-02 -6.31572753E-02 -6.73822910E-02
 -6.13602474E-02 4.03168947E-02 2.78024701E-03 -2.05819495E-02 4.41726632E-02
 5.04708216E-02 9.84665751E-03 3.46278697E-02 -7.63838440E-02 -4.11016047E-02
 8.11656192E-02 4.06697504E-02 7.59611055E-02 2.94209495E-02 2.54679322E-02
 0.158883110 0.134444803 3.79706584E-02 2.54074410E-02 -0.118876390
 0.100078575 3.15539427E-02 3.04570328E-02 0.163297653 0.196349874
 6.86249509E-02 1.14836292E-02 0.132513553 6.45421073E-02 0.111205459
 -5.65474201E-03 -2.72083853E-04 -7.41242766E-02 -6.42103553E-02 -2.90649999E-02
 0.103170305 6.95105344E-02 -4.40421216E-02 -1.59882121E-02 -5.26032187E-02
 6.55344501E-02 8.50986764E-02 -2.39771288E-02 -2.51772199E-02 -5.36204092E-02
 6.75442221E-04 -3.73518020E-02 7.69133419E-02 3.33432294E-02 -0.114929020
 -0.142771348 9.65304673E-03 7.13673979E-02 5.50692044E-02 -1.81497745E-02
 -2.90613975E-02 0.211573884 -1.51727535E-02 -3.33659584E-03 6.93058446E-02
 1.26915881E-02 -2.86824647E-02 -1.41867055E-02 -8.35993141E-02 5.67380749E-02
 0.121748462 0.163041547 9.75745097E-02 7.57306963E-02 0.150412023
 0.144877523 -6.24640025E-02 7.29133412E-02 -4.98836953E-03 -5.09266518E-02
 -1.09722782E-02 8.64920840E-02 8.33520293E-02 -5.83440252E-03 -7.62741491E-02
 0.183310777 6.09554537E-02 3.44819352E-02 1.62925534E-02 -4.28435318E-02
 0.117987640 0.154976353 -9.79148000E-02 5.85541949E-02 -3.79386023E-02
 9.59195495E-02 8.03634226E-02 8.70398656E-02 6.94554970E-02 4.56808135E-02
 2.94739436E-02 6.81066737E-02 0.116344772 6.87333271E-02 6.94620684E-02
 0.106824145 -3.32009047E-02 6.90062270E-02 0.106896371 8.29068124E-02
 -2.11765189E-02 -2.42478922E-02 0.112615444 8.32342803E-02 9.54672098E-02
 -2.47179493E-02 6.74099773E-02 6.88586757E-02 3.74977738E-02 -6.79473579E-02
 -3.81854698E-02 -3.11176255E-02 -2.02689264E-02 -1.13172606E-02 0.140545025
 3.89852896E-02 -2.16057971E-02 -1.73113514E-02 0.102005757 0.153957531
 0.109017000 -7.30780736E-02 -0.100795142 0.142885134 2.86272112E-02
 4.85725217E-02 -9.74904932E-03 1.38162011E-02 -2.37504970E-02 9.27240849E-02
 0.148248330 1.47390021E-02 0.138570353 -1.62678096E-03 -2.92901918E-02
 -1.74982250E-02 -2.00138148E-02 3.09776310E-02 3.84901240E-02 2.26120111E-02
 -5.03598712E-02 -0.157671183 -0.134269282 -4.09889184E-02 3.71329784E-02
 1.27583221E-02 3.53713036E-02 -6.80466965E-02 0.105502419 -6.17712922E-02
 -0.157735690 -1.44136068E-03 -1.48034934E-02 -7.50605529E-03 -4.68519889E-02
 4.19125706E-02 2.32378524E-02 2.69050505E-02 7.07726786E-03 9.60741565E-02
 4.24530469E-02 5.95046207E-02 1.14458129E-02 -8.13005434E-04 5.92265911E-02
 9.41963345E-02 -8.64894614E-02 0.188098431 0.186823770 -1.09447511E-02
 5.96244819E-02 0.177262008 -8.26549809E-03 2.45234580E-03 3.31440717E-02
 -6.40350655E-02 -9.33050141E-02 6.46447167E-02 4.50780280E-02 8.74553341E-03
 -3.23609188E-02 -6.84623197E-02 9.56255198E-02 7.36891404E-02 2.48602033E-02
 7.03409174E-03 9.18532759E-02 9.76741407E-03 8.54306147E-02 -2.29586475E-02
 2.71053724E-02 6.25516102E-02 5.61426207E-02 3.19405198E-02 2.62983050E-02
 -0.111947641 1.90507844E-02 4.44580317E-02 1.74685623E-02 0.122239642
 0.133996859 0.227993146 0.144183636 6.30726665E-02 9.10183340E-02
 0.107531928 6.37952909E-02 9.13957506E-02 4.78610098E-02 -5.33639081E-03
 5.18789589E-02 -0.115985572 1.20601691E-02 2.55382992E-02 -7.00392053E-02
 4.64061052E-02 7.16086626E-02 1.90242156E-02 -2.86193602E-02 0.135812297
 3.63501487E-03 5.16130403E-02 8.75472091E-03 -2.22099442E-02 1.89104658E-02
 0.189403757 0.152327284 4.27395441E-02 3.35104465E-02 -1.96148176E-04
 3.37795243E-02 -5.62414229E-02 1.98839586E-02 0.135586321 1.98360104E-02
 0.115219943 0.166112110 0.105019495 2.75671165E-02 7.56135583E-02
 8.99648145E-02 0.00000000E+00 0.00000000E+00 0.00000000E+00 0.00000000E+00
 0.00000000E+00 0.00000000E+00 0.00000000E+00 0.00000000E+00 0.00000000E+00
 0.00000000E+00 0.00000000E+00 0.00000000E+00 0.00000000E+00 0.00000000E+00
 0.00000000E+00 0.00000000E+00 0.00000000E+00 0.00000000E+00 0.00000000E+00
 0.00000000E+00 0.00000000E+00 0.00000000E+00 0.00000000E+00 0.00000000E+00
 0.00000000E+00 0.00000000E+00 0.00000000E+00 0.00000000E+00 0.00000000E+00
 0.00000000E+00 0.00000000E+00 0.00000000E+00 0.00000000E+00 0.00000000E+00
 0.00000000E+00 0.00000000E+00 0.00000000E+00 0.00000000E+00 0.00000000E+00
 0.00000000E+00 0.00000000E+00 0.00000000E+00 0.00000000E+00 0.00000000E+00
 0.00000000E+00 0.00000000E+00 0.00000000E+00 0.00000000E+00 0.00000000E+00
 0.00000000E+00 0.00000000E+00 0.00000000E+00 0.00000000E+00 0.00000000E+00
 0.00000000E+00 0.00000000E+00 0.00000000E+00 0.00000000E+00 0.00000000E+00
 0.00000000E+00 0.00000000E+00 0.00000000E+00 0.00000000E+00 0.00000000E+00
 0.00000000E+00 0.00000000E+00 0.00000000E+00 0.00000000E+00 0.00000000E+00
 0.00000000E+00 0.00000000E+00 0.00000000E+00 0.00000000E+00 0.00000000E+00
 0.00000000E+00 0.00000000E+00 0.00000000E+00 0.00000000E+00 0.00000000E+00
 0.00000000E+00 0.00000000E+00 0.00000000E+00 0.00000000E+00 0.00000000E+00
 0.00000000E+00 0.00000000E+00 0.00000000E+00 0.00000000E+00 0.00000000E+00
 0.00000000E+00 0.00000000E+00 0.00000000E+00 0.00000000E+00 0.00000000E+00
 0.00000000E+00 0.00000000E+00 0.00000000E+00 0.00000000E+00 0.00000000E+00
 0.00000000E+00 0.00000000E+00 0.00000000E+00 0.00000000E+00 0.00000000E+00
 0.00000000E+00 0.00000000E+00 0.00000000E+00 0.00000000E+00 0.00000000E+00
 0.00000000E+00 0.00000000E+00 0.00000000E+00 0.00000000E+00 0.00000000E+00
 0.00000000E+00 0.00000000E+00 0.00000000E+00 0.00000000E+00 0.00000000E+00
 0.00000000E+00 0.00000000E+00 0.00000000E+00 0.00000000E+00 0.00000000E+00
 0.00000000E+00 0.00000000E+00 0.00000000E+00 0.00000000E+00 0.00000000E+00
 0.00000000E+00 0.00000000E+00 0.00000000E+00 0.00000000E+00 0.00000000E+00
 0.00000000E+00 0.00000000E+00 0.00000000E+00 0.00000000E+00 0.00000000E+00
 0.00000000E+00 0.00000000E+00 0.00000000E+00 0.00000000E+00 0.00000000E+00
 0.00000000E+00 0.00000000E+00 0.00000000E+00 0.00000000E+00 0.00000000E+00
 0.00000000E+00 0.00000000E+00 0.00000000E+00 0.00000000E+00 0.00000000E+00
 %Error
 0.00000000E+00 0.00000000E+00 0.00000000E+00 0.00000000E+00 0.00000000E+00
 0.00000000E+00 0.00000000E+00 0.00000000E+00 0.00000000E+00 0.00000000E+00
 0.00000000E+00 0.00000000E+00 0.00000000E+00 0.00000000E+00 0.00000000E+00
 0.00000000E+00 0.00000000E+00 0.00000000E+00 0.00000000E+00 0.00000000E+00
 0.00000000E+00 0.00000000E+00 0.00000000E+00 0.00000000E+00 0.00000000E+00
 0.00000000E+00 0.00000000E+00 0.00000000E+00 0.00000000E+00 0.00000000E+00
 0.00000000E+00 0.00000000E+00 0.00000000E+00 0.00000000E+00 0.00000000E+00
 0.00000000E+00 0.00000000E+00 0.00000000E+00 0.00000000E+00 0.00000000E+00
 0.00000000E+00 0.00000000E+00 0.00000000E+00 0.00000000E+00 0.00000000E+00
 0.00000000E+00 0.00000000E+00 0.00000000E+00 0.00000000E+00 0.00000000E+00
 0.00000000E+00 0.00000000E+00 0.00000000E+00 0.00000000E+00 0.00000000E+00
 0.00000000E+00 0.00000000E+00 0.00000000E+00 0.00000000E+00 0.00000000E+00
 0.00000000E+00 0.00000000E+00 0.00000000E+00 0.00000000E+00 0.00000000E+00
 0.00000000E+00 0.00000000E+00 0.00000000E+00 0.00000000E+00 0.00000000E+00
 0.00000000E+00 0.00000000E+00 0.00000000E+00 0.00000000E+00 0.00000000E+00
 0.00000000E+00 0.00000000E+00 0.00000000E+00 0.00000000E+00 0.00000000E+00
 0.00000000E+00 0.00000000E+00 0.00000000E+00 0.00000000E+00 0.00000000E+00
 0.00000000E+00 0.00000000E+00 0.00000000E+00 0.00000000E+00 0.00000000E+00
 0.00000000E+00 0.00000000E+00 0.00000000E+00 0.00000000E+00 0.00000000E+00
 0.00000000E+00 0.00000000E+00 0.00000000E+00 0.00000000E+00 0.00000000E+00
 0.00000000E+00 0.00000000E+00 0.00000000E+00 0.00000000E+00 0.00000000E+00
 0.00000000E+00 0.00000000E+00 0.00000000E+00 0.00000000E+00 0.00000000E+00
 0.00000000E+00 26.0788746 20.9580326 26.6826191 17.0849609
 23.7463913 27.2222157 22.2598324 20.0307503 23.0900955
 16.9030285 14.4130573 19.7021408 14.2490501 12.3412218
 12.9209461 19.1341171 11.6572094 12.6453457 13.5656433
 12.4930735 12.7884283 16.8778782 15.5670214 10.2865171
 13.7309237 11.3709812 10.6852322 19.1059494 14.8959074
 10.6560183 10.5099525 9.00330544 13.2947607 10.0206881
 9.55617523 8.63795948 17.7262859 10.2410946 8.49088192
 8.82313633 10.5918217 8.08715725 6.89964724 7.15658903
 7.40286875 8.46599007 6.90674782 6.56683016 6.24492598
 6.39591217 6.34548283 6.31107187 6.15728903 5.81944609
 5.98092651 5.92749691 5.53133869 5.39419460 5.17668581
 5.21678257 5.41623592 4.83642387 4.96809721 4.62073660
 4.51383781 4.35814953 4.37096119 4.39738178 4.60993814
 3.95815229 4.01488972 3.64172196 3.63643026 3.66602659
 3.56642222 3.42605329 3.38289547 3.45072293 3.40620923
 3.23585677 3.32136273 3.27701759 3.86931753 3.77037048
 2.95286465 3.73650002 2.93869996 2.98007631 2.82393312
 2.82536530 2.84256124 2.84858847 2.78011155 2.72582006
 2.62782145 2.71871710 2.70643187 2.65837646 2.64931703
 2.52556109 2.57300687 2.48136497 2.37673903 2.35218406
 2.53545356 2.30821967 2.22571898 2.27964926 2.79905176
 2.22585607 2.13913369 2.14931703 2.09085083 2.08160853
 2.05036354 2.06526971 1.96292198 1.90687644 1.92344248
 1.90037727 1.90176940 1.91147423 1.91758645 1.83285582
 1.85250247 1.90049815 1.89993739 1.83970654 1.85741162
 1.86114049 1.84455788 1.80184913 1.77911711 1.76908767
 1.77244341 1.76200974 1.77355242 1.73416531 1.72326601
 1.72132421 1.66009200 1.62018502 1.60097277 1.59793496
 1.61415541 1.58287013 1.61139011 1.59793389 1.58855259
 1.58678687 1.56739557 1.50761425 1.52503824 1.46410060
 1.40345514 1.43651307 1.41857374 1.28738141 1.27412879
 1.36113703 1.33926582 1.21264637 1.09169340 1.08323753
 1.20816672 1.30285847 1.18965554 1.02400637 0.924087048
 0.916985869 1.00996971 1.18516684 1.25783741 1.09535611
 0.922363877 0.806966722 0.758153856 0.757539332 0.801053464
 0.901198924 1.06940317 1.16777813 1.03362429 0.848382890
 0.726643741 0.665433645 0.633922219 0.617969453 0.633192480
 0.622869611 0.650144398 0.707879663 0.820718825 0.950839818
 0.933700085 0.799567878 0.672724962 0.589808404 0.549002588
 0.531342626 0.512392044 0.499805570 0.499489069 0.491953135
 0.494415164 0.497212589 0.500268698 0.520250618 0.547360480
 0.606034935 0.719939113 0.839952469 0.821784258 0.677646816
 0.556780517 0.493222952 0.464546204 0.446125716 0.430002660
 0.418740332 0.407622576 0.405103713 0.403825521 0.399379283
 0.396609455 0.396113187 0.398708224 0.397530019 0.395150572
 0.389266521 0.391058892 0.397812098 0.409210145 0.424220353
 0.455808729 0.483693689 0.529090762 0.612334847 0.720362008
 0.768910110 0.671734691 0.558415830 0.495027483 0.459818959
 0.437472701 0.433898479 0.427520692 0.423801035 0.426972568
 0.422720194 0.423341751 0.423625797 0.416820228 0.417153299
 0.415142030 0.410857439 0.416019708 0.419790208 0.413698018
 0.405202210 0.396137446 0.396446824 0.393454790 0.392006993
 0.392529875 0.391758502 0.389600933 0.390848428 0.385958403
 0.382048696 0.380585402 0.375751793 0.378773570 0.379209608
 0.380828917 0.425212830 0.386506170 0.392690539 0.405202448
 0.426423699 0.463453680 0.533746958 0.630695820 0.667552650
 0.585196614 0.489955395 0.431915104 0.394069225 0.377040833
 0.361197233 0.355619222 0.352083296 0.351195931 0.347028196
 0.377801836 0.335789293 0.333721220 0.328054994 0.317240208
 0.314158201 0.312679321 0.312490433 0.311215281 0.306955338
 0.306129813 0.306428343 0.309111863 0.309922516 0.309506327
 0.305385947 0.308412999 0.305345595 0.300683022 0.301577628
 0.295693308 0.292410135 0.290185571 0.287267625 0.283836484
 0.287717462 0.287352979 0.288990289 0.291424751 0.293807328
 0.295013785 0.292505920 0.289887547 0.297396153 0.294515848
 0.294295907 0.294497848 0.293698251 0.294808149 0.295319885
 0.295915723 0.295330942 0.297060341 0.297679245 0.296646267
 0.297763586 0.295910180 0.294779569 0.292493254 0.290721595
 0.291110635 0.287897825 0.286744475 0.289184391 0.289822400
 0.289691806 0.284061134 0.284802973 0.279373944 0.282459229
 0.282594711 0.286930203 0.289977491 0.296950221 0.303381085
 0.318183690 0.348622262 0.398902506 0.456975758 0.467416316
 0.423375279 0.363082856 0.320654184 0.301035047 0.287099808
 0.283260047 0.278326184 0.271235913 0.265913248 0.264608711
 0.258739233 0.258761644 0.258412480 0.259285152 0.260770112
 0.261125654 0.259431958 0.258646280 0.258676201 0.255197346
 0.255170941 0.252652824 0.249539390 0.247803733 0.249912143
 0.251058578 0.250609428 0.249096096 0.248464704 0.248562381
 0.251276016 0.253163874 0.252209753 0.283290088 0.250278145
 0.253423333 0.251813591 0.252637863 0.253329515 0.252009153
 0.252049804 0.254961014 0.259591252 0.260877073 0.257391751
 0.259148926 0.259484619 0.253715068 0.247250423 0.249498367
 0.252893567 0.253014147 0.252578348 0.251299411 0.250493050
 0.249406695 0.248832136 0.248882622 0.247631460 0.246706858
 0.246243760 0.246735498 0.243729472 0.246194035 0.246508703
 0.244518787 0.240476608 0.236889422 0.234921098 0.233860806
 0.233792543 0.234696239 0.233481482 0.233044013 0.231881678
 0.228330404 0.228266448 0.229056135 0.228105888 0.230879918
 0.230176002 0.226957694 0.227063596 0.226173475 0.226619422
 0.224763691 0.223329544 0.222568259 0.217560351 0.217420116
 0.218079239 0.216919214 0.217047259 0.215650931 0.210795596
 0.209420845 0.207301155 0.208012506 0.208308801 0.204467103
 0.203402266 0.199426845 0.198975652 0.199052274 0.198447034
 0.195914745 0.194634646 0.193955243 0.193833902 0.195775062
 0.195221648 0.192582518 0.193424031 0.189121798 0.186031014
 0.184859067 0.183369353 0.183402985 0.183720306 0.185547352
 0.185782164 0.184830576 0.185344815 0.185464919 0.189564034
 0.189121604 0.190085635 0.186820149 0.185672864 0.186831608
 0.186534896 0.186805710 0.211026937 0.185631245 0.182151139
 0.181783557 0.183258504 0.183360443 0.186103180 0.185851634
 0.186240152 0.184750155 0.184709132 0.182013914 0.182287946
 0.182775140 0.183793589 0.182929084 0.180510461 0.180028945
 0.179401964 0.178883106 0.180012301 0.178373367 0.175780624
 0.195034146 0.177692175 0.177291855 0.176884130 0.177021444
 0.176246807 0.177934319 0.176162675 0.178137392 0.178999558
 0.177855894 0.181751579 0.185966119 0.193595380 0.206622139
 0.227011606 0.247751623 0.263314486 0.258609682 0.240559667
 0.218518943 0.202884868 0.195707425 0.186871126 0.182577595
 0.183032662 0.181050628 0.181413427 0.178412959 0.175658256
 0.174364984 0.220529571 0.176096261 0.173512012 0.173223257
 0.171334818 0.172558904 0.171741024 0.170259356 0.172826841
 0.172138050 0.171143353 0.171842456 0.170324817 0.168365106
 0.167977944 0.170063853 0.168475270 0.167282760 0.167596683
 0.166569740 0.168739825 0.167542025 0.165695980 0.163997412
 0.163613126 0.165054396 0.165419459 0.164052486 0.164457485
 0.162104756 0.161285892 0.160504818 0.159341365 0.160065427
 0.159874454 0.158933520 0.159388855 0.157751516 0.157467499
 0.158025116 0.172304526 0.157385454 0.158145130 0.158124328
 0.157034874 0.156801879 0.157984167 0.157728925 0.156507775
 0.156200290 0.155184925 0.156863585 0.156397849 0.154851153
 0.152200535 0.149668917 0.148829922 0.148908600 0.147083730
 0.146694511 0.144462526 0.144903526 0.164495230 0.144289032
 0.142355666 0.141548067 0.141533151 0.141513512 0.141031623
 0.139977917 0.139822796 0.138477400 0.136517987 0.136086524
 0.134235501 0.132919401 0.132356137 0.132670656 0.130859345
 0.128946587 0.129224107 0.129294217 0.163468570 0.127025455
 0.125898570 0.125936553 0.125370592 0.124202333 0.123832889
 0.121378884 0.122449748 0.123594716 0.123890176 0.124563009
 0.125364646 0.134834230 0.126430199 0.124539681 0.125013933
 0.124421224 0.124005638 0.123947568 0.124795221 0.123199672
 0.123725019 0.123722836 0.122701049 0.122278497 0.120892256
 0.121093519 0.120349355 0.119973406 0.119073607 0.120847285
 0.122294448 0.121617839 0.121301241 0.122127436 0.121593967
 0.123655356 0.123293675 0.122200325 0.121340699 0.120762654
 0.121616431 0.134109080 0.122683778 0.123136714 0.122413203
 0.122218370 0.121444158 0.120570600 0.120686248 0.118970498
 0.118624210 0.118871093 0.118502147 0.117944136 0.118842140
 0.118161552 0.118559495 0.117576055 0.119110465 0.118505523
 0.118474647 0.117926858 0.118131652 0.118347980 0.118541226
 0.118738227 0.118965715 0.119167238 0.117783099 0.119169362
 0.121022217 0.120373443 0.121492311 0.122197613 0.121722385
 0.121671230 0.120988712 0.122226298 0.121531062 0.121880814
 0.121127211 0.121704489 0.121068187 0.121226162 0.124094822
 0.123793781 0.123313032 0.122957528 0.123145044 0.123166621
 0.123337992 0.123187944 0.123062193 0.122308999 0.120744281
 0.121252701 0.121499717 0.120094836 0.119198546 0.118044205
 0.119056642 0.118847832 0.122745767 0.119877025 0.120024927
 0.118612245 0.118177451 0.117849246 0.119595475 0.119715452
 0.118782416 0.118988894 0.120247222 0.120891385 0.121134028
 0.121979453 0.122393236 0.123955160 0.124191716 0.124844223
 0.124533303 0.123906858 0.137722149 0.123850688 0.123932809
 0.123765111 0.123380370 0.124071687 0.123560220 0.122782715
 0.122750551 0.122731835 0.122842394 0.123795137 0.123549975
 0.123967998 0.123588882 0.122181803 0.121429279 0.121774107
 0.121260285 0.119607337 0.118538469 0.118603043 0.118056379
 0.116714790 0.116313145 0.116051450 0.114263341 0.114514537
 0.116213500 0.116714627 0.117477879 0.117839150 0.117890932
 0.117580034 0.118292853 0.116796523 0.117562354 0.117477484
 0.116301633 0.116768107 0.117839642 0.117925704 0.117356680
 0.116875149 0.116170198 0.114702582 0.113118827 0.112996608
 0.112927578 0.113107301 0.112620823 0.112636507 0.111998536
 0.111897230 0.111189917 0.111107782 0.111363143 0.110502064
 0.109854341 0.109191135 0.108401455 0.107914299 0.107946686
 0.109207585 0.108628780 0.108982235 0.107858784 0.107601136
 0.107985616 0.107161395 0.107401945 0.107779689 0.108112849
 0.106990300 0.106953442 0.105243608 0.103818402 0.103048816
 0.104534522 0.105022199 0.105204314 0.103192903 0.102902487
 0.103631556 0.104789421 0.105577625 0.105270870 0.105496496
 0.105444714 0.104406849 0.104525805 0.103815727 0.101933271
 0.102697767 0.101528279 0.101459071 0.100555979 0.100116886
 9.95452181E-02 0.100006469 9.96879414E-02 9.98972356E-02 9.96999815E-02
 9.90393087E-02 9.89855006E-02 9.89865661E-02 9.94620621E-02 0.100256979
 0.100196674 0.101909988 0.102983788 0.103590824 0.103708073
 0.103800595 0.104304440 0.104662254 0.105008751 0.105525240
 0.106190018 0.106979862 0.106524549 0.106327258 0.106780991
 0.106483474 0.107224099 0.107395358 0.107587233 0.107058629
 0.108252630 0.108499184 0.108813576 0.109451622 0.108708650
 0.109624863 0.109807089 0.109324522 0.108339652 0.108204640
 0.107681766 0.107975133 0.108129621 0.107982844 0.107672766
 0.107016638 0.106781639 0.107868925 0.107860424 0.107776999
 0.107166648 0.106382698 0.106050119 0.105955757 0.105580568
 0.105465762 0.105666287 0.105716117 0.105495401 0.104112633
 0.103857055 0.103796504 0.103869312 0.104189023 0.103871524
 0.103340872 0.103357956 0.103500552 0.103387237 0.103576042
 0.101363242 0.101477899 0.101282701 0.101114690 0.100632466
 9.90066528E-02 9.80561376E-02 9.66134518E-02 9.62760597E-02 9.61183235E-02
 9.54643562E-02 0.00000000E+00 0.00000000E+00 0.00000000E+00 0.00000000E+00
 0.00000000E+00 0.00000000E+00 0.00000000E+00 0.00000000E+00 0.00000000E+00
 0.00000000E+00 0.00000000E+00 0.00000000E+00 0.00000000E+00 0.00000000E+00
 0.00000000E+00 0.00000000E+00 0.00000000E+00 0.00000000E+00 0.00000000E+00
 0.00000000E+00 0.00000000E+00 0.00000000E+00 0.00000000E+00 0.00000000E+00
 0.00000000E+00 0.00000000E+00 0.00000000E+00 0.00000000E+00 0.00000000E+00
 0.00000000E+00 0.00000000E+00 0.00000000E+00 0.00000000E+00 0.00000000E+00
 0.00000000E+00 0.00000000E+00 0.00000000E+00 0.00000000E+00 0.00000000E+00
 0.00000000E+00 0.00000000E+00 0.00000000E+00 0.00000000E+00 0.00000000E+00
 0.00000000E+00 0.00000000E+00 0.00000000E+00 0.00000000E+00 0.00000000E+00
 0.00000000E+00 0.00000000E+00 0.00000000E+00 0.00000000E+00 0.00000000E+00
 0.00000000E+00 0.00000000E+00 0.00000000E+00 0.00000000E+00 0.00000000E+00
 0.00000000E+00 0.00000000E+00 0.00000000E+00 0.00000000E+00 0.00000000E+00
 0.00000000E+00 0.00000000E+00 0.00000000E+00 0.00000000E+00 0.00000000E+00
 0.00000000E+00 0.00000000E+00 0.00000000E+00 0.00000000E+00 0.00000000E+00
 0.00000000E+00 0.00000000E+00 0.00000000E+00 0.00000000E+00 0.00000000E+00
 0.00000000E+00 0.00000000E+00 0.00000000E+00 0.00000000E+00 0.00000000E+00
 0.00000000E+00 0.00000000E+00 0.00000000E+00 0.00000000E+00 0.00000000E+00
 0.00000000E+00 0.00000000E+00 0.00000000E+00 0.00000000E+00 0.00000000E+00
 0.00000000E+00 0.00000000E+00 0.00000000E+00 0.00000000E+00 0.00000000E+00
 0.00000000E+00 0.00000000E+00 0.00000000E+00 0.00000000E+00 0.00000000E+00
 0.00000000E+00 0.00000000E+00 0.00000000E+00 0.00000000E+00 0.00000000E+00
 0.00000000E+00 0.00000000E+00 0.00000000E+00 0.00000000E+00 0.00000000E+00
 0.00000000E+00 0.00000000E+00 0.00000000E+00 0.00000000E+00 0.00000000E+00
 0.00000000E+00 0.00000000E+00 0.00000000E+00 0.00000000E+00 0.00000000E+00
 0.00000000E+00 0.00000000E+00 0.00000000E+00 0.00000000E+00 0.00000000E+00
 0.00000000E+00 0.00000000E+00 0.00000000E+00 0.00000000E+00 0.00000000E+00
 0.00000000E+00 0.00000000E+00 0.00000000E+00 0.00000000E+00 0.00000000E+00
 0.00000000E+00 0.00000000E+00 0.00000000E+00 0.00000000E+00 0.00000000E+00
 0.00000000E+00 0.00000000E+00 0.00000000E+00 0.00000000E+00 0.00000000E+00
 0.00000000E+00 0.00000000E+00 0.00000000E+00 0.00000000E+00 0.00000000E+00
