 *****************************************
 INPUT FITS file = hpolccd_bet-cmi_19950208r_hw.fits                                               
 OUTPUT LISTING file = hpolccd_bet-cmi_19950208r_hw.lis                                                
 *****************************************
 SIMPLE  =                    T / file does conform to FITS standard             
 BITPIX  =                  -32 / number of bits per data pixel                  
 NAXIS   =                    1 / number of data axes                            
 NAXIS1  =                 1200 / length of data axis 1                          
 EXTEND  =                    T / FITS dataset may contain extensions            
 COMMENT   FITS (Flexible Image Transport System) format is defined in 'Astronomy
 COMMENT   and Astrophysics', volume 376, page 359; bibcode: 2001A&A...376..359H 
 CRVAL1  =              6012.00 / [angstrom] Wavelength first pixel              
 CDELT1  =                 4.00 / [angstrom] Number of Angstroms/pixel           
 CRPIX1  =                 1.00 / Starting pixel number                          
 WAVE2   =             10808.00 / [angstrom] Wavelength of last pixel            
 CTYPE1  = 'WAVELENGTH'         / [angstrom] Wavelength                          
 CUNIT1  = 'angstrom'           / [angstrom] Unit of Wavelength                  
 BUNIT   = 'erg/cm**2/s/angstrom' / [erg/cm**2/s/angstrom] Unit of Flux (FLAMBDA)
 FILENAME= 'hpolccd_bet-cmi_19950208r_hw.fits' / FITS file name                  
 ORIGIN  = 'UW-Space Astronomy Lab' / Creator of FITS file                       
 DATE    = '2010-04-04T17:05:02' / FITS file creation date                       
 DATE-OBS= '1995-02-08'         / [ccyy-mm-dd] UT Date of Observation            
 MJD-OBS =             49756.62 / [d] MJD at start of obs (JD-2,400,000.05)      
 OBSERVAT= 'Pine Bluff'         / Observatory                                    
 TELESCOP= '36-inch '           / Telescope                                      
 INSTRUME= 'SPECTROPOLARIMETER' / Instrument Used                                
 MODE    = 'HPOL    '           / Halfwave Polarimeter Mode                      
 DETECTOR= 'CCD     '           / Detector                                       
 GRATING = 'red     '           / Grating                                        
 OBJECT  = 'Bet-CMi '           / Object Observed                                
 NAME2   = 'HD58715 '           / Alternate Object Name                          
 ID      = '2275    '           / WUPPE ID number for Object                     
 TYPE    = 'Be      '           / Type of Object                                 
 SPTYPE  = 'B8Ve    '           / Spectral Type                                  
 VMAG    =                  2.9 / [mag] V magnitude                              
 EQUINOX =               2000.0 / Equinox for coordinates                        
 RADECSYS= 'fk5     '           / spatial reference frame                        
 CRA     = '07:27:09.1'         / [hh:mm:ss.s] Right Ascension                   
 CDEC    = '+08:17:23'          / [sdd:mm:ss] Declination                        
 RA      =           111.787918 / [deg] Right ascension                          
 DEC     =             8.289722 / [deg] Declination                              
 EXPOSURE=               640.00 / [s] Useful Exposure Time                       
 TSPC    =               -11.50 / [celsius] Spectrometer Temperature             
 THERM   =               -51.40 / [celsius] Detector temperature                 
 POSANGLE=                90.00 / [deg] Observatory Position Angle               
 SLIT    =                    3 / Slit Number of Entrance Aperture               
 DECKER  =                    5 / Decker Number of Entrance Aperture             
 COMMENT Note: The most commonly used slit/decker combination                    
 COMMENT is  slit=3, decker=5 (6 arcsec x 12 arcsec).                            
 COMMENT Slit Widths for this HPOL system are (in arcsec):                       
 COMMENT 1: 1.5, 2: 3.0, 3: 6.0, 4: 12.0, 5: 50.0, 0: unknown                    
 COMMENT The decker controls the length of the slit being used.                  
 COMMENT Deckers for this HPOL system are (in arcsec):                           
 COMMENT 1: 200.0, 2: 12 (1 & 2 are single aperture)                             
 COMMENT 3: 3.0, 4: 6.0, 5: 12.0, 6: 20.0, 7: 40.0                               
 COMMENT 8: 80.0, 0: unknown                                                     
 OBSERVER= 'jch     '           / Observer of the Data                           
 REDUCER = 'jpw     '           / Reducer of the Data                            
 DATASTAT= 'OK      '           / Data Status                                    
 REDCOMME= '        '           / Data reduction comments                        
 COMMENT Useful red grating data generally are from 5980A-10500A                 
 COMMENT with a spectral resolution of 10A.                                      
 COMMENT Useful blue grating data generally are from 3200A-6020A                 
 COMMENT with a spectral resolution of 8A.                                       
 COMMENT HPOL CCD flux calibration has a relative flux accuracy of 0.05          
 COMMENT magnitudes for the 3/5 (6 arcsec/12 arcsec) slit/decker combination.    
 COMMENT Relative fluxes below 3600A and above 9000A can be substantially        
 COMMENT worse due to extinction correction inaccuracies and nightly             
 COMMENT atmospheric water content variability.                                  
 COMMENT Fluxes are not absolute due to non-photometric skies.                   
 Fluxes (Flambda)
 0.00000000E+00 2.09247925E-10 2.09269643E-10 2.08802239E-10 2.07848225E-10
 2.07339590E-10 2.06690179E-10 2.06435535E-10 2.06268808E-10 2.05335957E-10
 2.05145817E-10 2.04784398E-10 2.04189679E-10 2.03751960E-10 2.03781228E-10
 2.03231307E-10 2.02730860E-10 2.02505498E-10 2.02110079E-10 2.01890810E-10
 2.01652167E-10 2.00756162E-10 2.01280700E-10 2.00429937E-10 2.00195624E-10
 1.99450637E-10 1.99282035E-10 1.98770334E-10 1.98911526E-10 1.98544653E-10
 1.98607603E-10 1.97924219E-10 1.97416625E-10 1.97039648E-10 1.96715269E-10
 1.96451994E-10 1.95616856E-10 1.95348807E-10 1.94792932E-10 1.94088898E-10
 1.93645933E-10 1.93187882E-10 1.92787383E-10 1.92527397E-10 1.92174304E-10
 1.91673497E-10 1.91202207E-10 1.90667732E-10 1.89959853E-10 1.89341723E-10
 1.88718097E-10 1.87693444E-10 1.87082530E-10 1.86634833E-10 1.85749915E-10
 1.84954815E-10 1.84266047E-10 1.83584231E-10 1.82919443E-10 1.82542190E-10
 1.81762883E-10 1.80818985E-10 1.80055068E-10 1.79160090E-10 1.78459136E-10
 1.76932483E-10 1.75060272E-10 1.73652120E-10 1.72390741E-10 1.71133316E-10
 1.70402040E-10 1.69946057E-10 1.69777609E-10 1.68953657E-10 1.69281228E-10
 1.69311606E-10 1.69276024E-10 1.69235820E-10 1.69027528E-10 1.68933256E-10
 1.68785680E-10 1.68663319E-10 1.68311212E-10 1.68239311E-10 1.67412889E-10
 1.67028294E-10 1.66876388E-10 1.66592781E-10 1.66502576E-10 1.66429912E-10
 1.65916614E-10 1.66160183E-10 1.65762917E-10 1.65638156E-10 1.65416625E-10
 1.65047198E-10 1.64880068E-10 1.64618069E-10 1.64516165E-10 1.64273262E-10
 1.63871305E-10 1.63748501E-10 1.63762615E-10 1.63432268E-10 1.63304689E-10
 1.63026689E-10 1.62994132E-10 1.62751382E-10 1.62122246E-10 1.61706717E-10
 1.61399130E-10 1.61130401E-10 1.60958080E-10 1.60558594E-10 1.59968122E-10
 1.59522742E-10 1.58915422E-10 1.58490096E-10 1.57769978E-10 1.57543811E-10
 1.57573260E-10 1.57341307E-10 1.56743660E-10 1.56540045E-10 1.56344271E-10
 1.55950697E-10 1.55283092E-10 1.54997279E-10 1.54559573E-10 1.53922652E-10
 1.53127899E-10 1.52229604E-10 1.51097163E-10 1.49890184E-10 1.47825321E-10
 1.46170492E-10 1.47989024E-10 1.57747954E-10 1.72771034E-10 1.76789222E-10
 1.66061442E-10 1.53857441E-10 1.47537177E-10 1.46225032E-10 1.46481716E-10
 1.46832241E-10 1.47215268E-10 1.47350382E-10 1.47738113E-10 1.47825557E-10
 1.47659870E-10 1.47551471E-10 1.47427986E-10 1.47279036E-10 1.46787610E-10
 1.46715473E-10 1.46160056E-10 1.46123474E-10 1.45398846E-10 1.45475881E-10
 1.45300535E-10 1.45008089E-10 1.44708925E-10 1.44276105E-10 1.44121187E-10
 1.43734927E-10 1.43340520E-10 1.42874670E-10 1.42502413E-10 1.42474019E-10
 1.42512085E-10 1.42055340E-10 1.41878176E-10 1.41454196E-10 1.41346782E-10
 1.41245987E-10 1.40732481E-10 1.40552958E-10 1.40131698E-10 1.39857223E-10
 1.39562431E-10 1.39244449E-10 1.38983589E-10 1.38693876E-10 1.38349221E-10
 1.38223433E-10 1.37991493E-10 1.37476780E-10 1.37312911E-10 1.37114431E-10
 1.36636411E-10 1.36409634E-10 1.36470196E-10 1.36073749E-10 1.35679759E-10
 1.35547157E-10 1.35406991E-10 1.35080683E-10 1.34656675E-10 1.34414646E-10
 1.34259201E-10 1.33928563E-10 1.33496672E-10 1.33164785E-10 1.32784075E-10
 1.32440323E-10 1.32025016E-10 1.31614719E-10 1.31061023E-10 1.30743610E-10
 1.30089592E-10 1.29254399E-10 1.28245664E-10 1.24142058E-10 1.13817268E-10
 1.01861436E-10 1.00043314E-10 1.06135649E-10 1.11606578E-10 1.11361725E-10
 1.09858782E-10 1.10327997E-10 1.11704895E-10 1.13666562E-10 1.15460308E-10
 1.17223564E-10 1.18986279E-10 1.20580837E-10 1.21575652E-10 1.22513139E-10
 1.23045463E-10 1.23404509E-10 1.23494909E-10 1.23601351E-10 1.23845004E-10
 1.23821828E-10 1.23896712E-10 1.23665092E-10 1.23716301E-10 1.23921470E-10
 1.24220148E-10 1.23941302E-10 1.23706032E-10 1.23374297E-10 1.22765326E-10
 1.22263671E-10 1.22328217E-10 1.22338820E-10 1.21622781E-10 1.21533741E-10
 1.21421359E-10 1.21318483E-10 1.21170296E-10 1.20837756E-10 1.20659441E-10
 1.20568833E-10 1.20413207E-10 1.20070134E-10 1.19827870E-10 1.19702984E-10
 1.19413077E-10 1.19123461E-10 1.18863142E-10 1.18704227E-10 1.18531726E-10
 1.18308960E-10 1.18456633E-10 1.18192872E-10 1.17973700E-10 1.17904395E-10
 1.17634943E-10 1.17512208E-10 1.17166485E-10 1.16954280E-10 1.16755036E-10
 1.16410909E-10 1.16536808E-10 1.16129224E-10 1.15929329E-10 1.15820943E-10
 1.15657428E-10 1.14726596E-10 1.14798185E-10 1.14727471E-10 1.14105822E-10
 1.13914808E-10 1.13485846E-10 1.12948068E-10 1.12369392E-10 1.11542803E-10
 1.10359159E-10 1.09256160E-10 1.08230445E-10 1.07046046E-10 1.06109517E-10
 1.05927878E-10 1.05969351E-10 1.06099886E-10 1.05749152E-10 1.06494071E-10
 1.07959704E-10 1.08794369E-10 1.09111185E-10 1.08781109E-10 1.08131608E-10
 1.06844672E-10 1.05362004E-10 1.04549321E-10 1.04910032E-10 1.04853695E-10
 1.04938405E-10 1.04805539E-10 1.05104765E-10 1.04792792E-10 1.04584882E-10
 1.04365190E-10 1.03786923E-10 1.03620959E-10 1.04435391E-10 1.04485115E-10
 1.03878170E-10 1.03948294E-10 1.04267761E-10 1.03974308E-10 1.03995756E-10
 1.04117291E-10 1.04092734E-10 1.03819162E-10 1.04037071E-10 1.04362845E-10
 1.04030944E-10 1.03807969E-10 1.03907015E-10 1.03962033E-10 1.03284777E-10
 1.02999997E-10 1.03190526E-10 1.02930123E-10 1.02433055E-10 1.02054462E-10
 1.01816770E-10 1.01893945E-10 1.01724115E-10 1.01833167E-10 1.01694826E-10
 1.01448426E-10 1.01166901E-10 1.01227866E-10 1.00862811E-10 1.00757895E-10
 1.00412123E-10 9.99896138E-11 9.98066005E-11 9.95132865E-11 9.95138694E-11
 9.94781965E-11 9.89895596E-11 9.92065041E-11 9.86470558E-11 9.87117332E-11
 9.87129961E-11 9.83273948E-11 9.83343754E-11 9.79919965E-11 9.77125394E-11
 9.73131922E-11 9.71428840E-11 9.67498512E-11 9.65312483E-11 9.68783595E-11
 9.64422223E-11 9.60789642E-11 9.60088953E-11 9.57245186E-11 9.55933180E-11
 9.54737539E-11 9.52128584E-11 9.50755447E-11 9.49066659E-11 9.45629755E-11
 9.42677880E-11 9.40944267E-11 9.37308009E-11 9.33598407E-11 9.31126010E-11
 9.28109881E-11 9.26432681E-11 9.23000426E-11 9.17475679E-11 9.13146156E-11
 9.06735312E-11 9.00349170E-11 8.90585800E-11 8.78183498E-11 8.48550882E-11
 7.61346958E-11 5.93575328E-11 3.96172574E-11 2.70576686E-11 2.36994504E-11
 2.86939500E-11 3.93808978E-11 4.86146019E-11 4.83270403E-11 4.23491971E-11
 4.00617838E-11 4.17498987E-11 4.51975506E-11 4.96227053E-11 5.44414826E-11
 5.96130298E-11 6.47414622E-11 6.92528326E-11 7.33053965E-11 7.66317912E-11
 7.91266844E-11 8.12226536E-11 8.27772573E-11 8.39849232E-11 8.50997675E-11
 8.57973761E-11 8.63876540E-11 8.69554428E-11 8.74004064E-11 8.77020817E-11
 8.78502618E-11 8.77534503E-11 8.75551437E-11 8.70704411E-11 8.67443894E-11
 8.66633154E-11 8.64752644E-11 8.64004771E-11 8.60845978E-11 8.61639857E-11
 8.58625671E-11 8.58950480E-11 8.58404320E-11 8.58331045E-11 8.54753004E-11
 8.53780865E-11 8.52253962E-11 8.50424384E-11 8.50739201E-11 8.48794507E-11
 8.46691189E-11 8.42809919E-11 8.47183365E-11 8.40732206E-11 8.40566505E-11
 8.39572786E-11 8.38079814E-11 8.37762013E-11 8.34071007E-11 8.34617583E-11
 8.32921995E-11 8.32100847E-11 8.31094360E-11 8.29081803E-11 8.27785063E-11
 8.25487387E-11 8.23926136E-11 8.22156232E-11 8.21649207E-11 8.20991192E-11
 8.17684462E-11 8.16148468E-11 8.12435397E-11 8.09693354E-11 8.08963521E-11
 8.07737072E-11 8.05858366E-11 8.00919261E-11 7.99028968E-11 8.01419001E-11
 8.03344266E-11 8.01828257E-11 7.99424971E-11 7.99068103E-11 7.98388647E-11
 7.96830588E-11 7.96831212E-11 7.95076366E-11 7.93874411E-11 7.91012048E-11
 7.88137958E-11 7.86432100E-11 7.85243953E-11 7.84104726E-11 7.83014070E-11
 7.83249091E-11 7.83382526E-11 7.83254156E-11 7.80877307E-11 7.80475753E-11
 7.77950343E-11 7.77058903E-11 7.75347495E-11 7.73604653E-11 7.72908820E-11
 7.72031050E-11 7.70186206E-11 7.69781530E-11 7.68134237E-11 7.67311631E-11
 7.66254490E-11 7.66220212E-11 7.64300429E-11 7.63426683E-11 7.62584926E-11
 7.62807734E-11 7.63667324E-11 7.62416866E-11 7.59725963E-11 7.58641830E-11
 7.58662577E-11 7.58480154E-11 7.56977328E-11 7.55207424E-11 7.53288543E-11
 7.53722779E-11 7.51503026E-11 7.49221518E-11 7.50350199E-11 7.46869649E-11
 7.45629045E-11 7.43475767E-11 7.41765815E-11 7.39913616E-11 7.37199191E-11
 7.32369027E-11 7.27461286E-11 7.23630600E-11 7.20915064E-11 7.16067622E-11
 7.12575207E-11 7.04847430E-11 6.98548649E-11 6.92629287E-11 6.90292060E-11
 6.94030805E-11 6.95703078E-11 6.93380284E-11 6.94922800E-11 6.98717195E-11
 6.97877936E-11 6.97419830E-11 7.02940692E-11 7.08274481E-11 7.16197102E-11
 7.16639525E-11 7.12181217E-11 7.03097441E-11 6.87697677E-11 6.70571515E-11
 6.64578115E-11 6.78247319E-11 6.95895008E-11 7.04328401E-11 7.06894335E-11
 7.08732031E-11 7.06067843E-11 7.01037284E-11 7.02775962E-11 7.03074682E-11
 6.99352104E-11 6.90917809E-11 6.86664892E-11 6.86294979E-11 6.87551960E-11
 6.88706037E-11 6.91560004E-11 6.91934218E-11 6.92504318E-11 6.91335808E-11
 6.92317453E-11 6.91420185E-11 6.86201929E-11 6.87177884E-11 6.91332894E-11
 6.94364566E-11 6.93687260E-11 6.92343682E-11 6.91893001E-11 6.91179752E-11
 6.90916421E-11 6.89449747E-11 6.88688481E-11 6.86012011E-11 6.85296750E-11
 6.85050280E-11 6.83045634E-11 6.83156726E-11 6.83517271E-11 6.81027873E-11
 6.80841425E-11 6.79165058E-11 6.77509715E-11 6.77344431E-11 6.76054004E-11
 6.74121592E-11 6.74086550E-11 6.72374101E-11 6.71140990E-11 6.68175654E-11
 6.68678307E-11 6.68326366E-11 6.67557537E-11 6.71745506E-11 6.75427353E-11
 6.73674797E-11 6.68657560E-11 6.61259172E-11 6.55177371E-11 6.52322987E-11
 6.51950854E-11 6.53953974E-11 6.57534235E-11 6.59597099E-11 6.62121122E-11
 6.66468339E-11 6.70169267E-11 6.72011405E-11 6.62806962E-11 6.51446119E-11
 6.45510867E-11 6.47428916E-11 6.54301821E-11 6.57846069E-11 6.57877156E-11
 6.55739837E-11 6.55643387E-11 6.58390148E-11 6.58141180E-11 6.47663798E-11
 6.37370295E-11 6.31219382E-11 6.35089134E-11 6.45429682E-11 6.53544371E-11
 6.56471891E-11 6.55546381E-11 6.47542922E-11 6.33988972E-11 6.20082319E-11
 5.99882435E-11 5.84158555E-11 5.74644221E-11 5.75748581E-11 5.86939108E-11
 6.03342792E-11 6.19723717E-11 6.33026964E-11 6.44228004E-11 6.46504447E-11
 6.49613072E-11 6.50755907E-11 6.45178772E-11 6.37089062E-11 6.25264077E-11
 6.12768794E-11 6.01181396E-11 5.93713967E-11 5.81482189E-11 5.74310391E-11
 5.69056607E-11 5.71739669E-11 5.83958160E-11 6.02014133E-11 6.17327994E-11
 6.26331487E-11 6.34201788E-11 6.38689379E-11 6.39357872E-11 6.39112374E-11
 6.36914896E-11 6.33704131E-11 6.28272087E-11 6.22751226E-11 6.14363144E-11
 5.99622435E-11 5.81524447E-11 5.61576133E-11 5.35477843E-11 5.15087452E-11
 5.02347157E-11 5.05794157E-11 5.20326802E-11 5.40425760E-11 5.62650031E-11
 5.80410962E-11 5.93819091E-11 6.04513731E-11 6.11185061E-11 6.15227036E-11
 6.19677989E-11 6.19224463E-11 6.20721599E-11 6.21749388E-11 6.21271298E-11
 6.18452720E-11 6.15074519E-11 6.10974535E-11 6.06721687E-11 6.04099062E-11
 5.98355462E-11 5.91349331E-11 5.81305455E-11 5.69334718E-11 5.50554394E-11
 5.27524413E-11 5.03443121E-11 4.80075667E-11 4.67540555E-11 4.67770093E-11
 4.81591086E-11 5.02291889E-11 5.23936727E-11 5.42124956E-11 5.56658261E-11
 5.67137066E-11 5.70478838E-11 5.76987312E-11 5.84781598E-11 5.88045099E-11
 5.84160359E-11 5.83079349E-11 5.90306345E-11 5.88953886E-11 5.86173887E-11
 5.82558862E-11 5.81099092E-11 5.79086293E-11 5.76958863E-11 5.71840318E-11
 5.66641074E-11 5.60668630E-11 5.54563825E-11 5.48982908E-11 5.41540944E-11
 5.41086689E-11 5.36189773E-11 5.32890468E-11 5.21451840E-11 5.00202137E-11
 4.81600905E-11 4.80693541E-11 4.77373141E-11 4.52396627E-11 4.31383297E-11
 4.17105829E-11 4.02163441E-11 3.98653784E-11 4.11831333E-11 4.33263737E-11
 4.62090678E-11 4.89564327E-11 5.07641047E-11 5.14918247E-11 5.20731548E-11
 5.24169978E-11 5.27398715E-11 5.28766475E-11 5.23716313E-11 5.16638433E-11
 5.06972693E-11 5.05038962E-11 5.08100090E-11 5.06710750E-11 5.09517706E-11
 5.12073023E-11 5.15508990E-11 5.11265197E-11 5.07606908E-11 5.10670083E-11
 5.16311993E-11 5.17426935E-11 5.11225194E-11 5.09036181E-11 5.08226967E-11
 4.95315629E-11 4.86234004E-11 4.92536220E-11 5.07340628E-11 5.11949823E-11
 4.99930965E-11 4.83052140E-11 4.86666332E-11 5.03613609E-11 5.06973317E-11
 4.96950293E-11 4.86239660E-11 4.85327716E-11 4.95995363E-11 4.97624268E-11
 4.98633600E-11 4.93834487E-11 4.91215610E-11 4.90477728E-11 4.85161980E-11
 4.70175149E-11 4.53972866E-11 4.31539075E-11 4.15051674E-11 4.01978971E-11
 3.92825980E-11 3.94991609E-11 4.06414659E-11 4.24419215E-11 4.41379225E-11
 4.55879848E-11 4.65088593E-11 4.71779039E-11 4.72296646E-11 4.74786703E-11
 4.79029802E-11 4.80240708E-11 4.74170252E-11 4.70206096E-11 4.72132160E-11
 4.70116203E-11 4.62908045E-11 4.50476219E-11 4.41131333E-11 4.30331153E-11
 4.11279483E-11 3.93692405E-11 3.69894011E-11 3.67991193E-11 3.62388557E-11
 3.63425609E-11 3.52119271E-11 3.25558712E-11 3.02245208E-11 3.07112183E-11
 3.55055291E-11 3.41016139E-11 3.20069249E-11 3.47170417E-11 3.51282788E-11
 3.29808195E-11 3.34576013E-11 3.43070745E-11 3.39365445E-11 3.70208378E-11
 4.05103590E-11 4.33253884E-11 4.32597708E-11 4.24143255E-11 4.22611252E-11
 4.14259009E-11 4.10775754E-11 4.11383740E-11 3.94266945E-11 3.61798473E-11
 3.45077092E-11 3.69887836E-11 3.60489347E-11 3.31819780E-11 3.58825782E-11
 3.97281097E-11 3.83448863E-11 3.53174712E-11 3.54886988E-11 3.78676639E-11
 3.92858593E-11 3.92036612E-11 3.77026570E-11 3.60120614E-11 3.81947564E-11
 4.01770839E-11 3.70328282E-11 3.32476893E-11 3.39382619E-11 3.87400841E-11
 4.17962262E-11 3.97925616E-11 3.58399629E-11 3.33523868E-11 3.39124388E-11
 3.52863155E-11 3.53616893E-11 3.33858947E-11 3.16902476E-11 3.00515550E-11
 3.10426337E-11 3.16612431E-11 3.22419973E-11 3.42168273E-11 3.49100020E-11
 3.68028663E-11 3.96689244E-11 4.00055752E-11 3.91278607E-11 3.91163629E-11
 3.84928200E-11 3.81066116E-11 3.97088369E-11 4.08502572E-11 4.06454384E-11
 4.12256271E-11 4.19118559E-11 4.13193403E-11 4.02158029E-11 4.02966029E-11
 4.14308449E-11 4.22703574E-11 4.06910998E-11 4.05194558E-11 4.13304876E-11
 4.20862512E-11 4.29458309E-11 4.27118792E-11 4.16803848E-11 4.10310987E-11
 4.23503177E-11 4.30461326E-11 4.36764271E-11 4.32721879E-11 4.33946871E-11
 4.39179110E-11 4.37662129E-11 4.37056120E-11 4.34689160E-11 4.33963421E-11
 4.39660842E-11 4.34593819E-11 4.29102968E-11 4.29225509E-11 4.30420422E-11
 4.32357240E-11 4.26727195E-11 4.19536940E-11 4.19833057E-11 4.21597618E-11
 4.20780667E-11 4.21881245E-11 4.18470397E-11 4.19651709E-11 4.25871977E-11
 4.30917454E-11 4.35442099E-11 4.31437698E-11 4.28389199E-11 4.28765044E-11
 4.27205459E-11 4.26000971E-11 4.24502933E-11 4.26775698E-11 4.28391454E-11
 4.31792657E-11 4.35615537E-11 4.34233136E-11 4.30258155E-11 4.32703838E-11
 4.28039236E-11 4.31510522E-11 4.30845255E-11 4.31822356E-11 4.30190952E-11
 4.31674627E-11 4.33304295E-11 4.30000931E-11 4.31963632E-11 4.30274739E-11
 4.28523467E-11 4.31069902E-11 4.29690727E-11 4.31321021E-11 4.35164509E-11
 4.32036559E-11 4.32377432E-11 4.30286570E-11 4.26356693E-11 4.29833460E-11
 4.30190120E-11 4.26704401E-11 4.23924507E-11 4.25755577E-11 4.22582871E-11
 4.23165322E-11 4.23953303E-11 4.26077749E-11 4.22442428E-11 4.24458142E-11
 4.26790547E-11 4.27889980E-11 4.31259820E-11 4.23207476E-11 4.24716616E-11
 4.21103152E-11 4.20708642E-11 4.26744924E-11 4.23757800E-11 4.17523967E-11
 4.17182920E-11 4.17585411E-11 4.14932116E-11 4.17942590E-11 4.13404241E-11
 4.13660148E-11 4.07618314E-11 3.97886481E-11 3.91460822E-11 3.86155968E-11
 3.85142335E-11 3.73306559E-11 3.55411499E-11 3.46134163E-11 3.36139762E-11
 3.30982117E-11 3.28906659E-11 3.35899711E-11 3.48313947E-11 3.54403833E-11
 3.58331871E-11 3.75714286E-11 3.81594409E-11 3.88675724E-11 3.94632833E-11
 3.94594357E-11 3.98987510E-11 3.97058011E-11 3.92692788E-11 3.94748817E-11
 4.01513857E-11 3.95446592E-11 3.97639838E-11 4.02643370E-11 4.05455496E-11
 3.98125040E-11 4.02393084E-11 4.00819829E-11 3.94903901E-11 4.02547926E-11
 3.96604069E-11 3.96829201E-11 3.93653964E-11 3.69151931E-11 3.97036778E-11
 3.95461927E-11 3.92189892E-11 3.90156379E-11 3.92739175E-11 3.86157356E-11
 3.86658969E-11 3.96390247E-11 3.90526465E-11 3.87725269E-11 3.93490622E-11
 3.91830665E-11 3.87242564E-11 3.83619005E-11 3.84916751E-11 3.88979023E-11
 3.84969522E-11 3.81939445E-11 3.86942353E-11 3.74873917E-11 3.99174999E-11
 3.94557026E-11 3.89917161E-11 3.87579621E-11 3.94275029E-11 3.94855364E-11
 3.95462517E-11 3.93291892E-11 3.87418535E-11 3.98581480E-11 3.91253939E-11
 3.99388474E-11 3.99986988E-11 3.92223268E-11 3.77918773E-11 3.79936325E-11
 3.87435570E-11 3.75866040E-11 3.66702571E-11 3.80414970E-11 3.63728492E-11
 3.62415896E-11 3.67661804E-11 3.81114793E-11 3.70715784E-11 3.82652174E-11
 3.84742481E-11 3.78417436E-11 3.56105423E-11 3.68823583E-11 3.77780064E-11
 3.69858970E-11 3.77410707E-11 3.75009468E-11 3.80276019E-11 3.61449932E-11
 3.74320366E-11 3.75338198E-11 3.70802174E-11 3.81726734E-11 3.69800336E-11
 3.66688034E-11 3.82174223E-11 3.84473287E-11 3.83056330E-11 3.93305423E-11
 3.75640942E-11 3.80360535E-11 3.65381406E-11 3.85073813E-11 3.94776781E-11
 3.93963646E-11 3.97069669E-11 3.73963152E-11 3.97716374E-11 4.09258634E-11
 4.02784819E-11 3.95454017E-11 4.03826313E-11 0.00000000E+00 0.00000000E+00
 0.00000000E+00 0.00000000E+00 0.00000000E+00 0.00000000E+00 0.00000000E+00
 0.00000000E+00 0.00000000E+00 0.00000000E+00 0.00000000E+00 0.00000000E+00
 0.00000000E+00 0.00000000E+00 0.00000000E+00 0.00000000E+00 0.00000000E+00
 0.00000000E+00 0.00000000E+00 0.00000000E+00 0.00000000E+00 0.00000000E+00
 0.00000000E+00 0.00000000E+00 0.00000000E+00 0.00000000E+00 0.00000000E+00
 0.00000000E+00 0.00000000E+00 0.00000000E+00 0.00000000E+00 0.00000000E+00
 0.00000000E+00 0.00000000E+00 0.00000000E+00 0.00000000E+00 0.00000000E+00
 0.00000000E+00 0.00000000E+00 0.00000000E+00 0.00000000E+00 0.00000000E+00
 0.00000000E+00 0.00000000E+00 0.00000000E+00 0.00000000E+00 0.00000000E+00
 0.00000000E+00 0.00000000E+00 0.00000000E+00 0.00000000E+00 0.00000000E+00
 0.00000000E+00 0.00000000E+00 0.00000000E+00 0.00000000E+00 0.00000000E+00
 0.00000000E+00 0.00000000E+00 0.00000000E+00 0.00000000E+00 0.00000000E+00
 0.00000000E+00 0.00000000E+00 0.00000000E+00 0.00000000E+00 0.00000000E+00
 0.00000000E+00 0.00000000E+00 0.00000000E+00 0.00000000E+00 0.00000000E+00
 0.00000000E+00 0.00000000E+00 0.00000000E+00 0.00000000E+00 0.00000000E+00
 0.00000000E+00 0.00000000E+00 0.00000000E+00 0.00000000E+00 0.00000000E+00
 *************************
 XTENSION= 'BINTABLE'           / binary table extension                         
 BITPIX  =                    8 / 8-bit bytes                                    
 NAXIS   =                    2 / 2-dimensional binary table                     
 NAXIS1  =                19200 / width of table in bytes                        
 NAXIS2  =                    1 / number of rows in table                        
 PCOUNT  =                    0 / size of special data area                      
 GCOUNT  =                    1 / one data group (required keyword)              
 TFIELDS =                    4 / number of fields in each row                   
 TTYPE1  = 'wavelength'         / label for field   1                            
 TFORM1  = '1200E   '           / data format of field: 4-byte REAL              
 TUNIT1  = 'angstrom'           / physical unit of field                         
 TTYPE2  = 'q       '           / label for field   2                            
 TFORM2  = '1200E   '           / data format of field: 4-byte REAL              
 TUNIT2  = 'percent '           / physical unit of field                         
 TTYPE3  = 'u       '           / label for field   3                            
 TFORM3  = '1200E   '           / data format of field: 4-byte REAL              
 TUNIT3  = 'percent '           / physical unit of field                         
 TTYPE4  = 'error   '           / label for field   4                            
 TFORM4  = '1200E   '           / data format of field: 4-byte REAL              
 TUNIT4  = 'percent '           / physical unit of field                         
 EXTNAME = 'polarimetry'        / name of this binary table extension            
 CALIBRAT= 'pbo3a1  '           / Instrumental polarization calibration used     
 AVE-POL =                0.055 / Mean %Pol over entire wavelength region        
 AVE-ERRO=                0.002 / Mean %Error in %Pol                            
 AVE-PA  =                39.04 / [deg] Mean Position Angle                      
 UX-POL  =                0.080 / Synthetic UX Filter %Polarization              
 UX-ERR  =                0.009 / Synthetic UX Filter %Error                     
 UX-PA   =                43.96 / [deg] Synthetic UX Filter Position Angle       
 B-POL   =                0.081 / Synthetic B Filter %Polarization               
 B-ERR   =                0.003 / Synthetic B Filter %Error                      
 B-PA    =                35.51 / [deg] Synthetic B Filter Position Angle        
 V-POL   =                0.067 / Synthetic V Filter %Polarization               
 V-ERR   =                0.002 / Synthetic V Filter %Error                      
 V-PA    =                40.15 / [deg] Synthetic V Filter Position Angle        
 R-POL   =                0.051 / Synthetic R Filter %Polarization               
 R-ERR   =                0.001 / Synthetic R Filter %Error                      
 R-PA    =                39.87 / [deg] Synthetic R Filter Position Angle        
 I-POL   =                0.062 / Synthetic I Filter %Polarization               
 I-ERR   =                0.002 / Synthetic I Filter %Error                      
 I-PA    =                40.12 / [deg] Synthetic I Filter Position Angle        
 COMMENT The errors given in the error array are the statistical errors          
 COMMENT based on the residuals of the least squared fit to the four             
 COMMENT filter-pair polarimetric data (see section 2.3 of Wolff,                
 COMMENT Nordsieck & Nook 1996 AJ 111, 856).                                     
 COMMENT The polarimetric stability is 0.002% and less than +/- 0.03             
 COMMENT degrees in position angle. See Harries et al. 2000, A&A, 361, 273       
 COMMENT for more information about the HPOL CCD.                                
 COMMENT HPOL CCD instrumental polarization has been removed.                    
 COMMENT ***IMPORTANT NOTE***                                                    
 COMMENT **The ERROR array is also being used as a QUALITY array.                
 COMMENT **For bad/contaminated data, the errors have been set to zero           
 COMMENT **but the %Q & %U arrays for those wavelengths remain unchanged         
 COMMENT **to allow inspection of the bad data.                                  
 COMMENT **All of the arrays except wavelength have been padded with zeroes at   
 COMMENT **the short and long wavelength ends indicating no useful data.         
 *************************
 Wavelengths (Angstroms)
 6012.00000 6016.00000 6020.00000 6024.00000 6028.00000
 6032.00000 6036.00000 6040.00000 6044.00000 6048.00000
 6052.00000 6056.00000 6060.00000 6064.00000 6068.00000
 6072.00000 6076.00000 6080.00000 6084.00000 6088.00000
 6092.00000 6096.00000 6100.00000 6104.00000 6108.00000
 6112.00000 6116.00000 6120.00000 6124.00000 6128.00000
 6132.00000 6136.00000 6140.00000 6144.00000 6148.00000
 6152.00000 6156.00000 6160.00000 6164.00000 6168.00000
 6172.00000 6176.00000 6180.00000 6184.00000 6188.00000
 6192.00000 6196.00000 6200.00000 6204.00000 6208.00000
 6212.00000 6216.00000 6220.00000 6224.00000 6228.00000
 6232.00000 6236.00000 6240.00000 6244.00000 6248.00000
 6252.00000 6256.00000 6260.00000 6264.00000 6268.00000
 6272.00000 6276.00000 6280.00000 6284.00000 6288.00000
 6292.00000 6296.00000 6300.00000 6304.00000 6308.00000
 6312.00000 6316.00000 6320.00000 6324.00000 6328.00000
 6332.00000 6336.00000 6340.00000 6344.00000 6348.00000
 6352.00000 6356.00000 6360.00000 6364.00000 6368.00000
 6372.00000 6376.00000 6380.00000 6384.00000 6388.00000
 6392.00000 6396.00000 6400.00000 6404.00000 6408.00000
 6412.00000 6416.00000 6420.00000 6424.00000 6428.00000
 6432.00000 6436.00000 6440.00000 6444.00000 6448.00000
 6452.00000 6456.00000 6460.00000 6464.00000 6468.00000
 6472.00000 6476.00000 6480.00000 6484.00000 6488.00000
 6492.00000 6496.00000 6500.00000 6504.00000 6508.00000
 6512.00000 6516.00000 6520.00000 6524.00000 6528.00000
 6532.00000 6536.00000 6540.00000 6544.00000 6548.00000
 6552.00000 6556.00000 6560.00000 6564.00000 6568.00000
 6572.00000 6576.00000 6580.00000 6584.00000 6588.00000
 6592.00000 6596.00000 6600.00000 6604.00000 6608.00000
 6612.00000 6616.00000 6620.00000 6624.00000 6628.00000
 6632.00000 6636.00000 6640.00000 6644.00000 6648.00000
 6652.00000 6656.00000 6660.00000 6664.00000 6668.00000
 6672.00000 6676.00000 6680.00000 6684.00000 6688.00000
 6692.00000 6696.00000 6700.00000 6704.00000 6708.00000
 6712.00000 6716.00000 6720.00000 6724.00000 6728.00000
 6732.00000 6736.00000 6740.00000 6744.00000 6748.00000
 6752.00000 6756.00000 6760.00000 6764.00000 6768.00000
 6772.00000 6776.00000 6780.00000 6784.00000 6788.00000
 6792.00000 6796.00000 6800.00000 6804.00000 6808.00000
 6812.00000 6816.00000 6820.00000 6824.00000 6828.00000
 6832.00000 6836.00000 6840.00000 6844.00000 6848.00000
 6852.00000 6856.00000 6860.00000 6864.00000 6868.00000
 6872.00000 6876.00000 6880.00000 6884.00000 6888.00000
 6892.00000 6896.00000 6900.00000 6904.00000 6908.00000
 6912.00000 6916.00000 6920.00000 6924.00000 6928.00000
 6932.00000 6936.00000 6940.00000 6944.00000 6948.00000
 6952.00000 6956.00000 6960.00000 6964.00000 6968.00000
 6972.00000 6976.00000 6980.00000 6984.00000 6988.00000
 6992.00000 6996.00000 7000.00000 7004.00000 7008.00000
 7012.00000 7016.00000 7020.00000 7024.00000 7028.00000
 7032.00000 7036.00000 7040.00000 7044.00000 7048.00000
 7052.00000 7056.00000 7060.00000 7064.00000 7068.00000
 7072.00000 7076.00000 7080.00000 7084.00000 7088.00000
 7092.00000 7096.00000 7100.00000 7104.00000 7108.00000
 7112.00000 7116.00000 7120.00000 7124.00000 7128.00000
 7132.00000 7136.00000 7140.00000 7144.00000 7148.00000
 7152.00000 7156.00000 7160.00000 7164.00000 7168.00000
 7172.00000 7176.00000 7180.00000 7184.00000 7188.00000
 7192.00000 7196.00000 7200.00000 7204.00000 7208.00000
 7212.00000 7216.00000 7220.00000 7224.00000 7228.00000
 7232.00000 7236.00000 7240.00000 7244.00000 7248.00000
 7252.00000 7256.00000 7260.00000 7264.00000 7268.00000
 7272.00000 7276.00000 7280.00000 7284.00000 7288.00000
 7292.00000 7296.00000 7300.00000 7304.00000 7308.00000
 7312.00000 7316.00000 7320.00000 7324.00000 7328.00000
 7332.00000 7336.00000 7340.00000 7344.00000 7348.00000
 7352.00000 7356.00000 7360.00000 7364.00000 7368.00000
 7372.00000 7376.00000 7380.00000 7384.00000 7388.00000
 7392.00000 7396.00000 7400.00000 7404.00000 7408.00000
 7412.00000 7416.00000 7420.00000 7424.00000 7428.00000
 7432.00000 7436.00000 7440.00000 7444.00000 7448.00000
 7452.00000 7456.00000 7460.00000 7464.00000 7468.00000
 7472.00000 7476.00000 7480.00000 7484.00000 7488.00000
 7492.00000 7496.00000 7500.00000 7504.00000 7508.00000
 7512.00000 7516.00000 7520.00000 7524.00000 7528.00000
 7532.00000 7536.00000 7540.00000 7544.00000 7548.00000
 7552.00000 7556.00000 7560.00000 7564.00000 7568.00000
 7572.00000 7576.00000 7580.00000 7584.00000 7588.00000
 7592.00000 7596.00000 7600.00000 7604.00000 7608.00000
 7612.00000 7616.00000 7620.00000 7624.00000 7628.00000
 7632.00000 7636.00000 7640.00000 7644.00000 7648.00000
 7652.00000 7656.00000 7660.00000 7664.00000 7668.00000
 7672.00000 7676.00000 7680.00000 7684.00000 7688.00000
 7692.00000 7696.00000 7700.00000 7704.00000 7708.00000
 7712.00000 7716.00000 7720.00000 7724.00000 7728.00000
 7732.00000 7736.00000 7740.00000 7744.00000 7748.00000
 7752.00000 7756.00000 7760.00000 7764.00000 7768.00000
 7772.00000 7776.00000 7780.00000 7784.00000 7788.00000
 7792.00000 7796.00000 7800.00000 7804.00000 7808.00000
 7812.00000 7816.00000 7820.00000 7824.00000 7828.00000
 7832.00000 7836.00000 7840.00000 7844.00000 7848.00000
 7852.00000 7856.00000 7860.00000 7864.00000 7868.00000
 7872.00000 7876.00000 7880.00000 7884.00000 7888.00000
 7892.00000 7896.00000 7900.00000 7904.00000 7908.00000
 7912.00000 7916.00000 7920.00000 7924.00000 7928.00000
 7932.00000 7936.00000 7940.00000 7944.00000 7948.00000
 7952.00000 7956.00000 7960.00000 7964.00000 7968.00000
 7972.00000 7976.00000 7980.00000 7984.00000 7988.00000
 7992.00000 7996.00000 8000.00000 8004.00000 8008.00000
 8012.00000 8016.00000 8020.00000 8024.00000 8028.00000
 8032.00000 8036.00000 8040.00000 8044.00000 8048.00000
 8052.00000 8056.00000 8060.00000 8064.00000 8068.00000
 8072.00000 8076.00000 8080.00000 8084.00000 8088.00000
 8092.00000 8096.00000 8100.00000 8104.00000 8108.00000
 8112.00000 8116.00000 8120.00000 8124.00000 8128.00000
 8132.00000 8136.00000 8140.00000 8144.00000 8148.00000
 8152.00000 8156.00000 8160.00000 8164.00000 8168.00000
 8172.00000 8176.00000 8180.00000 8184.00000 8188.00000
 8192.00000 8196.00000 8200.00000 8204.00000 8208.00000
 8212.00000 8216.00000 8220.00000 8224.00000 8228.00000
 8232.00000 8236.00000 8240.00000 8244.00000 8248.00000
 8252.00000 8256.00000 8260.00000 8264.00000 8268.00000
 8272.00000 8276.00000 8280.00000 8284.00000 8288.00000
 8292.00000 8296.00000 8300.00000 8304.00000 8308.00000
 8312.00000 8316.00000 8320.00000 8324.00000 8328.00000
 8332.00000 8336.00000 8340.00000 8344.00000 8348.00000
 8352.00000 8356.00000 8360.00000 8364.00000 8368.00000
 8372.00000 8376.00000 8380.00000 8384.00000 8388.00000
 8392.00000 8396.00000 8400.00000 8404.00000 8408.00000
 8412.00000 8416.00000 8420.00000 8424.00000 8428.00000
 8432.00000 8436.00000 8440.00000 8444.00000 8448.00000
 8452.00000 8456.00000 8460.00000 8464.00000 8468.00000
 8472.00000 8476.00000 8480.00000 8484.00000 8488.00000
 8492.00000 8496.00000 8500.00000 8504.00000 8508.00000
 8512.00000 8516.00000 8520.00000 8524.00000 8528.00000
 8532.00000 8536.00000 8540.00000 8544.00000 8548.00000
 8552.00000 8556.00000 8560.00000 8564.00000 8568.00000
 8572.00000 8576.00000 8580.00000 8584.00000 8588.00000
 8592.00000 8596.00000 8600.00000 8604.00000 8608.00000
 8612.00000 8616.00000 8620.00000 8624.00000 8628.00000
 8632.00000 8636.00000 8640.00000 8644.00000 8648.00000
 8652.00000 8656.00000 8660.00000 8664.00000 8668.00000
 8672.00000 8676.00000 8680.00000 8684.00000 8688.00000
 8692.00000 8696.00000 8700.00000 8704.00000 8708.00000
 8712.00000 8716.00000 8720.00000 8724.00000 8728.00000
 8732.00000 8736.00000 8740.00000 8744.00000 8748.00000
 8752.00000 8756.00000 8760.00000 8764.00000 8768.00000
 8772.00000 8776.00000 8780.00000 8784.00000 8788.00000
 8792.00000 8796.00000 8800.00000 8804.00000 8808.00000
 8812.00000 8816.00000 8820.00000 8824.00000 8828.00000
 8832.00000 8836.00000 8840.00000 8844.00000 8848.00000
 8852.00000 8856.00000 8860.00000 8864.00000 8868.00000
 8872.00000 8876.00000 8880.00000 8884.00000 8888.00000
 8892.00000 8896.00000 8900.00000 8904.00000 8908.00000
 8912.00000 8916.00000 8920.00000 8924.00000 8928.00000
 8932.00000 8936.00000 8940.00000 8944.00000 8948.00000
 8952.00000 8956.00000 8960.00000 8964.00000 8968.00000
 8972.00000 8976.00000 8980.00000 8984.00000 8988.00000
 8992.00000 8996.00000 9000.00000 9004.00000 9008.00000
 9012.00000 9016.00000 9020.00000 9024.00000 9028.00000
 9032.00000 9036.00000 9040.00000 9044.00000 9048.00000
 9052.00000 9056.00000 9060.00000 9064.00000 9068.00000
 9072.00000 9076.00000 9080.00000 9084.00000 9088.00000
 9092.00000 9096.00000 9100.00000 9104.00000 9108.00000
 9112.00000 9116.00000 9120.00000 9124.00000 9128.00000
 9132.00000 9136.00000 9140.00000 9144.00000 9148.00000
 9152.00000 9156.00000 9160.00000 9164.00000 9168.00000
 9172.00000 9176.00000 9180.00000 9184.00000 9188.00000
 9192.00000 9196.00000 9200.00000 9204.00000 9208.00000
 9212.00000 9216.00000 9220.00000 9224.00000 9228.00000
 9232.00000 9236.00000 9240.00000 9244.00000 9248.00000
 9252.00000 9256.00000 9260.00000 9264.00000 9268.00000
 9272.00000 9276.00000 9280.00000 9284.00000 9288.00000
 9292.00000 9296.00000 9300.00000 9304.00000 9308.00000
 9312.00000 9316.00000 9320.00000 9324.00000 9328.00000
 9332.00000 9336.00000 9340.00000 9344.00000 9348.00000
 9352.00000 9356.00000 9360.00000 9364.00000 9368.00000
 9372.00000 9376.00000 9380.00000 9384.00000 9388.00000
 9392.00000 9396.00000 9400.00000 9404.00000 9408.00000
 9412.00000 9416.00000 9420.00000 9424.00000 9428.00000
 9432.00000 9436.00000 9440.00000 9444.00000 9448.00000
 9452.00000 9456.00000 9460.00000 9464.00000 9468.00000
 9472.00000 9476.00000 9480.00000 9484.00000 9488.00000
 9492.00000 9496.00000 9500.00000 9504.00000 9508.00000
 9512.00000 9516.00000 9520.00000 9524.00000 9528.00000
 9532.00000 9536.00000 9540.00000 9544.00000 9548.00000
 9552.00000 9556.00000 9560.00000 9564.00000 9568.00000
 9572.00000 9576.00000 9580.00000 9584.00000 9588.00000
 9592.00000 9596.00000 9600.00000 9604.00000 9608.00000
 9612.00000 9616.00000 9620.00000 9624.00000 9628.00000
 9632.00000 9636.00000 9640.00000 9644.00000 9648.00000
 9652.00000 9656.00000 9660.00000 9664.00000 9668.00000
 9672.00000 9676.00000 9680.00000 9684.00000 9688.00000
 9692.00000 9696.00000 9700.00000 9704.00000 9708.00000
 9712.00000 9716.00000 9720.00000 9724.00000 9728.00000
 9732.00000 9736.00000 9740.00000 9744.00000 9748.00000
 9752.00000 9756.00000 9760.00000 9764.00000 9768.00000
 9772.00000 9776.00000 9780.00000 9784.00000 9788.00000
 9792.00000 9796.00000 9800.00000 9804.00000 9808.00000
 9812.00000 9816.00000 9820.00000 9824.00000 9828.00000
 9832.00000 9836.00000 9840.00000 9844.00000 9848.00000
 9852.00000 9856.00000 9860.00000 9864.00000 9868.00000
 9872.00000 9876.00000 9880.00000 9884.00000 9888.00000
 9892.00000 9896.00000 9900.00000 9904.00000 9908.00000
 9912.00000 9916.00000 9920.00000 9924.00000 9928.00000
 9932.00000 9936.00000 9940.00000 9944.00000 9948.00000
 9952.00000 9956.00000 9960.00000 9964.00000 9968.00000
 9972.00000 9976.00000 9980.00000 9984.00000 9988.00000
 9992.00000 9996.00000 10000.0000 10004.0000 10008.0000
 10012.0000 10016.0000 10020.0000 10024.0000 10028.0000
 10032.0000 10036.0000 10040.0000 10044.0000 10048.0000
 10052.0000 10056.0000 10060.0000 10064.0000 10068.0000
 10072.0000 10076.0000 10080.0000 10084.0000 10088.0000
 10092.0000 10096.0000 10100.0000 10104.0000 10108.0000
 10112.0000 10116.0000 10120.0000 10124.0000 10128.0000
 10132.0000 10136.0000 10140.0000 10144.0000 10148.0000
 10152.0000 10156.0000 10160.0000 10164.0000 10168.0000
 10172.0000 10176.0000 10180.0000 10184.0000 10188.0000
 10192.0000 10196.0000 10200.0000 10204.0000 10208.0000
 10212.0000 10216.0000 10220.0000 10224.0000 10228.0000
 10232.0000 10236.0000 10240.0000 10244.0000 10248.0000
 10252.0000 10256.0000 10260.0000 10264.0000 10268.0000
 10272.0000 10276.0000 10280.0000 10284.0000 10288.0000
 10292.0000 10296.0000 10300.0000 10304.0000 10308.0000
 10312.0000 10316.0000 10320.0000 10324.0000 10328.0000
 10332.0000 10336.0000 10340.0000 10344.0000 10348.0000
 10352.0000 10356.0000 10360.0000 10364.0000 10368.0000
 10372.0000 10376.0000 10380.0000 10384.0000 10388.0000
 10392.0000 10396.0000 10400.0000 10404.0000 10408.0000
 10412.0000 10416.0000 10420.0000 10424.0000 10428.0000
 10432.0000 10436.0000 10440.0000 10444.0000 10448.0000
 10452.0000 10456.0000 10460.0000 10464.0000 10468.0000
 10472.0000 10476.0000 10480.0000 10484.0000 10488.0000
 10492.0000 10496.0000 10500.0000 10504.0000 10508.0000
 10512.0000 10516.0000 10520.0000 10524.0000 10528.0000
 10532.0000 10536.0000 10540.0000 10544.0000 10548.0000
 10552.0000 10556.0000 10560.0000 10564.0000 10568.0000
 10572.0000 10576.0000 10580.0000 10584.0000 10588.0000
 10592.0000 10596.0000 10600.0000 10604.0000 10608.0000
 10612.0000 10616.0000 10620.0000 10624.0000 10628.0000
 10632.0000 10636.0000 10640.0000 10644.0000 10648.0000
 10652.0000 10656.0000 10660.0000 10664.0000 10668.0000
 10672.0000 10676.0000 10680.0000 10684.0000 10688.0000
 10692.0000 10696.0000 10700.0000 10704.0000 10708.0000
 10712.0000 10716.0000 10720.0000 10724.0000 10728.0000
 10732.0000 10736.0000 10740.0000 10744.0000 10748.0000
 10752.0000 10756.0000 10760.0000 10764.0000 10768.0000
 10772.0000 10776.0000 10780.0000 10784.0000 10788.0000
 10792.0000 10796.0000 10800.0000 10804.0000 10808.0000
 %Q
 0.00000000E+00 0.00000000E+00 0.00000000E+00 0.00000000E+00 0.129570931
 7.63032436E-02 0.150715560 8.95065814E-02 5.27714156E-02 1.49996271E-02
 6.45284504E-02 7.89921731E-03 0.106601849 4.71722782E-02 -1.87517367E-02
 3.57146859E-02 -7.71068363E-03 -1.45846773E-02 3.34201828E-02 8.68839920E-02
 3.57026644E-02 3.06929573E-02 8.33011698E-03 -5.11780381E-02 -6.01509176E-02
 -7.73020647E-03 -5.77134360E-03 4.80338298E-02 1.81993414E-02 3.90545242E-02
 -1.47272395E-02 -0.113154411 4.06508856E-02 -3.87635939E-02 -2.52909231E-04
 -1.49385426E-02 -6.99710324E-02 -1.25594828E-02 6.28931597E-02 8.02433714E-02
 5.88976294E-02 4.00870293E-02 -1.47174317E-02 -3.92580293E-02 -4.93951216E-02
 -2.09136847E-02 2.22903918E-02 3.37584526E-03 -2.85894237E-02 -1.82722062E-02
 6.13256283E-02 1.23267137E-02 4.80632074E-02 9.81466621E-02 4.99231443E-02
 0.100987494 6.39788508E-02 -1.55047541E-02 2.89531741E-02 7.00260252E-02
 9.60242674E-02 8.64951462E-02 3.76135707E-02 5.08524589E-02 0.118946984
 8.00345242E-02 2.89508849E-02 1.74107663E-02 -2.81850249E-02 -2.75305770E-02
 -2.00752988E-02 -2.02762964E-03 8.44901334E-03 3.12012993E-02 4.98300344E-02
 -1.18124057E-02 1.12756956E-02 1.48720033E-02 -6.68779248E-03 -1.49013028E-02
 1.72433481E-02 3.20011564E-02 5.30148018E-03 7.96493962E-02 -4.78078378E-03
 -4.55461107E-02 1.70919206E-02 -4.49847355E-02 1.53970961E-02 4.94410880E-02
 0.157941818 4.50919643E-02 3.17654908E-02 -2.92852782E-02 5.38177192E-02
 6.05258234E-02 1.23627633E-02 3.49199772E-02 4.86085117E-02 6.26248121E-02
 5.73449470E-02 9.54021886E-02 -4.44678171E-03 0.102862090 3.26600373E-02
 8.10157359E-02 5.77058829E-02 3.38730402E-02 4.47808905E-03 5.95079102E-02
 -3.48730013E-02 5.46337515E-02 -1.09075205E-02 3.57982963E-02 -3.97103764E-02
 3.23813222E-02 -2.11577304E-02 4.69024219E-02 4.54525091E-02 1.16703734E-02
 -2.58563235E-02 1.11360019E-02 3.30965058E-03 -2.90738381E-02 2.11002268E-02
 2.07330734E-02 -4.08800319E-02 3.03747542E-02 7.23362342E-02 4.86120135E-02
 5.82619905E-02 -3.96214463E-02 7.23915640E-03 3.57773751E-02 -1.68323109E-03
 -4.67108116E-02 -7.20129386E-02 -1.19090378E-02 0.138250425 1.79964770E-02
 -9.42210704E-02 -1.05357878E-02 -1.46366917E-02 7.34073669E-02 -6.76010549E-03
 -6.33222386E-02 2.00814661E-02 -4.17829044E-02 6.24059625E-02 -4.91301939E-02
 5.72078563E-02 3.31929699E-02 4.75039743E-02 2.62110997E-02 -1.07594663E-02
 -3.65782250E-03 3.54383476E-02 6.76861405E-02 4.26100791E-02 1.08304322E-02
 4.05395851E-02 -2.90378295E-02 6.23823563E-03 3.60095538E-02 3.07528917E-02
 3.00816633E-03 2.23731399E-02 6.71794340E-02 -6.02410920E-03 -8.82090069E-03
 -1.51777742E-02 5.55021176E-03 -2.38942932E-02 -2.91873235E-02 -7.25067640E-03
 -2.92393449E-03 -6.99206861E-03 9.02277455E-02 -1.60302706E-02 -4.92480695E-02
 -8.80365819E-02 -2.20058784E-02 -2.14958340E-02 -3.03922046E-04 -7.35061094E-02
 6.21589348E-02 2.22369879E-02 -1.14803307E-03 -4.63154214E-03 -1.74293423E-03
 5.31837009E-02 -5.28528653E-02 -1.56072145E-02 7.47114718E-02 6.40282258E-02
 -1.10071227E-02 -2.34513879E-02 1.66131165E-02 -3.58502986E-03 -4.41637635E-02
 5.32022491E-03 3.28741968E-02 -2.36571133E-02 3.56930029E-03 -4.09977697E-02
 -4.52229939E-02 3.62615995E-02 6.39596805E-02 2.53671408E-02 -2.39659082E-02
 -1.65009238E-02 3.99130471E-02 2.89105773E-02 1.56658608E-03 -9.93718207E-03
 -1.66439340E-02 0.105378382 4.19009402E-02 6.22375682E-02 -4.23290730E-02
 -2.46713199E-02 -5.71293011E-02 1.30755613E-02 -9.10511520E-03 3.58666293E-02
 6.37849122E-02 2.95612998E-02 3.71945202E-02 1.00920098E-02 1.88724212E-02
 -6.66346252E-02 -1.71219781E-02 -4.71652895E-02 -1.12178903E-02 -3.01010441E-02
 -8.43736529E-03 3.11272051E-02 4.56948988E-02 8.36477522E-03 3.78109850E-02
 -5.93975419E-04 4.63449489E-03 1.03485389E-02 1.65232760E-03 6.67634979E-02
 5.04456908E-02 1.91021990E-02 -5.04900925E-02 -1.34255011E-02 2.07911115E-02
 1.52402204E-02 6.99274540E-02 5.67740835E-02 -2.11595520E-02 1.17477691E-02
 -3.73282284E-02 -4.27705944E-02 -2.17256881E-02 3.25428508E-02 3.33137885E-02
 3.86795960E-02 -3.10737956E-02 -8.26842806E-05 -1.02268476E-02 1.56425145E-02
 -5.32933585E-02 -5.89977130E-02 -5.01334593E-02 6.22702837E-02 -1.56886186E-02
 -9.96453874E-03 -3.34611349E-02 -3.02362889E-02 2.96806451E-02 -1.14184907E-02
 1.20547870E-02 -1.30937817E-02 -5.96367456E-02 -1.62106436E-02 2.84507927E-02
 -5.57330027E-02 -2.40313001E-02 1.34901125E-02 4.75254394E-02 1.35660302E-02
 -2.34718844E-02 -4.62918468E-02 4.23207134E-02 -1.90742873E-02 -1.44608291E-02
 -1.22124488E-02 -1.87408421E-02 5.19284755E-02 -1.03652664E-02 -1.31222215E-02
 6.32640952E-03 6.30063377E-03 2.03825328E-02 1.90434735E-02 5.61485775E-02
 4.89614047E-02 -1.52613586E-02 8.46107677E-03 1.70724597E-02 1.06381001E-02
 -9.11133885E-02 2.19144113E-02 -7.90486112E-02 -3.31403576E-02 3.69696058E-02
 -6.70960546E-02 2.20405199E-02 -1.00588538E-02 -1.69498567E-02 -2.03272942E-02
 -5.67897819E-02 -6.45058006E-02 -3.62886339E-02 -2.74835918E-02 4.78698947E-02
 4.98171784E-02 -9.53494906E-02 -9.00325254E-02 -4.99245413E-02 1.48463910E-02
 4.09452710E-03 5.78143809E-04 -2.75516771E-02 4.00476865E-02 5.56346551E-02
 -3.43503021E-02 -2.42868140E-02 -1.59254242E-02 1.66738629E-02 5.33033758E-02
 4.79668938E-02 3.24135274E-02 6.64378107E-02 6.38704896E-02 -6.19010394E-03
 7.21014515E-02 2.36513764E-02 -1.56821962E-02 3.38341631E-02 -1.40470667E-02
 3.99428830E-02 3.39351445E-02 5.05776377E-03 -9.34318360E-03 -1.94120929E-02
 1.77076831E-02 -1.12652555E-02 5.96389174E-02 -1.84154287E-02 3.63580547E-02
 3.45424414E-02 2.30117142E-02 3.91108803E-02 4.52031642E-02 -9.03067738E-03
 6.22197650E-02 -3.11547723E-02 1.52257690E-02 8.66060406E-02 1.82844885E-02
 9.46848746E-03 6.49818704E-02 1.25965308E-02 7.37357438E-02 -4.89320140E-03
 1.17559666E-02 0.123278886 8.12120885E-02 -5.37557434E-03 1.91877559E-02
 -0.101163253 1.13595752E-02 -2.55342983E-02 1.62694068E-03 3.20188329E-02
 -3.73840034E-02 1.66655891E-02 -6.88132942E-02 -3.29060555E-02 6.52687326E-02
 1.49430577E-02 2.55375374E-02 -2.08689682E-02 2.98139229E-02 -1.35542685E-03
 -1.59173477E-02 3.34786549E-02 9.50458460E-03 -2.57973876E-02 -9.19515565E-02
 3.80782597E-03 3.04696243E-02 1.05130794E-02 0.123595119 0.191592082
 -4.78488253E-03 -5.73504902E-02 4.73255850E-02 -1.93024613E-02 0.107842699
 -5.89634515E-02 -0.106868237 3.13734226E-02 -2.72016153E-02 -3.89648117E-02
 4.73143207E-03 -2.38745697E-02 -7.07534105E-02 -1.09584387E-02 -1.46581270E-02
 2.67768838E-02 -4.28802036E-02 3.75523604E-02 -2.50869934E-02 5.86656146E-02
 1.11620482E-02 -3.94959003E-03 -1.98509172E-02 5.83939366E-02 4.02828753E-02
 2.14421917E-02 3.94691974E-02 -4.84072678E-02 -1.36681553E-02 -2.88614109E-02
 -2.82116905E-02 1.57927107E-02 3.84335704E-02 -4.04340401E-02 -7.38740563E-02
 -5.74175734E-03 -3.28843072E-02 -3.04245893E-02 -1.33695574E-02 -5.50221018E-02
 -8.14521965E-03 5.26153669E-02 4.23838794E-02 6.01843596E-02 7.45825768E-02
 -4.74795001E-03 -1.48970522E-02 5.81553541E-02 6.51929807E-03 7.12524056E-02
 6.45649657E-02 2.30995752E-02 9.59641039E-02 5.66475950E-02 9.36184824E-03
 -1.92080848E-02 0.126740947 5.46824597E-02 2.61871815E-02 4.15411107E-02
 -6.02334552E-03 -1.29871899E-02 -5.65118482E-03 1.33101847E-02 -1.36388363E-02
 1.61027927E-02 3.79521474E-02 -3.74832563E-02 3.87731306E-02 0.110864758
 7.95502439E-02 4.36588041E-02 3.89951915E-02 -6.29363954E-03 -2.28193421E-02
 -7.41895474E-03 5.34493662E-02 -1.95303764E-02 1.98561195E-02 4.45081890E-02
 -7.27943331E-02 5.45539148E-03 -4.56555896E-02 2.63505448E-02 -2.25781538E-02
 -5.40253706E-03 4.51790635E-03 -2.17906721E-02 8.17914214E-03 -4.01137769E-03
 7.57926516E-03 5.49444519E-02 -1.98881477E-02 -2.35900190E-02 2.38192230E-02
 -5.76005504E-02 2.09163278E-02 -5.29089943E-02 -7.10403314E-03 1.28647184E-03
 3.29408981E-02 -2.44748071E-02 -8.40976611E-02 -9.23937783E-02 2.51605548E-02
 -7.04951584E-02 -4.05444652E-02 -4.03785780E-02 -7.87113048E-03 7.76114827E-03
 6.51784241E-02 1.78955942E-02 7.28410389E-03 9.14626475E-03 -3.18467394E-02
 -4.67239209E-02 -2.66485997E-02 5.54323290E-03 -5.30032106E-02 -8.95555317E-02
 1.46075952E-04 -1.44038219E-02 8.64070654E-02 -3.95003939E-03 -3.74930091E-02
 1.04631828E-02 -3.39111909E-02 -2.04784758E-02 4.57103215E-02 2.31196173E-03
 5.94380451E-03 -1.30600529E-02 -2.43528280E-02 3.04886494E-02 2.78936587E-02
 3.37822661E-02 1.54350679E-02 5.33931097E-03 -6.79230597E-03 9.26917121E-02
 1.56521406E-02 -7.82980546E-02 1.88205894E-02 -1.36836590E-02 0.119855836
 1.91128682E-02 5.31780422E-02 -2.48223748E-02 -1.98953953E-02 7.54977614E-02
 5.64030707E-02 3.88555825E-02 3.98889780E-02 -3.33503820E-02 4.21475712E-03
 3.20667066E-02 -5.91033772E-02 -9.30463225E-02 9.67009142E-02 0.116053306
 -1.57173034E-02 9.69819352E-02 -1.41984262E-02 2.39403136E-02 5.18362150E-02
 -1.40804444E-02 -4.19893675E-02 3.83643173E-02 2.21204013E-03 -1.76351480E-02
 -4.41845022E-02 5.45607433E-02 0.111766949 -2.02517305E-02 5.04515059E-02
 3.33662331E-02 1.33044571E-02 -7.05745220E-02 -2.03640554E-02 2.96469145E-02
 8.25687349E-02 -2.40728743E-02 9.85132158E-03 4.41529714E-02 0.103054419
 5.36065437E-02 -8.14689174E-02 -6.44077808E-02 -3.24620679E-02 -2.69591529E-03
 -1.10951820E-02 -9.67945755E-02 -4.71844971E-02 6.20138422E-02 -3.47214453E-02
 -8.95818546E-02 -2.90263351E-02 1.42244939E-02 4.61663976E-02 6.89682066E-02
 -3.03162783E-02 6.43371567E-02 -0.120887369 -4.77571674E-02 -8.95851552E-02
 -2.32110117E-02 -1.51578747E-02 -4.43031862E-02 4.44287881E-02 -8.80587548E-02
 8.71049333E-03 -3.96719463E-02 -1.51075451E-02 2.69156992E-02 1.64075084E-02
 -7.61436811E-03 9.29033756E-02 0.127075344 2.82071736E-02 2.55054738E-02
 2.96800304E-02 -5.88339753E-02 4.80236039E-02 -5.61438426E-02 -6.97392076E-02
 -3.74134933E-03 1.08393375E-02 2.83156317E-02 1.25294393E-02 0.107875362
 0.107226707 0.187348694 -3.20900381E-02 9.87477154E-02 8.11938196E-02
 2.23527569E-02 8.16978663E-02 7.75382519E-02 -3.89721766E-02 -2.12070551E-02
 2.81142630E-02 4.84425910E-02 0.124378420 5.27425483E-02 6.87848404E-02
 4.82724756E-02 0.174549729 0.167432502 6.83871880E-02 0.192183748
 0.139528379 -9.39054822E-04 6.63264915E-02 0.122316703 3.96064809E-03
 6.71222582E-02 4.51000780E-02 3.07950713E-02 8.17115158E-02 0.176549762
 0.143824443 6.44916818E-02 2.82187797E-02 6.03463612E-02 -7.98444748E-02
 -0.196611792 7.86145627E-02 2.09217500E-02 -2.10489915E-03 5.38467728E-02
 3.52964993E-03 1.70634277E-02 -3.74533273E-02 -5.92018664E-02 0.147654697
 3.00021544E-02 4.12905253E-02 8.87525231E-02 -2.42382218E-03 -0.108798578
 4.23016213E-02 0.141097516 4.85084429E-02 2.46222354E-02 -5.94668165E-02
 -9.06985551E-02 -0.210897490 5.61956652E-02 5.85878193E-02 0.106704108
 5.84840849E-02 -3.90903242E-02 -3.20438892E-02 4.07834239E-02 -1.49161872E-02
 0.168244764 -1.47017334E-02 -5.20670600E-02 -5.62692154E-03 -9.68775246E-03
 -7.42118359E-02 3.89229916E-02 9.00739878E-02 -4.82673086E-02 1.68648884E-02
 2.65053362E-02 -1.01528512E-02 -7.47416690E-02 -1.17860979E-03 -3.48935127E-02
 -0.111939132 5.89651801E-02 -0.124767356 0.158747241 -8.67851749E-02
 -3.10182720E-02 -1.02095194E-02 -1.65931910E-04 -4.37938198E-02 1.03783952E-02
 0.116299860 -3.40591036E-02 -6.42090514E-02 -6.61766753E-02 -0.148211569
 -0.183540031 -1.66220032E-02 3.87739986E-02 9.75614563E-02 6.11052103E-02
 -1.00355381E-02 -6.42428845E-02 5.62004820E-02 9.42164734E-02 -1.82135461E-03
 -9.09789503E-02 3.60365584E-02 -6.31718710E-02 4.17611301E-02 2.65169851E-02
 -4.89729159E-02 0.148290217 0.165437073 0.185122877 9.58182290E-02
 -6.36702180E-02 -3.64293754E-02 0.119089052 0.166684642 0.119374074
 6.66366220E-02 0.137450248 0.162602648 0.228922188 0.181467026
 -2.97324527E-02 8.18357393E-02 5.36251105E-02 8.28879923E-02 8.18254873E-02
 0.227182224 8.91117975E-02 0.141312748 -3.15326191E-02 -5.96675975E-03
 2.53351368E-02 0.133166015 0.184425741 7.88646415E-02 -0.108385958
 -9.97160897E-02 4.41439375E-02 0.124206699 0.175190568 -3.78203653E-02
 -0.102849364 -5.75943552E-02 -8.82839262E-02 -7.77122751E-02 1.76122561E-02
 0.154376209 0.114233568 -0.151739344 -3.38472091E-02 0.136463329
 0.249929637 4.53330241E-02 -2.13263147E-02 0.172185421 2.27849502E-02
 3.98598947E-02 0.122167028 -0.133224875 5.58329634E-02 0.144104466
 -6.41602129E-02 0.151528925 0.137533337 -0.100236878 5.08411676E-02
 -8.25702623E-02 0.139810398 -2.29632407E-02 -7.20409453E-02 -0.172455937
 -0.112794571 3.78414355E-02 3.75409028E-03 -1.17109427E-02 -6.08490556E-02
 -3.36590521E-02 -3.10783125E-02 0.136675492 2.24437788E-02 -9.24620628E-02
 -7.94656947E-02 0.106362544 8.81339014E-02 6.62831813E-02 7.42821395E-02
 0.100369841 0.334601521 0.153045207 0.125887856 0.108060174
 -1.17792925E-02 -6.60756277E-03 0.250759840 2.77943201E-02 3.65199745E-02
 -4.71935384E-02 2.56988388E-02 0.467868835 0.277568340 -0.219783053
 5.57961799E-02 0.361346394 -2.26313882E-02 0.112310223 0.246204972
 -1.66660678E-02 -9.52937379E-02 0.366910845 0.103387006 7.41731375E-02
 -0.137895375 0.262269318 0.100273304 -3.66866477E-02 0.178970233
 0.278227627 0.358088046 0.100897044 0.348265707 0.234683767
 1.17844390E-02 0.258005142 0.541241407 -1.62803158E-02 0.101709671
 0.289619982 0.167014450 0.282050610 3.00694816E-02 0.292603284
 0.162712052 0.166387051 0.193952084 5.06578609E-02 -5.41231707E-02
 0.135117367 0.243788421 -5.14376909E-02 -0.153480977 -0.158918157
 -0.205595657 0.109205581 -5.53646013E-02 -1.74698401E-02 -0.149603799
 6.39592856E-02 0.134337619 5.13217486E-02 0.349759251 -3.11126634E-02
 -0.120146774 -0.293524325 -6.72391057E-02 -0.138541043 6.13049082E-02
 -2.44383961E-02 -0.140678883 -0.276966453 1.84642673E-02 -6.31920993E-02
 -0.330476761 -0.309286535 0.505928457 0.325701535 0.112248786
 6.19890280E-02 -0.254229188 0.175542563 0.198211804 -5.21668531E-02
 -0.132085443 -5.30707017E-02 -8.75387117E-02 2.34388877E-02 -3.20765711E-02
 0.302717656 -3.94464396E-02 -1.19709587E-02 0.146169424 -2.70443615E-02
 0.132104948 6.22778796E-02 9.25792083E-02 -6.70351908E-02 0.301247358
 0.358638972 9.94155416E-04 -0.109448679 0.236591786 0.391265661
 0.369901299 0.387209415 0.156435132 0.340020865 0.173499957
 -0.375556886 0.171129718 0.149485216 -0.109457560 -0.258800119
 0.141636297 -0.257180601 9.19583812E-02 5.13482727E-02 0.126322225
 -2.78327521E-02 -0.148439124 -0.120509274 0.209380120 -1.57921147E-02
 0.101029806 0.181419328 -1.48280272E-02 -3.65572870E-02 6.48294166E-02
 0.509438574 -0.269360244 0.136723980 0.331938446 0.247103229
 -0.211785406 0.253408164 0.170696348 1.42167453E-02 3.13048810E-02
 -0.352972180 0.359037191 0.254135638 -0.267880917 0.147814289
 -0.229292810 -0.389492601 0.280820519 -0.302896708 -0.341284543
 -0.323208034 -0.143219575 -0.219787002 0.171945512 3.56407873E-02
 -2.02604048E-02 0.251754433 0.362303287 0.243550003 0.195604935
 -0.454108685 8.91457777E-03 -0.284932584 -5.22253104E-02 0.100200482
 0.156385005 -0.518565714 -0.348226011 -8.34656209E-02 -0.324864089
 0.118078932 3.87042412E-03 -0.383258969 -0.217416272 -0.124038897
 0.269024462 -0.370702475 -0.635264158 -0.165562242 -0.201353312
 -0.128769800 -0.209293589 -0.277539462 -1.60779133E-02 -0.168928206
 -0.550450623 -0.144898713 0.247629866 0.126247302 0.641305447
 -6.58364818E-02 -0.693959534 1.73983332E-02 -0.196014106 0.218596891
 0.197918624 0.378669649 1.46558126E-02 -0.324785531 -2.20396859E-03
 -0.288754374 -0.451218575 0.134197488 -0.280268669 0.509129763
 0.575820327 -0.169069901 0.322407365 0.860750556 8.17496702E-02
 9.52216983E-02 0.258282959 -1.09413624 -4.33401018E-02 -0.225372612
 0.156657159 0.352691114 -0.196138605 0.295050502 0.242180958
 -0.384769082 -0.969278932 -2.11568847E-02 6.70591071E-02 -0.228145182
 -0.501044095 0.217031181 -0.266620964 0.940075874 0.736432552
 -5.07080294E-02 0.646015048 1.47648144 1.09719074 0.260536641
 0.187339559 0.701095283 0.765841663 -1.82113331E-02 0.180888563
 -0.516577363 -0.428207129 -0.485388428 4.48296629E-02 -0.636314094
 0.166734487 -9.00484696E-02 0.689397216 -0.154983088 1.65082407
 0.632251143 -0.891384304 -1.10335827 -0.980444610 0.347145915
 1.22572601 -1.45024955 -0.783192396 -9.58788916E-02 -1.18733776
 -0.307058752 -0.484988511 -0.363703221 -3.54267836 -2.41035986
 -2.70204759 -0.411329925 1.01649630 -2.13762236 -1.07101429
 -0.663142025 0.117828868 -0.479568690 2.06745148 -0.795407772
 2.55544901 1.29025519 1.25189972 0.636895299 -1.45071602
 2.19230580 -0.204752013 -1.37235045 -3.77761051E-02 -0.544252455
 -1.08839953 3.02640176 7.61421013 0.00000000E+00 0.00000000E+00
 0.00000000E+00 0.00000000E+00 0.00000000E+00 0.00000000E+00 0.00000000E+00
 0.00000000E+00 0.00000000E+00 0.00000000E+00 0.00000000E+00 0.00000000E+00
 0.00000000E+00 0.00000000E+00 0.00000000E+00 0.00000000E+00 0.00000000E+00
 0.00000000E+00 0.00000000E+00 0.00000000E+00 0.00000000E+00 0.00000000E+00
 0.00000000E+00 0.00000000E+00 0.00000000E+00 0.00000000E+00 0.00000000E+00
 0.00000000E+00 0.00000000E+00 0.00000000E+00 0.00000000E+00 0.00000000E+00
 0.00000000E+00 0.00000000E+00 0.00000000E+00 0.00000000E+00 0.00000000E+00
 0.00000000E+00 0.00000000E+00 0.00000000E+00 0.00000000E+00 0.00000000E+00
 0.00000000E+00 0.00000000E+00 0.00000000E+00 0.00000000E+00 0.00000000E+00
 0.00000000E+00 0.00000000E+00 0.00000000E+00 0.00000000E+00 0.00000000E+00
 0.00000000E+00 0.00000000E+00 0.00000000E+00 0.00000000E+00 0.00000000E+00
 0.00000000E+00 0.00000000E+00 0.00000000E+00 0.00000000E+00 0.00000000E+00
 0.00000000E+00 0.00000000E+00 0.00000000E+00 0.00000000E+00 0.00000000E+00
 0.00000000E+00 0.00000000E+00 0.00000000E+00 0.00000000E+00 0.00000000E+00
 0.00000000E+00 0.00000000E+00 0.00000000E+00 0.00000000E+00 0.00000000E+00
 0.00000000E+00 0.00000000E+00 0.00000000E+00 0.00000000E+00 0.00000000E+00
 0.00000000E+00 0.00000000E+00 0.00000000E+00 0.00000000E+00 0.00000000E+00
 0.00000000E+00 0.00000000E+00 0.00000000E+00 0.00000000E+00 0.00000000E+00
 %U
 0.00000000E+00 0.00000000E+00 0.00000000E+00 0.00000000E+00 8.09069872E-02
 6.72687814E-02 1.27437832E-02 7.84615651E-02 7.16386139E-02 5.49566746E-02
 0.117064893 6.40801266E-02 6.83537722E-02 7.77994171E-02 0.108037844
 0.122459978 6.58978447E-02 3.85018699E-02 -3.04519702E-02 1.26460921E-02
 4.49494720E-02 8.18603635E-02 9.72046424E-03 3.42668593E-02 2.19194461E-02
 7.05700591E-02 0.105530247 7.85332695E-02 0.139263377 7.48113692E-02
 6.99924827E-02 0.123085268 3.44365090E-02 4.31448082E-03 1.87110342E-03
 5.95827587E-02 8.09642598E-02 0.104101725 5.44952862E-02 1.42218154E-02
 -2.80692033E-03 9.66091268E-03 4.30714600E-02 -1.17290150E-02 6.79601282E-02
 6.69302791E-02 -8.78313498E-04 8.56978260E-03 -1.14301387E-02 -6.52449653E-02
 -7.28658140E-02 -5.68345888E-04 1.22713437E-02 3.09692491E-02 8.11170116E-02
 -7.23599596E-03 3.83237265E-02 9.05738305E-03 1.46764219E-02 1.21121062E-02
 -5.69019876E-02 2.90893223E-02 3.06972563E-02 -3.31967436E-02 4.84251417E-03
 -2.13826299E-02 5.39728953E-03 8.38528499E-02 7.09573105E-02 7.71506727E-02
 7.17193261E-02 1.97464228E-02 8.06226507E-02 5.98564977E-03 9.23384633E-03
 2.88059213E-03 -1.70920137E-02 9.25314203E-02 6.25924543E-02 -1.29427817E-02
 -4.57065937E-04 2.93882620E-02 9.70487297E-02 3.68782715E-03 4.97252867E-02
 3.20375040E-02 9.81339961E-02 -1.50032677E-02 -1.52279679E-02 -4.79874155E-03
 3.63238379E-02 7.79508650E-02 -4.31118608E-02 4.70924377E-02 2.10206537E-03
 6.29703552E-02 2.81389840E-02 5.20471148E-02 4.11831848E-02 2.36133486E-02
 -3.16893831E-02 6.54851645E-02 1.16934266E-03 5.45092933E-02 7.10241646E-02
 5.33787012E-02 1.88026950E-02 0.114971332 9.09795687E-02 0.102410443
 3.70568894E-02 4.17546183E-02 8.29287246E-02 4.20473218E-02 5.09654880E-02
 2.08896566E-02 4.18264531E-02 3.85792069E-02 8.12161788E-02 4.99201193E-02
 7.11657777E-02 4.65664193E-02 1.83117948E-02 9.24942493E-02 0.123485141
 6.13149554E-02 1.03520341E-02 9.60415900E-02 1.58804916E-02 0.102139905
 5.62540852E-02 1.64308436E-02 7.42274076E-02 4.12774235E-02 7.38431327E-03
 9.02741253E-02 9.57300365E-02 0.134100750 0.120988987 8.47028345E-02
 -1.08592911E-02 9.74155776E-03 1.42626027E-02 7.98861757E-02 7.89418966E-02
 9.25762206E-02 4.98895049E-02 6.97819367E-02 0.131570414 0.201906756
 0.128808558 9.70164984E-02 1.98361296E-02 0.122676730 7.50560015E-02
 6.77021444E-02 4.26170900E-02 4.46235873E-02 8.37822333E-02 8.02966803E-02
 1.15725342E-02 0.149235472 0.108749881 5.47029376E-02 8.26120377E-02
 0.107981473 8.11570138E-02 4.25683819E-02 6.42289370E-02 4.79435883E-02
 7.88665637E-02 9.35750827E-02 0.131437957 5.38998991E-02 7.75411353E-02
 7.94523731E-02 7.65642598E-02 2.68028993E-02 8.15040693E-02 8.93413350E-02
 8.13835338E-02 -2.30194558E-03 7.67798629E-04 6.30772933E-02 8.68028849E-02
 6.12464137E-02 5.52329533E-02 8.49490315E-02 6.20494299E-02 2.96393037E-02
 7.32756685E-03 3.53897326E-02 8.79331753E-02 0.114767767 9.06271189E-02
 6.97564781E-02 3.78683098E-02 1.05870478E-02 1.14691975E-02 5.65460660E-02
 7.77048767E-02 3.91813219E-02 6.18648604E-02 5.85095026E-02 6.22412004E-02
 7.76374862E-02 5.36198951E-02 -4.85428004E-03 1.89738255E-02 3.03539019E-02
 9.56665352E-02 -1.97104644E-03 1.40676824E-02 6.76976964E-02 1.40896142E-02
 -2.81443987E-02 -8.27310681E-02 6.10436834E-02 5.86655997E-02 3.75968143E-02
 0.101974167 7.50673488E-02 2.91915834E-02 5.94807491E-02 7.23932311E-02
 -4.79039317E-03 4.26448658E-02 -3.74891646E-02 4.37378436E-02 7.66480491E-02
 -3.94027401E-03 5.95016591E-02 -2.07190141E-02 -3.07475626E-02 -1.13502676E-02
 5.91647476E-02 4.74264249E-02 4.90650348E-02 -1.57721841E-03 6.60285130E-02
 8.79917890E-02 6.48308471E-02 7.40255639E-02 5.85714169E-02 2.90081054E-02
 6.19744658E-02 9.22406465E-03 6.16102368E-02 7.24457726E-02 6.98274225E-02
 -1.56196663E-02 1.92520861E-02 7.40476698E-02 8.18965677E-03 8.54086801E-02
 4.31797095E-02 -1.59630906E-02 3.48607935E-02 4.21992280E-02 2.50061508E-02
 9.83009711E-02 5.05575500E-02 7.14521110E-02 3.96573208E-02 5.16245775E-02
 7.13485256E-02 5.19397035E-02 4.89509255E-02 1.51298577E-02 3.86416502E-02
 9.84981656E-02 0.109507367 0.155470923 -1.42295174E-02 5.97462058E-02
 0.129708543 3.90618779E-02 3.84340808E-02 6.85951188E-02 -3.71685736E-02
 2.35271771E-02 -3.12099652E-03 -4.07053418E-02 7.63855726E-02 7.42518082E-02
 4.17178422E-02 8.47825129E-03 4.29450348E-02 2.37970874E-02 8.22050944E-02
 4.37614098E-02 8.48793164E-02 -1.19366846E-03 -4.87233559E-03 7.19067678E-02
 3.03285234E-02 8.49659741E-02 5.04557639E-02 1.23555418E-02 1.31965457E-02
 6.03304058E-02 8.30051526E-02 3.64396945E-02 2.86913067E-02 4.68772091E-02
 4.93005961E-02 3.04674469E-02 0.155407533 4.67976518E-02 8.62052664E-02
 7.13712648E-02 8.74155313E-02 4.28960137E-02 6.94127157E-02 0.146741495
 3.84698212E-02 8.34683329E-02 4.62640673E-02 3.00962571E-02 -2.02258117E-02
 -1.36535394E-03 -5.17713372E-03 4.91874889E-02 4.20610048E-02 3.30925547E-02
 0.107802369 9.35591608E-02 3.84661853E-02 4.42437194E-02 3.17942277E-02
 -5.64027298E-03 4.13810238E-02 8.60448703E-02 0.122619249 0.105042487
 0.113792598 4.11547907E-02 0.106708229 0.145542860 8.86428431E-02
 0.110827222 6.01679161E-02 0.100399718 9.72374156E-02 7.54980594E-02
 2.60825213E-02 5.28665707E-02 8.34468603E-02 4.51273620E-02 -6.21389970E-03
 -5.18315881E-02 4.39685248E-02 1.34291211E-02 5.25421351E-02 6.33638054E-02
 -7.84265995E-03 9.75876376E-02 -1.10176383E-02 5.80510460E-02 2.55436054E-03
 1.49129005E-02 9.39009637E-02 4.51581404E-02 -5.28409239E-03 3.73512693E-02
 6.93336651E-02 3.72176245E-02 1.89771166E-03 5.47679476E-02 0.148329750
 7.18829781E-02 4.48021442E-02 6.17194064E-02 7.26860315E-02 0.109032236
 9.55719948E-02 3.26545723E-02 2.11474001E-02 4.28654701E-02 2.24527307E-02
 2.01865863E-02 9.80098452E-03 6.72289804E-02 0.104858071 9.25715640E-02
 6.21372499E-02 6.45771176E-02 6.93341345E-02 8.22816715E-02 8.10506493E-02
 1.73236150E-02 4.55835499E-02 -5.23701822E-03 -4.27763388E-02 0.107097298
 6.14987276E-02 -7.05048367E-02 -0.117551699 -0.118432581 -2.77733486E-02
 0.181750908 0.188205570 2.31369920E-02 5.58065958E-02 2.44395509E-02
 2.64246315E-02 0.151932076 0.102831960 5.53604849E-02 0.157026336
 0.163338408 7.96161443E-02 0.103714675 8.11401755E-02 -2.70187184E-02
 5.02697788E-02 6.64377362E-02 2.77959909E-02 6.93082735E-02 3.71501297E-02
 0.102182604 6.79123551E-02 3.85178700E-02 7.85575435E-02 8.10509920E-02
 0.101270817 5.49461171E-02 4.95327413E-02 4.97653335E-02 2.97668334E-02
 6.53405488E-02 4.11856920E-03 0.145918205 1.13461260E-02 0.112353206
 6.56994358E-02 2.95492671E-02 5.25796786E-02 1.11950627E-02 5.13148680E-02
 4.56800684E-03 3.74281481E-02 5.04758395E-02 5.41413128E-02 2.69734133E-02
 5.14936633E-02 0.120790288 5.69858886E-02 8.55559409E-02 0.130151391
 5.79305626E-02 2.20156517E-02 0.141957313 0.148140311 0.115374647
 6.29325360E-02 4.81490642E-02 7.68959373E-02 8.57025683E-02 7.52046555E-02
 8.81697610E-02 8.30128938E-02 3.02386880E-02 5.24212494E-02 6.04561344E-02
 5.17694689E-02 5.78469075E-02 8.42117704E-03 -5.49242180E-03 3.80933248E-02
 -1.95860956E-02 7.25637600E-02 9.85408202E-02 1.10782431E-02 7.24063516E-02
 9.90834460E-02 0.107779890 3.07958014E-02 8.37323293E-02 6.25065044E-02
 0.178831041 -5.66083118E-02 -1.26112197E-02 -2.25950014E-02 -2.48052999E-02
 8.80448669E-02 3.53191383E-02 -8.87477398E-02 -2.84281769E-03 -1.08713228E-02
 1.16279873E-03 1.90816950E-02 -5.58656082E-03 9.86657441E-02 3.03161070E-02
 -7.66226137E-03 5.23916781E-02 2.88323965E-02 6.23564869E-02 8.06464925E-02
 0.120249376 7.23724440E-02 8.53182748E-02 0.145055309 0.124485128
 -7.92562682E-03 0.111868687 0.119031034 3.09170857E-02 6.04671016E-02
 2.55442280E-02 7.12194666E-02 1.78675279E-02 -5.57290912E-02 3.62926759E-02
 0.119149700 3.89241502E-02 -1.92151107E-02 2.98903417E-02 0.111757554
 2.42301691E-02 8.52372646E-02 3.94643918E-02 3.60217388E-03 4.11592349E-02
 0.150961980 6.63924366E-02 6.87842965E-02 2.69963369E-02 5.76365516E-02
 1.96164884E-02 8.01795125E-02 8.47479776E-02 -2.46507376E-02 0.106348589
 4.85477373E-02 7.05862641E-02 -4.89012152E-02 4.90238443E-02 0.204192176
 7.61130229E-02 4.94046062E-02 4.90980856E-02 -1.37551669E-02 9.52064432E-03
 5.23733310E-02 7.51133114E-02 -3.97872068E-02 -4.96451929E-02 1.05672032E-02
 8.93342346E-02 5.40046431E-02 6.03130162E-02 5.12458710E-03 -4.53166626E-02
 5.16599342E-02 4.18853462E-02 0.100979090 6.54591173E-02 -8.56127590E-02
 2.46693697E-02 5.31554269E-03 -2.28216182E-02 9.97937284E-03 0.100509673
 0.110563993 6.97828680E-02 0.176286012 0.104204610 9.37429816E-02
 0.169707492 0.167483538 7.84128830E-02 0.101934537 5.24920002E-02
 5.00329137E-02 6.14517964E-02 6.05290756E-02 0.113580249 0.105212271
 0.131531984 6.43204600E-02 0.235486567 0.151888996 6.13828078E-02
 5.10460772E-02 0.105389044 9.58350971E-02 0.112601519 0.189312205
 1.24837812E-02 9.23658535E-02 0.118674055 7.58919194E-02 8.45557675E-02
 9.47325751E-02 5.76705560E-02 -1.96884815E-02 2.76555624E-02 7.92347863E-02
 0.118283942 -1.67998224E-02 2.86952825E-03 7.87882805E-02 0.144227013
 0.162974298 8.27662349E-02 0.123116620 0.209510460 0.127054974
 6.70636073E-02 9.93721187E-02 0.202311620 0.164283469 0.166763067
 7.67699406E-02 4.71335985E-02 0.128521100 0.128971949 6.88233823E-02
 8.80957544E-02 0.145982265 0.116793111 0.201278970 0.209132865
 0.169454053 8.39622915E-02 7.39575326E-02 6.90963566E-02 4.92571034E-02
 -2.87093855E-02 5.39745018E-02 1.49066299E-02 0.100324877 0.169845164
 2.17988845E-02 -6.70466572E-02 0.168510124 7.75246620E-02 5.33589460E-02
 0.110946991 6.24691211E-02 7.78971463E-02 -7.53775537E-02 -4.74399924E-02
 2.36788169E-02 -9.56322104E-02 -7.66502321E-03 -2.30766647E-03 0.116689898
 9.51684937E-02 4.20150682E-02 6.28744513E-02 7.82057084E-03 4.89526913E-02
 -7.60402381E-02 -2.18358971E-02 9.77701768E-02 0.121141799 4.58901096E-03
 0.115733445 0.103271075 0.156818077 0.101223938 -2.33704019E-02
 0.149888501 0.178498849 0.101275064 7.80865699E-02 7.76413754E-02
 3.05657368E-02 9.24428403E-02 9.57866609E-02 4.58020940E-02 1.55439656E-02
 -7.13949790E-03 6.60644993E-02 4.70034778E-03 0.154084340 1.66305620E-02
 5.21586351E-02 -3.05091385E-02 0.215715751 5.00927977E-02 -7.45747611E-02
 7.11144134E-02 6.92913979E-02 4.24252823E-02 -5.49828447E-02 1.02418913E-02
 4.34963517E-02 0.138358757 -4.36516292E-02 0.250067979 0.171385676
 5.56108635E-03 6.66066632E-02 0.150205329 -2.01077349E-02 0.152068168
 8.03174153E-02 7.16134235E-02 7.66181126E-02 0.158185393 0.137741685
 -0.122716732 8.01156461E-02 8.71026590E-02 3.37853916E-02 0.108454838
 0.139195532 0.176466793 2.58591529E-02 -0.124373376 9.06192884E-02
 -9.03308541E-02 9.82621238E-02 0.125699311 6.94138557E-02 2.28157789E-02
 -3.06042898E-02 2.15398762E-02 0.140623033 0.131657749 0.108690150
 7.03963935E-02 -2.67971307E-02 4.70226556E-02 -2.97550224E-02 0.126397580
 0.320152521 0.133156508 0.153216332 0.268135220 0.170232728
 8.81399289E-02 6.27379194E-02 1.65727604E-02 -2.58095916E-02 -3.86827327E-02
 0.120059736 8.75817165E-02 0.143148303 0.105483070 0.134056896
 0.188294157 0.269571841 0.359498233 0.355689287 9.79474485E-02
 0.222395986 0.376173973 0.160884142 0.188469484 0.122638829
 0.232916161 0.143459886 0.155346811 4.02013287E-02 7.48866051E-02
 4.23932895E-02 0.222965673 7.74962306E-02 3.33580002E-02 0.192115903
 0.245964438 -2.35533901E-02 -0.194831133 -7.91603923E-02 -3.56335267E-02
 -8.19735825E-02 0.101722315 -2.71156430E-02 0.174601346 0.163803697
 0.165932119 5.44003351E-03 -8.10723156E-02 9.27163288E-02 -9.04780626E-02
 -5.01269922E-02 -9.80191156E-02 -9.07745883E-02 3.68487239E-02 -8.77032056E-02
 -0.125160471 -3.34069878E-03 7.79019967E-02 0.107331239 -3.28040347E-02
 0.116253816 4.31292206E-02 -2.30096877E-02 -1.98393501E-02 3.37201618E-02
 -4.20749001E-03 0.204002693 0.277151972 9.60385874E-02 8.32004994E-02
 0.187253147 7.90664461E-03 0.308189929 0.154647753 0.136473358
 0.153956413 -0.154724091 -3.39754857E-02 -0.233092338 -0.129637092
 -3.44407819E-02 0.177261397 0.105354071 4.30608615E-02 7.03437179E-02
 0.171535462 0.269742608 7.11723268E-02 0.143284649 7.97742009E-02
 -7.53710186E-03 -0.160659209 7.70873129E-02 0.288868874 0.225446507
 0.153357267 0.213045761 -3.07704434E-02 7.00856373E-02 0.255556822
 0.188030541 -3.35643627E-03 -7.66408592E-02 -8.09750035E-02 0.147504255
 0.490839422 -0.156873599 0.240024045 0.170803741 0.320071042
 0.403740853 5.93969412E-02 0.255835116 0.315961748 4.92568463E-02
 -0.143289194 0.278749168 0.378783017 0.292492211 7.02683255E-02
 0.165718392 0.231799930 0.537404001 0.174926683 7.31276423E-02
 -9.82835442E-02 0.467783570 -0.149308905 0.172376454 0.313027710
 -0.113438591 -7.63977692E-02 -1.25894994E-02 -8.10106993E-02 0.200842455
 -0.135044962 -4.34556901E-02 -0.125588402 -0.229202077 2.93426644E-02
 -0.108754143 1.61515512E-02 0.179720864 0.141392559 0.136894122
 -5.32321706E-02 -0.108626336 0.162142068 -0.268291831 -0.230042517
 -4.86032553E-02 -0.177612886 -0.234374896 -0.451721430 -0.193204999
 -0.210194334 3.02361120E-02 -0.102894954 -2.56071482E-02 -0.325114518
 -0.353493959 8.99063274E-02 -0.281918526 -4.70273234E-02 0.138705477
 -0.178384885 -0.235212758 -4.29235585E-02 2.72101294E-02 0.254760057
 0.194910437 -0.238459259 -0.334284306 5.64534925E-02 0.122097008
 0.119775228 5.01441173E-02 -0.401867121 3.54150012E-02 -7.71073326E-02
 -0.224809512 -0.127180487 0.154479399 3.05551849E-03 -0.131084099
 8.32176581E-02 -0.120181523 -1.64559130E-02 -9.31840912E-02 0.124398351
 0.160189524 0.220969900 6.64348230E-02 0.382275254 -0.157659054
 -0.299120754 -8.61471444E-02 -0.249692187 -0.326626807 4.79817577E-02
 2.65479665E-02 -0.157643676 -6.79972395E-02 -0.232526988 -8.92048553E-02
 0.181895196 -0.175694466 -0.400283694 0.416661233 2.14692149E-02
 0.354745358 0.317447543 -0.132815897 -0.149036124 0.104160890
 0.207955629 -0.273986965 6.27966076E-02 -4.26257662E-02 -0.227358475
 -6.34492338E-02 0.191829056 0.390251130 5.02618365E-02 0.132462010
 -9.85895023E-02 -8.37062374E-02 -0.108635694 -0.376793772 8.48774612E-02
 0.391086131 9.71147493E-02 -0.154760912 -0.213031307 -0.230150744
 -4.27155942E-02 -0.280884385 1.73587259E-02 0.221046016 0.458953142
 0.307139397 0.532109261 0.452954233 -0.173593596 6.22042045E-02
 -4.77223098E-03 6.69417717E-03 0.177214488 -9.08741578E-02 0.207022622
 6.71167597E-02 5.55357598E-02 0.766202092 0.211794630 0.250127763
 0.589757323 0.509320438 0.572321117 0.789287567 0.462907404
 0.428348929 1.08431172 0.317810118 0.521770835 0.684570491
 0.497285694 0.437611073 0.565087676 0.477323592 0.265266895
 0.315663993 0.677007437 8.75498429E-02 -8.64427984E-02 -0.368496925
 0.191299632 -3.77616920E-02 -8.43762141E-03 -0.442535907 -0.431304336
 -0.144930169 -0.307175964 -0.230105042 0.629723907 -4.31234948E-03
 0.765762448 -0.357276142 -0.259261668 -0.427479893 -0.153245032
 0.345058054 0.750787318 0.795994878 -0.633660793 0.793741167
 -0.202007309 -0.337610006 0.413873792 0.308609366 0.406130821
 0.794193447 1.35863721 1.06316769 0.432310641 0.135861978
 -0.533814609 -0.857787371 -0.366595954 -0.291131139 -0.511359513
 -0.158757448 -0.482372671 0.229716331 -0.536106169 0.178740472
 0.495606899 0.759505451 4.80389893E-02 0.863329053 -0.327152014
 -0.235825107 0.931964338 -0.688483238 -0.531103730 -1.36910403
 -0.850036561 -9.58701670E-02 -1.22233737 -0.960539460 -0.377100378
 -0.390786588 -0.733018637 -1.27821970 -0.834082246 -0.893157840
 -1.43746793 -1.41445601 -0.664653182 -5.75507469E-02 0.433542252
 1.30021977 2.33319759 0.232606411 1.60400760 -0.340509921
 -0.290943950 0.609863520 0.800270796 -0.620853424 -2.22072172
 -2.28336024 -0.290552795 2.79865228E-02 -1.37064362 -1.89568436
 -0.210585892 -0.272610843 -4.67106342 -3.80633521 -3.01658440
 -0.990144908 -1.23839068 -0.914193690 -0.283003002 -1.32114971
 0.813593447 -5.23686223E-02 0.980981052 0.925261319 1.04117358
 1.11857212 1.25518632 2.85147572 1.97815704 1.13003898
 1.42870998 2.78881693 1.13632190 0.00000000E+00 0.00000000E+00
 0.00000000E+00 0.00000000E+00 0.00000000E+00 0.00000000E+00 0.00000000E+00
 0.00000000E+00 0.00000000E+00 0.00000000E+00 0.00000000E+00 0.00000000E+00
 0.00000000E+00 0.00000000E+00 0.00000000E+00 0.00000000E+00 0.00000000E+00
 0.00000000E+00 0.00000000E+00 0.00000000E+00 0.00000000E+00 0.00000000E+00
 0.00000000E+00 0.00000000E+00 0.00000000E+00 0.00000000E+00 0.00000000E+00
 0.00000000E+00 0.00000000E+00 0.00000000E+00 0.00000000E+00 0.00000000E+00
 0.00000000E+00 0.00000000E+00 0.00000000E+00 0.00000000E+00 0.00000000E+00
 0.00000000E+00 0.00000000E+00 0.00000000E+00 0.00000000E+00 0.00000000E+00
 0.00000000E+00 0.00000000E+00 0.00000000E+00 0.00000000E+00 0.00000000E+00
 0.00000000E+00 0.00000000E+00 0.00000000E+00 0.00000000E+00 0.00000000E+00
 0.00000000E+00 0.00000000E+00 0.00000000E+00 0.00000000E+00 0.00000000E+00
 0.00000000E+00 0.00000000E+00 0.00000000E+00 0.00000000E+00 0.00000000E+00
 0.00000000E+00 0.00000000E+00 0.00000000E+00 0.00000000E+00 0.00000000E+00
 0.00000000E+00 0.00000000E+00 0.00000000E+00 0.00000000E+00 0.00000000E+00
 0.00000000E+00 0.00000000E+00 0.00000000E+00 0.00000000E+00 0.00000000E+00
 0.00000000E+00 0.00000000E+00 0.00000000E+00 0.00000000E+00 0.00000000E+00
 0.00000000E+00 0.00000000E+00 0.00000000E+00 0.00000000E+00 0.00000000E+00
 0.00000000E+00 0.00000000E+00 0.00000000E+00 0.00000000E+00 0.00000000E+00
 %Error
 0.00000000E+00 0.00000000E+00 0.00000000E+00 0.00000000E+00 4.96191047E-02
 4.95658033E-02 4.94114459E-02 4.92795296E-02 4.88188863E-02 4.84626181E-02
 4.82189134E-02 4.82039787E-02 4.81882989E-02 4.82189208E-02 4.82999273E-02
 4.82319780E-02 4.79116887E-02 4.80391160E-02 4.76989411E-02 4.73155566E-02
 4.69998270E-02 4.63565215E-02 4.60250229E-02 4.60049137E-02 4.57832813E-02
 4.55562882E-02 4.53278385E-02 4.53436933E-02 4.54345942E-02 4.53549288E-02
 4.57263812E-02 4.56005745E-02 4.54835929E-02 4.53978777E-02 4.51460108E-02
 4.47862707E-02 4.51859832E-02 4.55499254E-02 4.52784635E-02 4.51414585E-02
 4.52122614E-02 4.49392311E-02 4.47915830E-02 4.50063422E-02 4.51261848E-02
 4.49767001E-02 4.49076258E-02 4.47585806E-02 4.43462059E-02 4.44884896E-02
 4.42451239E-02 4.38758507E-02 4.34254445E-02 4.34873588E-02 4.24906835E-02
 4.25445996E-02 4.21055779E-02 4.19897884E-02 4.20201868E-02 4.16361392E-02
 4.19870839E-02 4.17436920E-02 4.18851115E-02 4.18402329E-02 4.18488570E-02
 4.14358526E-02 4.12833542E-02 4.12405767E-02 4.12431471E-02 4.13142517E-02
 4.17243615E-02 4.15501557E-02 4.15880084E-02 4.18970548E-02 4.15183417E-02
 4.11178581E-02 4.10977527E-02 4.06461395E-02 4.04241271E-02 4.00201008E-02
 3.98715511E-02 3.98318507E-02 3.99505794E-02 4.04480398E-02 4.05928083E-02
 4.05305140E-02 4.06728461E-02 4.04027291E-02 4.06689197E-02 4.05173115E-02
 4.03940678E-02 4.06875759E-02 4.00382690E-02 4.01989073E-02 3.94839346E-02
 3.93367968E-02 3.95253114E-02 3.92621197E-02 3.95796187E-02 3.95836681E-02
 3.91636379E-02 3.86388302E-02 3.91586758E-02 3.93715017E-02 3.90825346E-02
 3.96215953E-02 4.02546190E-02 4.05862480E-02 4.08569239E-02 4.17934246E-02
 4.16322164E-02 4.18239012E-02 5.04774526E-02 5.03988340E-02 4.17899676E-02
 4.19378020E-02 4.21903506E-02 4.23320234E-02 4.25141677E-02 4.26387489E-02
 4.26658988E-02 4.27799225E-02 4.31612693E-02 4.35049236E-02 4.32503112E-02
 4.34189066E-02 4.35954966E-02 4.39831801E-02 4.43567410E-02 4.48873676E-02
 4.50868607E-02 4.54069264E-02 4.55757566E-02 4.57391813E-02 4.61740308E-02
 4.64464389E-02 4.58745547E-02 4.33059148E-02 4.06576619E-02 4.00191620E-02
 4.19721864E-02 4.47017401E-02 4.64621298E-02 4.68269102E-02 4.69074734E-02
 4.65852991E-02 4.63901646E-02 4.58153561E-02 4.53655720E-02 4.54912111E-02
 4.54219654E-02 4.55594510E-02 4.52045090E-02 4.54224758E-02 4.54604551E-02
 4.53683324E-02 4.58687097E-02 4.56907861E-02 4.59198579E-02 4.59742919E-02
 4.55806516E-02 4.56791557E-02 4.56914343E-02 4.57353666E-02 4.56864052E-02
 4.58164997E-02 4.56260443E-02 4.56537306E-02 4.60230857E-02 4.56635095E-02
 4.48415168E-02 4.41036411E-02 4.38845828E-02 4.31158841E-02 4.30018865E-02
 4.25372459E-02 4.26715203E-02 4.28338200E-02 4.27046195E-02 4.25798260E-02
 4.26949486E-02 4.26012725E-02 4.27122675E-02 4.31229547E-02 4.31728326E-02
 4.27797288E-02 4.27184403E-02 4.25289944E-02 4.25029881E-02 4.26928587E-02
 4.26133834E-02 4.22467850E-02 4.20603342E-02 4.21256311E-02 4.18956578E-02
 4.18352410E-02 4.19013947E-02 4.15678434E-02 4.13925909E-02 4.12082374E-02
 4.12811935E-02 4.17657010E-02 4.16011326E-02 4.14298512E-02 4.14139628E-02
 4.16367687E-02 4.12186533E-02 4.13273051E-02 4.14021164E-02 4.11724821E-02
 4.13192511E-02 4.13816907E-02 4.16500606E-02 4.28631566E-02 4.56338376E-02
 4.97968793E-02 4.99859676E-02 4.72422093E-02 4.52677868E-02 4.53154482E-02
 4.50949259E-02 4.45449911E-02 4.39994112E-02 4.34930660E-02 4.28251624E-02
 4.21156138E-02 4.13185731E-02 4.15542051E-02 4.10039239E-02 4.05825861E-02
 4.02366072E-02 3.99216153E-02 3.95269878E-02 3.93254571E-02 3.92751880E-02
 3.91251408E-02 3.90051939E-02 3.87752019E-02 3.90039682E-02 3.89386639E-02
 3.87625135E-02 3.85153927E-02 3.83840464E-02 3.85190323E-02 3.85047644E-02
 3.85607556E-02 3.84768136E-02 3.79840583E-02 3.82756367E-02 3.83742079E-02
 3.76098379E-02 3.75800468E-02 3.72666121E-02 3.69929522E-02 3.67028192E-02
 3.65347303E-02 3.66689377E-02 3.64669524E-02 3.64831835E-02 3.62239927E-02
 3.59574333E-02 3.65564413E-02 3.65754664E-02 3.64748947E-02 3.65099795E-02
 3.58618945E-02 3.58312055E-02 3.60435620E-02 3.60489711E-02 3.55687290E-02
 3.56667452E-02 3.55910063E-02 3.55730876E-02 3.57593000E-02 3.57760973E-02
 3.61308306E-02 3.65714990E-02 3.65138352E-02 3.65090817E-02 3.62737887E-02
 3.64006981E-02 3.62682119E-02 3.61422375E-02 3.65163945E-02 3.66973616E-02
 3.67439874E-02 3.66775878E-02 3.65791880E-02 3.68835665E-02 3.74375097E-02
 3.82711403E-02 3.78124081E-02 3.83914076E-02 3.87946069E-02 3.90909538E-02
 3.94199081E-02 3.94588001E-02 3.94760817E-02 3.94211747E-02 3.90846618E-02
 3.89327742E-02 3.88320424E-02 3.86543386E-02 3.87916416E-02 3.89937907E-02
 3.98495533E-02 4.04303186E-02 4.03817333E-02 3.96941975E-02 4.01313081E-02
 4.01031151E-02 4.05219793E-02 4.02248278E-02 4.01667133E-02 4.02946658E-02
 4.04731035E-02 4.10692133E-02 4.11255099E-02 4.10564989E-02 4.12963480E-02
 4.11063358E-02 4.11915109E-02 4.08364050E-02 4.08800431E-02 4.10163179E-02
 4.06179614E-02 4.07728590E-02 4.08284664E-02 4.09348384E-02 4.08389270E-02
 4.07838821E-02 4.08949591E-02 4.08182815E-02 4.08428796E-02 4.07068245E-02
 4.07567844E-02 4.06023450E-02 4.04802077E-02 4.07340005E-02 4.06853631E-02
 4.07396331E-02 4.02838960E-02 4.09452841E-02 4.07513306E-02 4.08585668E-02
 4.10686992E-02 4.18218262E-02 4.18060832E-02 4.19689827E-02 4.25047278E-02
 4.29496132E-02 4.33687679E-02 4.36789729E-02 4.30533402E-02 4.23429087E-02
 4.24685776E-02 4.26037833E-02 4.17086370E-02 4.24800925E-02 4.24306095E-02
 4.21241671E-02 4.21557613E-02 4.15299833E-02 4.19092663E-02 4.19207476E-02
 4.19788100E-02 4.20036353E-02 4.18424010E-02 4.16931845E-02 4.19448838E-02
 4.19639796E-02 4.19774093E-02 4.21235375E-02 4.20473740E-02 4.18541543E-02
 4.14254889E-02 4.17052768E-02 4.17898744E-02 4.18562554E-02 4.19075005E-02
 4.17176187E-02 4.18400876E-02 4.22116816E-02 4.22111154E-02 4.23769355E-02
 4.24602553E-02 4.29059267E-02 4.32472602E-02 4.34192531E-02 4.35019433E-02
 4.37522680E-02 4.38295379E-02 4.36209217E-02 4.40659374E-02 4.52339984E-02
 4.89425957E-02 6.03375137E-02 8.61985758E-02 0.119768545 0.130012035
 0.107325241 8.19786191E-02 6.91935644E-02 7.02747256E-02 8.03325698E-02
 8.33830759E-02 7.92592391E-02 7.46228546E-02 6.85876831E-02 6.31462112E-02
 5.86522743E-02 5.45526110E-02 5.20289354E-02 4.91018295E-02 4.72899191E-02
 4.61949110E-02 4.51465994E-02 4.47683893E-02 4.47171405E-02 4.46428917E-02
 4.45947275E-02 4.45874333E-02 4.43049744E-02 4.39513326E-02 4.40303124E-02
 4.39998396E-02 4.41678725E-02 4.46146950E-02 4.43447791E-02 4.42534946E-02
 4.43899333E-02 4.45444658E-02 4.46259379E-02 4.44569103E-02 4.43391390E-02
 4.46817912E-02 4.37909514E-02 4.36048768E-02 4.38873433E-02 4.41114828E-02
 4.43112291E-02 4.45280299E-02 4.48816270E-02 4.49196920E-02 4.49201129E-02
 4.49044518E-02 4.47471552E-02 4.43284959E-02 4.49794903E-02 4.49367315E-02
 4.48981710E-02 4.52699848E-02 4.58002575E-02 4.62776944E-02 4.61270288E-02
 4.64607961E-02 4.69371304E-02 4.72056195E-02 4.73277010E-02 4.78160791E-02
 4.80024479E-02 4.77533825E-02 4.74749729E-02 4.76249233E-02 4.78180274E-02
 4.80249897E-02 4.83167693E-02 4.82874587E-02 4.81779911E-02 4.86470051E-02
 4.90004942E-02 4.94336523E-02 4.95007262E-02 4.94581535E-02 4.94163781E-02
 4.93976921E-02 4.89838123E-02 4.90608104E-02 4.88607287E-02 4.86815982E-02
 4.94229123E-02 4.94436286E-02 4.93169986E-02 4.92790118E-02 4.91575524E-02
 4.93225828E-02 4.94390912E-02 4.94620241E-02 4.96410765E-02 4.99602817E-02
 5.00864051E-02 4.97905239E-02 5.01948595E-02 5.07221967E-02 5.10594919E-02
 5.10291718E-02 5.20502850E-02 5.24780899E-02 5.25017492E-02 5.29189594E-02
 5.34075014E-02 5.38955741E-02 5.40859476E-02 5.39719947E-02 5.36822118E-02
 5.38633950E-02 5.39061949E-02 5.42201400E-02 5.44519462E-02 5.49898893E-02
 5.52114733E-02 5.51717058E-02 5.52387834E-02 5.52406721E-02 5.53818494E-02
 5.48471697E-02 5.43909222E-02 5.45081459E-02 5.44792674E-02 5.46513051E-02
 5.43961376E-02 5.47001064E-02 5.48717231E-02 5.51582612E-02 5.53007014E-02
 5.52008562E-02 5.51866442E-02 5.52896224E-02 5.53500541E-02 5.55261560E-02
 5.54446243E-02 5.61201349E-02 5.61827086E-02 5.60544766E-02 5.59972897E-02
 5.67784011E-02 5.70635013E-02 5.74112944E-02 5.79303540E-02 5.85258715E-02
 5.79548925E-02 5.87421358E-02 5.89056872E-02 5.87272979E-02 5.81377074E-02
 5.87413013E-02 5.90465553E-02 5.89367859E-02 5.86909056E-02 5.84626570E-02
 5.84663004E-02 5.93594685E-02 6.02745265E-02 6.16174415E-02 6.26540855E-02
 6.32462427E-02 6.17020577E-02 6.04996569E-02 5.93460277E-02 5.97705878E-02
 5.89251854E-02 5.89490943E-02 5.95183633E-02 5.97716495E-02 5.94325475E-02
 5.99689372E-02 6.10873513E-02 6.13657460E-02 6.16222732E-02 6.14393838E-02
 6.13566078E-02 6.09782599E-02 6.08953051E-02 6.05355874E-02 6.08227216E-02
 6.09687194E-02 6.09492175E-02 6.13720343E-02 6.08905852E-02 6.10677451E-02
 6.13696687E-02 6.16028830E-02 6.16491660E-02 6.12335987E-02 6.12767227E-02
 6.09474070E-02 6.06682971E-02 6.11151978E-02 6.13240823E-02 6.18789569E-02
 6.20630160E-02 6.21840693E-02 6.22402951E-02 6.20626211E-02 6.24066517E-02
 6.32389858E-02 6.33275807E-02 6.38960525E-02 6.47763088E-02 6.41999617E-02
 6.46554977E-02 6.48956746E-02 6.47851080E-02 6.49052560E-02 6.57220483E-02
 6.49738982E-02 6.54107034E-02 6.54855743E-02 6.49337694E-02 6.44533336E-02
 6.45541176E-02 6.46886975E-02 6.53009340E-02 6.56922907E-02 6.66777268E-02
 6.67246506E-02 6.61649257E-02 6.57371283E-02 6.59179166E-02 6.60324246E-02
 6.57334775E-02 6.55517355E-02 6.59005120E-02 6.64428622E-02 6.69201538E-02
 6.77106306E-02 6.69861585E-02 6.63176030E-02 6.67403862E-02 6.65595382E-02
 6.60507828E-02 6.62838891E-02 6.58906624E-02 6.60057440E-02 6.76204562E-02
 6.91043586E-02 6.99282289E-02 6.98330998E-02 6.96839988E-02 6.89048022E-02
 6.91255406E-02 6.92704022E-02 7.04101697E-02 7.17406422E-02 7.30305761E-02
 7.46217519E-02 7.62742758E-02 7.80422464E-02 7.81446472E-02 7.69867674E-02
 7.54872859E-02 7.34215155E-02 7.20932335E-02 7.14124963E-02 7.14717954E-02
 7.10122362E-02 7.11228549E-02 7.20506385E-02 7.29446411E-02 7.25082904E-02
 7.40271136E-02 7.42358640E-02 7.45753944E-02 7.61967748E-02 7.70527497E-02
 7.71905631E-02 9.11083892E-02 7.59351999E-02 7.45656341E-02 7.39383698E-02
 7.30471835E-02 8.34102407E-02 7.25782365E-02 7.23480210E-02 7.28015900E-02
 7.26839826E-02 7.33059272E-02 7.37417415E-02 7.37102777E-02 7.41177201E-02
 7.59422630E-02 7.76386261E-02 8.00683945E-02 8.40061232E-02 8.66176710E-02
 8.81958231E-02 8.60155895E-02 8.38489830E-02 8.15898106E-02 7.91019201E-02
 7.84899071E-02 7.69775212E-02 7.57647604E-02 7.51627684E-02 7.46686906E-02
 7.45618045E-02 7.51373097E-02 7.52163380E-02 7.36047253E-02 7.32977465E-02
 7.39004090E-02 7.40286410E-02 7.44748935E-02 7.53275827E-02 7.55348131E-02
 7.73607567E-02 7.79947415E-02 7.91149288E-02 8.01974759E-02 8.27941075E-02
 8.64515230E-02 8.94570574E-02 9.33501199E-02 9.63203683E-02 9.64082330E-02
 9.44291428E-02 9.11608413E-02 8.78552943E-02 8.51863176E-02 8.39539319E-02
 8.27461183E-02 8.32627192E-02 8.29162747E-02 8.20254907E-02 8.28435794E-02
 8.32660496E-02 8.33876356E-02 8.34916458E-02 8.47776607E-02 8.43646750E-02
 8.46487731E-02 8.45523924E-02 8.57915357E-02 8.55302736E-02 8.71588588E-02
 8.83587003E-02 8.94667655E-02 9.03570354E-02 9.14893597E-02 9.31195840E-02
 9.33300778E-02 9.42604244E-02 9.45181996E-02 9.66911018E-02 0.100831330
 0.105780989 0.106260531 0.106676564 0.111415170 0.117578208
 0.121289223 0.126559258 0.127386451 0.124031328 0.117725708
 0.110845871 0.106311753 0.103567392 0.102115408 0.101440586
 0.100690998 9.93818045E-02 0.100138076 0.101227641 0.103343152
 0.106786504 0.106198087 0.106057793 0.107303776 0.106359527
 0.106969453 0.107303143 0.109078154 0.110290326 0.110101104
 0.109533682 0.109707177 0.134943560 0.111186542 0.110927388
 0.114650480 0.116874129 0.115153320 0.112175770 0.111398540
 0.113169827 0.117829442 0.117391869 0.113540225 0.112935461
 0.115639031 0.118110538 0.117939726 0.116686828 0.117630348
 0.117638163 0.119247139 0.119985066 0.120067716 0.122470848
 0.126244396 0.128963292 0.135446891 0.141890496 0.147032812
 0.151384488 0.150630891 0.147905067 0.143494964 0.138744026
 0.134464890 0.134645224 0.133971363 0.133341029 0.133258104
 0.131953433 0.132515848 0.135016352 0.136218145 0.136418775
 0.138414711 0.141050696 0.145908728 0.150954187 0.155877382
 0.163896039 0.170768782 0.180077285 0.178590015 0.179881051
 0.180834353 0.187036216 0.199733764 0.211824015 0.205760613
 0.182116032 0.190543458 0.200449467 0.183641940 0.183203191
 0.195217460 0.191766426 0.190978125 0.195995510 0.179959983
 0.167989016 0.160696983 0.162708074 0.168251604 0.172572449
 0.176554233 0.177651167 0.178491548 0.185403302 0.201342911
 0.212010562 0.196423724 0.202161148 0.219440371 0.203123897
 0.184493616 0.196312070 0.211926967 0.211664006 0.197403088
 0.191751570 0.191864163 0.199677750 0.209309831 0.199532419
 0.192516819 0.209632650 0.231186166 0.223226383 0.197938666
 0.185153767 0.198057696 0.217779756 0.233023822 0.229632616
 0.221548110 0.221627772 0.235197231 0.251145750 0.260915488
 0.251197666 0.249804959 0.246107236 0.233810648 0.231521666
 0.221010059 0.207567289 0.208365962 0.212952897 0.212267652
 0.216240808 0.219866931 0.212072343 0.210084349 0.211959824
 0.211622104 0.211071894 0.218080610 0.224665880 0.226077408
 0.221805409 0.216293991 0.224280700 0.226797298 0.222169474
 0.218316868 0.216942236 0.218956247 0.223992884 0.225982860
 0.221282035 0.219951659 0.217364639 0.220657483 0.220780745
 0.220675141 0.223917559 0.223962471 0.227484569 0.229438260
 0.222708702 0.228730097 0.234474495 0.237384737 0.238171294
 0.237992868 0.242389783 0.246839136 0.244875669 0.242272198
 0.243718579 0.245305970 0.248121381 0.246994317 0.245479539
 0.241997048 0.241191760 0.244980767 0.246689335 0.248157516
 0.250345528 0.252182245 0.250874609 0.256541967 0.254958510
 0.251648992 0.248375952 0.249016285 0.253300577 0.252045035
 0.254535347 0.257507443 0.258442074 0.258773834 0.264410734
 0.262634903 0.262831062 0.266815245 0.265150577 0.266723990
 0.267587095 0.266734093 0.273676574 0.274085194 0.270694673
 0.275885195 0.279192775 0.280821890 0.287272125 0.285115123
 0.287335485 0.290679276 0.292703688 0.295162827 0.299864680
 0.296710789 0.301544964 0.303683043 0.307646006 0.313548803
 0.317776084 0.321722299 0.321110845 0.330936968 0.332694918
 0.340106785 0.338115662 0.329460353 0.338291824 0.346501231
 0.355353504 0.362919956 0.367179841 0.373815149 0.378419071
 0.379484713 0.390251935 0.406408221 0.417423099 0.414124966
 0.416514933 0.442838341 0.470823854 0.486211300 0.511742830
 0.527423859 0.529393971 0.508508027 0.497246712 0.510307610
 0.514771342 0.502882063 0.491650820 0.489919245 0.495844930
 0.497029990 0.489081383 0.500163972 0.511071384 0.512897849
 0.508586109 0.525837421 0.522241056 0.522019267 0.525866032
 0.536147952 0.538957536 0.559833050 0.580043733 0.565631628
 0.587131560 0.593423605 0.619556129 0.665504694 0.620516419
 0.631761551 0.652485371 0.664493561 0.661412239 0.693522453
 0.722602010 0.718843818 0.737466574 0.736821592 0.725430489
 0.735738873 0.747284174 0.776584804 0.767892241 0.783022404
 0.793456316 0.812822044 0.846455216 0.882084131 0.823970258
 0.823557734 0.878465295 0.885995507 0.876432359 0.893674970
 0.882446885 0.960069537 0.956967592 0.937557518 1.02686310
 0.995658696 0.998450637 1.03564858 1.11571574 1.10033691
 1.11380017 1.15533876 1.20929849 1.15938640 1.18281102
 1.23797548 1.24637961 1.26387954 1.28425765 1.29051507
 1.35071957 1.38050675 1.48707199 1.32910526 1.42426014
 1.49034727 1.40103471 1.48982024 1.52191627 1.67357469
 1.57895386 1.65049934 1.76690114 1.68789029 1.79430580
 1.78330171 1.73690248 1.73203373 1.79907870 1.88244724
 1.94456303 1.91983438 3.60348272 0.00000000E+00 0.00000000E+00
 0.00000000E+00 0.00000000E+00 0.00000000E+00 0.00000000E+00 0.00000000E+00
 0.00000000E+00 0.00000000E+00 0.00000000E+00 0.00000000E+00 0.00000000E+00
 0.00000000E+00 0.00000000E+00 0.00000000E+00 0.00000000E+00 0.00000000E+00
 0.00000000E+00 0.00000000E+00 0.00000000E+00 0.00000000E+00 0.00000000E+00
 0.00000000E+00 0.00000000E+00 0.00000000E+00 0.00000000E+00 0.00000000E+00
 0.00000000E+00 0.00000000E+00 0.00000000E+00 0.00000000E+00 0.00000000E+00
 0.00000000E+00 0.00000000E+00 0.00000000E+00 0.00000000E+00 0.00000000E+00
 0.00000000E+00 0.00000000E+00 0.00000000E+00 0.00000000E+00 0.00000000E+00
 0.00000000E+00 0.00000000E+00 0.00000000E+00 0.00000000E+00 0.00000000E+00
 0.00000000E+00 0.00000000E+00 0.00000000E+00 0.00000000E+00 0.00000000E+00
 0.00000000E+00 0.00000000E+00 0.00000000E+00 0.00000000E+00 0.00000000E+00
 0.00000000E+00 0.00000000E+00 0.00000000E+00 0.00000000E+00 0.00000000E+00
 0.00000000E+00 0.00000000E+00 0.00000000E+00 0.00000000E+00 0.00000000E+00
 0.00000000E+00 0.00000000E+00 0.00000000E+00 0.00000000E+00 0.00000000E+00
 0.00000000E+00 0.00000000E+00 0.00000000E+00 0.00000000E+00 0.00000000E+00
 0.00000000E+00 0.00000000E+00 0.00000000E+00 0.00000000E+00 0.00000000E+00
 0.00000000E+00 0.00000000E+00 0.00000000E+00 0.00000000E+00 0.00000000E+00
 0.00000000E+00 0.00000000E+00 0.00000000E+00 0.00000000E+00 0.00000000E+00
